0.15
3592
31 36 28
31 36 29
31 36 30
30 36 36
30 36 37
31 36 36
31 36 37
30 36 38
30 36 39
31 36 38
31 36 39
29 36 43
30 36 40
30 36 41
31 36 40
31 36 41
30 36 42
30 36 43
31 36 42
31 36 43
29 36 44
29 36 45
29 36 46
29 36 47
30 36 44
30 36 45
31 36 44
31 36 45
30 36 46
30 36 47
31 36 46
31 36 47
32 36 39
32 36 40
32 36 41
32 36 42
32 36 43
32 36 44
32 36 46
28 36 50
28 35 54
28 35 55
28 36 54
28 36 55
29 35 49
29 36 48
29 36 49
29 35 50
29 36 50
29 36 51
30 35 49
30 36 48
30 36 49
31 36 48
31 36 49
30 35 50
30 36 50
30 36 51
31 35 50
31 36 50
31 36 51
29 35 52
29 35 53
29 36 52
29 36 53
29 35 54
29 35 55
29 36 54
29 36 55
30 35 52
30 35 53
30 36 52
30 36 53
31 36 52
31 36 53
30 35 54
30 35 55
30 36 54
30 36 55
31 36 54
31 36 55
28 35 56
28 35 57
28 36 56
28 36 57
28 35 58
28 35 59
28 36 58
28 36 59
27 34 63
27 34 64
27 35 61
27 36 61
27 35 62
27 35 63
27 35 64
27 36 62
27 36 63
27 36 64
28 34 64
28 35 60
28 35 61
28 36 60
28 36 61
28 35 62
28 35 63
28 35 64
28 36 62
28 36 63
28 36 64
29 35 56
29 35 57
29 36 56
29 36 57
29 35 58
29 35 59
29 36 58
29 36 59
30 35 56
30 35 57
30 36 56
30 36 57
31 36 56
30 35 58
30 35 59
30 36 58
30 36 59
29 35 60
29 35 61
29 36 60
29 36 61
29 35 62
29 35 63
29 35 64
29 36 62
29 36 63
29 36 64
30 35 60
30 35 61
30 36 60
30 36 61
30 35 62
30 36 62
6 35 118
6 36 118
6 35 119
6 36 119
7 34 118
8 34 118
8 34 119
7 35 118
7 36 118
8 35 118
7 35 119
7 35 120
7 36 119
7 36 120
8 35 119
8 35 120
8 36 119
8 36 120
8 33 129
16 26 128
16 26 129
17 25 128
17 25 129
17 26 128
17 26 129
17 35 106
17 36 105
17 36 106
17 35 107
17 35 108
17 36 107
17 36 108
15 36 112
16 35 110
16 36 109
16 36 110
17 35 109
17 35 110
17 36 109
17 36 110
16 35 111
16 36 111
16 36 112
17 35 111
17 36 111
17 36 112
10 31 129
12 30 121
12 30 122
12 31 121
12 31 122
12 31 123
11 30 129
11 31 128
11 31 129
12 29 129
12 30 128
12 30 129
12 31 128
12 31 129
10 33 119
10 33 120
9 35 115
9 35 116
9 36 115
9 36 116
10 35 116
10 36 115
10 36 116
9 34 120
9 36 117
9 35 119
9 35 120
9 36 119
9 36 120
10 34 120
10 35 117
10 36 117
10 36 118
10 35 119
10 35 120
10 36 119
10 36 120
11 33 119
11 33 120
12 33 118
12 33 119
12 33 120
11 35 116
11 36 116
12 35 116
12 36 116
11 34 118
11 34 119
11 34 120
11 35 117
11 35 118
11 36 117
11 36 118
11 35 119
11 35 120
11 36 119
11 36 120
12 34 118
12 34 120
12 35 117
12 35 118
12 36 117
12 36 118
12 35 119
12 35 120
12 36 119
12 36 120
9 32 129
9 33 129
10 32 129
10 33 129
9 35 121
9 36 121
9 35 123
9 36 123
10 34 123
10 35 121
10 36 121
10 36 122
10 35 123
10 35 124
10 36 123
10 36 124
9 34 129
10 34 129
10 35 129
11 32 122
11 32 123
11 33 122
11 33 123
12 32 122
12 32 123
12 33 122
12 33 123
12 33 124
11 32 129
11 33 129
12 32 129
12 33 128
12 33 129
11 34 121
11 34 123
11 34 124
11 35 121
11 35 122
11 36 121
11 36 122
11 35 123
11 35 124
11 36 123
11 36 124
12 34 121
12 34 123
12 34 124
12 35 121
12 35 122
12 36 121
12 36 122
12 35 123
12 35 124
12 36 123
12 36 124
11 34 129
11 35 125
11 35 126
11 36 125
11 36 126
11 35 129
11 36 129
12 34 125
12 34 126
12 34 127
12 34 128
12 34 129
12 35 125
12 35 126
12 36 125
12 36 126
12 35 127
12 35 128
12 35 129
12 36 127
12 36 128
12 36 129
14 28 128
14 28 129
13 30 121
13 30 122
13 31 121
13 31 122
13 29 128
13 29 129
13 30 128
13 30 129
13 31 128
13 31 129
14 29 128
14 29 129
14 31 126
14 30 128
14 30 129
14 31 127
14 31 128
14 31 129
15 27 128
15 27 129
15 28 128
15 28 129
17 27 125
17 27 126
16 27 128
16 27 129
17 27 127
17 27 128
17 27 129
16 28 126
17 28 125
17 28 126
16 28 127
16 28 128
16 28 129
17 28 127
17 28 128
17 28 129
15 29 126
15 29 127
15 29 128
15 29 129
15 30 126
15 31 126
15 30 127
15 30 128
15 30 129
15 31 127
15 31 128
15 31 129
16 29 126
17 29 125
17 29 126
16 29 127
16 29 128
16 29 129
17 29 127
17 29 128
17 29 129
16 30 126
16 31 126
17 30 125
17 30 126
17 31 125
17 31 126
16 30 127
16 30 128
16 30 129
16 31 127
16 31 128
16 31 129
17 30 127
17 30 128
17 30 129
17 31 127
17 31 128
17 31 129
13 32 118
13 32 120
13 33 118
13 33 120
14 32 118
14 33 118
13 35 116
13 36 116
14 36 114
14 35 115
14 35 116
14 36 115
14 36 116
13 34 117
13 34 118
13 34 120
13 35 117
13 35 118
13 36 117
13 36 118
13 35 119
13 35 120
13 36 119
13 36 120
14 34 117
14 34 118
14 35 117
14 35 118
14 36 117
14 36 118
14 35 119
14 35 120
14 36 119
14 36 120
15 32 118
15 33 118
16 33 118
17 33 117
17 33 118
15 36 113
15 36 114
15 35 115
15 36 115
15 36 116
16 36 113
16 36 114
17 36 113
17 36 114
16 36 115
16 36 116
17 36 115
15 34 117
15 34 118
15 35 117
15 35 118
15 36 117
15 36 118
15 36 119
16 34 117
16 34 118
17 34 117
17 34 118
16 35 117
16 35 118
16 36 117
16 36 118
17 35 117
17 35 118
17 36 117
17 36 118
13 32 122
13 32 123
13 33 122
13 33 123
13 32 126
13 32 127
13 32 128
13 32 129
13 33 126
13 33 127
13 33 128
13 33 129
14 32 126
14 32 127
14 32 128
14 32 129
14 33 126
14 33 127
14 33 128
14 33 129
13 34 121
13 34 123
13 34 124
13 35 121
13 35 122
13 36 121
13 36 122
13 35 123
13 35 124
13 36 123
13 36 124
14 35 121
14 36 121
14 36 122
14 36 124
13 34 125
13 34 126
13 34 127
13 34 128
13 34 129
13 35 125
13 35 126
13 36 125
13 36 126
13 35 127
13 35 128
13 35 129
13 36 127
13 36 128
13 36 129
14 34 126
14 34 127
14 34 128
14 34 129
14 35 125
14 35 126
14 36 125
14 36 126
14 35 127
14 35 128
14 35 129
14 36 127
14 36 128
14 36 129
15 32 126
15 32 127
15 32 128
15 32 129
15 33 126
15 33 127
15 33 128
15 33 129
16 32 126
17 32 125
17 32 126
16 32 127
16 32 128
16 32 129
17 32 127
17 32 128
17 32 129
16 33 126
17 33 125
17 33 126
16 33 127
16 33 128
16 33 129
17 33 127
17 33 128
17 33 129
15 34 126
15 34 127
15 34 128
15 34 129
15 35 126
15 36 126
15 35 127
15 35 128
15 35 129
15 36 127
15 36 128
15 36 129
16 34 126
17 34 125
17 34 126
16 34 127
16 34 128
16 34 129
17 34 127
17 34 128
17 34 129
16 35 126
16 36 126
17 35 125
17 35 126
17 36 126
16 35 127
16 35 128
16 35 129
16 36 127
16 36 128
16 36 129
17 35 127
17 35 128
17 35 129
17 36 127
17 36 128
17 36 129
32 17 128
33 17 127
34 17 127
26 34 66
26 34 67
26 34 68
26 35 65
26 35 66
26 36 65
26 36 66
26 35 67
26 35 68
26 36 67
26 36 68
26 34 69
26 34 70
25 34 71
25 34 72
26 34 71
26 34 72
25 35 69
25 35 70
25 36 69
25 36 70
26 35 69
26 35 70
26 36 69
26 36 70
25 35 71
25 35 72
25 36 71
25 36 72
26 35 71
26 35 72
26 36 71
26 36 72
23 34 79
23 34 80
23 35 79
23 35 80
23 36 79
23 36 80
24 34 74
24 34 75
24 34 76
24 35 74
24 36 74
24 35 75
24 35 76
24 36 75
24 36 76
25 34 73
25 34 74
26 34 73
26 34 74
25 34 75
25 34 76
26 34 75
26 34 76
25 35 73
25 35 74
25 36 73
25 36 74
26 35 73
26 35 74
26 36 73
26 36 74
25 35 75
25 35 76
25 36 75
25 36 76
26 35 75
26 35 76
26 36 75
26 36 76
24 34 77
24 34 78
24 34 79
24 34 80
24 35 77
24 35 78
24 36 77
24 36 78
24 35 79
24 35 80
24 36 79
24 36 80
25 34 77
25 34 78
26 34 77
26 34 78
25 34 79
25 34 80
26 34 79
25 35 77
25 35 78
25 36 77
25 36 78
26 35 77
26 35 78
26 36 77
26 36 78
25 35 79
25 35 80
25 36 79
25 36 80
26 35 79
26 35 80
26 36 79
21 34 87
21 34 88
21 35 86
21 36 86
21 35 87
21 35 88
21 36 87
21 36 88
19 35 96
20 35 92
20 36 92
21 34 89
21 34 90
21 34 91
21 34 92
21 35 89
21 35 90
21 36 89
21 36 90
21 35 91
21 35 92
21 36 91
21 36 92
20 34 94
20 34 95
20 35 93
20 35 94
20 36 93
20 36 94
20 35 95
20 35 96
20 36 95
20 36 96
21 34 93
21 34 94
21 34 95
21 35 93
21 35 94
21 36 93
21 36 94
21 35 95
21 35 96
21 36 95
21 36 96
22 34 84
22 35 83
22 35 84
22 36 83
22 36 84
23 34 81
23 34 82
23 34 83
23 34 84
23 35 81
23 35 82
23 36 81
23 36 82
23 35 83
23 35 84
23 36 83
23 36 84
22 34 85
22 34 86
22 34 87
22 34 88
22 35 85
22 35 86
22 36 85
22 36 86
22 35 87
22 35 88
22 36 87
22 36 88
23 34 85
23 34 86
23 34 87
23 34 88
23 35 85
23 35 86
23 36 85
23 36 86
23 35 87
23 35 88
23 36 87
23 36 88
24 34 81
24 34 82
24 34 83
24 34 84
24 35 81
24 35 82
24 36 81
24 36 82
24 35 83
24 35 84
24 36 83
24 36 84
25 34 81
25 34 82
25 34 83
25 35 81
25 35 82
25 36 81
25 36 82
25 35 83
25 35 84
25 36 83
25 36 84
24 34 85
24 34 86
24 34 87
24 34 88
24 35 85
24 35 86
24 36 85
24 36 86
24 35 87
24 35 88
24 36 87
24 36 88
25 35 85
25 35 86
25 36 85
25 36 86
25 35 87
22 34 89
22 34 90
22 34 91
22 34 92
22 35 89
22 35 90
22 36 89
22 36 90
22 35 91
22 35 92
22 36 91
22 36 92
23 34 89
23 34 90
23 34 91
23 34 92
23 35 89
23 35 90
23 36 89
23 36 90
23 35 91
23 35 92
23 36 91
23 36 92
22 34 93
22 34 94
22 34 95
22 35 93
22 35 94
22 36 93
22 36 94
22 35 95
22 35 96
22 36 95
22 36 96
23 35 93
23 35 94
23 36 93
23 36 94
23 36 95
24 35 89
24 35 90
24 36 89
27 34 65
27 34 66
27 34 67
27 34 68
27 35 65
27 35 66
27 36 65
27 36 66
27 35 67
27 35 68
27 36 67
27 36 68
28 34 65
28 34 66
28 34 67
28 34 68
28 35 65
28 35 66
28 36 65
28 36 66
28 35 67
28 35 68
28 36 67
28 36 68
27 34 69
27 34 70
27 34 71
27 34 72
27 35 69
27 35 70
27 36 69
27 36 70
27 35 71
27 35 72
27 36 71
27 36 72
28 35 69
28 35 70
28 36 69
28 36 70
28 35 71
28 36 71
29 35 65
29 35 66
29 36 65
29 36 66
29 35 67
29 36 67
27 34 73
27 34 74
27 34 75
27 35 73
27 35 74
27 36 73
27 36 74
27 35 75
27 35 76
27 36 75
18 24 128
18 24 129
18 25 126
18 26 125
18 26 126
18 25 127
18 25 128
18 25 129
18 26 127
18 26 128
18 26 129
19 24 126
19 24 127
19 24 128
19 24 129
19 25 125
19 25 126
19 26 125
19 26 126
19 25 127
19 25 128
19 25 129
19 26 127
19 26 128
19 26 129
20 23 126
20 23 127
20 23 128
20 23 129
21 22 127
21 22 128
21 22 129
21 23 125
21 23 126
21 23 127
21 23 128
21 23 129
21 26 124
20 24 125
20 24 126
20 24 127
20 24 128
20 24 129
20 25 125
20 25 126
20 26 125
20 26 126
20 25 127
20 25 128
20 25 129
20 26 127
20 26 128
20 26 129
21 24 125
21 24 126
21 24 127
21 24 128
21 24 129
21 25 125
21 25 126
21 26 125
21 26 126
21 25 127
21 25 128
21 25 129
21 26 127
21 26 128
21 26 129
22 21 127
22 21 128
22 21 129
23 20 128
23 20 129
23 21 127
23 21 128
23 21 129
25 19 129
26 19 128
26 19 129
24 20 127
24 20 128
24 20 129
24 21 126
24 21 127
24 21 128
24 21 129
25 20 127
25 20 128
25 20 129
26 20 127
26 20 128
26 20 129
25 21 126
26 21 126
25 21 127
25 21 128
25 21 129
26 21 127
26 21 128
26 21 129
22 22 126
22 22 127
22 22 128
22 22 129
22 23 125
22 23 126
22 23 127
22 23 128
22 23 129
23 22 126
23 22 127
23 22 128
23 22 129
23 23 125
23 23 126
23 23 127
23 23 128
23 23 129
22 26 124
23 26 124
22 24 125
22 24 126
22 24 127
22 24 128
22 24 129
22 25 125
22 25 126
22 26 125
22 26 126
22 25 127
22 25 128
22 25 129
22 26 127
22 26 128
22 26 129
23 24 125
23 24 126
23 24 127
23 24 128
23 24 129
23 25 125
23 25 126
23 26 125
23 26 126
23 25 127
23 25 128
23 25 129
23 26 127
23 26 128
23 26 129
24 22 126
24 22 127
24 22 128
24 22 129
24 23 125
24 23 126
24 23 127
24 23 128
24 23 129
25 22 126
26 22 126
25 22 127
25 22 128
25 22 129
26 22 127
26 22 128
26 22 129
25 23 125
25 23 126
26 23 125
26 23 126
25 23 127
25 23 128
25 23 129
26 23 127
26 23 128
26 23 129
24 26 124
24 24 125
24 24 126
24 24 127
24 24 128
24 24 129
24 25 125
24 25 126
24 26 125
24 26 126
24 25 127
24 25 128
24 25 129
24 26 127
24 26 128
24 26 129
25 24 125
25 24 126
26 24 125
26 24 126
25 24 127
25 24 128
25 24 129
26 24 127
26 24 128
26 24 129
25 25 125
25 25 126
25 26 125
25 26 126
26 25 125
26 25 126
26 26 125
26 26 126
25 25 127
25 25 128
25 25 129
25 26 127
25 26 128
25 26 129
26 25 127
26 25 128
26 25 129
26 26 127
26 26 128
26 26 129
19 35 97
19 35 98
19 36 97
19 36 98
19 35 99
19 35 100
19 36 99
19 36 100
18 35 101
18 35 102
18 36 101
18 36 102
18 35 103
18 35 104
18 36 103
18 36 104
19 35 101
19 35 102
19 36 101
19 36 102
19 35 103
19 35 104
19 36 103
19 36 104
20 35 97
20 35 98
20 36 97
20 36 98
20 35 99
20 35 100
20 36 99
20 36 100
21 35 97
21 35 98
21 36 97
21 36 98
21 35 99
21 35 100
21 36 99
21 36 100
20 35 101
20 35 102
20 36 101
20 36 102
20 35 103
20 35 104
20 36 103
20 36 104
21 35 101
21 36 101
21 36 102
21 36 103
21 36 104
18 35 105
18 35 106
18 36 105
18 36 106
18 35 107
18 35 108
18 36 107
18 36 108
19 35 105
19 35 106
19 36 105
19 36 106
19 35 107
19 35 108
19 36 107
19 36 108
18 35 109
18 35 110
18 36 109
18 36 110
18 35 111
18 36 111
18 36 112
19 35 109
19 35 110
19 36 109
19 36 110
19 36 111
20 35 105
20 36 105
20 36 106
20 36 107
22 35 97
22 35 98
22 36 97
22 36 98
22 36 99
18 27 124
18 28 124
19 27 124
19 28 124
18 27 125
18 27 126
18 27 127
18 27 128
18 27 129
18 28 125
18 28 126
18 28 127
18 28 128
18 28 129
19 27 125
19 27 126
19 27 127
19 27 128
19 27 129
19 28 125
19 28 126
19 28 127
19 28 128
19 28 129
18 29 124
18 30 124
18 31 124
19 29 124
19 30 124
19 31 124
18 29 125
18 29 126
18 29 127
18 29 128
18 29 129
18 30 125
18 30 126
18 31 125
18 31 126
18 30 127
18 30 128
18 30 129
18 31 127
18 31 128
18 31 129
19 29 125
19 29 126
19 29 127
19 29 128
19 29 129
19 30 125
19 30 126
19 31 125
19 31 126
19 30 127
19 30 128
19 30 129
19 31 127
19 31 128
19 31 129
20 27 124
20 28 124
21 27 124
21 28 124
20 27 125
20 27 126
20 27 127
20 27 128
20 27 129
20 28 125
20 28 126
20 28 127
20 28 128
20 28 129
21 27 125
21 27 126
21 27 127
21 27 128
21 27 129
21 28 125
21 28 126
21 28 127
21 28 128
21 28 129
20 29 124
20 30 124
20 31 124
21 29 124
21 30 124
21 31 124
20 29 125
20 29 126
20 29 127
20 29 128
20 29 129
20 30 125
20 30 126
20 31 125
20 31 126
20 30 127
20 30 128
20 30 129
20 31 127
20 31 128
20 31 129
21 29 125
21 29 126
21 29 127
21 29 128
21 29 129
21 30 125
21 30 126
21 31 125
21 31 126
21 30 127
21 30 128
21 30 129
21 31 127
21 31 128
21 31 129
18 36 113
18 32 124
18 33 124
19 32 124
19 33 124
18 32 125
18 32 126
18 32 127
18 32 128
18 32 129
18 33 125
18 33 126
18 33 127
18 33 128
18 33 129
19 32 125
19 32 126
19 32 127
19 32 128
19 32 129
19 33 125
19 33 126
19 33 127
19 33 128
19 33 129
19 34 124
18 34 125
18 34 126
18 34 127
18 34 128
18 34 129
18 35 125
18 35 126
18 36 125
18 36 126
18 35 127
18 35 128
18 35 129
18 36 127
18 36 128
18 36 129
19 34 125
19 34 126
19 34 127
19 34 128
19 34 129
19 35 125
19 35 126
19 36 125
19 36 126
19 35 127
19 35 128
19 35 129
19 36 127
19 36 128
19 36 129
20 32 124
20 33 124
21 32 124
21 33 124
20 32 125
20 32 126
20 32 127
20 32 128
20 32 129
20 33 125
20 33 126
20 33 127
20 33 128
20 33 129
21 32 125
21 32 126
21 32 127
21 32 128
21 32 129
21 33 125
21 33 126
21 33 127
21 33 128
21 33 129
20 34 124
20 35 124
21 34 124
21 35 124
20 34 125
20 34 126
20 34 127
20 34 128
20 34 129
20 35 125
20 35 126
20 36 125
20 36 126
20 35 127
20 35 128
20 35 129
20 36 127
20 36 128
20 36 129
21 34 125
21 34 126
21 34 127
21 34 128
21 34 129
21 35 125
21 35 126
21 36 125
21 36 126
21 35 127
21 35 128
21 35 129
21 36 127
21 36 128
21 36 129
22 27 124
22 28 124
23 27 124
23 28 124
22 27 125
22 27 126
22 27 127
22 27 128
22 27 129
22 28 125
22 28 126
22 28 127
22 28 128
22 28 129
23 27 125
23 27 126
23 27 127
23 27 128
23 27 129
23 28 125
23 28 126
23 28 127
23 28 128
23 28 129
22 29 124
22 30 124
22 31 124
23 29 124
23 30 124
23 31 124
22 29 125
22 29 126
22 29 127
22 29 128
22 29 129
22 30 125
22 30 126
22 31 125
22 31 126
22 30 127
22 30 128
22 30 129
22 31 127
22 31 128
22 31 129
23 29 125
23 29 126
23 29 127
23 29 128
23 29 129
23 30 125
23 30 126
23 31 125
23 31 126
23 30 127
23 30 128
23 30 129
23 31 127
23 31 128
23 31 129
24 27 124
24 28 124
25 27 124
24 27 125
24 27 126
24 27 127
24 27 128
24 27 129
24 28 125
24 28 126
24 28 127
24 28 128
24 28 129
25 27 125
25 27 126
26 27 125
26 27 126
25 27 127
25 27 128
25 27 129
26 27 127
26 27 128
26 27 129
25 28 125
25 28 126
26 28 125
26 28 126
25 28 127
25 28 128
25 28 129
26 28 127
26 28 128
26 28 129
24 29 124
24 30 124
24 31 124
25 29 124
25 30 124
25 31 124
24 29 125
24 29 126
24 29 127
24 29 128
24 29 129
24 30 125
24 30 126
24 31 125
24 31 126
24 30 127
24 30 128
24 30 129
24 31 127
24 31 128
24 31 129
25 29 125
25 29 126
26 29 125
26 29 126
25 29 127
25 29 128
25 29 129
26 29 127
26 29 128
26 29 129
25 30 125
25 30 126
25 31 125
25 31 126
26 30 125
26 30 126
26 31 125
26 31 126
25 30 127
25 30 128
25 30 129
25 31 127
25 31 128
25 31 129
26 30 127
26 30 128
26 30 129
26 31 127
26 31 128
26 31 129
22 32 124
22 33 124
23 32 124
23 33 124
22 32 125
22 32 126
22 32 127
22 32 128
22 32 129
22 33 125
22 33 126
22 33 127
22 33 128
22 33 129
23 32 125
23 32 126
23 32 127
23 32 128
23 32 129
23 33 125
23 33 126
23 33 127
23 33 128
23 33 129
22 34 124
22 35 124
23 34 124
22 34 125
22 34 126
22 34 127
22 34 128
22 34 129
22 35 125
22 35 126
22 36 125
22 36 126
22 35 127
22 35 128
22 35 129
22 36 127
22 36 128
22 36 129
23 34 125
23 34 126
23 34 127
23 34 128
23 34 129
23 35 125
23 35 126
23 36 126
23 35 127
23 35 128
23 35 129
23 36 127
23 36 128
23 36 129
24 32 124
24 33 124
25 32 124
25 33 124
24 32 125
24 32 126
24 32 127
24 32 128
24 32 129
24 33 125
24 33 126
24 33 127
24 33 128
24 33 129
25 32 125
25 32 126
26 32 125
26 32 126
25 32 127
25 32 128
25 32 129
26 32 127
26 32 128
26 32 129
25 33 125
25 33 126
26 33 125
26 33 126
25 33 127
25 33 128
25 33 129
26 33 127
26 33 128
26 33 129
24 34 124
24 34 125
24 34 126
24 34 127
24 34 128
24 34 129
24 35 125
24 35 126
24 35 127
24 35 128
24 35 129
24 36 127
24 36 128
24 36 129
25 34 125
25 34 126
26 34 125
26 34 126
25 34 127
25 34 128
25 34 129
26 34 127
26 34 128
26 34 129
25 35 125
25 35 126
26 35 126
25 35 127
25 35 128
25 35 129
25 36 128
25 36 129
26 35 127
26 35 128
26 35 129
26 36 127
26 36 128
26 36 129
27 19 127
27 19 128
27 19 129
28 18 128
28 19 128
28 19 129
27 20 127
27 20 128
27 20 129
27 21 126
27 21 127
27 21 128
27 21 129
28 20 127
28 20 128
28 20 129
28 21 126
28 21 127
28 21 128
28 21 129
29 18 128
29 19 128
29 19 129
30 18 129
31 18 128
30 19 128
30 19 129
29 20 127
29 20 128
29 20 129
29 21 126
29 21 127
29 21 128
29 21 129
30 20 127
30 20 128
30 20 129
31 20 128
31 20 129
30 21 127
30 21 128
30 21 129
31 21 127
31 21 128
31 21 129
27 22 126
27 22 127
27 22 128
27 22 129
27 23 125
27 23 126
27 23 127
27 23 128
27 23 129
28 22 126
28 22 127
28 22 128
28 22 129
28 23 126
28 23 127
28 23 128
28 23 129
27 24 125
27 24 126
27 24 127
27 24 128
27 24 129
27 25 125
27 25 126
27 26 125
27 26 126
27 25 127
27 25 128
27 25 129
27 26 127
27 26 128
27 26 129
28 24 126
28 24 127
28 24 128
28 24 129
28 25 125
28 25 126
28 26 125
28 26 126
28 25 127
28 25 128
28 25 129
28 26 127
28 26 128
28 26 129
29 22 126
29 22 127
29 22 128
29 22 129
29 23 126
29 23 127
29 23 128
29 23 129
30 22 127
30 22 128
30 22 129
31 22 127
31 22 128
31 22 129
30 23 126
30 23 127
30 23 128
30 23 129
31 23 127
31 23 128
31 23 129
29 24 126
29 24 127
29 24 128
29 24 129
29 25 126
29 26 125
29 26 126
29 25 127
29 25 128
29 25 129
29 26 127
29 26 128
29 26 129
30 24 126
31 24 126
30 24 127
30 24 128
30 24 129
31 24 127
31 24 128
31 24 129
30 25 126
30 26 126
31 25 126
31 26 126
30 25 127
30 25 128
30 25 129
30 26 127
30 26 128
30 26 129
31 25 127
31 25 128
31 25 129
31 26 127
31 26 128
31 26 129
32 20 128
32 20 129
32 21 128
32 21 129
33 21 128
33 21 129
35 18 127
36 19 128
32 22 127
32 22 128
32 22 129
32 23 127
32 23 128
32 23 129
33 22 128
33 22 129
33 23 127
33 23 128
33 23 129
32 24 127
32 24 128
32 24 129
32 26 126
32 25 127
32 25 128
32 25 129
32 26 127
32 26 128
32 26 129
33 24 127
33 24 128
33 24 129
33 25 127
33 25 128
33 25 129
33 26 127
33 26 128
33 26 129
34 22 128
34 22 129
34 23 128
34 23 129
34 24 128
34 24 129
34 25 127
34 25 128
34 25 129
34 26 127
34 26 128
34 26 129
35 24 128
35 24 129
35 25 128
35 25 129
35 26 128
35 26 129
27 27 125
27 27 126
27 27 127
27 27 128
27 27 129
27 28 125
27 28 126
27 28 127
27 28 128
27 28 129
28 27 125
28 27 126
28 27 127
28 27 128
28 27 129
28 28 125
28 28 126
28 28 127
28 28 128
28 28 129
27 29 125
27 29 126
27 29 127
27 29 128
27 29 129
27 30 125
27 30 126
27 31 125
27 31 126
27 30 127
27 30 128
27 30 129
27 31 127
27 31 128
27 31 129
28 29 125
28 29 126
28 29 127
28 29 128
28 29 129
28 30 125
28 30 126
28 31 125
28 31 126
28 30 127
28 30 128
28 30 129
28 31 127
28 31 128
28 31 129
29 27 125
29 27 126
29 27 127
29 27 128
29 27 129
29 28 125
29 28 126
29 28 127
29 28 128
29 28 129
30 27 126
31 27 126
30 27 127
30 27 128
30 27 129
31 27 127
31 27 128
31 27 129
30 28 126
31 28 126
30 28 127
30 28 128
30 28 129
31 28 127
31 28 128
31 28 129
29 29 125
29 29 126
29 29 127
29 29 128
29 29 129
29 30 125
29 30 126
29 31 126
29 30 127
29 30 128
29 30 129
29 31 127
29 31 128
29 31 129
30 29 126
31 29 126
30 29 127
30 29 128
30 29 129
31 29 127
31 29 128
31 29 129
30 30 126
30 31 126
31 30 126
31 31 126
30 30 127
30 30 128
30 30 129
30 31 127
30 31 128
30 31 129
31 30 127
31 30 128
31 30 129
31 31 127
31 31 128
31 31 129
27 32 125
27 32 126
27 32 127
27 32 128
27 32 129
27 33 125
27 33 126
27 33 127
27 33 128
27 33 129
28 32 125
28 32 126
28 32 127
28 32 128
28 32 129
28 33 126
28 33 127
28 33 128
28 33 129
27 34 126
27 34 127
27 34 128
27 34 129
27 35 127
27 35 128
27 35 129
28 34 126
28 34 127
28 34 128
28 34 129
28 35 129
29 32 126
29 32 127
29 32 128
29 32 129
29 33 126
29 33 127
29 33 128
29 33 129
30 32 126
30 32 127
30 32 128
30 32 129
31 32 127
31 32 128
31 32 129
30 33 127
30 33 128
30 33 129
31 33 129
29 34 128
29 34 129
30 34 129
32 27 126
32 27 127
32 27 128
32 27 129
32 28 126
32 28 127
32 28 128
32 28 129
33 27 127
33 27 128
33 27 129
33 28 127
33 28 128
33 28 129
32 29 126
32 29 127
32 29 128
32 29 129
32 30 127
32 30 128
32 30 129
32 31 127
32 31 128
32 31 129
33 29 127
33 29 128
33 29 129
33 30 127
33 30 128
33 30 129
33 31 128
33 31 129
34 27 127
34 27 128
34 27 129
34 28 127
34 28 128
34 28 129
35 27 128
35 27 129
35 28 128
35 28 129
34 29 127
34 29 128
34 29 129
34 30 128
34 30 129
35 29 129
32 32 129
33 39 3
33 40 3
33 39 4
33 39 5
33 39 6
33 39 7
33 40 4
33 40 5
33 40 6
33 40 7
34 39 2
34 39 3
34 40 2
34 40 3
35 39 3
35 40 2
35 40 3
34 39 4
34 39 5
34 39 6
34 39 7
34 40 4
34 40 5
34 40 6
34 40 7
35 39 4
35 39 5
35 39 6
35 39 7
35 40 4
35 40 5
35 40 6
35 40 7
33 38 8
33 38 9
33 38 10
33 38 11
32 38 13
32 38 14
32 38 15
33 38 12
33 38 13
33 38 14
33 38 15
32 39 11
33 39 8
33 39 9
33 39 10
33 39 11
33 40 8
33 40 9
33 40 10
33 40 11
32 39 13
32 39 14
32 39 15
32 40 13
33 39 12
33 39 13
33 39 14
33 39 15
33 40 12
33 40 13
33 40 14
34 38 8
34 38 9
34 38 10
34 38 11
35 38 10
35 38 11
34 38 12
34 38 13
34 38 14
34 38 15
35 38 12
35 38 13
35 38 14
35 38 15
34 39 8
34 39 9
34 39 10
34 39 11
34 40 8
34 40 9
34 40 10
34 40 11
35 39 8
35 39 9
35 39 10
35 39 11
35 40 8
35 40 9
35 40 10
35 40 11
34 39 12
34 39 13
34 39 14
34 39 15
34 40 12
34 40 13
34 40 14
35 39 12
35 39 13
35 39 14
35 39 15
33 41 10
31 37 24
31 37 25
31 37 26
31 37 27
31 38 24
31 38 25
31 38 26
31 38 27
31 37 28
31 37 29
31 37 30
31 37 31
31 38 28
31 38 29
31 38 30
31 38 31
31 39 26
31 39 27
31 39 28
31 39 29
31 39 30
31 39 31
32 37 17
32 37 18
32 37 19
32 38 16
32 38 17
32 38 18
32 38 19
33 37 17
33 37 18
33 37 19
33 38 16
33 38 17
33 38 18
33 38 19
32 37 20
32 37 21
32 37 22
32 37 23
32 38 20
32 38 21
32 38 22
32 38 23
33 37 20
33 37 21
33 37 22
33 37 23
33 38 20
33 38 21
33 38 22
33 38 23
32 39 16
32 39 17
32 39 18
32 39 19
33 39 16
33 39 17
33 39 18
33 39 19
32 39 20
32 39 21
32 39 22
32 39 23
33 39 20
33 39 21
33 39 22
33 39 23
34 37 18
34 37 19
34 38 16
34 38 17
34 38 18
34 38 19
35 38 16
35 38 17
35 38 18
34 37 20
34 37 21
34 37 22
34 37 23
34 38 20
34 38 21
34 38 22
34 38 23
34 39 16
34 39 17
34 39 18
34 39 19
35 39 16
35 39 17
34 39 20
34 39 21
34 39 22
34 39 23
32 37 24
32 37 25
32 37 26
32 37 27
32 38 24
32 38 25
32 38 26
32 38 27
33 37 24
33 37 25
33 37 26
33 37 27
33 38 24
33 38 25
33 38 26
33 38 27
32 37 28
32 37 29
32 37 30
32 37 31
32 38 28
32 38 29
32 38 30
32 38 31
33 37 28
33 37 29
33 37 30
33 37 31
33 38 28
33 38 29
33 38 30
33 38 31
32 39 24
32 39 26
33 39 24
33 39 26
32 39 29
32 39 30
33 39 29
34 37 24
34 37 25
34 37 26
34 37 27
34 38 24
34 38 25
34 38 26
34 38 27
34 37 28
34 38 28
34 38 29
30 37 33
31 37 32
31 37 33
30 37 34
30 37 35
31 37 34
31 37 35
30 38 33
31 38 32
31 38 33
30 38 34
30 38 35
31 38 34
31 38 35
30 37 36
30 37 37
31 37 36
31 37 37
30 37 38
30 37 39
31 37 38
31 37 39
30 38 36
30 38 37
31 38 36
31 38 37
30 38 38
30 38 39
31 38 38
31 38 39
31 39 32
31 39 33
30 39 35
31 39 34
31 39 35
30 39 36
30 39 37
31 39 36
31 39 37
30 39 38
30 39 39
31 39 38
31 39 39
29 37 41
29 37 43
29 38 41
29 38 43
30 37 40
30 37 41
31 37 40
31 37 41
30 37 42
30 37 43
31 37 42
31 37 43
30 38 40
30 38 41
31 38 40
31 38 41
30 38 42
30 38 43
31 38 42
31 38 43
29 37 44
29 37 45
29 37 46
29 37 47
29 38 44
29 38 45
29 38 46
29 38 47
30 37 44
30 37 45
31 37 44
31 37 45
30 37 46
30 37 47
31 37 46
31 37 47
30 38 44
30 38 45
31 38 44
31 38 45
30 38 46
30 38 47
31 38 46
31 38 47
32 37 32
32 37 33
32 37 34
32 37 35
32 38 32
32 38 33
32 38 34
32 38 35
33 37 32
33 37 33
33 37 34
33 37 35
33 38 32
33 38 33
33 38 34
33 38 35
32 37 36
32 37 37
32 37 38
32 37 39
32 38 36
32 38 37
32 38 38
32 38 39
33 37 38
33 38 36
33 38 37
33 38 38
32 39 33
32 39 34
32 39 35
33 39 33
32 39 36
32 39 37
32 37 40
32 37 41
32 37 42
32 37 43
32 38 40
32 38 41
32 38 42
32 38 43
32 37 44
32 37 45
32 37 46
32 38 44
28 37 54
28 37 55
29 37 48
29 37 49
29 37 50
29 37 51
29 38 48
30 37 48
30 37 49
31 37 48
31 37 49
30 37 50
30 37 51
31 37 50
31 37 51
29 37 52
29 37 53
29 37 54
29 37 55
30 37 52
30 37 53
31 37 52
31 37 53
30 37 54
30 37 55
31 37 54
31 37 55
28 37 56
28 37 57
28 37 58
28 37 59
27 37 63
27 37 64
28 37 60
28 37 61
28 37 62
28 37 63
28 37 64
29 37 56
29 37 57
29 37 58
29 37 59
30 37 56
30 37 57
30 37 58
30 37 59
29 37 60
29 37 62
7 37 119
8 37 119
8 37 120
8 38 117
8 38 118
7 38 119
8 38 119
8 39 117
8 39 118
7 39 119
8 39 119
8 40 117
8 40 118
8 40 119
8 37 123
7 38 122
8 38 122
7 38 123
8 38 123
8 38 124
6 40 122
6 40 123
8 39 122
7 39 123
8 39 123
7 40 122
8 40 122
7 40 123
8 40 123
8 41 118
6 41 122
6 41 123
7 41 122
8 41 122
7 41 123
8 41 123
17 37 106
17 37 107
17 37 108
17 38 108
15 37 112
16 37 109
16 37 110
17 37 109
17 37 110
16 37 111
16 37 112
17 37 111
17 37 112
16 38 111
16 38 112
17 38 111
17 38 112
9 37 115
9 37 116
9 38 115
9 38 116
10 37 115
10 37 116
10 38 115
10 38 116
9 37 117
9 37 118
9 37 119
9 37 120
9 38 117
9 38 118
9 38 119
9 38 120
10 37 117
10 37 118
10 37 119
10 37 120
10 38 117
10 38 118
10 38 119
10 38 120
9 40 113
9 40 114
9 40 115
10 39 114
10 39 115
10 39 116
10 40 113
10 40 114
10 40 115
9 39 117
9 39 118
9 39 119
9 40 117
9 40 118
9 40 119
10 39 118
10 39 119
10 39 120
10 40 117
10 40 118
10 40 119
11 37 115
11 37 116
11 38 115
11 38 116
12 37 116
12 38 116
11 37 117
11 37 118
11 37 119
11 37 120
11 38 117
11 38 118
11 38 119
11 38 120
12 37 117
12 37 118
12 37 119
12 37 120
12 38 117
12 38 118
12 38 119
12 38 120
11 39 115
11 39 116
11 40 114
11 40 115
11 40 116
12 39 116
12 40 116
11 39 117
11 39 118
11 39 119
11 39 120
11 40 117
11 40 118
11 40 119
11 40 120
12 39 117
12 39 118
12 39 119
12 39 120
12 40 117
12 40 118
12 40 119
12 40 120
9 37 123
9 37 124
9 38 123
9 38 124
10 37 121
10 37 123
10 37 124
10 38 123
10 38 124
9 39 123
9 39 124
9 40 123
10 39 123
10 39 124
10 40 123
11 37 121
11 37 122
11 37 123
11 37 124
11 38 121
11 38 123
11 38 124
12 37 121
12 37 122
12 37 123
12 37 124
12 38 121
12 38 122
12 38 123
12 38 124
11 37 125
12 37 125
12 37 126
12 37 127
12 37 128
12 37 129
11 39 123
11 39 124
12 39 123
9 41 113
9 41 114
10 41 113
10 41 114
10 41 115
9 41 118
9 41 119
10 41 118
10 41 119
10 42 118
11 41 115
11 41 118
11 41 119
11 42 118
12 41 118
12 41 119
12 41 120
12 42 118
13 37 116
13 38 116
14 37 114
14 37 115
14 37 116
14 38 115
14 38 116
13 37 117
13 37 118
13 37 119
13 37 120
13 38 117
13 38 118
13 38 119
13 38 120
14 37 117
14 37 118
14 37 119
14 37 120
14 38 117
14 38 118
14 38 119
14 38 120
13 39 116
14 39 116
13 39 117
13 39 118
13 39 119
13 39 120
13 40 117
13 40 118
13 40 119
13 40 120
14 39 117
14 39 118
14 39 119
14 39 120
14 40 118
14 40 120
15 37 113
15 37 114
15 37 115
15 37 116
15 38 113
15 38 114
15 38 115
15 38 116
16 37 113
16 37 114
17 37 113
17 37 114
16 37 115
16 37 116
17 37 115
17 37 116
16 38 113
16 38 114
17 38 113
17 38 114
16 38 115
16 38 116
17 38 115
17 38 116
15 37 117
15 37 118
15 37 119
15 38 117
15 38 118
15 38 119
16 37 117
16 37 118
17 37 117
16 38 117
16 38 118
17 38 117
15 39 115
15 39 116
16 39 115
16 39 116
15 39 117
15 39 118
15 40 117
15 40 118
16 39 117
16 39 118
16 40 117
13 37 121
13 37 122
13 37 123
13 37 124
13 38 121
13 38 122
13 38 123
13 38 124
14 37 121
13 37 125
13 37 126
13 37 127
13 37 128
13 37 129
14 37 125
14 37 126
14 37 127
14 37 128
14 37 129
15 37 126
15 37 127
15 37 128
15 37 129
16 37 126
17 37 126
16 37 127
16 37 128
16 37 129
17 37 127
17 37 128
17 37 129
13 41 118
13 41 120
13 42 118
14 41 118
14 41 120
14 42 118
14 42 120
15 41 118
15 42 117
15 42 118
21 37 90
21 37 92
20 37 94
20 37 95
20 37 96
21 37 93
21 37 94
21 37 95
21 37 96
22 37 86
22 37 87
23 37 86
23 37 87
22 37 89
22 37 90
22 37 91
22 37 92
22 37 93
22 37 94
22 37 95
22 37 96
27 37 65
27 37 66
28 37 65
19 37 98
19 37 99
19 37 100
18 37 101
18 37 102
18 37 103
18 37 104
19 37 101
19 37 102
19 37 103
19 37 104
19 38 104
20 37 97
20 37 98
20 37 99
20 37 100
21 37 97
21 37 98
21 37 99
21 37 100
20 37 101
20 37 102
20 37 103
20 37 104
21 37 101
21 37 102
18 37 105
18 37 106
18 37 107
18 37 108
18 38 105
18 38 106
18 38 107
18 38 108
19 37 105
19 37 106
19 37 107
19 37 108
19 38 105
19 38 106
19 38 107
18 37 109
18 37 110
18 37 111
18 37 112
18 38 111
19 37 109
19 37 110
20 37 105
20 37 106
22 37 97
18 37 113
18 37 114
18 37 126
18 37 127
18 37 128
18 37 129
19 37 126
19 37 127
19 37 128
19 37 129
20 37 128
20 37 129
21 37 128
21 37 129
22 37 128
22 37 129
23 37 128
23 37 129
24 37 128
24 37 129
26 37 129
38 17 128
39 16 127
39 16 128
39 17 127
39 17 128
40 16 128
40 17 127
40 17 128
45 15 120
45 16 120
41 17 126
41 17 127
41 17 128
42 16 125
42 16 126
42 17 125
42 17 126
42 17 127
42 17 128
43 15 124
43 16 123
43 16 124
43 17 123
43 17 124
44 15 122
45 15 121
45 15 122
44 15 123
44 15 124
45 15 123
45 15 124
44 16 122
44 17 122
45 16 121
45 16 122
45 17 122
44 16 123
44 16 124
44 17 123
44 17 124
45 16 123
45 16 124
45 17 123
45 17 124
43 16 125
43 16 126
43 17 125
43 17 126
43 17 127
43 17 128
44 16 125
44 16 126
44 17 125
44 17 126
45 16 125
45 17 125
44 17 127
51 12 112
54 12 105
54 12 106
53 12 107
53 12 108
54 12 107
54 12 108
52 12 109
52 12 110
52 12 111
52 12 112
53 12 109
53 12 110
54 12 109
54 12 110
53 12 111
50 13 112
50 14 112
51 13 111
51 13 112
51 14 111
51 14 112
54 13 105
54 13 106
53 13 107
53 13 108
54 13 107
54 13 108
54 14 106
53 14 107
53 14 108
54 14 107
54 14 108
52 13 109
52 13 110
52 13 111
52 13 112
52 14 109
52 14 110
52 14 111
52 14 112
53 13 109
53 13 110
54 13 109
54 13 110
53 13 111
53 13 112
53 14 109
53 14 110
54 14 109
53 14 111
53 14 112
46 14 119
46 14 120
47 14 117
47 14 118
47 14 119
47 14 120
46 15 119
46 15 120
46 16 119
46 16 120
47 15 117
47 15 118
47 15 119
47 15 120
47 16 118
47 16 119
47 16 120
48 13 116
48 14 116
49 13 114
49 13 115
49 13 116
49 14 114
49 14 115
49 14 116
48 13 117
48 13 118
48 14 117
48 14 118
48 14 119
48 14 120
49 13 117
49 14 117
49 14 118
49 14 119
48 15 116
49 15 114
49 15 115
49 15 116
48 15 117
48 15 118
48 15 119
48 15 120
48 16 118
48 16 119
48 16 120
49 15 117
49 15 118
49 15 119
46 14 121
46 14 122
47 14 121
46 15 121
46 15 122
46 15 123
46 16 121
46 16 122
46 17 122
46 16 123
46 16 124
47 15 121
47 15 122
47 16 121
47 16 122
48 15 121
51 12 113
50 13 113
50 13 114
50 13 115
50 13 116
50 14 113
50 14 114
50 14 115
50 14 116
51 13 113
51 13 114
51 13 115
51 14 113
51 14 114
51 14 115
51 14 116
50 14 117
50 14 118
50 15 113
50 15 114
50 15 115
50 15 116
51 15 113
51 15 114
51 15 115
50 15 117
50 15 118
52 13 113
52 13 114
52 14 113
52 14 114
37 19 129
38 18 128
39 19 128
40 18 127
40 18 128
40 18 129
40 19 128
40 19 129
39 20 128
39 21 128
40 20 128
40 20 129
40 21 129
39 22 127
40 23 126
41 18 127
41 18 128
41 18 129
41 19 127
41 19 128
41 19 129
42 18 125
42 18 126
42 18 127
42 18 128
42 18 129
42 19 127
42 19 128
42 19 129
41 20 128
41 20 129
41 21 129
42 20 128
43 18 124
43 18 125
43 18 126
43 18 127
43 18 128
43 19 126
43 19 127
44 18 125
44 18 126
41 24 125
42 25 125
43 26 126
41 28 128
42 27 127
42 27 128
42 28 128
42 29 128
42 29 129
42 30 129
44 28 129
45 28 128
45 28 129
43 29 128
43 29 129
43 30 129
44 29 128
44 29 129
45 29 128
45 29 129
44 30 128
44 30 129
44 31 129
45 30 128
45 30 129
45 31 128
45 31 129
46 27 128
46 28 127
46 28 128
46 28 129
47 27 127
47 28 127
47 28 128
46 29 127
46 29 128
46 29 129
46 30 127
46 30 128
46 30 129
46 31 128
47 29 127
47 29 128
47 29 129
47 30 127
47 30 128
47 30 129
48 27 126
48 28 126
48 28 127
48 28 128
49 28 125
49 28 126
49 28 127
48 29 126
48 29 127
48 29 128
48 30 126
48 30 127
48 30 128
48 31 127
49 29 125
49 29 126
49 29 127
49 29 128
49 30 125
49 30 126
49 30 127
49 30 128
50 28 124
51 28 124
50 28 125
50 28 126
50 28 127
51 28 125
51 28 126
50 29 124
51 29 124
51 30 124
50 29 125
50 29 126
50 29 127
50 30 125
50 30 126
50 30 127
51 29 125
51 29 126
51 30 125
51 30 126
52 28 123
52 28 124
54 27 122
53 28 122
54 28 121
54 28 122
53 28 123
53 28 124
54 28 123
54 28 124
52 28 125
53 28 125
52 29 123
52 29 124
52 30 123
52 30 124
53 29 122
54 29 121
54 29 122
53 29 123
53 29 124
54 29 123
54 29 124
53 30 123
53 30 124
54 30 123
52 29 125
52 29 126
52 30 125
53 29 125
55 11 104
55 12 103
55 12 104
56 11 103
56 12 102
56 12 103
56 12 104
57 12 102
57 12 103
57 12 104
55 11 105
55 12 105
55 12 106
55 12 107
55 12 108
56 12 105
56 12 106
55 13 103
55 13 104
55 14 104
56 13 102
56 13 103
56 13 104
57 13 102
57 13 103
57 13 104
55 13 105
55 13 106
55 13 107
55 13 108
56 13 105
56 13 106
56 13 107
60 26 116
60 26 117
61 26 115
61 26 116
62 26 114
63 26 113
63 26 114
62 26 115
62 26 116
63 26 115
55 27 120
55 28 120
56 27 119
56 27 120
56 28 119
56 28 120
55 29 120
56 29 119
56 29 120
57 27 118
57 27 119
57 27 120
57 28 118
57 28 119
57 28 120
58 27 117
58 27 118
58 27 119
58 27 120
58 28 117
58 28 118
58 28 119
58 28 120
57 29 118
57 29 119
57 29 120
58 29 118
58 29 119
58 29 120
55 27 121
55 28 121
55 28 122
55 28 123
56 27 121
56 28 121
56 28 122
55 29 121
55 29 122
55 29 123
56 29 121
56 29 122
57 27 121
57 28 121
58 28 121
57 29 121
57 29 122
59 27 116
59 28 116
60 27 115
60 27 116
60 28 115
60 28 116
59 27 117
59 27 118
59 27 119
59 28 117
59 28 118
59 28 119
59 28 120
60 27 117
60 27 118
60 27 119
60 28 117
60 28 118
60 28 119
59 29 118
59 29 119
60 29 118
61 27 115
61 27 116
61 28 115
61 28 116
62 27 114
63 27 113
63 27 114
62 27 115
62 27 116
63 27 115
63 27 116
62 28 114
63 28 113
63 28 114
62 28 115
62 28 116
63 28 115
63 28 116
61 27 117
61 27 118
61 28 117
61 28 118
62 27 117
62 28 117
64 26 112
65 25 111
65 25 112
65 26 111
65 26 112
68 26 108
66 25 110
66 26 110
66 25 111
66 25 112
66 26 111
66 26 112
67 25 109
67 25 110
67 26 109
67 26 110
68 25 109
68 25 110
68 26 109
68 26 110
67 25 111
67 26 111
67 26 112
68 26 111
69 26 108
69 26 109
69 26 110
64 26 113
64 26 114
65 26 113
65 26 114
66 26 113
64 27 112
65 27 111
65 27 112
66 27 110
66 27 111
66 27 112
67 27 109
67 27 110
68 27 109
68 27 110
67 27 111
67 27 112
68 27 111
64 27 113
64 27 114
64 27 115
65 27 113
65 27 114
66 27 113
