0.15
7285
103 106 67
103 106 68
104 106 68
103 106 69
104 106 69
103 106 70
103 106 71
104 106 70
104 106 71
105 106 69
105 106 70
105 106 71
103 106 72
104 106 72
104 106 73
104 106 74
105 106 72
106 106 72
105 106 73
105 106 74
106 106 73
106 106 74
104 106 75
104 106 76
105 106 75
106 106 75
105 106 76
105 106 77
106 106 76
106 106 77
105 106 78
106 106 78
105 106 79
105 106 80
106 106 79
106 106 80
106 106 81
106 106 82
106 106 83
106 106 84
106 106 85
106 106 86
103 88 148
104 88 148
104 88 149
105 88 148
105 88 149
105 88 150
106 88 149
103 89 148
104 89 148
104 89 149
105 89 148
105 89 149
105 89 150
105 90 149
105 90 150
106 89 149
106 89 150
106 90 149
106 90 150
105 87 155
105 87 156
105 88 155
105 88 156
106 87 155
106 87 156
106 88 155
106 88 156
106 89 151
106 90 151
106 89 156
106 98 147
106 99 146
106 99 147
94 115 2
95 115 2
94 115 3
94 115 4
95 115 3
95 115 4
94 116 1
95 116 1
94 116 2
95 116 2
95 117 2
94 116 3
94 116 4
95 116 3
95 116 4
95 117 4
96 115 2
96 115 3
96 115 4
97 115 4
96 116 1
96 116 2
96 116 3
96 116 4
94 115 5
95 115 5
94 114 6
94 114 7
94 115 6
94 115 7
95 114 6
95 114 7
95 115 6
95 115 7
95 114 8
95 115 8
95 114 9
95 114 10
95 115 9
95 115 10
94 116 5
95 116 5
95 116 6
95 116 7
95 116 8
95 116 9
95 116 10
96 115 5
97 115 5
96 114 7
96 115 6
96 115 7
97 115 6
97 115 7
96 114 8
96 115 8
97 114 8
97 115 8
96 114 9
96 114 10
96 115 9
96 115 10
97 114 9
97 114 10
97 115 9
97 115 10
96 116 5
97 116 5
96 116 6
96 116 7
97 116 7
96 116 8
97 116 8
96 116 9
96 116 10
97 116 9
97 116 10
95 114 11
95 115 11
95 114 12
95 114 13
95 115 12
95 115 13
95 116 11
96 114 11
96 115 11
97 114 11
97 115 11
96 114 12
96 114 13
96 115 12
96 115 13
97 114 12
97 114 13
97 115 12
97 115 13
98 114 11
98 114 12
98 114 13
98 115 12
98 115 13
96 113 16
97 113 16
96 114 14
96 115 14
97 114 14
97 115 14
96 114 15
96 114 16
96 115 15
96 115 16
97 114 15
97 114 16
97 115 15
97 115 16
98 114 14
98 115 14
98 114 15
98 114 16
98 115 15
98 115 16
96 116 11
97 116 11
96 116 12
96 113 17
97 113 17
96 113 18
96 113 19
97 113 18
97 113 19
96 114 17
96 115 17
97 114 17
97 115 17
96 114 18
96 114 19
96 115 18
96 115 19
97 114 18
97 114 19
97 115 18
97 115 19
98 113 18
98 113 19
98 114 17
98 115 17
98 114 18
98 114 19
98 115 18
98 115 19
96 113 20
97 113 20
96 113 21
96 113 22
97 113 21
97 113 22
96 114 20
96 115 20
97 114 20
97 115 20
96 114 21
96 114 22
96 115 21
96 115 22
97 114 21
97 114 22
97 115 21
97 115 22
98 113 20
98 113 21
98 113 22
98 114 20
98 115 20
98 114 21
98 114 22
98 115 21
98 115 22
96 112 23
97 112 23
96 112 24
97 112 24
98 112 23
98 112 24
96 112 25
97 112 25
96 112 26
97 112 26
97 112 27
98 112 25
99 112 25
98 112 26
98 112 27
99 112 26
99 112 27
97 111 28
97 112 28
96 112 29
97 111 29
97 111 30
97 112 29
97 112 30
98 111 28
98 112 28
99 112 28
98 111 29
98 111 30
98 112 29
98 112 30
99 111 29
99 111 30
99 112 29
99 112 30
97 111 31
97 112 31
97 111 32
97 111 33
97 112 32
97 112 33
98 111 31
98 112 31
99 111 31
99 112 31
98 111 32
98 111 33
98 112 32
98 112 33
99 111 32
99 111 33
99 112 32
99 112 33
96 113 23
97 113 23
96 113 24
97 113 24
96 114 23
97 114 23
97 115 23
96 114 24
97 114 24
98 113 23
99 113 23
98 113 24
99 113 24
98 114 23
98 115 23
99 114 23
98 114 24
96 113 25
97 113 25
96 113 26
96 113 27
97 113 26
97 113 27
96 114 25
97 114 25
97 114 26
97 114 27
98 113 25
99 113 25
98 113 26
98 113 27
99 113 26
99 113 27
98 114 25
98 114 26
98 114 27
97 113 28
97 113 29
97 113 30
97 114 28
97 114 30
98 113 28
99 113 28
98 113 29
98 113 30
99 113 29
99 113 30
98 114 28
97 113 31
97 113 32
97 113 33
98 113 31
99 113 31
98 113 32
98 113 33
99 113 32
99 113 33
100 111 33
100 112 32
100 112 33
97 110 34
97 111 34
97 112 34
97 111 35
97 111 36
97 112 35
97 112 36
98 110 34
98 110 35
98 110 36
99 110 36
98 111 34
98 112 34
99 111 34
99 112 34
98 111 35
98 111 36
98 112 35
98 112 36
99 111 35
99 111 36
99 112 35
99 112 36
97 111 37
98 110 37
99 110 37
98 110 38
98 110 39
99 110 38
99 110 39
98 111 37
98 112 37
99 111 37
99 112 37
98 111 38
98 111 39
98 112 38
98 112 39
99 111 38
99 111 39
99 112 38
99 112 39
98 109 40
99 109 40
98 109 41
98 109 42
99 109 41
99 109 42
98 109 43
99 109 43
99 108 45
99 109 44
99 109 45
98 110 40
99 110 40
98 110 41
98 110 42
99 110 41
99 110 42
98 111 40
98 112 40
99 111 40
99 112 40
98 111 41
98 111 42
98 112 41
99 111 41
99 111 42
99 112 41
99 112 42
98 110 43
99 110 43
99 110 44
99 110 45
98 111 43
99 111 43
99 111 44
99 111 45
97 113 34
98 113 34
99 113 34
98 113 35
98 113 36
99 113 35
98 113 37
100 110 36
100 111 34
100 112 34
100 111 35
100 111 36
100 112 35
100 112 36
100 110 37
100 110 38
100 110 39
100 111 37
100 112 37
100 111 38
100 111 39
100 112 38
100 112 39
100 109 41
100 109 42
101 109 42
100 109 43
100 109 44
100 109 45
101 109 43
101 109 44
101 109 45
100 110 40
100 110 41
100 110 42
100 111 40
100 112 40
100 111 41
100 111 42
100 112 41
101 110 40
101 110 41
101 110 42
101 111 41
101 111 42
100 110 43
100 110 44
100 110 45
100 111 43
100 111 44
100 111 45
101 110 43
101 110 44
101 110 45
101 111 43
101 111 44
101 111 45
99 108 46
99 109 46
99 108 47
99 109 47
99 108 48
99 109 48
99 109 49
99 110 46
99 110 47
99 111 46
99 111 47
99 110 48
99 110 49
100 108 46
100 109 46
100 108 47
100 109 47
101 108 46
101 109 46
102 109 46
101 108 47
101 109 47
102 109 47
100 108 48
100 109 48
100 108 49
100 108 50
100 109 49
100 109 50
101 108 48
101 109 48
102 109 48
101 108 49
101 108 50
101 109 49
101 109 50
102 108 49
102 108 50
102 109 49
102 109 50
100 110 46
100 110 47
100 111 46
100 111 47
101 110 46
102 110 46
101 110 47
102 110 47
101 111 46
101 111 47
100 110 48
100 110 49
100 110 50
100 111 48
100 111 49
100 111 50
101 110 48
102 110 48
101 110 49
101 110 50
102 110 49
102 110 50
101 111 48
101 111 49
101 111 50
100 108 51
100 109 51
100 108 52
100 108 53
100 109 52
100 109 53
101 108 51
101 109 51
102 108 51
102 109 51
101 108 52
101 108 53
101 109 52
101 109 53
102 108 52
102 108 53
102 109 52
102 109 53
100 108 54
100 109 54
100 108 55
100 109 55
101 107 55
101 107 56
102 107 56
101 108 54
101 109 54
102 108 54
102 109 54
101 108 55
101 108 56
101 109 55
101 109 56
102 108 55
102 108 56
102 109 55
102 109 56
100 110 51
100 110 52
100 110 53
101 110 51
102 110 51
101 110 52
101 110 53
102 110 52
102 110 53
101 111 51
101 110 54
102 110 54
101 110 55
101 110 56
102 110 55
102 110 56
103 108 53
103 109 52
103 109 53
103 108 54
103 109 54
103 108 55
103 108 56
103 109 55
103 109 56
101 107 57
102 107 57
101 107 58
101 107 59
102 107 58
102 107 59
101 108 57
101 109 57
102 108 57
102 109 57
101 108 58
101 108 59
101 109 58
101 109 59
102 108 58
102 108 59
102 109 58
102 109 59
101 107 60
102 107 60
101 107 61
101 107 62
102 107 61
102 107 62
101 108 60
101 109 60
102 108 60
102 109 60
101 108 61
101 108 62
101 109 61
101 109 62
102 108 61
102 108 62
102 109 61
102 109 62
101 110 57
102 110 57
101 110 58
102 110 58
102 110 59
102 110 60
103 107 57
103 107 58
103 107 59
103 108 57
103 109 57
103 108 58
103 108 59
103 109 58
103 109 59
104 108 59
103 107 60
103 107 61
103 107 62
104 107 61
104 107 62
103 108 60
103 109 60
104 108 60
103 108 61
103 108 62
103 109 61
103 109 62
104 108 61
104 108 62
104 109 62
101 107 63
102 107 63
102 107 64
102 107 65
101 108 63
102 108 63
102 109 63
102 108 64
102 108 65
102 109 64
102 109 65
102 107 66
102 107 67
102 107 68
102 108 66
102 109 66
102 108 67
102 108 68
103 107 63
104 107 63
103 107 64
103 107 65
104 107 64
104 107 65
103 108 63
103 109 63
104 108 63
104 109 63
103 108 64
103 108 65
103 109 64
103 109 65
104 108 64
104 108 65
104 109 64
104 109 65
103 107 66
104 107 66
103 107 67
103 107 68
104 107 67
104 107 68
103 108 66
103 109 66
104 108 66
104 109 66
103 108 67
103 108 68
103 109 67
103 109 68
104 108 67
104 108 68
104 109 67
104 109 68
105 107 67
105 107 68
105 108 66
105 108 67
105 108 68
102 108 69
103 107 69
104 107 69
103 107 70
103 107 71
104 107 70
104 107 71
103 108 69
103 109 69
104 108 69
104 109 69
103 108 70
103 108 71
103 109 70
104 108 70
104 108 71
104 109 70
104 109 71
105 107 69
105 107 70
105 107 71
106 107 70
106 107 71
105 108 69
105 108 70
105 108 71
106 108 71
103 107 72
104 107 72
104 107 73
104 107 74
103 108 72
104 108 72
104 109 72
104 108 73
104 108 74
104 109 73
105 107 72
106 107 72
105 107 73
105 107 74
106 107 73
106 107 74
105 108 72
105 109 72
106 108 72
105 108 73
105 108 74
105 109 73
106 108 73
106 108 74
104 107 75
104 107 76
104 108 75
105 107 75
106 107 75
105 107 76
105 107 77
106 107 76
106 107 77
105 108 75
106 108 75
105 108 76
105 108 77
106 108 76
106 108 77
105 107 78
106 107 78
105 107 79
105 107 80
106 107 79
106 107 80
105 108 78
106 108 78
105 108 79
105 108 80
106 108 79
106 108 80
106 107 81
106 107 82
106 107 83
106 108 81
106 108 82
106 108 83
106 107 84
106 107 85
107 106 76
107 106 77
107 106 78
107 106 79
107 106 80
108 106 80
107 106 81
107 106 82
107 106 83
108 106 81
108 106 82
108 106 83
109 106 83
107 106 84
107 106 85
107 106 86
108 106 84
109 106 84
108 105 86
108 106 85
108 106 86
109 106 85
109 106 86
107 105 87
107 106 87
107 105 88
107 105 89
107 106 88
107 106 89
108 105 87
108 106 87
109 105 87
109 106 87
108 105 88
108 105 89
108 106 88
108 106 89
109 105 88
109 105 89
109 106 88
109 106 89
107 106 90
108 105 90
108 106 90
109 105 90
109 106 90
108 105 91
108 105 92
108 106 91
108 106 92
109 105 91
109 105 92
109 106 91
109 106 92
110 105 89
110 106 88
110 106 89
110 105 90
110 106 90
110 105 91
110 105 92
110 106 91
110 106 92
144 8 127
144 8 128
144 9 128
144 9 129
144 9 130
144 10 129
144 10 130
144 11 130
144 10 131
144 11 131
144 11 132
144 12 132
144 12 133
143 13 133
143 13 134
143 13 135
143 14 134
143 14 135
143 14 136
143 15 136
144 13 134
144 13 135
144 14 135
143 14 137
143 15 137
143 14 138
143 15 138
143 15 139
143 16 137
143 16 138
143 16 139
143 17 139
132 49 171
132 50 171
132 51 172
131 52 174
132 51 173
132 51 174
132 52 173
132 52 174
132 52 175
143 16 140
143 17 140
143 17 141
143 18 141
143 17 142
143 18 142
143 18 143
143 19 142
143 19 143
143 19 144
142 20 143
142 20 144
143 20 143
143 20 144
141 23 148
141 23 149
141 23 150
141 24 148
141 24 149
141 24 150
141 25 149
141 25 150
142 19 145
142 20 145
142 21 145
143 21 145
142 20 146
142 21 146
142 21 147
142 22 146
142 22 147
142 23 147
143 22 146
142 22 148
142 23 148
142 23 149
142 24 148
142 24 149
142 25 150
140 25 151
141 25 151
140 25 152
138 30 156
138 31 155
138 31 156
138 30 157
138 31 157
138 32 156
138 32 157
137 32 158
138 32 158
138 33 157
137 33 158
137 33 159
137 34 158
137 34 159
138 33 158
138 33 159
138 34 158
138 34 159
137 34 160
136 35 159
137 35 159
138 35 159
136 35 160
136 36 160
136 36 161
136 36 162
136 37 161
136 37 162
136 38 161
136 38 162
137 35 160
137 36 160
138 35 160
138 36 160
137 35 161
137 36 161
137 37 161
137 37 162
137 38 161
137 38 162
139 28 153
140 26 151
141 26 151
140 26 152
140 26 153
141 26 152
140 27 152
140 27 153
140 28 153
141 27 152
141 28 153
139 28 154
139 28 155
140 27 154
140 28 154
139 29 154
139 29 155
139 29 156
139 30 154
139 30 155
139 30 156
139 31 155
139 31 156
140 29 154
139 31 157
139 32 156
140 32 156
139 32 157
139 33 157
136 39 162
137 39 162
136 37 163
136 38 163
135 39 163
135 39 164
135 40 163
135 40 164
135 40 165
135 41 164
135 41 165
135 41 166
135 42 165
135 43 165
134 43 166
135 42 166
135 43 166
134 43 167
134 43 168
135 42 167
135 43 167
134 44 167
134 44 168
134 45 167
134 45 168
135 44 167
135 44 168
135 45 167
135 45 168
136 39 163
136 39 164
136 40 163
136 40 164
136 40 165
136 41 164
136 41 165
136 42 165
136 43 165
134 44 169
134 45 169
133 46 168
134 46 168
135 46 168
133 46 169
133 46 170
133 47 169
133 47 170
133 47 171
133 48 170
133 48 171
134 46 169
135 46 169
134 46 170
134 47 169
134 47 170
134 47 171
134 48 170
134 48 171
133 48 172
133 49 171
133 50 171
134 49 171
134 50 171
133 49 172
133 50 172
133 49 173
133 50 173
133 51 172
133 51 173
133 51 174
133 52 173
133 52 174
134 49 172
134 50 172
134 51 172
134 51 173
134 52 173
108 105 93
108 106 93
109 105 93
109 106 93
108 105 94
108 106 94
109 105 94
109 106 94
108 106 95
109 105 95
109 106 95
109 105 96
109 105 97
109 106 96
109 106 97
110 105 93
110 106 93
110 105 94
110 106 94
111 106 93
111 105 94
111 106 94
110 105 95
110 106 95
110 105 96
110 105 97
110 106 96
110 106 97
111 105 95
111 106 95
111 105 96
111 105 97
111 106 96
111 106 97
109 105 98
109 106 98
109 105 99
109 105 100
109 106 99
109 106 100
109 105 101
109 106 101
110 104 100
110 105 98
110 106 98
110 105 99
110 105 100
110 106 99
110 106 100
111 104 100
111 105 98
111 106 98
112 105 98
112 106 98
111 105 99
111 105 100
111 106 99
111 106 100
112 105 99
112 105 100
112 106 99
112 106 100
110 104 101
110 105 101
110 106 101
110 105 102
110 105 103
110 106 102
110 106 103
111 104 101
112 104 101
111 104 102
111 104 103
112 104 102
112 104 103
111 105 101
111 106 101
112 105 101
112 106 101
111 105 102
111 105 103
111 106 102
111 106 103
112 105 102
112 105 103
112 106 102
112 106 103
110 104 105
110 104 106
110 105 104
110 106 104
110 105 105
110 105 106
110 106 105
110 106 106
111 104 104
112 104 104
111 104 105
111 104 106
112 104 105
112 104 106
111 105 104
111 106 104
112 105 104
112 106 104
111 105 105
111 105 106
111 106 105
111 106 106
112 105 105
112 105 106
112 106 105
112 106 106
110 105 107
111 104 107
112 104 107
111 104 108
111 104 109
112 104 108
112 104 109
111 105 107
111 106 107
112 105 107
112 106 107
111 105 108
111 105 109
111 106 108
111 106 109
112 105 108
112 105 109
112 106 108
112 106 109
111 104 110
112 104 110
111 104 111
111 104 112
112 104 111
112 104 112
111 105 110
111 106 110
112 105 110
112 106 110
111 105 111
111 105 112
111 106 111
111 106 112
112 105 111
112 105 112
112 106 111
112 106 112
111 104 113
112 104 113
111 104 114
112 104 114
112 104 115
111 105 113
112 105 113
112 106 113
111 105 114
111 105 115
112 105 114
112 105 115
112 106 114
112 106 115
113 104 106
113 105 104
113 106 104
113 105 105
113 105 106
113 106 105
113 106 106
113 104 107
113 104 108
113 104 109
113 105 107
113 106 107
113 105 108
113 105 109
113 106 108
113 106 109
113 104 110
113 104 111
113 104 112
113 105 110
113 106 110
113 105 111
113 105 112
113 106 111
113 106 112
114 104 112
114 105 110
114 105 111
114 105 112
114 106 112
113 104 113
113 103 115
113 104 114
113 104 115
113 105 113
113 106 113
113 105 114
113 105 115
113 106 114
113 106 115
114 104 113
114 104 114
114 104 115
114 105 113
114 106 113
114 105 114
114 105 115
114 106 114
114 106 115
112 104 116
112 104 117
112 104 118
112 105 116
112 106 116
112 105 117
112 105 118
112 106 117
112 104 119
112 104 120
112 104 121
112 105 119
112 105 120
112 104 122
113 103 116
113 104 116
113 103 117
113 103 118
113 104 117
113 104 118
113 105 116
113 106 116
113 105 117
113 105 118
113 106 117
113 106 118
114 103 116
114 104 116
114 103 117
114 103 118
114 104 117
114 104 118
115 104 117
115 104 118
114 105 116
114 106 116
114 105 117
114 105 118
114 106 117
114 106 118
115 105 117
115 105 118
113 103 119
113 104 119
113 103 120
113 103 121
113 104 120
113 104 121
113 105 119
113 106 119
113 105 120
113 105 121
113 106 120
114 103 119
114 104 119
115 103 119
115 104 119
114 103 120
114 103 121
114 104 120
114 104 121
115 103 120
115 103 121
115 104 120
115 104 121
114 105 119
114 106 119
115 105 119
114 105 120
114 105 121
114 106 120
114 106 121
115 105 120
115 105 121
115 102 127
113 103 122
113 104 122
113 103 123
113 103 124
113 104 123
113 104 124
113 105 122
113 105 123
113 105 124
114 103 122
114 104 122
115 103 122
115 104 122
114 103 123
114 103 124
114 104 123
114 104 124
115 103 123
115 103 124
115 104 123
115 104 124
114 105 122
115 105 122
114 105 123
114 105 124
115 105 123
115 105 124
113 103 125
113 104 125
113 103 126
113 104 126
113 104 127
113 105 125
114 103 125
114 104 125
115 103 125
115 104 125
114 103 126
114 103 127
114 104 126
114 104 127
115 103 126
115 103 127
115 104 126
115 104 127
114 105 125
115 105 125
114 105 126
114 105 127
115 105 126
115 105 127
116 102 127
116 103 123
116 103 124
116 104 123
116 104 124
116 105 124
116 103 125
116 104 125
116 103 126
116 103 127
116 104 126
116 104 127
116 105 125
116 105 126
116 105 127
114 102 128
115 102 128
114 102 129
114 102 130
115 102 129
115 102 130
114 102 131
115 102 131
114 102 132
114 102 133
115 102 132
115 102 133
113 104 128
114 103 128
114 104 128
115 103 128
115 104 128
114 103 129
114 103 130
114 104 129
114 104 130
115 103 129
115 103 130
115 104 129
115 104 130
114 105 128
115 105 128
114 105 129
115 105 129
115 105 130
114 103 131
114 104 131
115 103 131
115 104 131
114 103 132
114 103 133
114 104 132
115 103 132
115 103 133
115 104 132
115 104 133
115 105 131
115 105 132
116 102 128
116 102 129
116 102 130
116 102 131
116 102 132
116 102 133
117 102 132
117 102 133
116 103 128
116 104 128
116 103 129
116 103 130
116 104 129
116 104 130
117 104 130
116 105 128
116 105 129
116 105 130
116 103 131
116 104 131
117 103 131
117 104 131
116 103 132
116 103 133
116 104 132
116 104 133
117 103 132
117 103 133
117 104 132
117 104 133
117 105 133
115 102 134
115 102 135
115 102 136
115 101 137
115 102 137
115 101 138
115 101 139
115 102 138
115 102 139
114 103 134
115 103 134
115 104 134
114 103 135
114 103 136
114 104 136
115 103 135
115 103 136
115 104 135
115 104 136
115 103 137
115 104 137
115 103 138
115 103 139
115 104 138
115 104 139
116 102 134
117 102 134
116 101 135
116 101 136
116 102 135
116 102 136
117 101 136
117 102 135
117 102 136
116 101 137
116 102 137
117 101 137
117 102 137
116 101 138
116 101 139
116 102 138
116 102 139
117 101 138
117 101 139
117 102 138
117 102 139
118 102 138
118 102 139
116 103 134
116 104 134
117 103 134
117 104 134
116 103 135
116 103 136
116 104 135
116 104 136
117 103 135
117 103 136
117 104 135
117 104 136
117 105 136
116 103 137
116 104 137
117 103 137
116 103 138
116 103 139
116 104 138
116 104 139
117 103 138
117 103 139
117 104 138
117 104 139
118 103 138
118 103 139
118 104 138
118 104 139
108 79 170
109 78 171
110 79 172
112 79 174
113 79 175
114 79 176
131 53 174
132 53 173
132 53 174
132 54 174
131 53 175
132 53 175
132 53 176
131 54 175
131 55 175
132 54 175
132 55 175
132 54 176
132 55 176
132 55 177
131 56 176
132 56 176
132 56 177
131 57 176
131 57 177
131 58 177
132 57 176
132 57 177
132 58 177
131 58 178
132 57 178
132 58 178
131 58 179
131 59 177
130 60 178
130 61 179
131 59 178
132 59 178
131 59 179
131 59 180
132 59 179
131 60 178
132 60 178
131 60 179
131 60 180
131 61 179
131 61 180
132 60 179
132 60 180
132 61 179
132 61 180
130 62 179
130 62 180
130 63 180
130 64 180
131 62 179
131 62 180
131 63 180
132 62 180
132 63 180
131 64 180
132 64 180
131 61 181
130 63 181
130 64 181
130 65 181
130 65 182
131 62 181
131 63 181
132 63 181
131 63 182
131 64 181
131 65 181
132 64 181
132 65 181
131 64 182
131 65 182
122 71 183
122 72 183
121 72 184
122 71 184
122 72 184
125 72 184
121 73 184
122 73 184
121 74 184
121 75 184
122 74 185
122 75 185
120 76 184
120 77 184
120 78 184
120 79 184
123 74 184
123 74 185
123 75 185
124 73 184
124 74 184
127 70 183
127 71 183
126 71 184
126 72 184
127 71 184
127 72 184
129 66 181
130 66 181
130 66 182
130 66 183
129 67 182
129 68 182
129 68 183
130 67 182
130 67 183
130 68 182
130 68 183
131 66 181
131 66 182
131 66 183
132 66 182
131 67 182
131 67 183
131 68 182
131 68 183
132 67 182
132 68 183
130 68 184
129 69 183
129 70 183
130 69 183
130 70 183
131 69 183
131 70 183
132 69 183
129 70 184
130 69 184
130 70 184
129 71 184
129 72 184
130 71 184
130 72 184
129 72 185
129 72 186
130 71 185
130 72 185
131 69 184
131 70 184
131 71 184
131 72 184
127 73 184
128 73 184
127 74 185
127 75 185
128 74 185
128 75 185
128 75 186
129 73 184
130 73 184
129 73 185
129 73 186
130 73 185
129 74 185
129 74 186
130 74 185
130 74 186
107 89 150
107 90 150
114 85 148
115 85 148
114 85 149
115 85 149
113 88 150
114 86 148
114 86 149
114 86 150
115 86 149
115 86 150
114 87 149
114 87 150
114 88 150
115 87 149
115 87 150
115 88 150
116 86 149
109 82 153
109 82 154
109 83 153
109 83 154
109 84 154
109 85 156
110 82 153
110 82 154
110 83 153
110 83 154
110 84 154
110 85 154
110 84 155
110 85 155
111 83 154
111 84 154
112 84 154
111 84 155
111 85 155
111 85 156
112 85 155
112 85 156
107 86 156
107 88 156
108 87 156
108 88 156
107 89 151
107 90 151
107 89 152
107 90 152
107 91 152
108 89 151
108 90 151
108 89 152
108 90 152
108 90 153
109 89 152
109 90 152
109 90 153
108 91 152
108 91 153
109 91 152
109 91 153
109 92 153
107 89 156
108 89 156
109 89 156
108 92 154
109 91 154
109 92 154
110 86 155
111 86 155
111 86 156
112 86 155
112 86 156
111 87 156
112 87 156
112 88 156
110 90 152
110 90 153
110 91 152
110 91 153
110 92 153
111 89 153
111 90 153
112 89 153
112 90 153
111 91 153
111 92 153
112 91 153
112 92 153
110 91 154
110 92 154
110 92 155
111 90 154
112 90 154
111 89 156
111 91 154
111 92 154
112 91 154
112 92 154
111 91 155
111 92 155
112 91 155
112 92 155
112 92 156
107 88 157
108 87 157
108 88 157
109 87 157
109 88 157
107 89 157
107 90 157
108 89 157
108 90 157
109 89 157
109 90 157
109 89 158
109 90 158
109 91 157
110 87 157
110 88 157
111 87 157
111 88 157
112 87 157
112 88 157
110 89 157
110 90 157
110 89 158
110 90 158
110 91 157
110 91 158
110 92 158
111 89 157
111 90 157
112 89 157
112 90 157
111 89 158
111 90 158
112 89 158
112 90 158
111 91 158
111 91 159
111 92 158
111 92 159
112 91 158
112 91 159
112 92 158
112 92 159
114 87 151
114 88 151
115 87 151
115 88 151
114 88 152
115 88 152
113 86 155
113 86 156
113 87 156
113 88 156
114 87 156
114 88 156
113 90 153
113 91 153
114 89 151
115 89 151
114 89 152
114 89 153
114 90 152
114 90 153
115 89 152
115 89 153
115 90 152
115 90 153
114 91 152
114 91 153
114 92 153
115 91 153
115 92 153
113 90 154
113 91 154
113 92 154
113 91 155
113 92 155
113 92 156
114 90 154
115 90 154
114 91 154
114 92 154
115 91 154
115 92 154
114 91 155
114 92 155
114 92 156
115 91 155
115 92 155
115 92 156
116 88 151
116 88 152
116 89 152
116 89 153
116 90 152
116 90 153
117 89 152
117 90 153
116 91 153
117 91 153
118 90 153
116 90 154
116 91 154
116 92 154
117 91 154
117 92 154
116 92 155
116 92 156
113 87 157
113 88 157
114 88 157
113 89 157
113 90 157
113 89 158
113 90 158
113 91 158
113 91 159
113 92 158
113 92 159
114 89 157
114 90 157
115 89 157
115 90 157
114 89 158
114 90 158
115 90 158
114 91 158
114 91 159
114 92 158
114 92 159
115 91 158
115 91 159
115 92 158
115 92 159
114 92 160
115 92 160
115 92 161
115 92 162
116 91 158
116 91 159
116 92 158
116 92 159
117 92 158
117 92 159
116 92 160
117 92 160
116 92 161
116 92 162
117 92 161
117 92 162
118 92 162
107 98 147
107 99 146
107 99 147
108 98 147
108 99 147
109 98 147
107 98 148
107 99 148
109 97 148
109 97 149
108 98 148
108 99 148
109 98 148
109 99 148
109 98 149
109 99 149
110 97 148
110 97 149
110 97 150
110 98 148
110 98 149
110 98 150
110 99 149
111 97 149
111 97 150
112 97 149
112 97 150
111 98 149
111 98 150
111 99 149
112 98 149
112 98 150
107 100 147
108 100 148
115 99 144
118 99 141
116 99 144
117 99 144
118 99 144
115 99 145
115 98 146
115 98 147
115 99 146
115 99 147
113 96 150
113 97 150
113 98 150
113 99 150
115 97 148
114 96 150
114 97 150
115 96 150
115 97 149
115 97 150
115 98 148
115 99 148
114 98 150
114 99 150
115 98 149
115 98 150
115 99 149
115 99 150
118 94 147
119 94 147
119 95 147
117 95 148
116 95 149
117 95 149
118 94 148
118 95 148
119 94 148
119 95 148
118 95 149
119 95 149
116 97 147
117 97 147
116 99 145
117 99 145
116 98 146
116 98 147
116 99 146
116 99 147
117 98 146
117 98 147
117 99 146
117 99 147
118 99 145
118 98 147
118 99 146
118 99 147
116 96 148
116 97 148
117 96 148
117 97 148
116 96 149
116 96 150
116 97 149
116 97 150
117 96 149
117 96 150
117 97 149
117 97 150
116 98 148
116 99 148
117 98 148
117 99 148
116 98 149
116 98 150
116 99 149
116 99 150
117 98 149
117 98 150
117 99 149
117 99 150
118 96 148
119 96 148
119 97 148
118 96 149
118 96 150
118 97 149
118 97 150
119 96 149
119 97 149
118 98 148
118 99 148
119 98 148
119 99 148
118 98 149
118 98 150
118 99 149
118 99 150
119 98 149
119 98 150
119 99 149
119 99 150
115 100 140
115 100 141
115 101 140
115 102 140
115 101 141
115 102 141
115 100 142
115 100 143
115 100 144
115 101 142
115 102 142
115 101 143
115 101 144
115 102 143
115 103 140
116 100 140
117 100 140
116 100 141
117 100 141
116 101 140
116 102 140
117 101 140
117 102 140
116 101 141
116 102 141
117 101 141
117 102 141
118 100 141
118 101 141
118 102 141
116 100 142
117 100 142
116 100 143
116 100 144
117 100 143
117 100 144
116 101 142
116 102 142
117 101 142
117 102 142
116 101 143
116 101 144
116 102 143
116 102 144
117 101 143
117 101 144
117 102 143
117 102 144
118 100 142
118 100 143
118 100 144
118 101 142
118 101 143
118 101 144
118 102 144
116 103 140
116 104 140
117 103 140
116 103 141
117 103 141
116 103 144
117 103 144
117 104 144
118 103 144
118 104 144
119 103 144
119 104 144
118 105 144
119 105 144
115 100 145
114 100 147
115 100 146
115 100 147
115 101 145
114 101 147
114 102 147
115 101 146
115 101 147
115 102 147
114 100 148
115 100 148
114 100 150
115 100 149
115 100 150
114 101 148
114 102 148
115 101 148
115 102 148
115 101 149
113 104 147
113 105 147
114 103 147
114 104 147
115 103 147
115 104 147
114 105 147
115 105 147
113 104 148
114 103 148
114 104 148
115 103 148
115 104 148
114 105 148
115 105 148
116 100 145
117 100 145
116 100 146
116 100 147
117 100 146
117 100 147
116 101 145
116 102 145
117 101 145
117 102 145
116 101 146
116 101 147
116 102 147
117 101 146
117 101 147
117 102 147
118 100 145
118 100 146
118 100 147
119 100 147
118 101 145
118 102 145
118 101 146
118 101 147
118 102 147
119 101 147
119 102 147
116 100 148
117 100 148
116 100 149
116 100 150
117 100 149
117 100 150
116 101 148
116 102 148
117 101 148
117 102 148
116 101 149
116 101 150
116 102 149
117 101 149
117 101 150
117 102 149
118 100 148
119 100 148
118 100 149
118 100 150
119 100 149
119 100 150
118 101 148
118 102 148
119 101 148
119 102 148
118 101 149
118 101 150
118 102 149
118 102 150
119 101 149
119 101 150
119 102 149
119 102 150
116 103 145
117 103 145
117 104 145
116 103 147
116 104 147
117 103 147
117 104 147
116 105 147
116 106 147
117 105 147
117 106 147
118 103 145
118 104 145
119 103 145
119 104 145
118 103 147
118 104 147
119 103 147
119 104 147
118 105 145
119 105 145
118 105 147
118 106 147
119 105 146
119 105 147
119 106 146
119 106 147
116 103 148
116 104 148
117 103 148
117 104 148
117 103 149
116 105 148
117 105 148
118 103 148
118 104 148
119 103 148
119 104 148
118 103 149
119 103 149
119 104 149
118 105 148
118 106 148
119 105 148
119 106 148
108 93 154
109 93 154
109 93 155
108 94 154
108 95 154
109 94 154
109 95 154
109 94 155
109 95 155
107 98 154
107 99 154
108 96 154
108 97 154
109 96 154
109 97 154
109 96 155
109 97 155
108 98 154
108 99 154
109 98 154
109 99 154
108 99 155
109 98 155
109 99 155
110 93 154
110 93 155
110 94 154
110 95 154
110 94 155
110 95 155
111 93 154
112 93 154
111 93 155
112 93 155
112 93 156
111 94 154
111 95 154
112 94 154
112 95 154
111 94 155
111 95 155
112 94 155
112 94 156
112 95 155
112 95 156
110 99 153
112 97 151
112 98 151
111 98 153
111 99 153
112 99 153
110 96 154
110 97 154
110 96 155
110 97 155
110 98 154
110 99 154
110 98 155
110 99 155
111 96 154
111 97 154
112 96 154
112 97 154
111 96 155
111 97 155
112 96 155
112 96 156
112 97 155
111 98 154
111 99 154
112 98 154
112 99 154
111 98 155
111 99 155
112 98 155
112 99 155
111 93 157
112 93 157
112 93 158
112 93 159
109 100 153
108 101 153
108 102 152
108 102 153
109 101 153
109 102 152
109 102 153
107 100 154
107 101 154
108 100 154
109 100 154
108 100 155
109 100 155
108 101 154
109 101 154
109 101 155
110 100 153
110 101 153
110 102 153
111 100 153
112 100 153
111 101 153
110 100 154
110 100 155
110 101 154
111 100 154
111 100 155
115 95 151
114 95 153
115 94 153
115 95 152
115 95 153
113 93 154
113 93 155
113 93 156
113 94 154
113 95 154
113 94 155
113 94 156
113 95 155
113 95 156
114 93 154
115 93 154
114 93 155
114 93 156
115 93 155
115 93 156
114 94 154
114 95 154
115 94 154
115 95 154
114 94 155
114 94 156
114 95 155
114 95 156
115 94 155
115 94 156
115 95 155
115 95 156
113 96 151
113 97 151
113 98 151
114 96 151
114 97 151
115 96 151
115 97 151
114 96 152
114 96 153
114 97 152
115 96 152
115 96 153
115 97 152
115 97 153
114 98 151
115 98 151
115 98 152
113 96 154
113 97 154
113 96 155
113 96 156
113 97 155
113 97 156
113 98 154
113 99 154
113 98 155
114 96 154
114 97 154
115 96 154
115 97 154
114 96 155
114 96 156
114 97 155
114 97 156
115 96 155
115 96 156
115 97 155
114 98 154
115 98 154
114 98 155
116 94 152
116 94 153
116 95 152
116 95 153
117 94 153
117 95 152
117 95 153
119 93 152
118 94 153
118 95 153
119 94 152
119 94 153
119 95 153
116 93 154
117 93 154
116 93 155
116 93 156
117 93 156
116 94 154
116 95 154
117 94 154
117 95 154
116 94 155
116 94 156
116 95 155
116 95 156
117 94 155
117 94 156
117 95 155
117 95 156
118 94 154
118 95 154
116 96 151
116 97 151
117 96 151
117 97 151
116 96 152
116 96 153
116 97 152
116 97 153
117 96 152
117 96 153
117 97 152
117 97 153
116 98 151
116 99 151
117 98 151
117 99 151
116 98 152
117 98 152
118 97 151
118 96 153
118 98 151
116 96 154
116 97 154
117 96 154
116 96 155
116 96 156
116 97 155
117 96 155
113 93 157
113 93 158
113 93 159
113 94 157
113 94 158
114 93 157
115 93 157
114 93 158
114 93 159
115 93 158
115 93 159
114 94 157
114 95 157
115 94 157
115 95 157
114 94 158
114 94 159
114 95 158
115 94 158
115 94 159
115 95 158
115 95 159
114 93 160
115 93 160
115 93 161
115 93 162
114 94 160
115 94 160
115 94 161
115 94 162
116 93 157
117 93 157
116 93 158
116 93 159
117 93 158
117 93 159
116 94 157
116 95 157
117 94 157
117 95 157
116 94 158
116 94 159
116 95 158
116 95 159
117 94 158
117 94 159
117 95 158
116 93 160
117 93 160
116 93 161
116 93 162
117 93 161
117 93 162
116 94 160
117 94 160
116 94 161
116 94 162
117 94 161
117 94 162
118 93 161
118 93 162
118 94 161
118 94 162
116 99 162
117 99 162
118 98 162
118 99 162
116 100 162
117 100 162
116 101 162
117 101 161
117 101 162
117 102 161
117 102 162
118 100 162
118 101 161
118 101 162
118 102 161
118 102 162
117 104 160
116 104 161
117 103 161
117 103 162
117 104 161
117 104 162
117 105 160
117 106 160
117 105 161
117 106 161
118 104 160
118 103 161
118 103 162
118 104 161
118 104 162
118 105 160
118 106 160
118 105 161
118 106 161
122 90 143
121 91 144
121 92 144
122 91 143
122 91 144
122 92 144
123 90 142
123 90 143
123 91 143
123 91 144
123 92 144
124 90 142
124 90 143
124 91 143
124 91 144
120 92 145
121 92 145
122 92 145
122 92 146
123 92 145
123 92 150
124 92 150
123 92 151
123 92 162
124 92 162
125 91 161
125 91 162
125 92 162
126 91 161
126 91 162
126 92 162
127 91 161
127 91 162
127 92 161
127 92 162
120 93 145
120 93 146
120 94 146
120 94 147
120 95 147
121 93 145
122 93 145
121 93 146
121 93 147
122 93 146
121 94 146
121 94 147
121 95 147
122 94 146
120 94 148
120 95 148
122 93 150
120 96 148
120 97 148
120 96 149
120 97 149
120 98 148
120 99 148
120 98 149
120 99 149
121 96 148
121 98 148
122 99 148
121 98 149
121 99 149
123 93 145
123 93 150
120 100 148
120 100 149
120 101 148
120 102 148
120 101 149
120 102 149
122 100 148
121 100 149
122 100 149
122 102 148
121 101 149
121 102 149
122 101 149
122 102 149
120 103 147
120 104 147
120 105 146
120 105 147
120 106 146
120 106 147
121 105 146
121 105 147
121 106 146
121 106 147
120 103 148
120 104 148
120 103 149
120 104 149
120 105 149
122 103 148
122 104 148
121 103 149
121 104 149
122 103 149
122 104 149
122 105 148
121 105 149
122 105 149
123 103 148
123 104 148
123 103 149
123 104 149
123 105 148
123 106 148
123 105 149
123 106 149
124 106 148
124 106 149
120 93 152
120 94 152
120 94 153
121 93 151
122 93 151
121 93 152
122 93 152
121 94 152
122 94 152
123 93 151
124 93 162
125 93 162
126 93 162
127 93 162
107 83 164
108 83 164
108 83 165
108 84 164
108 84 165
108 85 165
109 84 164
109 84 165
109 85 165
109 85 166
110 85 165
111 85 165
110 85 166
107 80 169
107 81 169
107 81 170
108 80 169
108 81 169
108 82 169
109 81 169
109 82 169
108 81 170
108 82 170
109 81 170
109 82 170
109 83 170
109 83 171
109 84 170
110 82 170
110 82 171
111 82 170
111 80 173
110 83 170
110 83 171
110 84 170
110 84 171
110 85 171
111 83 170
111 83 171
111 84 170
111 84 171
111 85 170
111 85 171
112 84 171
112 85 171
109 86 165
109 86 166
110 86 165
111 86 165
110 86 166
110 87 166
111 86 166
111 87 166
111 88 166
112 87 166
112 88 166
111 87 167
111 88 167
112 87 167
112 88 167
112 89 167
111 86 171
112 86 171
111 87 171
112 87 171
112 88 171
112 86 172
112 87 172
113 84 171
113 85 171
114 85 171
113 85 172
114 85 172
115 85 172
116 85 172
117 85 172
118 85 172
119 84 172
119 85 172
113 88 166
113 87 167
113 88 167
114 88 167
115 92 163
113 89 167
113 89 168
113 90 167
113 90 168
114 89 167
114 89 168
114 90 167
114 90 168
115 89 167
115 89 168
115 90 167
115 90 168
114 91 168
115 91 168
115 92 168
116 92 163
117 92 163
116 92 164
116 92 165
117 92 164
117 92 165
118 92 163
118 92 164
118 92 165
119 92 164
119 92 165
116 90 168
117 92 166
116 91 168
116 92 168
117 91 168
117 92 168
118 92 166
119 92 166
118 91 168
118 92 167
118 92 168
119 92 167
119 92 168
113 86 171
113 87 171
113 88 171
114 86 171
115 86 171
114 87 171
114 88 171
115 87 171
113 86 172
113 87 172
113 88 172
114 86 172
115 86 172
114 87 172
114 88 172
115 87 172
115 88 172
115 88 173
115 91 169
115 92 169
114 89 172
114 90 172
115 89 172
115 90 172
115 89 173
115 90 173
115 91 172
115 92 172
115 91 173
116 86 172
117 86 172
116 87 172
116 88 172
117 88 172
116 88 173
117 88 173
118 86 172
119 86 172
118 87 172
119 87 172
118 87 173
118 88 173
119 87 173
119 88 173
116 91 169
116 92 169
117 91 169
117 92 169
118 91 169
118 92 169
119 92 169
118 92 170
119 92 170
119 92 171
116 89 172
116 90 172
117 89 172
117 90 172
116 89 173
116 90 173
117 89 173
117 90 173
116 91 172
116 92 172
117 91 172
117 92 172
116 91 173
116 92 173
117 91 173
117 92 173
118 89 172
118 90 172
119 89 172
119 90 172
118 89 173
118 90 173
119 89 173
119 90 173
118 91 172
118 92 172
119 91 172
119 92 172
118 91 173
118 92 173
118 92 174
119 91 173
119 91 174
119 92 173
119 92 174
107 84 175
107 84 176
108 84 175
108 85 175
109 84 175
109 85 175
108 84 176
108 85 176
109 84 176
109 85 176
110 85 175
110 85 176
111 85 176
109 86 175
108 86 176
109 86 176
109 87 176
109 88 176
110 86 176
110 87 176
110 88 176
111 86 176
111 86 177
112 86 176
111 87 176
111 87 177
111 88 176
111 88 177
112 87 176
112 87 177
112 88 176
112 88 177
110 89 176
111 89 176
111 89 177
111 90 176
111 90 177
112 89 176
112 89 177
112 90 176
112 90 177
111 91 176
112 91 176
112 91 177
112 92 176
112 92 177
115 80 177
116 81 178
117 82 179
118 83 180
119 83 181
113 86 176
113 87 176
113 87 177
113 88 176
113 88 177
114 87 176
114 87 177
114 88 176
114 88 177
115 87 176
115 88 176
115 88 177
113 89 176
113 89 177
113 90 176
113 90 177
113 91 176
113 91 177
113 92 176
113 92 177
114 89 176
114 89 177
114 90 176
114 90 177
115 89 176
115 89 177
115 90 176
115 90 177
114 91 176
114 91 177
114 92 176
114 92 177
115 91 176
115 91 177
115 92 176
115 92 177
116 88 176
116 88 177
117 88 176
117 88 177
116 89 176
116 89 177
116 90 176
116 90 177
117 89 176
117 89 177
117 90 176
117 90 177
116 91 176
116 91 177
116 92 176
116 92 177
117 91 176
117 91 177
117 92 176
117 92 177
118 89 176
118 89 177
118 90 176
118 90 177
119 90 176
119 90 177
118 91 176
118 91 177
118 92 176
118 92 177
119 91 176
119 91 177
119 92 176
119 92 177
115 93 163
115 94 163
115 95 163
115 96 163
116 93 163
117 93 163
116 93 164
116 93 165
117 93 164
117 93 165
116 94 163
116 95 163
117 94 163
117 95 163
116 94 164
116 94 165
116 95 164
117 94 164
117 94 165
117 95 164
117 95 165
118 93 163
118 93 164
118 93 165
119 93 164
119 93 165
118 94 163
118 95 163
118 94 164
118 94 165
118 95 164
119 94 164
119 94 165
119 95 164
116 93 166
117 93 166
116 93 168
117 93 167
117 93 168
116 94 166
117 94 166
117 95 166
116 94 167
117 94 167
117 94 168
118 93 166
119 93 166
118 93 167
118 93 168
119 93 167
119 93 168
118 94 166
118 95 166
119 94 166
119 95 166
118 94 167
118 94 168
119 94 167
119 94 168
116 96 163
116 97 163
117 96 163
117 97 163
116 96 164
116 97 164
117 96 164
117 97 164
116 98 163
116 99 163
117 98 163
117 99 163
118 96 163
118 97 163
118 96 164
118 97 164
119 96 164
118 98 163
118 99 163
119 96 166
116 93 169
117 93 169
117 93 170
117 93 171
117 94 169
117 94 170
117 94 171
118 93 169
119 93 169
118 93 170
118 93 171
119 93 170
119 93 171
118 94 169
119 94 169
118 94 170
118 94 171
119 94 170
119 94 171
116 93 172
117 93 172
116 93 173
117 93 173
117 94 172
117 94 173
118 93 172
119 93 172
118 93 173
118 93 174
119 93 173
119 93 174
118 94 172
119 94 172
118 94 173
118 94 174
118 95 174
119 94 173
119 94 174
119 95 174
118 96 174
119 96 174
119 99 174
116 100 163
117 100 163
117 101 163
118 100 163
112 93 176
113 93 176
113 93 177
113 94 176
113 94 177
113 95 176
114 93 176
114 93 177
115 93 176
115 93 177
114 94 176
114 94 177
114 95 176
114 95 177
115 94 176
115 94 177
115 95 176
115 95 177
114 96 176
114 96 177
115 96 176
115 96 177
115 97 176
115 97 177
115 98 176
115 98 177
116 93 176
116 93 177
117 93 176
117 93 177
116 94 176
116 94 177
116 95 176
116 95 177
117 94 176
117 94 177
117 95 176
117 95 177
118 93 175
119 93 175
118 93 176
118 93 177
119 93 176
119 93 177
118 94 175
118 95 175
119 94 175
119 95 175
118 94 176
118 94 177
118 95 176
118 95 177
119 94 176
119 94 177
119 95 176
119 95 177
119 93 178
118 94 178
118 95 178
119 94 178
119 95 178
119 94 179
119 95 179
116 96 176
116 96 177
116 97 176
116 97 177
117 96 176
117 96 177
117 97 176
117 97 177
116 98 177
116 99 177
117 98 176
117 98 177
117 99 176
117 99 177
118 96 175
118 97 175
119 96 175
119 97 175
118 96 176
118 96 177
118 97 176
118 97 177
119 96 176
119 96 177
119 97 176
119 97 177
118 98 175
119 98 175
119 99 175
118 98 176
118 98 177
118 99 176
118 99 177
119 98 176
119 98 177
119 99 176
119 99 177
118 96 178
118 97 178
119 96 178
119 97 178
119 96 179
119 96 180
119 97 179
119 97 180
118 98 178
118 99 178
119 98 178
119 99 178
118 98 179
118 99 179
119 98 179
119 98 180
119 99 179
119 99 180
119 98 181
119 99 181
116 100 176
117 100 177
117 101 177
119 100 175
118 100 176
118 100 177
119 100 176
119 100 177
119 101 175
118 101 176
118 101 177
118 102 177
119 101 176
119 101 177
119 102 176
119 102 177
118 100 178
119 100 178
118 100 179
118 100 180
119 100 179
119 100 180
118 101 178
118 102 178
119 101 178
119 102 178
118 101 179
118 101 180
118 102 179
119 101 179
119 101 180
119 102 179
119 102 180
118 103 177
119 103 176
119 103 177
119 104 176
119 104 177
118 103 178
119 103 178
119 104 178
119 103 179
119 103 180
119 104 179
119 104 180
119 105 178
119 105 179
119 105 180
119 100 181
119 100 182
119 101 181
119 102 181
119 101 182
119 101 183
119 102 182
119 102 183
119 103 181
119 104 181
119 103 182
119 103 183
119 104 182
119 105 181
120 84 172
120 85 172
121 84 172
121 85 172
122 84 172
122 85 172
125 85 171
123 84 172
123 85 172
124 83 172
125 83 172
124 84 172
124 85 172
125 84 172
125 85 172
120 92 164
121 92 163
122 92 163
121 92 164
122 92 164
123 92 163
124 92 163
125 92 163
120 86 172
120 87 173
120 88 173
121 86 172
122 86 172
122 86 173
121 87 172
122 87 172
122 88 172
121 87 173
121 88 173
122 87 173
122 88 173
120 92 170
120 92 171
120 90 172
120 89 173
120 90 173
120 91 172
120 92 172
120 91 173
120 91 174
120 92 173
120 92 174
122 89 172
121 89 173
121 90 173
122 89 173
122 90 173
121 91 173
121 91 174
121 92 173
121 92 174
122 91 173
122 91 174
122 92 173
122 92 174
123 86 172
123 87 172
123 88 172
123 87 173
123 88 173
124 86 172
125 86 172
124 86 173
124 87 172
124 88 172
125 87 172
124 87 173
124 88 173
125 87 173
125 88 173
123 89 172
123 89 173
123 90 173
123 91 173
123 91 174
123 92 174
124 89 172
124 89 173
125 89 173
124 92 174
126 83 171
126 84 171
127 83 171
127 84 171
126 83 172
126 84 172
126 85 172
127 83 172
127 84 172
126 88 173
127 86 172
126 89 173
120 82 182
120 82 183
120 80 184
120 82 184
120 82 185
121 81 184
120 90 176
120 90 177
120 91 176
120 91 177
120 92 176
120 92 177
121 92 175
121 91 176
121 91 177
121 92 176
121 92 177
122 91 177
122 92 176
122 92 177
123 92 176
123 92 177
124 92 178
124 92 179
124 92 180
125 92 179
125 92 180
120 93 163
120 93 164
120 93 165
120 94 164
120 94 165
121 93 163
122 93 163
121 93 164
122 93 164
121 94 163
122 94 163
122 95 163
121 94 164
121 94 165
122 95 165
120 94 166
120 95 166
121 95 166
120 96 165
120 97 165
121 96 165
121 97 165
122 96 165
122 97 164
122 97 165
121 98 164
122 98 164
120 96 166
121 96 166
123 93 163
123 94 163
123 95 163
124 93 163
123 96 164
120 93 169
120 93 170
120 93 171
120 94 169
120 94 170
120 94 171
120 93 172
120 93 173
120 93 174
120 94 172
120 94 173
120 94 174
120 95 174
121 93 173
121 93 174
122 93 173
122 93 174
121 94 172
121 94 173
121 94 174
121 95 174
122 94 174
122 95 174
120 96 174
120 97 174
120 98 173
120 98 174
120 99 173
120 99 174
121 96 174
121 97 174
122 96 174
122 97 173
122 97 174
121 98 173
121 98 174
121 99 173
121 99 174
122 98 173
122 98 174
122 99 173
122 99 174
123 93 174
123 94 174
123 95 174
124 93 174
125 93 174
124 94 174
124 95 174
125 94 174
125 95 174
123 96 174
123 97 174
123 98 173
123 98 174
123 99 173
123 99 174
124 96 174
124 97 174
125 96 174
125 97 174
124 98 173
124 98 174
124 99 173
124 99 174
125 98 173
125 98 174
125 99 173
125 99 174
120 100 174
120 101 174
121 100 173
121 100 174
122 100 173
122 100 174
121 101 174
122 101 174
122 102 174
123 100 173
123 100 174
123 101 174
123 102 174
124 100 173
124 100 174
125 100 173
125 100 174
124 101 174
124 102 174
125 101 174
125 102 174
126 94 174
126 95 174
127 95 174
126 96 174
126 97 174
126 98 173
126 98 174
126 99 173
126 99 174
127 96 174
127 97 174
128 97 174
127 98 173
127 98 174
127 99 173
127 99 174
128 98 174
128 99 174
126 100 173
126 100 174
126 101 174
126 102 174
127 100 173
127 100 174
128 100 174
127 101 174
127 102 174
128 101 174
129 101 174
120 93 175
120 93 176
120 93 177
120 94 175
120 95 175
120 94 176
120 94 177
120 95 176
120 95 177
121 93 175
122 93 175
121 93 176
121 93 177
122 93 176
122 93 177
121 94 175
121 95 175
122 94 175
122 95 175
121 94 176
121 94 177
121 95 176
121 95 177
122 94 176
122 94 177
122 95 176
122 95 177
120 93 178
120 93 179
120 94 178
120 95 178
120 94 179
120 94 180
120 95 179
120 95 180
121 93 178
122 93 178
121 93 179
121 93 180
122 93 179
122 93 180
121 94 178
121 95 178
122 94 178
122 95 178
121 94 179
121 94 180
121 95 179
121 95 180
122 94 179
122 94 180
122 95 179
122 95 180
120 96 175
120 97 175
120 96 176
120 96 177
120 97 176
120 97 177
120 98 175
120 99 175
120 98 176
120 98 177
120 99 176
120 99 177
121 96 175
121 97 175
122 96 175
122 97 175
121 96 176
121 96 177
121 97 176
121 97 177
122 96 176
122 96 177
122 97 176
122 97 177
121 98 175
121 99 175
122 98 175
122 99 175
121 98 176
121 98 177
121 99 176
121 99 177
122 98 176
122 98 177
122 99 176
122 99 177
120 96 178
120 97 178
120 96 179
120 96 180
120 97 179
120 97 180
120 98 178
120 99 178
120 98 179
120 98 180
120 99 179
120 99 180
121 96 178
121 97 178
122 96 178
122 97 178
121 96 179
121 96 180
121 97 179
121 97 180
122 96 179
122 96 180
122 97 179
122 97 180
121 98 178
121 99 178
122 98 178
122 99 178
121 98 179
121 98 180
121 99 179
121 99 180
122 98 179
122 98 180
122 99 179
122 99 180
123 93 175
123 93 176
123 93 177
123 94 175
123 95 175
123 94 176
123 94 177
123 95 176
123 95 177
124 93 176
124 93 177
125 93 177
124 94 175
124 95 175
125 95 175
124 94 176
124 94 177
124 95 176
124 95 177
125 94 176
125 94 177
125 95 176
125 95 177
123 93 178
123 93 179
123 93 180
123 94 178
123 95 178
123 94 179
123 94 180
123 95 179
123 95 180
124 93 178
125 93 178
124 93 179
124 93 180
125 93 179
125 93 180
124 94 178
124 95 178
125 94 178
125 95 178
124 94 179
124 94 180
124 95 179
124 95 180
125 94 179
125 94 180
125 95 179
125 95 180
123 96 175
123 97 175
123 96 176
123 96 177
123 97 176
123 97 177
123 98 175
123 99 175
123 98 176
123 98 177
123 99 176
123 99 177
124 96 175
124 97 175
125 96 175
125 97 175
124 96 176
124 96 177
124 97 176
124 97 177
125 96 176
125 96 177
125 97 176
125 97 177
124 98 175
124 99 175
125 98 175
125 99 175
124 98 176
124 98 177
124 99 176
124 99 177
125 98 176
125 98 177
125 99 176
125 99 177
123 96 178
123 96 179
123 96 180
123 97 178
123 97 179
123 97 180
123 98 178
123 98 179
123 98 180
123 99 178
123 99 179
123 99 180
124 96 178
124 96 179
124 96 180
124 97 178
124 97 179
124 97 180
124 98 178
124 98 179
124 98 180
124 99 178
124 99 179
124 99 180
125 96 178
125 96 179
125 96 180
125 97 178
125 97 179
125 97 180
125 98 178
125 98 179
125 98 180
125 99 178
125 99 179
125 99 180
120 95 181
122 93 181
122 93 182
121 94 181
121 95 181
122 94 181
122 95 181
121 94 182
121 95 182
121 95 183
122 94 182
122 94 183
122 95 182
122 95 183
121 95 184
122 94 184
122 95 184
121 95 185
122 95 185
122 95 186
120 96 181
120 97 181
120 96 182
120 97 182
120 97 183
120 98 181
120 99 181
120 98 182
120 98 183
120 99 182
120 99 183
121 96 181
121 97 181
122 96 181
122 97 181
121 96 182
121 96 183
121 97 182
121 97 183
122 96 182
122 96 183
122 97 182
122 97 183
121 98 181
121 99 181
122 98 181
122 99 181
121 98 182
121 98 183
121 99 182
121 99 183
122 98 182
122 98 183
122 99 182
122 99 183
120 98 184
120 99 184
121 96 184
121 97 184
122 96 184
122 97 184
121 96 185
121 97 185
121 97 186
122 96 185
122 96 186
122 97 185
122 97 186
121 98 184
121 99 184
122 98 184
122 99 184
121 98 185
121 98 186
121 99 185
121 99 186
122 98 185
122 98 186
122 99 185
122 99 186
123 93 181
123 93 182
123 93 183
123 94 181
123 95 181
123 94 182
123 94 183
123 95 182
123 95 183
124 93 181
125 93 181
124 93 182
124 93 183
125 93 182
125 93 183
124 94 181
124 95 181
125 94 181
125 95 181
124 94 182
124 94 183
124 95 182
124 95 183
125 94 182
125 94 183
125 95 182
125 95 183
123 94 184
123 95 184
123 94 185
123 95 185
123 95 186
124 94 184
124 95 184
125 94 184
125 95 184
124 94 185
124 95 185
124 95 186
125 94 185
125 95 185
125 95 186
123 96 181
123 97 181
123 96 182
123 96 183
123 97 182
123 97 183
123 98 181
123 99 181
123 98 182
123 98 183
123 99 182
123 99 183
124 96 181
124 97 181
125 96 181
125 97 181
124 96 182
124 96 183
124 97 182
124 97 183
125 96 182
125 96 183
125 97 182
125 97 183
124 98 181
124 99 181
125 98 181
125 99 181
124 98 182
124 98 183
124 99 182
124 99 183
125 98 182
125 98 183
125 99 182
125 99 183
123 96 184
123 97 184
123 96 185
123 96 186
123 97 185
123 97 186
123 98 184
123 99 184
123 98 185
123 98 186
123 99 185
123 99 186
124 96 184
124 97 184
125 96 184
125 97 184
124 96 185
124 96 186
124 97 185
124 97 186
125 96 185
125 96 186
125 97 185
125 97 186
124 98 184
124 99 184
125 98 184
125 99 184
124 98 185
124 98 186
124 99 185
124 99 186
125 98 185
125 98 186
125 99 185
125 99 186
120 100 175
120 100 176
120 100 177
120 101 175
120 102 175
120 101 176
120 101 177
120 102 176
120 102 177
121 100 175
122 100 175
121 100 176
121 100 177
122 100 176
122 100 177
121 101 175
121 102 175
122 101 175
122 102 175
121 101 176
121 101 177
121 102 176
121 102 177
122 101 176
122 101 177
122 102 176
122 102 177
120 100 178
120 100 179
120 100 180
120 101 178
120 101 179
120 101 180
120 102 178
120 102 179
120 102 180
121 100 178
121 100 179
121 100 180
121 101 178
121 101 179
121 101 180
121 102 178
121 102 179
121 102 180
122 100 178
122 100 179
122 100 180
122 101 178
122 101 179
122 101 180
122 102 178
122 102 179
122 102 180
120 103 175
120 103 176
120 103 177
120 104 176
120 104 177
120 105 177
121 103 175
122 103 175
121 103 176
121 103 177
121 104 176
121 104 177
122 103 176
122 103 177
122 104 176
122 104 177
121 105 177
121 106 177
122 105 177
120 103 178
120 104 178
120 103 179
120 103 180
120 104 179
120 104 180
120 105 178
120 106 178
120 105 179
120 105 180
120 106 179
120 106 180
121 103 178
121 104 178
122 103 178
122 104 178
121 103 179
121 103 180
121 104 179
121 104 180
122 103 179
122 103 180
122 104 179
122 104 180
121 105 178
121 106 178
122 105 178
122 106 178
121 105 179
121 105 180
121 106 179
121 106 180
122 105 179
122 105 180
122 106 179
122 106 180
123 100 175
123 100 176
123 100 177
123 101 175
123 102 175
123 101 176
123 101 177
123 102 176
123 102 177
124 100 175
125 100 175
124 100 176
124 100 177
125 100 176
125 100 177
124 101 175
124 102 175
125 101 175
125 102 175
124 101 176
124 101 177
124 102 176
124 102 177
125 101 176
125 101 177
125 102 176
125 102 177
123 100 178
123 100 179
123 100 180
123 101 178
123 101 179
123 101 180
123 102 178
123 102 179
123 102 180
124 100 178
124 100 179
124 100 180
124 101 178
124 101 179
124 101 180
124 102 178
124 102 179
124 102 180
125 100 178
125 100 179
125 100 180
125 101 178
125 101 179
125 101 180
125 102 178
125 102 179
125 102 180
123 103 175
123 103 176
123 103 177
123 104 176
123 104 177
123 105 177
124 103 175
124 104 175
125 103 175
125 104 175
124 103 176
124 103 177
124 104 176
124 104 177
125 103 176
125 103 177
125 104 176
125 104 177
124 105 177
125 105 177
123 103 178
123 104 178
123 103 179
123 103 180
123 104 179
123 104 180
123 105 178
123 106 178
123 105 179
123 105 180
123 106 179
123 106 180
124 103 178
124 104 178
125 103 178
125 104 178
124 103 179
124 103 180
124 104 179
124 104 180
125 103 179
125 103 180
125 104 179
125 104 180
124 105 178
124 106 178
125 105 178
125 106 178
124 105 179
124 105 180
124 106 179
124 106 180
125 105 179
125 105 180
125 106 179
125 106 180
120 100 181
120 100 182
120 100 183
120 101 181
120 102 181
120 101 182
120 101 183
120 102 182
120 102 183
121 100 181
122 100 181
121 100 182
121 100 183
122 100 182
122 100 183
121 101 181
121 102 181
122 101 181
122 102 181
121 101 182
121 101 183
121 102 182
121 102 183
122 101 182
122 101 183
122 102 182
122 102 183
120 100 184
120 100 185
120 101 184
120 102 184
120 101 185
120 101 186
120 102 185
120 102 186
121 100 184
122 100 184
121 100 185
121 100 186
122 100 185
122 100 186
121 101 184
121 102 184
122 101 184
122 102 184
121 101 185
121 101 186
121 102 185
121 102 186
122 101 185
122 101 186
122 102 185
122 102 186
120 103 181
120 104 181
120 103 182
120 103 183
120 104 182
120 104 183
120 105 181
120 106 181
120 105 182
120 105 183
120 106 182
120 106 183
121 103 181
121 104 181
122 103 181
122 104 181
121 103 182
121 103 183
121 104 182
121 104 183
122 103 182
122 103 183
122 104 182
122 104 183
121 105 181
121 106 181
122 105 181
122 106 181
121 105 182
121 105 183
121 106 182
121 106 183
122 105 182
122 105 183
122 106 182
122 106 183
120 103 184
120 104 184
120 103 185
120 103 186
120 104 185
120 104 186
120 105 184
120 106 184
120 105 185
120 105 186
120 106 185
121 103 184
121 104 184
122 103 184
122 104 184
121 103 185
121 103 186
121 104 185
121 104 186
122 103 185
122 103 186
122 104 185
122 104 186
121 105 184
121 106 184
122 105 184
122 106 184
121 105 185
121 105 186
121 106 185
121 106 186
122 105 185
122 105 186
122 106 185
122 106 186
123 100 181
123 100 182
123 100 183
123 101 181
123 102 181
123 101 182
123 101 183
123 102 182
123 102 183
124 100 181
125 100 181
124 100 182
124 100 183
125 100 182
125 100 183
124 101 181
124 102 181
125 101 181
125 102 181
124 101 182
124 101 183
124 102 182
124 102 183
125 101 182
125 101 183
125 102 182
125 102 183
123 100 184
123 100 185
123 100 186
123 101 184
123 102 184
123 101 185
123 101 186
123 102 185
123 102 186
124 100 184
125 100 184
124 100 185
124 100 186
125 100 185
125 100 186
124 101 184
124 102 184
125 101 184
125 102 184
124 101 185
124 101 186
124 102 185
124 102 186
125 101 185
125 101 186
125 102 185
125 102 186
123 103 181
123 104 181
123 103 182
123 103 183
123 104 182
123 104 183
123 105 181
123 106 181
123 105 182
123 105 183
123 106 182
123 106 183
124 103 181
124 104 181
125 103 181
125 104 181
124 103 182
124 103 183
124 104 182
124 104 183
125 103 182
125 103 183
125 104 182
125 104 183
124 105 181
124 106 181
125 105 181
125 106 181
124 105 182
124 105 183
124 106 182
124 106 183
125 105 182
125 105 183
125 106 182
125 106 183
123 103 184
123 104 184
123 103 185
123 103 186
123 104 185
123 104 186
123 105 184
123 106 184
123 105 185
123 105 186
123 106 185
123 106 186
124 103 184
124 104 184
125 103 184
125 104 184
124 103 185
124 103 186
124 104 185
124 104 186
125 103 185
125 103 186
125 104 185
125 104 186
124 105 184
124 106 184
125 105 184
125 106 184
124 105 185
124 105 186
124 106 185
124 106 186
125 105 185
125 105 186
125 106 185
125 106 186
126 94 176
126 94 177
126 95 176
126 95 177
127 95 176
127 95 177
128 95 177
126 93 178
126 93 179
126 93 180
126 94 178
126 95 178
126 94 179
126 94 180
126 95 179
126 95 180
127 93 180
127 94 178
127 95 178
128 95 178
127 94 179
127 94 180
127 95 179
127 95 180
128 94 179
128 94 180
128 95 179
128 95 180
126 96 175
126 97 175
126 96 176
126 96 177
126 97 176
126 97 177
126 98 175
126 99 175
126 98 176
126 98 177
126 99 176
126 99 177
127 96 175
127 97 175
128 97 175
127 96 176
127 96 177
127 97 176
127 97 177
128 96 176
128 96 177
128 97 176
128 97 177
127 98 175
127 99 175
128 98 175
128 99 175
127 98 176
127 98 177
127 99 176
127 99 177
128 98 176
128 98 177
128 99 176
128 99 177
126 96 178
126 97 178
126 96 179
126 96 180
126 97 179
126 97 180
126 98 178
126 99 178
126 98 179
126 98 180
126 99 179
126 99 180
127 96 178
127 97 178
128 96 178
128 97 178
127 96 179
127 96 180
127 97 179
127 97 180
128 96 179
128 96 180
128 97 179
128 97 180
127 98 178
127 99 178
128 98 178
128 99 178
127 98 179
127 98 180
127 99 179
127 99 180
128 98 179
128 98 180
128 99 179
128 99 180
129 95 178
129 95 179
129 95 180
130 95 180
129 96 177
129 97 176
129 97 177
130 97 177
129 98 175
129 99 175
129 98 176
129 98 177
129 99 176
129 99 177
130 98 176
130 98 177
130 99 176
130 99 177
131 98 177
131 99 177
129 96 178
129 97 178
130 96 178
130 97 178
129 96 179
129 96 180
129 97 179
129 97 180
130 96 179
130 96 180
130 97 179
130 97 180
129 98 178
129 99 178
130 98 178
130 99 178
129 98 179
129 98 180
129 99 179
129 99 180
130 98 179
130 98 180
130 99 179
130 99 180
131 97 178
131 96 179
131 96 180
131 97 179
131 97 180
132 97 179
132 97 180
131 98 178
131 99 178
132 98 178
132 99 178
131 98 179
131 98 180
131 99 179
131 99 180
132 98 179
132 98 180
132 99 179
132 99 180
126 93 181
126 93 182
126 93 183
126 94 181
126 95 181
126 94 182
126 94 183
126 95 182
126 95 183
127 93 181
127 93 182
127 93 183
127 94 181
127 95 181
128 94 181
128 95 181
127 94 182
127 94 183
127 95 182
127 95 183
128 94 182
128 94 183
128 95 182
128 95 183
126 94 184
126 95 184
126 94 185
126 95 185
126 95 186
127 93 184
127 94 184
127 95 184
128 94 184
128 95 184
127 94 185
127 94 186
127 95 185
127 95 186
128 94 185
128 94 186
128 95 185
128 95 186
126 96 181
126 97 181
126 96 182
126 96 183
126 97 182
126 97 183
126 98 181
126 99 181
126 98 182
126 98 183
126 99 182
126 99 183
127 96 181
127 97 181
128 96 181
128 97 181
127 96 182
127 96 183
127 97 182
127 97 183
128 96 182
128 96 183
128 97 182
128 97 183
127 98 181
127 99 181
128 98 181
128 99 181
127 98 182
127 98 183
127 99 182
127 99 183
128 98 182
128 98 183
128 99 182
128 99 183
126 96 184
126 97 184
126 96 185
126 96 186
126 97 185
126 97 186
126 98 184
126 99 184
126 98 185
126 98 186
126 99 185
126 99 186
127 96 184
127 97 184
128 96 184
128 97 184
127 96 185
127 96 186
127 97 185
127 97 186
128 96 185
128 96 186
128 97 185
128 97 186
127 98 184
127 99 184
128 98 184
128 99 184
127 98 185
127 98 186
127 99 185
127 99 186
128 98 185
128 98 186
128 99 185
128 99 186
129 94 181
129 95 181
130 95 181
129 94 182
129 94 183
129 95 182
129 95 183
130 95 182
130 95 183
131 95 182
131 95 183
129 94 184
129 95 184
130 95 184
129 94 185
129 95 185
129 95 186
130 95 185
130 95 186
129 96 181
129 97 181
130 96 181
130 97 181
129 96 182
129 96 183
129 97 182
129 97 183
130 96 182
130 96 183
130 97 182
130 97 183
129 98 181
129 99 181
130 98 181
130 99 181
129 98 182
129 98 183
129 99 182
129 99 183
130 98 182
130 98 183
130 99 182
130 99 183
131 96 181
131 97 181
132 96 181
132 97 181
131 96 182
131 96 183
131 97 182
131 97 183
132 96 182
132 96 183
132 97 182
132 97 183
131 98 181
131 99 181
132 98 181
132 99 181
131 98 182
131 98 183
131 99 182
131 99 183
132 98 182
132 98 183
132 99 182
132 99 183
129 96 184
129 97 184
130 96 184
130 97 184
129 96 185
129 96 186
129 97 185
129 97 186
130 96 185
130 96 186
130 97 185
130 97 186
129 98 184
129 99 184
130 98 184
130 99 184
129 98 185
129 98 186
129 99 185
129 99 186
130 98 185
130 98 186
130 99 185
130 99 186
131 96 184
131 97 184
132 96 184
132 97 184
131 96 185
131 96 186
131 97 185
131 97 186
132 96 185
132 97 185
132 97 186
131 98 184
131 99 184
132 98 184
132 99 184
131 98 185
131 98 186
131 99 185
131 99 186
132 98 185
132 98 186
132 99 185
132 99 186
126 100 175
126 100 176
126 100 177
126 101 175
126 102 175
126 101 176
126 101 177
126 102 176
126 102 177
127 100 175
128 100 175
127 100 176
127 100 177
128 100 176
128 100 177
127 101 175
127 102 175
128 101 175
128 102 175
127 101 176
127 101 177
127 102 176
127 102 177
128 101 176
128 101 177
128 102 176
128 102 177
126 100 178
126 100 179
126 100 180
126 101 178
126 101 179
126 101 180
126 102 178
126 102 179
126 102 180
127 100 178
127 100 179
127 100 180
127 101 178
127 101 179
127 101 180
127 102 178
127 102 179
127 102 180
128 100 178
128 100 179
128 100 180
128 101 178
128 101 179
128 101 180
128 102 178
128 102 179
128 102 180
126 103 175
126 104 175
126 103 176
126 103 177
126 104 176
126 104 177
126 105 177
127 103 175
128 103 175
127 103 176
127 103 177
127 104 176
127 104 177
128 103 176
128 103 177
128 104 176
128 104 177
127 105 177
128 105 177
126 103 178
126 104 178
126 103 179
126 103 180
126 104 179
126 104 180
126 105 178
126 106 178
126 105 179
126 105 180
126 106 179
126 106 180
127 103 178
127 104 178
128 103 178
128 104 178
127 103 179
127 103 180
127 104 179
127 104 180
128 103 179
128 103 180
128 104 179
128 104 180
127 105 178
127 106 178
128 105 178
128 106 178
127 105 179
127 105 180
127 106 179
127 106 180
128 105 179
128 105 180
128 106 179
128 106 180
129 100 175
130 100 175
129 100 176
129 100 177
130 100 176
130 100 177
129 101 175
129 102 175
130 101 175
130 102 175
129 101 176
129 101 177
129 102 176
129 102 177
130 101 176
130 101 177
130 102 176
130 102 177
131 100 176
131 100 177
132 100 177
131 102 175
131 101 176
131 101 177
131 102 176
131 102 177
132 101 176
132 101 177
132 102 176
132 102 177
129 100 178
130 100 178
129 100 179
129 100 180
130 100 179
130 100 180
129 101 178
129 102 178
130 101 178
130 102 178
129 101 179
129 101 180
129 102 179
129 102 180
130 101 179
130 101 180
130 102 179
130 102 180
131 100 178
132 100 178
131 100 179
131 100 180
132 100 179
132 100 180
131 101 178
131 102 178
132 101 178
132 102 178
131 101 179
131 101 180
131 102 179
131 102 180
132 101 179
132 101 180
132 102 179
132 102 180
129 103 175
130 103 175
129 103 176
129 103 177
129 104 176
129 104 177
130 103 176
130 103 177
130 104 176
130 104 177
129 105 177
130 105 177
131 103 176
131 103 177
131 104 176
131 104 177
132 103 176
132 103 177
132 104 177
131 105 177
132 105 177
129 103 178
129 104 178
130 103 178
130 104 178
129 103 179
129 103 180
129 104 179
129 104 180
130 103 179
130 103 180
130 104 179
130 104 180
129 105 178
129 106 178
130 105 178
130 106 178
129 105 179
129 105 180
129 106 179
129 106 180
130 105 179
130 105 180
130 106 179
130 106 180
131 103 178
131 104 178
132 103 178
132 104 178
131 103 179
131 103 180
131 104 179
131 104 180
132 103 179
132 103 180
132 104 179
132 104 180
131 105 178
131 106 178
132 105 178
132 106 178
131 105 179
131 105 180
131 106 179
131 106 180
132 105 179
132 105 180
132 106 179
132 106 180
126 100 181
126 100 182
126 100 183
126 101 181
126 102 181
126 101 182
126 101 183
126 102 182
126 102 183
127 100 181
128 100 181
127 100 182
127 100 183
128 100 182
128 100 183
127 101 181
127 102 181
128 101 181
128 102 181
127 101 182
127 101 183
127 102 182
127 102 183
128 101 182
128 101 183
128 102 182
128 102 183
126 100 184
126 100 185
126 100 186
126 101 184
126 102 184
126 101 185
126 101 186
126 102 185
126 102 186
127 100 184
128 100 184
127 100 185
127 100 186
128 100 185
128 100 186
127 101 184
127 102 184
128 101 184
128 102 184
127 101 185
127 101 186
127 102 185
127 102 186
128 101 185
128 101 186
128 102 185
128 102 186
126 103 181
126 104 181
126 103 182
126 103 183
126 104 182
126 104 183
126 105 181
126 106 181
126 105 182
126 105 183
126 106 182
126 106 183
127 103 181
127 104 181
128 103 181
128 104 181
127 103 182
127 103 183
127 104 182
127 104 183
128 103 182
128 103 183
128 104 182
128 104 183
127 105 181
127 106 181
128 105 181
128 106 181
127 105 182
127 105 183
127 106 182
127 106 183
128 105 182
128 105 183
128 106 182
128 106 183
126 103 184
126 104 184
126 103 185
126 103 186
126 104 185
126 104 186
126 105 184
126 106 184
126 105 185
126 105 186
126 106 185
126 106 186
127 103 184
127 104 184
128 103 184
128 104 184
127 103 185
127 103 186
127 104 185
127 104 186
128 103 185
128 103 186
128 104 185
128 104 186
127 105 184
127 106 184
128 105 184
128 106 184
127 105 185
127 105 186
127 106 185
127 106 186
128 105 185
128 105 186
128 106 185
128 106 186
129 100 181
130 100 181
129 100 182
129 100 183
130 100 182
130 100 183
129 101 181
129 102 181
130 101 181
130 102 181
129 101 182
129 101 183
129 102 182
129 102 183
130 101 182
130 101 183
130 102 182
130 102 183
131 100 181
132 100 181
131 100 182
131 100 183
132 100 182
132 100 183
131 101 181
131 102 181
132 101 181
132 102 181
131 101 182
131 101 183
131 102 182
131 102 183
132 101 182
132 101 183
132 102 182
132 102 183
129 100 184
130 100 184
129 100 185
129 100 186
130 100 185
130 100 186
129 101 184
129 102 184
130 101 184
130 102 184
129 101 185
129 101 186
129 102 185
129 102 186
130 101 185
130 101 186
130 102 185
130 102 186
131 100 184
132 100 184
131 100 185
131 100 186
132 100 185
132 100 186
131 101 184
131 102 184
132 101 184
132 102 184
131 101 185
131 101 186
131 102 185
131 102 186
132 101 185
132 101 186
132 102 185
132 102 186
129 103 181
129 104 181
130 103 181
130 104 181
129 103 182
129 103 183
129 104 182
129 104 183
130 103 182
130 103 183
130 104 182
130 104 183
129 105 181
129 106 181
130 105 181
130 106 181
129 105 182
129 105 183
129 106 182
129 106 183
130 105 182
130 105 183
130 106 182
130 106 183
131 103 181
131 104 181
132 103 181
132 104 181
131 103 182
131 103 183
131 104 182
131 104 183
132 103 182
132 103 183
132 104 182
132 104 183
131 105 181
131 106 181
132 105 181
132 106 181
131 105 182
131 105 183
131 106 182
131 106 183
132 105 182
132 105 183
132 106 182
132 106 183
129 103 184
129 104 184
130 103 184
130 104 184
129 103 185
129 103 186
129 104 185
129 104 186
130 103 185
130 103 186
130 104 185
130 104 186
129 105 184
129 106 184
130 105 184
130 106 184
129 105 185
129 105 186
129 106 185
129 106 186
130 105 185
130 105 186
130 106 185
130 106 186
131 103 184
131 104 184
132 103 184
132 104 184
131 103 185
131 103 186
131 104 185
131 104 186
132 103 185
132 103 186
132 104 185
132 104 186
131 105 184
131 106 184
132 105 184
132 106 184
131 105 185
131 105 186
131 106 185
131 106 186
132 105 185
132 105 186
132 106 185
132 106 186
133 53 174
133 54 174
134 53 174
134 54 174
133 53 175
133 54 175
133 55 175
133 54 176
133 55 176
133 56 176
133 56 177
133 57 176
133 57 177
133 58 177
133 59 178
133 60 178
133 97 180
133 99 178
133 98 179
133 98 180
133 99 179
133 99 180
134 98 180
134 99 180
133 97 181
133 97 182
133 97 183
133 98 181
133 99 181
133 98 182
133 98 183
133 99 182
133 99 183
134 98 181
134 99 181
135 99 181
134 98 182
134 98 183
134 99 182
134 99 183
135 99 182
135 99 183
133 97 184
133 97 185
133 97 186
133 98 184
133 99 184
133 98 185
133 98 186
133 99 185
133 99 186
134 98 184
134 99 184
135 99 184
134 98 185
134 98 186
134 99 185
134 99 186
135 99 185
135 99 186
133 101 177
133 102 177
133 100 178
133 100 179
133 100 180
133 101 178
133 102 178
133 101 179
133 101 180
133 102 179
133 102 180
134 100 179
134 100 180
135 100 180
134 101 178
134 102 178
134 101 179
134 101 180
134 102 179
134 102 180
135 101 180
135 102 179
135 102 180
133 103 177
133 104 177
133 103 178
133 104 178
133 103 179
133 103 180
133 104 179
133 104 180
133 105 178
133 105 179
133 105 180
133 106 179
133 106 180
134 103 178
134 104 178
134 103 179
134 103 180
134 104 179
134 104 180
135 103 179
135 103 180
135 104 179
135 104 180
134 105 179
134 105 180
134 106 179
134 106 180
135 105 180
133 100 181
133 100 182
133 100 183
133 101 181
133 102 181
133 101 182
133 101 183
133 102 182
133 102 183
134 100 181
135 100 181
134 100 182
134 100 183
135 100 182
135 100 183
134 101 181
134 102 181
135 101 181
135 102 181
134 101 182
134 101 183
134 102 182
134 102 183
135 101 182
135 101 183
135 102 182
135 102 183
133 100 184
133 100 185
133 100 186
133 101 184
133 102 184
133 101 185
133 101 186
133 102 185
133 102 186
134 100 184
135 100 184
134 100 185
134 100 186
135 100 185
135 100 186
134 101 184
134 102 184
135 101 184
135 102 184
134 101 185
134 101 186
134 102 185
134 102 186
135 101 185
135 101 186
135 102 185
135 102 186
133 103 181
133 104 181
133 103 182
133 103 183
133 104 182
133 104 183
133 105 181
133 106 181
133 105 182
133 105 183
133 106 182
133 106 183
134 103 181
134 104 181
135 103 181
135 104 181
134 103 182
134 103 183
134 104 182
134 104 183
135 103 182
135 103 183
135 104 182
135 104 183
134 105 181
134 106 181
135 105 181
135 106 181
134 105 182
134 105 183
134 106 182
134 106 183
135 105 182
135 105 183
135 106 182
135 106 183
133 103 184
133 104 184
133 103 185
133 103 186
133 104 185
133 104 186
133 105 184
133 106 184
133 105 185
133 105 186
133 106 185
133 106 186
134 103 184
134 104 184
135 103 184
135 104 184
134 103 185
134 103 186
134 104 185
134 104 186
135 103 185
135 103 186
135 104 185
135 104 186
134 105 184
134 106 184
135 105 184
135 106 184
134 105 185
134 105 186
134 106 185
134 106 186
135 105 185
135 105 186
135 106 185
135 106 186
136 101 183
136 102 182
136 102 183
136 101 184
136 102 184
136 102 185
136 103 181
136 103 182
136 103 183
136 104 182
136 104 183
136 105 182
136 105 183
136 106 183
136 103 184
136 104 184
136 103 185
136 103 186
136 104 185
136 104 186
136 105 184
136 106 184
136 105 185
136 105 186
136 106 185
141 105 184
141 106 184
140 105 185
140 106 185
140 106 186
141 106 185
107 107 74
107 107 75
107 107 76
107 107 77
107 108 75
107 108 76
107 108 77
107 107 78
107 107 79
107 107 80
107 108 78
107 108 79
107 108 80
108 107 79
108 107 80
108 108 79
108 108 80
107 107 81
107 107 82
107 107 83
107 108 81
107 108 82
107 108 83
108 107 81
108 107 82
108 107 83
109 107 83
108 108 81
108 108 82
108 108 83
107 107 84
107 107 85
107 107 86
107 108 84
107 108 85
107 108 86
108 107 84
109 107 84
108 107 85
108 107 86
109 107 85
109 107 86
108 108 84
108 108 85
108 108 86
107 107 87
107 107 88
107 107 89
107 108 87
108 107 87
109 107 87
108 107 88
108 107 89
109 107 88
109 107 89
108 108 87
108 108 88
108 108 89
109 108 88
109 108 89
107 107 90
108 107 90
109 107 90
108 107 91
108 107 92
109 107 91
109 107 92
108 108 90
109 108 90
108 108 91
109 108 91
109 108 92
110 107 88
110 107 89
110 107 90
110 107 91
110 107 92
108 107 93
109 107 93
108 107 94
109 107 94
109 108 93
109 107 95
109 107 96
109 107 97
110 107 93
110 107 94
111 107 94
110 107 95
110 107 96
110 107 97
111 107 95
111 107 96
111 107 97
109 107 98
109 107 99
110 107 98
110 107 99
110 107 100
111 107 98
111 107 99
111 107 100
110 107 101
110 107 102
111 107 101
111 107 102
111 107 103
112 107 102
112 107 103
111 107 104
112 107 104
111 107 105
112 107 105
112 107 106
112 107 110
141 132 125
141 131 126
141 131 127
141 132 126
141 132 127
142 131 125
142 132 125
143 132 125
142 131 126
142 131 127
142 132 126
142 132 127
143 131 126
143 131 127
143 132 126
143 132 127
138 126 138
138 126 139
138 127 137
138 127 138
138 127 139
139 128 133
140 128 133
141 128 133
140 130 129
140 130 130
141 130 129
141 130 130
141 131 128
141 132 128
140 131 129
140 131 130
141 131 129
141 131 130
141 132 129
139 129 133
140 129 131
140 130 131
141 129 131
141 130 131
140 129 132
140 129 133
140 130 132
140 130 133
141 129 132
141 129 133
141 130 132
141 130 133
141 131 131
141 131 132
142 130 129
142 130 130
142 131 128
142 132 128
142 131 129
142 131 130
142 132 129
142 129 131
142 130 131
142 131 131
139 128 134
139 127 135
139 127 136
139 128 135
139 128 136
140 128 134
141 128 134
140 127 135
140 127 136
140 128 135
140 128 136
141 127 135
141 128 135
139 126 138
139 126 139
139 127 137
139 128 137
139 127 138
139 127 139
139 128 138
139 128 139
140 126 138
140 126 139
140 127 137
140 128 137
140 127 138
140 127 139
140 128 138
139 129 134
139 129 135
139 129 136
140 129 134
140 130 134
141 129 134
140 129 135
140 129 136
141 129 135
141 133 126
142 133 123
142 133 124
143 133 124
142 134 123
142 134 124
143 134 123
143 134 124
142 133 125
143 133 125
142 133 126
142 133 127
143 133 126
142 134 125
143 134 125
142 133 128
117 107 159
118 107 159
118 108 159
117 107 160
117 108 160
118 107 160
118 107 161
118 108 160
120 107 146
120 107 147
121 107 146
121 107 147
132 119 165
132 117 168
132 118 166
132 118 167
132 118 168
132 117 169
132 116 171
132 117 170
132 117 171
132 118 169
132 118 170
132 118 171
132 116 172
132 117 172
132 116 173
132 116 174
132 117 173
132 117 174
132 118 172
120 107 179
120 107 180
121 107 178
122 107 178
121 107 179
121 107 180
122 107 179
122 107 180
121 108 179
121 108 180
122 108 179
122 108 180
122 109 180
123 107 178
123 107 179
123 107 180
123 108 179
123 108 180
123 109 180
124 107 178
125 107 178
124 107 179
124 107 180
125 107 179
125 107 180
124 108 179
124 108 180
124 109 180
125 108 179
125 108 180
125 109 180
120 107 181
120 107 182
120 107 183
121 107 181
122 107 181
121 107 182
121 107 183
122 107 182
122 107 183
121 108 181
121 109 181
122 108 181
122 109 181
121 108 182
121 108 183
121 109 182
121 109 183
122 108 182
122 108 183
122 109 182
122 109 183
120 107 184
121 107 184
122 107 184
121 107 185
121 107 186
122 107 185
122 107 186
121 108 184
121 109 184
122 108 184
122 109 184
121 108 185
121 108 186
121 109 185
122 108 185
122 108 186
122 109 185
122 109 186
122 110 181
122 110 182
122 110 183
122 110 184
122 110 185
123 107 181
123 107 182
123 107 183
123 108 181
123 109 181
123 108 182
123 108 183
123 109 182
123 109 183
124 107 181
125 107 181
124 107 182
124 107 183
125 107 182
125 107 183
124 108 181
124 109 181
125 108 181
125 109 181
124 108 182
124 108 183
124 109 182
124 109 183
125 108 182
125 108 183
125 109 182
125 109 183
123 107 184
123 107 185
123 107 186
123 108 184
123 109 184
123 108 185
123 108 186
123 109 185
123 109 186
124 107 184
125 107 184
124 107 185
124 107 186
125 107 185
125 107 186
124 108 184
124 109 184
125 108 184
125 109 184
124 108 185
124 108 186
124 109 185
124 109 186
125 108 185
125 108 186
125 109 185
125 109 186
123 110 181
123 110 182
123 110 183
124 110 181
125 110 181
124 110 182
124 110 183
125 110 182
125 110 183
124 111 183
125 111 182
125 111 183
123 110 184
123 110 185
123 110 186
124 110 184
125 110 184
124 110 185
124 110 186
125 110 185
125 110 186
124 111 184
125 111 184
124 111 185
124 111 186
125 111 185
125 111 186
126 107 178
126 107 179
126 107 180
126 108 179
126 108 180
126 109 180
127 107 178
128 107 178
127 107 179
127 107 180
128 107 179
128 107 180
127 108 179
127 108 180
127 109 180
128 108 179
128 108 180
128 109 180
126 110 180
129 107 178
130 107 178
129 107 179
129 107 180
130 107 179
130 107 180
129 108 179
129 108 180
129 109 180
130 108 179
130 108 180
130 109 180
131 107 179
131 107 180
132 107 179
132 107 180
131 108 180
132 108 180
126 107 181
126 107 182
126 107 183
126 108 181
126 109 181
126 108 182
126 108 183
126 109 182
126 109 183
127 107 181
128 107 181
127 107 182
127 107 183
128 107 182
128 107 183
127 108 181
127 109 181
128 108 181
128 109 181
127 108 182
127 108 183
127 109 182
127 109 183
128 108 182
128 108 183
128 109 182
128 109 183
126 107 184
126 107 185
126 107 186
126 108 184
126 109 184
126 108 185
126 108 186
126 109 185
126 109 186
127 107 184
128 107 184
127 107 185
127 107 186
128 107 185
128 107 186
127 108 184
127 109 184
128 108 184
128 109 184
127 108 185
127 108 186
127 109 185
127 109 186
128 108 185
128 108 186
128 109 185
128 109 186
126 110 181
126 110 182
126 110 183
126 111 182
126 111 183
127 110 181
128 110 181
127 110 182
127 110 183
128 110 182
128 110 183
127 111 182
127 111 183
128 111 182
128 111 183
126 110 184
126 110 185
126 110 186
126 111 184
126 111 185
126 111 186
126 112 185
126 112 186
127 110 184
128 110 184
127 110 185
127 110 186
128 110 185
128 110 186
127 111 184
128 111 184
127 111 185
127 111 186
127 112 185
127 112 186
128 111 185
128 111 186
128 112 185
128 112 186
129 107 181
130 107 181
129 107 182
129 107 183
130 107 182
130 107 183
129 108 181
129 109 181
130 108 181
130 109 181
129 108 182
129 108 183
129 109 182
129 109 183
130 108 182
130 108 183
130 109 182
130 109 183
131 107 181
132 107 181
131 107 182
131 107 183
132 107 182
132 107 183
131 108 181
131 109 181
132 108 181
131 108 182
131 108 183
131 109 182
131 109 183
132 108 182
132 108 183
132 109 182
132 109 183
129 107 184
130 107 184
129 107 185
129 107 186
130 107 185
130 107 186
129 108 184
129 109 184
130 108 184
130 109 184
129 108 185
129 108 186
129 109 185
129 109 186
130 108 185
130 108 186
130 109 185
130 109 186
131 107 184
132 107 184
131 107 185
131 107 186
132 107 185
132 107 186
131 108 184
131 109 184
132 108 184
132 109 184
131 108 185
131 108 186
131 109 185
131 109 186
132 108 185
132 108 186
132 109 185
132 109 186
129 110 181
129 110 182
129 110 183
130 110 182
130 110 183
129 111 183
131 110 183
129 110 184
130 110 184
129 110 185
129 110 186
130 110 185
130 110 186
129 111 184
130 111 184
129 111 185
129 111 186
129 112 185
129 112 186
130 111 185
130 111 186
130 112 185
130 112 186
131 110 184
132 110 184
131 110 185
131 110 186
132 110 185
132 110 186
131 111 185
131 111 186
131 112 185
131 112 186
132 111 185
132 111 186
132 112 185
132 112 186
132 115 176
132 115 177
132 115 178
131 115 179
131 115 180
132 114 180
132 115 179
132 115 180
132 116 175
132 117 175
131 116 177
132 116 176
132 116 177
132 117 176
132 117 177
131 116 178
132 116 178
132 117 178
131 116 179
131 116 180
132 116 179
132 116 180
132 117 179
128 113 185
128 113 186
130 115 181
130 115 182
131 113 183
132 113 183
131 114 181
131 115 181
132 114 181
132 115 181
131 114 182
131 114 183
131 115 182
131 115 183
132 114 182
132 114 183
132 115 182
132 115 183
130 113 184
129 113 185
129 113 186
130 113 185
130 114 184
129 114 185
130 114 185
130 114 186
131 113 184
132 113 184
131 113 185
131 113 186
132 113 185
132 113 186
131 114 184
131 115 184
132 114 184
132 115 184
131 114 185
131 114 186
131 115 185
132 114 185
132 114 186
132 115 185
131 116 181
132 116 181
131 116 182
132 116 182
135 119 159
133 119 161
133 119 162
134 119 160
135 119 160
134 119 161
134 119 162
135 119 161
135 119 162
137 125 141
138 125 141
136 125 144
137 125 142
138 125 142
137 124 144
137 125 143
137 125 144
138 124 143
138 124 144
138 125 143
138 125 144
135 123 149
135 123 150
136 122 150
137 122 150
136 123 147
136 124 145
136 125 145
136 124 146
136 124 147
136 125 146
136 125 147
137 123 147
138 123 147
137 124 145
137 125 145
138 124 145
138 125 145
137 124 146
137 124 147
137 125 146
137 125 147
138 124 146
138 124 147
138 125 146
138 125 147
136 123 148
136 123 149
136 123 150
136 124 148
136 124 149
136 124 150
137 123 148
138 123 148
137 123 149
137 123 150
137 124 148
137 125 148
138 124 148
138 125 148
137 124 149
137 124 150
137 125 149
138 124 149
137 126 140
138 126 140
137 126 141
138 126 141
138 127 140
138 127 141
137 126 142
138 126 142
137 126 143
137 126 144
138 126 143
138 126 144
138 127 142
138 127 143
137 126 145
138 126 145
137 126 146
138 126 146
139 125 141
139 125 142
139 125 143
139 126 140
139 126 141
139 127 140
139 128 140
139 127 141
139 126 142
139 126 143
139 127 142
135 122 151
135 121 153
135 122 152
135 122 153
135 120 156
134 122 154
135 121 154
135 122 154
134 121 155
134 121 156
134 122 155
134 122 156
135 121 155
135 121 156
135 122 155
135 122 156
135 123 151
135 123 152
135 123 153
135 123 154
135 123 155
136 122 151
136 121 153
136 122 152
136 122 153
137 122 151
137 122 152
137 122 153
136 120 156
136 121 154
136 122 154
136 121 155
136 121 156
136 122 155
136 122 156
136 123 151
136 123 152
136 123 153
136 124 151
136 124 152
137 123 151
137 123 152
137 123 153
137 124 151
137 124 152
136 123 154
136 123 155
134 120 157
135 120 157
134 120 158
134 120 159
135 120 158
135 120 159
134 121 157
134 122 157
135 121 157
135 122 157
134 121 158
134 121 159
135 121 158
135 121 159
135 122 158
135 122 159
133 120 160
133 120 161
133 120 162
134 120 160
135 120 160
134 120 161
134 120 162
135 120 161
135 120 162
134 121 160
135 121 160
134 121 161
134 121 162
135 121 161
136 120 157
136 120 158
136 121 157
136 122 157
136 121 158
136 122 158
133 119 163
133 118 164
133 118 165
133 119 164
133 119 165
134 118 163
134 119 163
135 119 163
134 118 164
134 118 165
134 119 164
134 119 165
135 119 164
135 119 165
133 117 168
133 118 166
133 119 166
133 118 167
133 118 168
133 119 167
133 119 168
134 117 166
134 117 167
134 117 168
134 118 166
134 119 166
134 118 167
134 118 168
134 119 167
134 119 168
133 117 169
133 116 171
133 117 170
133 117 171
133 118 169
133 119 169
133 118 170
133 118 171
133 119 170
134 116 169
134 117 169
134 116 171
134 117 170
134 117 171
134 118 169
134 119 169
134 118 170
134 118 171
134 119 170
133 116 172
133 117 172
133 116 173
133 116 174
133 117 173
133 117 174
133 118 172
133 118 173
133 118 174
134 116 172
134 117 172
134 116 173
134 116 174
134 117 173
134 117 174
134 118 172
133 107 180
133 107 181
133 107 182
133 107 183
133 108 181
133 108 182
133 108 183
133 109 183
134 107 181
134 107 182
134 107 183
135 107 182
135 107 183
134 108 182
134 108 183
133 107 184
133 107 185
133 107 186
133 108 184
133 109 184
133 108 185
133 108 186
133 109 185
133 109 186
134 107 184
135 107 184
134 107 185
134 107 186
135 107 185
135 107 186
134 108 184
134 109 184
135 108 184
134 108 185
134 108 186
134 109 185
134 109 186
135 108 185
135 108 186
135 109 185
133 110 185
133 110 186
133 112 184
133 111 185
133 111 186
133 112 185
133 112 186
134 110 185
134 110 186
134 111 184
134 111 185
138 108 186
138 109 186
138 110 186
137 111 186
137 112 186
138 111 186
133 115 175
133 115 176
133 115 177
133 115 178
133 114 180
133 115 179
133 115 180
133 116 175
133 117 175
133 116 176
133 116 177
133 117 176
133 117 177
133 118 175
133 116 178
133 117 178
133 116 179
133 116 180
133 117 179
133 113 183
133 114 181
133 115 181
133 114 182
133 114 183
133 115 182
133 115 183
133 113 184
133 113 185
133 114 184
133 114 185
134 113 184
135 114 185
133 116 181
133 116 182
136 113 186
144 110 180
145 110 180
145 111 180
145 112 180
141 109 183
139 107 185
139 107 186
139 108 185
139 108 186
139 109 185
139 109 186
140 107 184
141 107 184
140 107 185
140 107 186
141 107 185
141 107 186
140 108 184
140 109 184
141 108 184
141 109 184
140 108 185
140 108 186
140 109 185
140 109 186
141 108 185
141 108 186
141 109 185
141 109 186
139 110 186
139 111 186
141 110 184
140 110 185
140 110 186
141 110 185
141 110 186
141 111 184
140 111 185
140 111 186
142 108 183
142 109 182
142 109 183
143 108 183
143 109 182
143 109 183
144 108 182
144 108 183
144 109 182
144 109 183
145 108 182
145 109 182
142 107 184
142 107 185
142 108 184
142 109 184
143 108 184
143 109 184
142 108 185
142 109 185
142 109 186
143 109 185
144 109 184
143 110 181
142 110 182
142 110 183
143 110 182
143 110 183
142 111 183
143 111 182
143 111 183
144 110 181
145 110 181
144 110 182
144 110 183
145 110 182
145 110 183
144 111 181
145 111 181
144 111 182
144 111 183
145 111 182
142 110 184
143 110 184
142 110 185
142 111 184
133 120 163
133 120 164
133 120 165
134 120 163
135 120 163
134 120 164
134 120 165
135 120 164
134 121 163
133 120 166
134 120 166
150 112 174
151 112 173
151 112 174
152 112 173
152 112 174
152 113 172
151 113 173
151 113 174
152 113 173
152 113 174
153 112 172
153 112 173
153 112 174
154 112 172
155 112 172
154 112 173
158 114 165
159 114 164
159 114 165
159 115 164
159 115 165
157 114 166
156 114 167
156 114 168
157 114 167
157 114 168
157 115 167
157 115 168
158 113 168
158 114 166
158 115 166
159 114 166
159 115 166
158 114 167
158 114 168
158 115 167
158 115 168
159 114 167
159 115 167
159 116 165
153 113 171
155 113 169
154 113 170
154 113 171
155 113 170
155 113 171
155 114 169
154 114 170
154 114 171
155 114 170
155 114 171
153 113 172
153 113 173
153 113 174
153 114 172
153 114 173
154 113 172
155 113 172
154 113 173
154 114 172
155 114 172
156 113 169
157 113 169
156 113 170
156 113 171
157 113 170
156 114 169
157 114 169
157 115 169
156 114 170
156 114 171
157 114 170
158 113 169
158 114 169
147 111 177
148 111 177
148 112 177
146 110 180
146 111 178
146 111 179
146 111 180
146 112 179
146 112 180
147 110 180
148 110 180
147 111 178
147 112 178
148 111 178
148 112 178
147 111 179
147 111 180
147 112 179
147 112 180
148 111 179
148 111 180
148 112 179
149 112 175
150 112 175
149 111 177
149 112 176
149 112 177
150 111 176
150 111 177
150 112 176
150 112 177
151 112 175
152 112 175
151 111 176
151 112 176
149 111 178
149 112 178
150 111 178
150 112 178
149 111 179
149 112 179
146 109 181
146 110 181
146 110 182
146 111 181
147 110 181
147 111 181
150 113 175
149 113 177
150 113 176
150 113 177
151 113 175
152 113 175
151 113 176
170 118 150
172 119 148
171 119 149
171 119 150
172 119 149
172 119 150
165 116 156
162 115 160
161 115 161
161 115 162
162 115 161
162 115 162
162 116 160
162 116 161
162 116 162
163 115 160
163 115 161
163 115 162
164 115 160
165 115 160
164 115 161
163 116 159
165 116 157
165 117 157
164 116 158
164 116 159
164 117 158
164 117 159
165 116 158
165 116 159
165 117 158
165 117 159
163 116 160
163 116 161
163 116 162
163 117 161
164 116 160
164 117 160
165 116 160
164 116 161
168 117 153
168 118 153
166 117 155
166 117 156
166 118 156
167 117 154
168 117 154
167 117 155
167 117 156
168 117 155
168 117 156
168 118 154
167 118 155
167 118 156
168 118 155
169 118 151
170 118 151
170 119 151
169 118 152
169 118 153
169 119 153
170 118 152
170 118 153
170 119 152
170 119 153
171 118 151
171 119 151
172 118 151
172 119 151
171 118 152
171 118 153
171 119 152
172 118 152
169 117 154
170 117 154
169 117 155
169 118 154
170 118 154
169 118 155
166 116 157
166 117 157
166 116 158
166 116 159
166 117 158
167 116 157
167 117 157
173 119 148
173 119 149
173 119 150
174 119 148
174 119 149
173 120 147
174 120 147
175 120 147
173 120 148
173 120 149
174 120 148
174 120 149
160 115 163
160 114 164
160 114 165
160 115 164
160 115 165
161 115 163
162 115 163
161 114 164
161 114 165
161 115 164
161 115 165
162 114 164
162 115 164
160 114 166
160 115 166
160 116 165
161 116 163
162 116 163
161 116 164
