0.15
3892
65 69 10
66 69 15
67 69 15
68 69 15
66 69 16
66 69 17
66 69 18
67 69 16
67 69 17
68 69 17
67 69 18
67 69 19
68 69 18
68 69 19
69 69 19
67 69 20
67 69 21
68 69 20
69 69 20
68 69 21
69 69 21
67 69 22
68 69 22
69 69 22
68 69 23
69 69 23
68 69 24
69 69 24
68 69 25
69 69 25
68 69 26
69 69 26
68 69 27
69 69 27
69 69 28
69 69 29
69 69 30
69 69 31
69 69 32
69 69 33
63 70 3
63 71 2
63 71 3
64 70 3
64 71 2
64 71 3
64 72 3
63 70 4
63 70 5
63 71 4
63 71 5
64 70 4
64 70 5
64 71 4
64 71 5
63 70 6
63 70 7
63 71 6
63 71 7
64 70 6
64 70 7
64 71 6
64 71 7
63 72 4
63 72 5
64 72 4
64 72 5
64 72 6
64 72 7
65 71 2
65 71 3
65 70 4
65 70 5
65 71 4
65 71 5
66 70 5
66 71 5
65 70 6
65 70 7
65 71 6
65 71 7
66 70 6
66 70 7
66 71 6
66 71 7
65 72 4
65 72 5
65 72 6
65 72 7
64 70 8
64 70 9
64 71 8
64 71 9
64 70 10
64 70 11
64 71 10
64 71 11
64 72 8
64 72 9
64 72 10
65 70 8
65 70 9
65 71 8
65 71 9
66 70 8
66 70 9
66 71 8
66 71 9
65 70 10
65 70 11
65 71 10
65 71 11
66 70 10
66 70 11
66 71 10
66 71 11
65 72 9
65 72 10
65 72 11
67 70 10
67 70 11
67 71 10
67 71 11
65 70 12
65 70 13
65 71 12
65 71 13
66 70 12
66 70 13
66 71 12
66 71 13
65 70 14
65 70 15
65 71 14
65 71 15
66 70 14
66 70 15
66 71 14
66 71 15
65 72 12
67 70 12
67 70 13
67 71 12
67 71 13
67 70 14
67 70 15
67 71 14
67 71 15
68 70 14
68 70 15
68 71 14
68 71 15
66 70 16
66 70 17
66 71 16
66 71 17
66 70 18
66 70 19
66 71 18
66 71 19
67 70 16
67 70 17
67 71 16
67 71 17
68 70 16
68 70 17
68 71 16
68 71 17
67 70 18
67 70 19
67 71 18
67 71 19
68 70 18
69 70 18
68 70 19
69 70 19
68 71 18
69 71 18
68 71 19
69 71 19
67 72 17
67 72 18
67 70 20
67 70 21
67 71 20
67 71 21
68 70 20
69 70 20
68 70 21
69 70 21
68 71 20
69 71 20
68 71 21
69 71 21
67 70 22
67 70 23
67 71 22
67 71 23
68 70 22
69 70 22
68 70 23
69 70 23
68 71 22
69 71 22
68 71 23
69 71 23
68 70 24
69 70 24
68 70 25
69 70 25
68 71 24
69 71 24
68 71 25
69 71 25
68 70 26
69 70 26
68 70 27
69 70 27
68 71 26
69 71 26
68 71 27
69 71 27
68 70 28
69 70 28
69 70 29
69 71 28
69 71 29
69 70 30
69 70 31
69 71 30
69 71 31
69 70 32
70 69 25
70 69 26
70 69 27
71 69 27
70 69 28
70 69 29
71 69 28
71 69 29
70 69 30
70 69 31
71 69 30
71 69 31
72 69 31
70 69 32
70 69 33
71 69 32
71 69 33
70 69 34
70 68 35
70 69 35
71 69 34
71 68 35
71 69 35
72 69 32
72 69 33
72 69 34
72 68 35
72 69 35
70 68 36
70 69 36
70 69 37
71 68 36
71 69 36
71 68 37
71 69 37
71 68 38
71 69 38
71 68 39
71 69 39
72 68 36
72 69 36
72 68 37
72 69 37
73 69 36
73 69 37
72 68 38
72 69 38
72 68 39
72 69 39
73 68 38
73 69 38
73 68 39
73 69 39
71 68 40
71 69 40
71 68 41
71 69 41
71 69 42
71 69 43
72 68 40
72 69 40
72 68 41
72 69 41
73 68 40
73 69 40
73 68 41
73 69 41
72 68 42
72 69 42
72 68 43
72 69 43
73 68 42
73 69 42
73 68 43
73 69 43
72 68 44
72 69 44
72 68 45
72 69 45
73 68 44
73 69 44
73 68 45
73 69 45
72 68 46
72 69 46
72 68 47
72 69 47
73 68 46
73 69 46
73 68 47
73 69 47
74 69 40
74 69 41
74 68 42
74 69 42
74 68 43
74 69 43
74 68 44
74 69 44
74 68 45
74 69 45
74 68 46
74 69 46
74 68 47
74 69 47
75 69 46
75 68 47
75 69 47
72 68 48
72 69 48
73 68 48
73 69 48
73 68 49
73 69 49
73 68 50
73 69 50
73 68 51
73 69 51
73 67 53
73 68 52
73 69 52
73 68 53
73 69 53
73 68 54
73 69 54
73 68 55
73 69 55
74 68 48
74 69 48
74 68 49
74 69 49
75 68 48
75 69 48
75 68 49
75 69 49
74 68 50
74 69 50
74 68 51
74 69 51
75 68 50
75 69 50
75 68 51
75 69 51
74 67 53
74 68 52
74 69 52
74 68 53
74 69 53
75 68 52
75 69 52
75 68 53
75 69 53
74 67 54
74 68 54
74 69 54
74 68 55
74 69 55
75 67 54
75 67 55
75 68 54
75 69 54
75 68 55
75 69 55
76 68 53
76 69 53
76 68 54
76 69 54
76 68 55
76 69 55
74 67 57
74 68 56
74 69 56
74 68 57
74 69 57
75 67 56
75 67 57
75 68 56
75 69 56
75 68 57
75 69 57
74 67 58
74 67 59
74 68 58
74 69 58
74 68 59
74 69 59
75 67 58
75 67 59
75 68 58
75 69 58
75 68 59
75 69 59
76 67 57
76 68 56
76 69 56
76 68 57
76 69 57
76 67 58
76 67 59
76 68 58
76 69 58
76 68 59
76 69 59
77 68 58
77 68 59
77 69 59
74 67 60
74 68 60
74 69 60
74 68 61
74 69 61
75 67 60
75 67 61
75 68 60
75 69 60
75 68 61
75 69 61
74 68 62
74 68 63
75 67 62
75 67 63
75 67 64
75 68 62
75 69 62
75 68 63
75 68 64
75 69 63
75 69 64
76 67 60
76 67 61
76 68 60
76 69 60
76 68 61
76 69 61
77 67 61
77 68 60
77 69 60
77 68 61
77 69 61
76 67 62
76 67 63
76 67 64
76 68 62
76 69 62
76 68 63
76 68 64
76 69 63
76 69 64
77 67 62
77 67 63
77 67 64
77 68 62
77 69 62
77 68 63
77 68 64
77 69 63
77 69 64
75 67 65
75 67 66
75 68 65
75 69 65
75 68 66
75 69 66
75 67 67
75 67 68
75 68 67
75 69 67
75 68 68
76 66 68
77 66 68
76 67 65
76 67 66
76 68 65
76 69 65
76 68 66
76 69 66
77 67 65
77 67 66
77 68 65
77 69 65
77 68 66
77 69 66
76 67 67
76 67 68
76 68 67
76 69 67
76 68 68
76 69 68
77 67 67
77 67 68
77 68 67
77 69 67
77 68 68
77 69 68
76 66 69
76 66 70
77 66 69
77 66 70
76 66 71
76 66 72
77 66 71
77 66 72
76 67 69
76 67 70
76 68 69
76 68 70
76 69 70
77 67 69
77 67 70
77 68 69
77 68 70
76 67 71
76 67 72
76 68 71
76 68 72
77 67 71
77 67 72
77 68 71
77 68 72
76 66 73
77 66 73
77 66 74
77 66 75
77 66 76
76 67 73
76 67 74
76 68 73
76 68 74
77 67 73
77 67 74
77 68 73
77 68 74
76 67 75
76 67 76
77 67 75
77 67 76
77 68 75
77 68 76
77 65 78
77 66 77
77 66 78
77 65 79
77 65 80
77 66 79
77 66 80
77 67 77
77 67 78
77 68 77
77 68 78
77 67 79
77 67 80
77 68 79
77 68 80
78 67 65
78 67 66
78 68 65
78 68 66
78 67 67
78 67 68
78 68 67
78 68 68
78 66 70
78 66 71
78 66 72
79 66 72
78 67 69
78 67 70
78 68 69
78 68 70
79 67 70
79 68 70
78 67 71
78 67 72
78 68 71
78 68 72
79 67 71
79 67 72
79 68 71
79 68 72
78 66 73
78 66 74
79 66 73
79 66 74
78 66 75
78 66 76
79 66 75
79 66 76
78 67 73
78 67 74
78 68 73
78 68 74
79 67 73
79 67 74
79 68 73
79 68 74
78 67 75
78 67 76
78 68 75
78 68 76
79 67 75
79 67 76
79 68 75
79 68 76
78 65 78
78 66 77
78 66 78
79 66 77
79 66 78
78 65 79
78 65 80
78 66 79
78 66 80
79 65 79
79 65 80
79 66 79
79 66 80
78 67 77
78 67 78
78 68 77
78 68 78
79 67 77
79 67 78
79 68 77
79 68 78
78 67 79
78 67 80
78 68 79
78 68 80
79 67 79
79 67 80
80 66 79
80 66 80
80 67 77
80 67 79
80 67 80
77 59 97
77 60 97
77 65 81
77 65 82
77 66 81
77 66 82
77 66 83
77 66 84
77 67 81
77 67 82
77 67 83
77 65 85
77 65 86
77 66 85
77 66 86
78 60 94
79 60 93
79 60 94
78 58 97
78 59 95
78 60 95
78 59 96
78 59 97
78 60 96
78 60 97
79 58 97
79 59 95
79 60 95
79 59 96
79 59 97
79 60 96
79 60 97
80 60 94
80 58 97
80 59 95
80 60 95
80 59 96
80 59 97
80 60 96
80 60 97
78 64 82
78 64 83
78 64 84
79 64 84
80 64 84
78 63 86
78 64 85
78 64 86
79 63 86
79 64 85
79 64 86
78 63 87
78 63 88
78 64 87
78 64 88
79 63 87
79 63 88
79 64 87
79 64 88
80 64 85
80 64 86
80 63 87
80 63 88
80 64 87
80 64 88
78 65 81
78 65 82
78 66 81
78 66 82
79 65 81
79 65 82
79 66 81
79 66 82
78 65 83
78 65 84
78 66 83
78 66 84
79 65 83
79 65 84
79 66 83
79 66 84
78 67 81
78 67 82
78 68 81
79 67 81
79 67 82
78 67 83
78 67 84
79 67 83
79 67 84
80 65 82
80 66 81
80 66 82
80 65 83
80 65 84
80 66 83
80 66 84
80 67 81
80 67 82
80 67 83
78 65 85
78 65 86
78 66 85
78 66 86
79 65 85
79 65 86
79 66 85
79 66 86
78 65 87
78 65 88
78 66 87
78 66 88
79 65 87
79 65 88
79 66 87
78 67 85
80 65 85
80 65 86
80 66 85
80 66 86
80 65 87
80 65 88
80 66 87
78 62 90
79 62 89
79 62 90
78 61 92
78 62 91
78 62 92
79 61 91
79 61 92
79 62 91
79 62 92
78 63 89
78 63 90
78 64 89
78 64 90
79 63 89
79 63 90
79 64 89
79 64 90
78 63 91
78 63 92
78 64 91
78 64 92
79 63 91
79 63 92
79 64 91
79 64 92
80 62 89
80 62 90
80 61 92
80 62 91
80 62 92
81 62 91
81 62 92
80 63 89
80 63 90
80 64 89
80 64 90
81 63 90
81 64 89
81 64 90
80 63 91
80 63 92
80 64 91
80 64 92
81 63 91
81 63 92
81 64 91
78 61 93
78 61 94
78 62 93
78 62 94
79 61 93
79 61 94
79 62 93
79 62 94
78 61 95
78 61 96
78 61 97
78 62 95
78 62 96
79 61 95
79 61 96
79 61 97
79 62 95
79 62 96
78 63 93
78 63 94
78 64 93
79 63 93
79 63 94
79 64 93
78 63 95
79 63 95
80 61 93
80 61 94
80 62 93
80 62 94
81 61 93
81 61 94
81 62 93
81 62 94
80 61 95
80 61 96
80 61 97
80 62 95
80 62 96
81 61 95
81 62 95
80 63 93
80 63 94
80 64 93
81 63 93
78 65 89
78 65 90
79 65 89
79 65 90
78 65 91
79 65 91
80 65 89
80 65 90
77 57 101
77 58 99
77 59 98
77 60 98
77 59 99
77 58 100
77 58 101
77 59 100
77 59 101
77 57 102
77 58 102
77 58 103
78 55 103
79 55 103
79 55 104
79 55 105
80 55 105
78 57 98
78 57 99
79 57 98
79 57 99
78 56 100
78 56 101
78 57 100
78 57 101
79 56 100
79 56 101
79 57 100
79 57 101
78 58 98
78 58 99
78 59 98
78 60 98
78 59 99
78 60 99
79 58 98
79 58 99
79 59 98
79 60 98
79 59 99
79 60 99
78 58 100
78 58 101
78 59 100
78 60 100
78 59 101
79 58 100
79 58 101
79 59 100
79 60 100
79 59 101
80 56 101
80 57 100
80 57 101
80 58 98
80 58 99
80 59 98
80 60 98
80 59 99
80 60 99
80 58 100
80 58 101
80 59 100
80 59 101
78 56 102
78 56 103
78 57 102
78 57 103
79 56 102
79 56 103
79 57 102
79 57 103
78 56 104
78 56 105
78 57 104
78 57 105
79 56 104
79 56 105
79 57 104
79 57 105
78 58 102
78 58 103
78 59 102
78 59 103
79 58 102
79 58 103
79 59 102
78 58 104
78 58 105
79 58 104
79 58 105
80 56 102
80 56 103
80 57 102
80 57 103
80 56 104
80 56 105
80 57 104
80 57 105
81 56 104
81 56 105
81 57 104
81 57 105
80 58 102
80 58 103
80 58 104
80 58 105
79 55 106
79 55 107
80 55 106
80 55 107
80 55 108
81 55 108
78 56 106
78 57 106
78 57 107
79 56 106
79 56 107
79 57 106
79 57 107
79 56 108
79 56 109
79 57 108
79 57 109
78 58 106
78 58 107
79 58 106
79 58 107
79 58 108
79 58 109
80 56 106
80 56 107
80 57 106
80 57 107
81 56 106
81 56 107
81 57 106
81 57 107
80 56 108
80 56 109
80 57 108
80 57 109
81 56 108
81 56 109
81 57 108
81 57 109
80 58 106
80 58 107
81 58 106
81 58 107
80 58 108
80 58 109
81 58 108
81 58 109
79 57 110
79 57 111
79 58 110
80 56 110
80 56 111
80 57 110
80 57 111
81 56 110
81 56 111
81 57 110
81 57 111
80 56 112
80 56 113
80 57 112
80 57 113
81 56 112
81 56 113
81 57 112
81 57 113
80 58 110
80 58 111
81 58 110
81 58 111
80 58 112
80 58 113
81 58 112
81 58 113
82 56 109
82 57 108
82 57 109
82 58 109
82 56 110
82 56 111
82 57 110
82 57 111
82 56 112
82 56 113
82 57 112
82 57 113
83 56 113
83 57 112
83 57 113
82 58 110
82 58 111
82 58 112
82 58 113
83 58 113
78 61 98
79 61 98
80 56 114
80 57 114
80 57 115
81 56 114
81 56 115
81 57 114
81 57 115
81 56 116
81 56 117
81 57 116
81 57 117
80 58 114
80 58 115
81 58 114
81 58 115
81 58 116
81 58 117
81 59 117
81 57 118
81 57 119
81 58 118
81 58 119
81 59 118
81 59 119
81 60 119
81 59 120
81 60 120
81 59 121
81 60 121
82 55 120
82 55 121
83 55 120
83 55 121
84 55 120
84 55 121
82 56 114
82 56 115
82 57 114
82 57 115
83 56 114
83 56 115
83 57 114
83 57 115
82 56 116
82 56 117
82 57 116
82 57 117
83 56 116
83 56 117
83 57 116
83 57 117
82 58 114
82 58 115
83 58 114
83 58 115
82 58 116
82 58 117
82 59 117
83 58 116
83 58 117
84 57 116
84 57 117
84 58 116
84 58 117
82 56 118
82 56 119
82 57 118
82 57 119
83 56 118
83 56 119
83 57 118
83 57 119
82 56 120
82 56 121
82 57 120
82 57 121
83 56 120
83 56 121
83 57 120
83 57 121
82 58 118
82 58 119
82 59 118
82 59 119
82 60 119
83 58 118
83 58 119
83 59 118
83 59 119
83 60 119
82 58 120
82 58 121
82 59 120
82 60 120
82 59 121
82 60 121
83 58 120
83 58 121
83 59 120
83 60 120
83 59 121
83 60 121
84 56 118
84 56 119
84 57 118
84 57 119
85 57 118
85 57 119
84 56 120
84 56 121
84 57 120
84 57 121
85 56 120
85 56 121
85 57 120
86 57 120
85 57 121
86 57 121
84 58 118
84 58 119
84 59 118
84 59 119
84 60 119
85 58 118
85 58 119
86 58 119
86 60 118
85 59 119
85 60 119
86 59 119
86 60 119
84 58 120
84 58 121
84 59 120
84 60 120
84 59 121
84 60 121
85 58 120
86 58 120
85 58 121
86 58 121
85 59 120
85 60 120
86 59 120
86 60 120
85 59 121
85 60 121
86 59 121
86 60 121
81 59 122
81 60 122
82 56 122
82 57 122
83 56 122
83 57 122
83 57 123
83 57 124
82 58 122
82 58 123
82 59 122
82 60 122
82 59 123
82 60 123
83 58 122
83 58 123
83 59 122
83 60 122
83 59 123
83 60 123
82 59 124
82 60 124
83 58 124
83 59 124
83 60 124
83 59 125
83 60 125
84 56 122
84 56 123
84 57 122
84 57 123
85 56 122
86 56 122
85 56 123
86 56 123
85 57 122
86 57 122
85 57 123
86 57 123
84 57 124
84 57 125
85 56 124
86 56 124
86 56 125
85 57 124
86 57 124
85 57 125
86 57 125
84 58 122
84 58 123
84 59 122
84 60 122
84 59 123
84 60 123
85 58 122
86 58 122
85 58 123
86 58 123
85 59 122
85 60 122
86 59 122
86 60 122
85 59 123
85 60 123
86 59 123
86 60 123
84 58 124
84 58 125
84 59 124
84 60 124
84 59 125
84 60 125
85 58 124
86 58 124
85 58 125
86 58 125
85 59 124
85 60 124
86 59 124
86 60 124
85 59 125
85 60 125
86 59 125
86 60 125
83 59 126
83 60 126
83 60 127
85 57 126
86 57 126
86 57 127
84 58 126
84 59 126
84 60 126
84 59 127
84 60 127
85 58 126
86 58 126
85 58 127
86 58 127
85 59 126
85 60 126
86 59 126
86 60 126
85 59 127
85 60 127
86 59 127
86 60 127
84 59 128
84 60 128
85 58 128
86 58 128
86 58 129
86 58 130
85 59 128
85 60 128
86 59 128
86 60 128
85 59 129
85 60 129
85 60 130
86 59 129
86 59 130
86 60 129
86 60 130
81 61 119
81 61 120
81 61 121
81 62 120
81 62 121
81 63 120
81 63 121
81 64 120
81 64 121
81 65 120
81 65 121
81 66 120
81 66 121
81 67 121
83 63 117
84 62 117
85 61 117
86 61 117
85 62 117
84 63 117
85 63 117
82 61 119
82 62 119
83 61 119
83 62 118
83 62 119
82 61 120
82 61 121
82 62 120
82 62 121
83 61 120
83 61 121
83 62 120
83 62 121
82 63 118
82 63 119
82 64 119
83 63 118
83 63 119
83 64 118
83 64 119
82 63 120
82 63 121
82 64 120
82 64 121
83 63 120
83 63 121
83 64 120
83 64 121
84 61 118
84 61 119
84 62 118
84 62 119
85 61 118
86 61 118
85 61 119
86 61 119
85 62 118
86 62 118
85 62 119
86 62 119
84 61 120
84 61 121
84 62 120
84 62 121
85 61 120
86 61 120
85 61 121
86 61 121
85 62 120
86 62 120
85 62 121
86 62 121
84 63 118
84 63 119
84 64 118
84 64 119
85 63 118
86 63 118
85 63 119
86 63 119
85 64 118
86 64 118
85 64 119
86 64 119
84 63 120
84 63 121
84 64 120
84 64 121
85 63 120
85 63 121
85 64 120
85 64 121
86 63 120
86 63 121
86 64 120
86 64 121
82 65 119
82 66 119
83 65 118
83 65 119
83 66 119
82 65 120
82 65 121
82 66 120
82 66 121
83 65 120
83 65 121
83 66 120
83 66 121
83 67 119
82 67 120
82 67 121
82 68 120
82 68 121
82 69 121
83 67 120
83 67 121
83 68 120
83 68 121
83 69 121
84 65 118
84 65 119
84 66 118
84 66 119
85 65 118
86 65 118
85 65 119
86 65 119
85 66 118
86 66 118
85 66 119
86 66 119
84 65 120
84 65 121
84 66 120
84 66 121
85 65 120
86 65 120
85 65 121
86 65 121
85 66 120
86 66 120
85 66 121
86 66 121
84 67 119
85 67 119
86 67 119
84 67 120
84 67 121
84 68 120
84 68 121
84 69 121
85 67 120
86 67 120
85 67 121
86 67 121
85 68 120
86 68 120
85 68 121
85 69 121
86 68 121
86 69 121
81 61 122
81 61 123
81 62 122
81 62 123
81 63 122
81 63 123
81 64 122
81 64 123
81 63 124
81 64 124
81 64 125
81 65 122
81 65 123
81 66 122
81 66 123
81 65 124
81 65 125
81 66 124
81 66 125
81 67 122
81 67 123
81 68 122
81 68 123
81 67 124
81 67 125
81 68 124
82 61 122
82 61 123
82 62 122
82 62 123
83 61 122
83 61 123
83 62 122
83 62 123
82 61 124
82 61 125
82 62 124
82 62 125
83 61 124
83 61 125
83 62 124
83 62 125
82 63 122
82 63 123
82 64 122
82 64 123
83 63 122
83 63 123
83 64 122
83 64 123
82 63 124
82 63 125
82 64 124
82 64 125
83 63 124
83 63 125
83 64 124
83 64 125
84 61 122
84 61 123
84 62 122
84 62 123
85 61 122
85 61 123
85 62 122
85 62 123
86 61 122
86 61 123
86 62 122
86 62 123
84 61 124
84 61 125
84 62 124
84 62 125
85 61 124
85 61 125
85 62 124
85 62 125
86 61 124
86 61 125
86 62 124
86 62 125
84 63 122
84 63 123
84 64 122
84 64 123
85 63 122
85 63 123
85 64 122
85 64 123
86 63 122
86 63 123
86 64 122
86 64 123
84 63 124
84 63 125
84 64 124
84 64 125
85 63 124
85 63 125
85 64 124
85 64 125
86 63 124
86 63 125
86 64 124
86 64 125
82 62 126
83 61 126
83 61 127
83 62 126
83 62 127
83 62 128
82 63 126
82 64 126
82 64 127
83 63 126
83 63 127
83 64 126
83 64 127
83 63 128
83 64 128
83 64 129
84 61 126
84 61 127
84 62 126
84 62 127
85 61 126
86 61 126
85 61 127
86 61 127
85 62 126
86 62 126
85 62 127
86 62 127
84 61 128
84 61 129
84 62 128
84 62 129
84 62 130
85 61 128
86 61 128
85 61 129
85 61 130
86 61 129
86 61 130
85 62 128
86 62 128
85 62 129
85 62 130
86 62 129
86 62 130
84 63 126
84 63 127
84 64 126
84 64 127
85 63 126
86 63 126
85 63 127
86 63 127
85 64 126
86 64 126
85 64 127
86 64 127
84 63 128
84 63 129
84 63 130
84 64 128
84 64 129
84 64 130
85 63 128
86 63 128
85 63 129
85 63 130
86 63 129
86 63 130
85 64 128
86 64 128
85 64 129
85 64 130
86 64 129
86 64 130
82 65 122
82 65 123
82 66 122
82 66 123
83 65 122
83 65 123
83 66 122
83 66 123
82 65 124
82 65 125
82 66 124
82 66 125
83 65 124
83 65 125
83 66 124
83 66 125
82 67 122
82 67 123
82 68 122
82 69 122
82 68 123
82 69 123
83 67 122
83 67 123
83 68 122
83 69 122
83 68 123
83 69 123
82 67 124
82 67 125
82 68 124
82 69 124
82 68 125
82 69 125
83 67 124
83 67 125
83 68 124
83 69 124
83 68 125
83 69 125
84 65 122
84 65 123
84 66 122
84 66 123
85 65 122
85 65 123
85 66 122
85 66 123
86 65 122
86 65 123
86 66 122
86 66 123
84 65 124
84 65 125
84 66 124
84 66 125
85 65 124
85 65 125
85 66 124
85 66 125
86 65 124
86 65 125
86 66 124
86 66 125
84 67 122
84 67 123
84 68 122
84 69 122
84 68 123
84 69 123
85 67 122
86 67 122
85 67 123
86 67 123
85 68 122
85 69 122
86 68 122
86 69 122
85 68 123
85 69 123
86 68 123
86 69 123
84 67 124
84 67 125
84 68 124
84 68 125
84 69 124
84 69 125
85 67 124
85 67 125
85 68 124
85 68 125
85 69 124
85 69 125
86 67 124
86 67 125
86 68 124
86 68 125
86 69 124
86 69 125
82 65 126
82 65 127
82 66 126
82 66 127
83 65 126
83 65 127
83 66 126
83 66 127
82 65 128
82 66 128
83 65 128
83 65 129
83 65 130
83 66 128
83 66 129
83 66 130
82 67 126
82 67 127
82 68 126
82 69 126
82 68 127
82 69 127
83 67 126
83 67 127
83 68 126
83 69 126
83 68 127
83 69 127
82 67 128
82 67 129
82 68 128
82 69 128
82 68 129
82 69 129
83 67 128
83 67 129
83 67 130
83 68 128
83 69 128
83 68 129
83 68 130
83 69 129
83 69 130
84 65 126
84 65 127
84 66 126
84 66 127
85 65 126
86 65 126
85 65 127
86 65 127
85 66 126
86 66 126
85 66 127
86 66 127
84 65 128
84 65 129
84 65 130
84 66 128
84 66 129
84 66 130
85 65 128
86 65 128
85 65 129
85 65 130
86 65 129
86 65 130
85 66 128
86 66 128
85 66 129
85 66 130
86 66 129
86 66 130
84 67 126
84 67 127
84 68 126
84 69 126
84 68 127
84 69 127
85 67 126
86 67 126
85 67 127
86 67 127
85 68 126
85 69 126
86 68 126
86 69 126
85 68 127
85 69 127
86 68 127
86 69 127
84 67 128
84 67 129
84 67 130
84 68 128
84 69 128
84 68 129
84 68 130
84 69 129
84 69 130
85 67 128
86 67 128
85 67 129
85 67 130
86 67 129
86 67 130
85 68 128
85 69 128
86 68 128
86 69 128
85 68 129
85 68 130
85 69 129
85 69 130
86 68 129
86 68 130
86 69 129
86 69 130
88 60 115
87 60 117
88 60 116
88 60 117
89 60 116
89 60 117
90 60 116
90 60 117
87 57 121
87 58 119
87 60 118
87 59 119
87 60 119
88 60 118
88 59 119
88 60 119
87 58 120
87 58 121
87 59 120
87 60 120
87 59 121
87 60 121
88 58 121
88 59 120
88 60 120
88 59 121
88 60 121
89 60 118
89 60 119
89 60 120
89 59 121
89 60 121
90 60 121
87 57 122
87 57 123
88 57 122
88 57 123
87 56 124
87 56 125
87 57 124
87 57 125
88 57 124
88 57 125
87 58 122
87 58 123
87 59 122
87 60 122
87 59 123
87 60 123
88 58 122
88 58 123
88 59 122
88 60 122
88 59 123
88 60 123
87 58 124
87 58 125
87 59 124
87 60 124
87 59 125
87 60 125
88 58 124
88 58 125
88 59 124
88 60 124
88 59 125
88 60 125
89 57 124
89 57 125
89 58 122
89 58 123
89 59 122
89 60 122
89 59 123
89 60 123
90 59 122
90 60 122
90 59 123
90 60 123
89 58 124
89 58 125
89 59 124
89 60 124
89 59 125
89 60 125
90 58 124
90 58 125
90 59 124
90 60 124
90 59 125
90 60 125
87 56 126
87 57 126
87 57 127
88 57 126
88 57 127
87 57 128
88 57 128
88 57 129
87 58 126
87 58 127
87 59 126
87 60 126
87 59 127
87 60 127
88 58 126
88 58 127
88 59 126
88 60 126
88 59 127
88 60 127
87 58 128
87 58 129
87 58 130
87 59 128
87 60 128
87 59 129
87 59 130
87 60 129
87 60 130
88 58 128
88 58 129
88 58 130
88 59 128
88 60 128
88 59 129
88 59 130
88 60 129
88 60 130
89 57 126
89 57 127
89 57 128
89 57 129
89 58 126
89 58 127
89 59 126
89 60 126
89 59 127
89 60 127
90 58 126
90 58 127
90 59 126
90 60 126
90 59 127
90 60 127
89 58 128
89 58 129
89 58 130
89 59 128
89 60 128
89 59 129
89 59 130
89 60 129
89 60 130
90 58 128
90 58 129
90 58 130
90 59 128
90 60 128
90 59 129
90 59 130
90 60 129
90 60 130
91 60 122
91 59 123
91 60 123
92 60 122
92 60 123
91 59 124
91 60 124
91 59 125
91 60 125
92 60 124
92 59 125
92 60 125
93 60 124
93 60 125
91 58 126
91 58 127
91 59 126
91 60 126
91 59 127
91 60 127
92 59 126
92 60 126
92 59 127
92 60 127
91 58 128
91 58 129
91 58 130
91 59 128
91 60 128
91 59 129
91 59 130
91 60 129
91 60 130
92 59 128
92 60 128
92 59 129
92 59 130
92 60 129
92 60 130
93 60 126
93 60 127
94 60 126
94 60 127
93 59 128
93 60 128
93 60 129
93 60 130
94 60 128
87 61 115
87 62 115
88 61 115
88 62 115
87 61 116
87 61 117
87 62 116
87 62 117
88 61 116
88 61 117
88 62 116
88 62 117
87 63 116
87 63 117
88 63 116
88 63 117
89 61 115
89 62 115
90 61 115
90 62 115
89 61 116
89 61 117
89 62 116
89 62 117
90 61 116
90 61 117
90 62 116
90 62 117
89 63 117
90 63 117
87 61 118
87 61 119
87 62 118
87 62 119
88 61 118
88 61 119
88 62 118
88 62 119
87 61 120
87 61 121
87 62 120
87 62 121
88 61 120
88 61 121
88 62 120
88 62 121
87 63 118
87 63 119
87 64 118
87 64 119
88 63 118
88 63 119
88 64 118
88 64 119
87 63 120
87 63 121
87 64 120
87 64 121
88 63 120
88 63 121
88 64 120
88 64 121
89 61 118
89 61 119
89 62 118
89 62 119
90 61 118
90 61 119
90 62 118
90 62 119
89 61 120
89 61 121
89 62 120
89 62 121
90 61 120
90 61 121
90 62 120
90 62 121
89 63 118
89 63 119
89 64 118
89 64 119
90 63 118
90 63 119
90 64 118
90 64 119
89 63 120
89 63 121
89 64 120
89 64 121
90 63 120
90 63 121
90 64 120
90 64 121
87 65 118
87 65 119
87 66 118
87 66 119
88 65 118
88 65 119
88 66 119
87 65 120
87 65 121
87 66 120
87 66 121
88 65 120
88 65 121
88 66 120
88 66 121
87 67 119
88 67 119
87 67 120
87 67 121
87 68 120
87 68 121
87 69 121
88 67 120
88 67 121
88 68 120
88 68 121
88 69 121
89 65 118
89 65 119
89 66 119
90 65 118
90 65 119
90 66 119
89 65 120
89 65 121
89 66 120
89 66 121
90 65 120
90 65 121
90 66 120
90 66 121
89 67 119
90 67 119
89 67 120
89 67 121
89 68 120
89 68 121
89 69 121
90 67 120
90 67 121
90 68 120
90 68 121
90 69 121
91 62 119
91 61 120
91 61 121
91 62 120
91 62 121
92 62 121
91 63 119
91 64 118
91 64 119
92 64 119
91 63 120
91 63 121
91 64 120
91 64 121
92 63 120
92 63 121
92 64 120
92 64 121
93 63 121
93 64 120
93 64 121
94 64 121
91 65 119
91 66 119
92 65 119
92 66 119
91 65 120
91 65 121
91 66 120
91 66 121
92 65 120
92 65 121
92 66 120
92 66 121
91 67 119
91 67 120
91 67 121
91 68 120
91 68 121
91 69 121
92 67 120
92 67 121
92 68 120
92 68 121
92 69 121
93 65 120
93 65 121
93 66 120
93 66 121
94 65 121
94 66 120
94 66 121
95 66 121
93 67 120
93 67 121
93 68 121
94 67 120
94 67 121
95 67 121
94 68 121
95 68 121
87 61 122
87 61 123
87 62 122
87 62 123
88 61 122
88 61 123
88 62 122
88 62 123
87 61 124
87 61 125
87 62 124
87 62 125
88 61 124
88 61 125
88 62 124
88 62 125
87 63 122
87 63 123
87 64 122
87 64 123
88 63 122
88 63 123
88 64 122
88 64 123
87 63 124
87 63 125
87 64 124
87 64 125
88 63 124
88 63 125
88 64 124
88 64 125
89 61 122
89 61 123
89 62 122
89 62 123
90 61 122
90 61 123
90 62 122
90 62 123
89 61 124
89 61 125
89 62 124
89 62 125
90 61 124
90 61 125
90 62 124
90 62 125
89 63 122
89 63 123
89 64 122
89 64 123
90 63 122
90 63 123
90 64 122
90 64 123
89 63 124
89 63 125
89 64 124
89 64 125
90 63 124
90 63 125
90 64 124
90 64 125
87 61 126
87 61 127
87 62 126
87 62 127
88 61 126
88 61 127
88 62 126
88 62 127
87 61 128
87 61 129
87 61 130
87 62 128
87 62 129
87 62 130
88 61 128
88 61 129
88 61 130
88 62 128
88 62 129
88 62 130
87 63 126
87 63 127
87 64 126
87 64 127
88 63 126
88 63 127
88 64 126
88 64 127
87 63 128
87 63 129
87 63 130
87 64 128
87 64 129
87 64 130
88 63 128
88 63 129
88 63 130
88 64 128
88 64 129
88 64 130
89 61 126
89 61 127
89 62 126
89 62 127
90 61 126
90 61 127
90 62 126
90 62 127
89 61 128
89 61 129
89 61 130
89 62 128
89 62 129
89 62 130
90 61 128
90 61 129
90 61 130
90 62 128
90 62 129
90 62 130
89 63 126
89 63 127
89 64 126
89 64 127
90 63 126
90 63 127
90 64 126
90 64 127
89 63 128
89 63 129
89 63 130
89 64 128
89 64 129
89 64 130
90 63 128
90 63 129
90 63 130
90 64 128
90 64 129
90 64 130
87 65 122
87 65 123
87 66 122
87 66 123
88 65 122
88 65 123
88 66 122
88 66 123
87 65 124
87 65 125
87 66 124
87 66 125
88 65 124
88 65 125
88 66 124
88 66 125
87 67 122
87 67 123
87 68 122
87 69 122
87 68 123
87 69 123
88 67 122
88 67 123
88 68 122
88 69 122
88 68 123
88 69 123
87 67 124
87 67 125
87 68 124
87 68 125
87 69 124
87 69 125
88 67 124
88 67 125
88 68 124
88 68 125
88 69 124
88 69 125
89 65 122
89 65 123
89 66 122
89 66 123
90 65 122
90 65 123
90 66 122
90 66 123
89 65 124
89 65 125
89 66 124
89 66 125
90 65 124
90 65 125
90 66 124
90 66 125
89 67 122
89 67 123
89 68 122
89 69 122
89 68 123
89 69 123
90 67 122
90 67 123
90 68 122
90 69 122
90 68 123
90 69 123
89 67 124
89 67 125
89 68 124
89 68 125
89 69 124
89 69 125
90 67 124
90 67 125
90 68 124
90 68 125
90 69 124
90 69 125
87 65 126
87 65 127
87 66 126
87 66 127
88 65 126
88 65 127
88 66 126
88 66 127
87 65 128
87 65 129
87 65 130
87 66 128
87 66 129
87 66 130
88 65 128
88 65 129
88 65 130
88 66 128
88 66 129
88 66 130
87 67 126
87 67 127
87 68 126
87 69 126
87 68 127
87 69 127
88 67 126
88 67 127
88 68 126
88 69 126
88 68 127
88 69 127
87 67 128
87 67 129
87 67 130
87 68 128
87 69 128
87 68 129
87 68 130
87 69 129
87 69 130
88 67 128
88 67 129
88 67 130
88 68 128
88 69 128
88 68 129
88 68 130
88 69 129
88 69 130
89 65 126
89 65 127
89 66 126
89 66 127
90 65 126
90 65 127
90 66 126
90 66 127
89 65 128
89 65 129
89 65 130
89 66 128
89 66 129
89 66 130
90 65 128
90 65 129
90 65 130
90 66 128
90 66 129
90 66 130
89 67 126
89 67 127
89 68 126
89 69 126
89 68 127
89 69 127
90 67 126
90 67 127
90 68 126
90 69 126
90 68 127
90 69 127
89 67 128
89 67 129
89 67 130
89 68 128
89 69 128
89 68 129
89 68 130
89 69 129
89 69 130
90 67 128
90 67 129
90 67 130
90 68 128
90 69 128
90 68 129
90 68 130
90 69 129
90 69 130
91 61 122
91 61 123
91 62 122
91 62 123
92 61 122
92 61 123
92 62 122
92 62 123
91 61 124
91 61 125
91 62 124
91 62 125
92 61 124
92 61 125
92 62 124
92 62 125
91 63 122
91 63 123
91 64 122
91 64 123
92 63 122
92 63 123
92 64 122
92 64 123
91 63 124
91 63 125
91 64 124
91 64 125
92 63 124
92 63 125
92 64 124
92 64 125
93 61 122
93 61 123
93 62 122
93 62 123
94 62 123
93 61 124
93 61 125
93 62 124
93 62 125
94 61 124
94 61 125
95 61 125
94 62 124
95 62 124
94 62 125
95 62 125
93 63 122
93 63 123
93 64 122
93 64 123
94 63 122
94 63 123
95 63 123
94 64 122
95 64 122
94 64 123
95 64 123
93 63 124
93 63 125
93 64 124
93 64 125
94 63 124
95 63 124
94 63 125
95 63 125
94 64 124
95 64 124
94 64 125
95 64 125
91 61 126
91 61 127
91 62 126
91 62 127
92 61 126
92 61 127
92 62 126
92 62 127
91 61 128
91 61 129
91 61 130
91 62 128
91 62 129
91 62 130
92 61 128
92 61 129
92 61 130
92 62 128
92 62 129
92 62 130
91 63 126
91 63 127
91 64 126
91 64 127
92 63 126
92 63 127
92 64 126
92 64 127
91 63 128
91 63 129
91 63 130
91 64 128
91 64 129
91 64 130
92 63 128
92 63 129
92 63 130
92 64 128
92 64 129
92 64 130
93 61 126
93 61 127
93 62 126
93 62 127
94 61 126
95 61 126
94 61 127
95 61 127
94 62 126
95 62 126
94 62 127
95 62 127
93 61 128
93 61 129
93 61 130
93 62 128
93 62 129
93 62 130
94 61 128
95 61 128
94 61 129
94 61 130
95 61 129
95 61 130
94 62 128
95 62 128
94 62 129
94 62 130
95 62 129
95 62 130
93 63 126
93 63 127
93 64 126
93 64 127
94 63 126
95 63 126
94 63 127
95 63 127
94 64 126
95 64 126
94 64 127
95 64 127
93 63 128
93 63 129
93 63 130
93 64 128
93 64 129
93 64 130
94 63 128
95 63 128
94 63 129
94 63 130
95 63 129
95 63 130
94 64 128
95 64 128
94 64 129
94 64 130
95 64 129
95 64 130
91 65 122
91 65 123
91 66 122
91 66 123
92 65 122
92 65 123
92 66 122
92 66 123
91 65 124
91 65 125
91 66 124
91 66 125
92 65 124
92 65 125
92 66 124
92 66 125
91 67 122
91 67 123
91 68 122
91 69 122
91 68 123
91 69 123
92 67 122
92 67 123
92 68 122
92 69 122
92 68 123
92 69 123
91 67 124
91 67 125
91 68 124
91 68 125
91 69 124
91 69 125
92 67 124
92 67 125
92 68 124
92 68 125
92 69 124
92 69 125
93 65 122
93 65 123
93 66 122
93 66 123
94 65 122
95 65 122
94 65 123
95 65 123
94 66 122
95 66 122
94 66 123
95 66 123
93 65 124
93 65 125
93 66 124
93 66 125
94 65 124
95 65 124
94 65 125
95 65 125
94 66 124
95 66 124
94 66 125
95 66 125
93 67 122
93 67 123
93 68 122
93 69 122
93 68 123
93 69 123
94 67 122
95 67 122
94 67 123
95 67 123
94 68 122
94 69 122
95 68 122
95 69 122
94 68 123
94 69 123
95 68 123
95 69 123
93 67 124
93 67 125
93 68 124
93 68 125
93 69 124
93 69 125
94 67 124
94 67 125
94 68 124
94 68 125
94 69 124
94 69 125
95 67 124
95 67 125
95 68 124
95 68 125
95 69 124
95 69 125
91 65 126
91 65 127
91 66 126
91 66 127
92 65 126
92 65 127
92 66 126
92 66 127
91 65 128
91 65 129
91 65 130
91 66 128
91 66 129
91 66 130
92 65 128
92 65 129
92 65 130
92 66 128
92 66 129
92 66 130
91 67 126
91 67 127
91 68 126
91 68 127
91 69 126
91 69 127
92 67 126
92 67 127
92 68 126
92 68 127
92 69 126
92 69 127
91 67 128
91 67 129
91 67 130
91 68 128
91 69 128
91 68 129
91 68 130
91 69 129
91 69 130
92 67 128
92 67 129
92 67 130
92 68 128
92 69 128
92 68 129
92 68 130
92 69 129
92 69 130
93 65 126
93 65 127
93 66 126
93 66 127
94 65 126
95 65 126
94 65 127
95 65 127
94 66 126
95 66 126
94 66 127
95 66 127
93 65 128
93 65 129
93 65 130
93 66 128
93 66 129
93 66 130
94 65 128
95 65 128
94 65 129
94 65 130
95 65 129
95 65 130
94 66 128
95 66 128
94 66 129
94 66 130
95 66 129
95 66 130
93 67 126
93 67 127
93 68 126
93 69 126
93 68 127
93 69 127
94 67 126
95 67 126
94 67 127
95 67 127
94 68 126
94 69 126
95 68 126
95 69 126
94 68 127
94 69 127
95 68 127
95 69 127
93 67 128
93 67 129
93 67 130
93 68 128
93 69 128
93 68 129
93 68 130
93 69 129
93 69 130
94 67 128
95 67 128
94 67 129
94 67 130
95 67 129
95 67 130
94 68 128
94 69 128
95 68 128
95 69 128
94 68 129
94 68 130
94 69 129
94 69 130
95 68 129
95 68 130
95 69 129
95 69 130
96 62 125
96 63 124
96 63 125
96 64 124
96 64 125
97 63 125
97 64 125
96 62 126
96 62 127
96 62 128
96 62 129
96 62 130
96 63 126
96 63 127
96 64 126
96 64 127
97 63 126
97 63 127
97 64 126
97 64 127
96 63 128
96 63 129
96 63 130
96 64 128
96 64 129
96 64 130
97 63 128
97 63 129
97 64 128
97 64 129
97 64 130
98 64 126
98 64 127
98 64 128
98 64 129
96 65 123
96 66 122
96 66 123
97 66 123
96 65 124
96 65 125
96 66 124
96 66 125
97 65 124
97 65 125
97 66 124
97 66 125
96 67 122
96 67 123
96 68 122
96 69 122
96 68 123
96 69 123
97 67 123
97 68 123
97 69 123
96 67 124
96 67 125
96 68 124
96 69 124
96 68 125
96 69 125
97 67 124
97 67 125
97 68 124
97 69 124
97 68 125
97 69 125
98 65 125
98 66 125
98 67 124
98 67 125
98 68 125
98 69 125
96 65 126
96 65 127
96 66 126
96 66 127
97 65 126
97 65 127
97 66 126
97 66 127
96 65 128
96 65 129
96 65 130
96 66 128
96 66 129
96 66 130
97 65 128
97 65 129
97 65 130
97 66 128
97 66 129
97 66 130
96 67 126
96 67 127
96 68 126
96 68 127
96 69 126
96 69 127
97 67 126
97 67 127
97 68 126
97 68 127
97 69 126
97 69 127
96 67 128
96 67 129
96 67 130
96 68 128
96 69 128
96 68 129
96 68 130
96 69 129
96 69 130
97 67 128
97 67 129
97 67 130
97 68 128
97 69 128
97 68 129
97 68 130
97 69 129
97 69 130
98 65 126
98 65 127
98 66 126
98 66 127
98 65 128
98 65 129
98 65 130
98 66 128
98 66 129
98 66 130
98 67 126
98 67 127
98 68 126
98 69 126
98 68 127
98 69 127
98 67 128
98 67 129
98 67 130
98 68 128
98 69 128
98 68 129
98 68 130
98 69 129
98 69 130
70 70 22
70 70 23
70 71 23
70 70 24
70 70 25
70 71 24
70 71 25
70 70 26
70 70 27
70 71 26
70 71 27
71 70 27
70 70 28
70 70 29
70 71 28
70 71 29
71 70 28
71 70 29
70 70 30
70 70 31
70 71 30
70 71 31
71 70 30
71 70 31
71 71 30
70 70 32
70 70 33
71 70 32
71 70 33
70 70 34
70 70 35
70 71 35
71 70 34
71 70 35
72 70 32
72 70 33
72 70 34
72 70 35
70 70 36
70 70 37
71 70 36
71 70 37
71 70 38
71 70 39
72 70 36
72 70 37
73 70 36
73 70 37
72 70 38
72 70 39
73 70 38
73 70 39
71 70 40
71 70 41
71 70 42
71 70 43
72 70 40
72 70 41
73 70 40
73 70 41
72 70 42
72 70 43
73 70 42
73 70 43
72 70 44
72 70 45
73 70 44
73 70 45
72 70 46
72 70 47
73 70 46
73 70 47
74 70 42
74 70 43
74 70 44
74 70 45
74 70 46
74 70 47
73 70 48
73 70 49
73 70 50
73 70 51
73 70 52
73 70 53
74 70 48
74 70 49
74 70 50
74 70 51
74 70 52
74 70 53
74 70 54
74 70 56
74 70 58
82 70 122
82 70 123
83 70 122
83 70 123
83 71 123
82 70 124
82 70 125
82 71 124
82 71 125
83 70 124
83 70 125
83 71 124
83 71 125
83 72 123
83 72 124
83 72 125
83 73 125
84 70 122
84 70 123
84 71 122
84 71 123
85 70 122
86 70 122
85 70 123
86 70 123
85 71 122
86 71 122
85 71 123
86 71 123
84 70 124
84 70 125
84 71 124
84 71 125
85 70 124
86 70 124
85 70 125
86 70 125
85 71 124
86 71 124
85 71 125
86 71 125
84 72 123
85 72 123
86 72 123
84 72 124
84 72 125
84 73 124
84 73 125
85 72 124
86 72 124
85 72 125
86 72 125
85 73 124
86 73 124
85 73 125
86 73 125
82 70 126
82 70 127
82 71 126
82 71 127
83 70 126
83 70 127
83 71 126
83 71 127
82 70 128
83 70 128
83 70 129
83 70 130
83 71 128
83 71 129
83 71 130
83 72 126
83 72 127
83 73 126
83 73 127
83 72 128
83 72 129
83 72 130
83 73 128
83 73 129
83 73 130
84 70 126
84 70 127
84 71 126
84 71 127
85 70 126
86 70 126
85 70 127
86 70 127
85 71 126
86 71 126
85 71 127
86 71 127
84 70 128
84 70 129
84 70 130
84 71 128
84 71 129
84 71 130
85 70 128
86 70 128
85 70 129
85 70 130
86 70 129
86 70 130
85 71 128
86 71 128
85 71 129
85 71 130
86 71 129
86 71 130
84 72 126
84 72 127
84 73 126
84 73 127
85 72 126
86 72 126
85 72 127
86 72 127
85 73 126
86 73 126
85 73 127
86 73 127
84 72 128
84 72 129
84 72 130
84 73 128
84 73 129
84 73 130
85 72 128
86 72 128
85 72 129
85 72 130
86 72 129
86 72 130
85 73 128
86 73 128
85 73 129
85 73 130
86 73 129
86 73 130
84 74 125
85 74 125
86 74 125
84 74 126
84 74 127
85 74 126
86 74 126
85 74 127
86 74 127
86 75 126
85 75 127
86 75 127
84 74 128
84 74 129
84 74 130
85 74 128
86 74 128
85 74 129
85 74 130
86 74 129
86 74 130
85 75 128
86 75 128
85 75 129
85 75 130
86 75 129
86 75 130
86 76 129
86 76 130
87 70 122
87 70 123
87 71 123
88 70 122
88 70 123
88 71 123
87 70 124
87 70 125
87 71 124
87 71 125
88 70 124
88 70 125
88 71 124
88 71 125
87 72 123
88 72 123
87 72 124
87 72 125
87 73 124
87 73 125
88 72 124
88 72 125
88 73 124
88 73 125
89 70 122
89 70 123
89 71 123
90 70 122
90 70 123
90 71 123
89 70 124
89 70 125
89 71 124
89 71 125
90 70 124
90 70 125
90 71 124
90 71 125
89 72 124
89 72 125
89 73 124
89 73 125
90 72 124
90 72 125
90 73 125
87 70 126
87 70 127
87 71 126
87 71 127
88 70 126
88 70 127
88 71 126
88 71 127
87 70 128
87 70 129
87 70 130
87 71 128
87 71 129
87 71 130
88 70 128
88 70 129
88 70 130
88 71 128
88 71 129
88 71 130
87 72 126
87 72 127
87 73 126
87 73 127
88 72 126
88 72 127
88 73 126
88 73 127
87 72 128
87 72 129
87 72 130
87 73 128
87 73 129
87 73 130
88 72 128
88 72 129
88 72 130
88 73 128
88 73 129
88 73 130
89 70 126
89 70 127
89 71 126
89 71 127
90 70 126
90 70 127
90 71 126
90 71 127
89 70 128
89 70 129
89 70 130
89 71 128
89 71 129
89 71 130
90 70 128
90 70 129
90 70 130
90 71 128
90 71 129
90 71 130
89 72 126
89 72 127
89 73 126
89 73 127
90 72 126
90 72 127
90 73 126
90 73 127
89 72 128
89 72 129
89 72 130
89 73 128
89 73 129
89 73 130
90 72 128
90 72 129
90 72 130
90 73 128
90 73 129
90 73 130
87 74 125
88 74 125
89 74 125
87 74 126
87 74 127
87 75 126
87 75 127
88 74 126
88 74 127
88 75 126
88 75 127
87 74 128
87 74 129
87 74 130
87 75 128
87 75 129
87 75 130
88 74 128
88 74 129
88 74 130
88 75 128
88 75 129
88 75 130
87 76 129
87 76 130
88 76 129
88 76 130
88 77 129
89 74 126
89 74 127
89 75 127
90 74 126
90 74 127
90 75 127
89 74 128
89 74 129
89 74 130
89 75 128
89 75 129
89 75 130
90 74 128
90 74 129
90 74 130
90 75 128
90 75 129
90 75 130
89 76 129
89 76 130
89 77 129
90 76 129
90 76 130
91 70 122
91 70 123
91 71 123
92 70 122
92 70 123
92 71 123
91 70 124
91 70 125
91 71 124
91 71 125
92 70 124
92 70 125
92 71 124
92 71 125
91 72 124
91 72 125
91 73 125
92 72 124
92 72 125
92 73 125
93 70 123
93 71 123
94 70 123
95 70 123
93 70 124
93 70 125
93 71 124
93 71 125
94 70 124
95 70 124
94 70 125
95 70 125
94 71 124
95 71 124
94 71 125
95 71 125
93 72 124
93 72 125
93 73 125
94 72 125
95 72 125
91 70 126
91 70 127
91 71 126
91 71 127
92 70 126
92 70 127
92 71 126
92 71 127
91 70 128
91 70 129
91 70 130
91 71 128
91 71 129
91 71 130
92 70 128
92 70 129
92 70 130
92 71 128
92 71 129
92 71 130
91 72 126
91 72 127
91 73 126
91 73 127
92 72 126
92 72 127
92 73 126
92 73 127
91 72 128
91 72 129
91 72 130
91 73 128
91 73 129
91 73 130
92 72 128
92 72 129
92 72 130
92 73 128
92 73 129
92 73 130
93 70 126
93 70 127
93 71 126
93 71 127
94 70 126
94 70 127
94 71 126
94 71 127
95 70 126
95 70 127
95 71 126
95 71 127
93 70 128
93 70 129
93 70 130
93 71 128
93 71 129
93 71 130
94 70 128
95 70 128
94 70 129
94 70 130
95 70 129
95 70 130
94 71 128
95 71 128
94 71 129
94 71 130
95 71 129
95 71 130
93 72 126
93 72 127
93 73 126
93 73 127
94 72 126
95 72 126
94 72 127
95 72 127
94 73 126
95 73 126
94 73 127
95 73 127
93 72 128
93 72 129
93 72 130
93 73 128
93 73 129
93 73 130
94 72 128
95 72 128
94 72 129
94 72 130
95 72 129
95 72 130
94 73 128
95 73 128
94 73 129
94 73 130
95 73 129
95 73 130
91 74 126
91 74 127
92 74 126
92 74 127
91 74 128
91 74 129
91 74 130
91 75 128
91 75 129
91 75 130
92 74 128
92 74 129
92 74 130
92 75 128
92 75 129
92 75 130
91 76 129
91 76 130
92 76 129
92 76 130
93 74 127
94 74 127
93 74 128
93 74 129
93 74 130
93 75 129
93 75 130
94 74 128
95 74 128
94 74 129
94 74 130
95 74 129
95 74 130
94 75 129
94 75 130
94 76 129
96 70 123
96 70 124
96 70 125
96 71 124
96 71 125
97 70 124
97 70 125
97 71 125
96 72 125
98 70 125
96 70 126
96 70 127
96 71 126
96 71 127
97 70 126
97 70 127
97 71 126
97 71 127
96 70 128
96 70 129
96 70 130
96 71 128
96 71 129
96 71 130
97 70 128
97 70 129
97 70 130
97 71 128
97 71 129
97 71 130
96 72 126
96 72 127
96 73 127
97 72 126
97 72 127
96 72 128
96 72 129
96 72 130
96 73 128
96 73 129
96 73 130
97 72 128
97 72 129
97 72 130
97 73 128
97 73 129
97 73 130
98 70 126
98 70 127
98 71 126
98 71 127
98 70 128
98 70 129
98 70 130
98 71 128
98 71 129
98 71 130
98 72 128
96 74 129
96 74 130
