0.15
5888
97 97 69
87 105 4
87 106 3
87 106 4
87 107 4
88 105 4
88 106 3
88 106 4
89 105 4
89 106 3
89 106 4
88 107 3
88 107 4
87 105 5
87 106 5
87 105 6
87 106 6
87 105 7
87 106 7
87 105 8
87 105 9
87 106 8
87 106 9
87 107 5
88 105 5
88 106 5
88 105 6
88 106 6
89 105 5
89 106 5
89 105 6
89 106 6
90 105 6
88 104 8
88 104 9
88 105 7
88 106 7
88 105 8
88 105 9
88 106 8
88 106 9
89 104 8
89 104 9
90 104 9
89 105 7
89 106 7
90 105 7
89 105 8
89 105 9
89 106 8
89 106 9
90 105 8
90 105 9
90 106 8
90 106 9
88 107 5
88 107 6
89 107 6
88 107 8
89 103 14
90 103 14
88 103 16
89 103 15
90 103 15
89 103 16
89 103 17
90 103 16
90 103 17
89 103 18
90 103 18
89 102 19
89 102 20
89 103 19
89 103 20
90 102 19
90 102 20
90 103 19
90 103 20
88 104 10
88 104 11
88 105 10
88 106 10
88 105 11
88 106 11
89 104 10
90 104 10
89 104 11
90 104 11
89 105 10
89 106 10
90 105 10
90 106 10
89 105 11
89 106 11
90 105 11
90 106 11
88 104 12
88 104 13
88 104 14
88 105 12
88 106 12
88 105 13
88 105 14
88 106 13
89 104 12
90 104 12
89 104 13
89 104 14
90 104 13
90 104 14
89 105 12
89 106 12
90 105 12
89 105 13
89 105 14
89 106 13
89 106 14
90 105 13
90 105 14
90 106 13
88 104 15
88 104 16
88 104 17
88 105 15
88 105 16
89 104 15
90 104 15
89 104 16
89 104 17
90 104 16
90 104 17
89 105 15
90 105 15
89 105 16
89 105 17
90 105 16
90 105 17
89 104 18
90 104 18
89 104 19
89 104 20
90 104 19
90 104 20
89 105 18
90 105 18
89 105 19
89 105 20
90 105 19
90 105 20
91 103 15
91 103 16
91 103 17
91 103 18
91 102 20
91 103 19
91 103 20
91 104 14
91 104 15
91 104 16
91 104 17
91 104 18
91 104 19
91 104 20
89 102 21
89 103 21
90 102 21
90 103 21
89 102 22
89 103 22
90 102 22
90 103 22
90 101 25
89 102 23
89 103 23
90 102 23
90 103 23
89 102 24
89 102 25
89 103 24
89 103 25
90 102 24
90 102 25
90 103 24
90 103 25
90 100 31
90 101 26
90 101 27
90 101 28
89 102 26
89 103 26
90 102 26
90 103 26
89 102 27
89 103 27
90 102 27
90 102 28
90 103 27
90 103 28
90 101 29
90 101 30
90 101 31
90 102 29
90 103 29
90 102 30
90 102 31
90 103 30
90 103 31
89 104 21
90 104 21
89 104 22
90 104 22
89 105 21
90 105 21
89 104 23
90 104 23
89 104 24
89 104 25
90 104 24
90 104 25
90 104 26
90 104 27
91 102 21
91 103 21
91 102 22
91 103 22
91 102 23
91 103 23
91 102 24
91 102 25
91 103 24
91 103 25
92 102 25
92 103 24
92 103 25
91 100 31
92 100 31
91 101 26
91 101 27
91 101 28
91 102 26
91 103 26
91 102 27
91 102 28
91 103 27
91 103 28
92 101 27
92 101 28
92 102 26
92 103 26
92 102 27
92 102 28
92 103 27
92 103 28
91 101 29
91 101 30
91 101 31
91 102 29
91 103 29
91 102 30
91 102 31
91 103 30
91 103 31
92 101 29
92 101 30
92 101 31
93 101 30
93 101 31
92 102 29
92 103 29
92 102 30
92 102 31
92 103 30
92 103 31
93 102 31
91 104 21
91 104 22
91 104 23
91 104 24
91 104 25
91 104 26
90 101 32
90 101 33
90 102 32
90 102 33
91 100 32
91 100 33
92 100 32
92 100 33
93 100 33
91 100 34
91 100 35
91 100 36
92 100 34
93 100 34
92 100 35
92 100 36
93 100 35
93 100 36
91 101 32
91 101 33
91 102 32
91 103 32
91 102 33
91 103 33
92 101 32
93 101 32
92 101 33
93 101 33
92 102 32
92 103 32
93 102 32
92 102 33
92 103 33
93 102 33
91 101 34
91 101 35
91 101 36
91 102 34
91 103 34
91 102 35
91 102 36
92 101 34
93 101 34
92 101 35
92 101 36
93 101 35
93 101 36
92 102 34
92 103 34
93 102 34
92 102 35
92 102 36
93 102 35
93 102 36
94 101 36
91 100 37
91 100 38
91 100 39
92 99 37
92 100 37
93 100 37
92 99 38
92 99 39
92 100 38
92 100 39
93 100 38
93 100 39
91 100 40
92 99 40
92 100 40
93 100 40
92 99 41
92 99 42
92 100 41
92 100 42
93 99 41
93 99 42
93 100 41
93 100 42
91 101 37
91 101 38
91 101 39
91 102 37
91 102 38
92 101 37
93 101 37
92 101 38
92 101 39
93 101 38
93 101 39
92 102 37
93 102 37
92 102 38
92 102 39
93 102 38
93 102 39
91 101 40
92 101 40
93 101 40
92 101 41
92 101 42
93 101 41
93 101 42
92 102 40
93 102 40
92 102 41
92 102 42
93 102 41
93 102 42
94 100 37
94 100 38
94 100 39
94 100 40
94 99 41
94 99 42
94 100 41
94 100 42
94 101 37
94 101 38
94 101 39
94 101 40
94 101 41
94 101 42
92 99 43
92 100 43
93 99 43
93 100 43
92 99 44
92 100 44
93 99 44
93 100 44
92 99 45
92 100 45
93 99 45
93 100 45
92 99 46
92 100 46
92 100 47
93 99 46
93 99 47
93 100 46
93 100 47
92 101 43
93 101 43
92 101 44
93 101 44
93 102 43
93 102 44
92 101 45
93 101 45
93 101 46
93 101 47
93 102 45
94 99 43
94 100 43
95 100 43
94 99 44
94 100 44
95 100 44
94 99 45
94 100 45
95 99 45
95 100 45
94 99 46
94 99 47
94 100 46
94 100 47
95 99 46
95 99 47
95 100 46
95 100 47
94 101 43
95 101 43
94 101 44
94 101 45
95 101 45
94 101 46
94 101 47
95 101 46
95 101 47
93 98 49
93 98 50
93 99 48
93 100 48
93 99 49
93 99 50
93 100 49
93 100 50
93 98 51
93 99 51
93 100 51
93 99 52
93 99 53
93 100 52
93 100 53
93 101 48
93 101 49
93 101 50
94 98 49
94 98 50
95 98 50
94 99 48
94 100 48
95 99 48
95 100 48
94 99 49
94 99 50
94 100 49
94 100 50
95 99 49
95 99 50
95 100 49
95 100 50
96 99 50
96 100 50
94 98 51
95 98 51
94 98 52
94 98 53
95 98 52
95 98 53
94 99 51
94 100 51
95 99 51
95 100 51
94 99 52
94 99 53
94 100 52
94 100 53
95 99 52
95 99 53
95 100 52
95 100 53
96 98 53
96 99 51
96 100 51
96 99 52
96 99 53
96 100 52
96 100 53
94 101 48
95 101 48
94 101 49
94 101 50
95 101 49
95 101 50
94 101 51
95 101 51
94 101 52
94 101 53
95 101 52
95 101 53
94 98 54
95 98 54
94 98 55
95 98 55
94 99 54
94 100 54
95 99 54
95 100 54
94 99 55
94 100 55
95 99 55
95 100 55
96 98 54
96 98 55
96 99 54
96 100 54
96 99 55
96 100 55
94 98 56
95 98 56
94 98 57
95 98 57
95 98 58
94 99 56
94 100 56
95 99 56
95 100 56
94 99 57
94 99 58
94 100 57
95 99 57
95 99 58
95 100 57
95 100 58
96 98 56
97 98 56
96 98 57
96 98 58
97 98 57
97 98 58
96 99 56
96 100 56
97 99 56
96 99 57
96 99 58
96 100 57
96 100 58
97 99 57
97 99 58
97 100 57
97 100 58
94 101 54
95 101 54
95 101 55
95 101 56
95 98 59
95 98 60
95 98 61
95 99 59
95 100 59
95 99 60
95 99 61
95 100 60
95 100 61
96 98 59
97 98 59
96 98 60
96 98 61
97 98 60
97 98 61
96 99 59
96 100 59
97 99 59
97 100 59
96 99 60
96 99 61
96 100 60
96 100 61
97 99 60
97 99 61
97 100 60
97 100 61
96 98 62
97 98 62
96 98 63
96 98 64
97 98 63
97 98 64
96 99 62
96 100 62
97 99 62
97 100 62
96 99 63
96 99 64
96 100 63
96 100 64
97 99 63
97 99 64
97 100 63
97 100 64
96 98 65
97 98 65
97 98 66
96 99 65
97 99 65
97 100 65
97 99 66
97 100 66
97 98 67
97 98 68
97 98 69
97 99 67
97 100 67
97 99 68
97 99 69
97 98 70
98 97 67
98 97 69
99 97 69
98 97 70
98 97 71
98 97 72
99 97 70
100 97 70
99 97 71
99 97 72
100 97 71
100 97 72
98 97 73
98 97 74
99 97 73
100 97 73
99 97 74
99 97 75
100 97 74
100 97 75
101 97 74
101 97 75
99 97 76
100 97 76
99 97 77
100 97 77
99 97 78
100 97 78
99 97 79
99 97 80
100 96 79
100 97 79
100 97 80
101 97 76
101 97 77
101 97 78
101 96 79
101 96 80
101 97 79
101 97 80
102 97 78
102 97 79
102 97 80
100 97 81
100 97 82
100 97 83
100 97 84
101 96 81
101 97 81
101 96 82
101 96 83
101 97 82
101 97 83
102 96 81
102 97 81
102 96 82
102 96 83
102 97 82
102 97 83
103 97 83
101 96 84
101 97 84
101 96 85
101 96 86
101 97 85
101 97 86
102 96 84
102 97 84
103 97 84
102 96 85
102 96 86
102 97 85
102 97 86
103 96 85
103 96 86
103 97 85
103 97 86
135 8 129
135 9 129
135 10 129
133 12 133
133 12 134
133 13 133
133 13 134
133 14 134
133 12 135
133 13 135
133 14 135
133 13 136
133 14 136
133 14 137
133 15 135
132 15 137
133 15 136
133 15 137
132 16 136
132 16 137
132 17 137
133 16 136
133 16 137
132 15 138
133 15 138
132 15 139
132 16 138
132 17 138
133 16 138
133 17 138
132 16 139
132 17 139
132 17 140
133 16 139
133 17 139
131 18 139
131 18 140
131 19 140
132 18 139
132 18 140
132 19 140
130 20 142
130 20 143
130 21 142
130 22 142
130 21 143
130 21 144
129 22 143
129 23 143
130 22 143
130 23 143
129 22 144
129 23 144
129 23 145
130 22 144
130 22 145
130 23 144
130 23 145
131 18 141
131 18 142
131 19 141
131 20 141
131 19 142
131 20 142
132 18 141
132 19 141
132 19 142
131 20 143
131 21 141
131 21 142
131 21 143
131 21 144
131 22 144
129 23 146
130 23 146
135 8 130
134 10 131
134 11 131
135 9 130
135 9 131
135 10 130
135 10 131
135 11 131
134 10 132
134 11 132
134 10 133
134 11 133
134 11 134
135 10 132
135 11 132
135 11 133
134 12 132
134 12 133
134 12 134
134 13 133
134 13 134
134 12 135
134 13 135
134 14 136
127 28 149
127 29 150
127 29 151
127 30 149
127 30 150
127 30 151
127 31 150
127 31 151
127 32 151
129 24 144
129 24 145
130 24 144
130 24 145
129 25 145
130 25 145
128 26 147
128 26 148
129 24 146
130 24 146
129 24 147
129 25 146
129 26 146
130 25 146
129 25 147
129 26 147
129 26 148
130 25 147
128 27 147
128 27 148
128 28 147
128 28 148
128 29 148
129 27 147
129 27 148
129 28 148
128 27 149
128 28 149
128 29 149
128 28 150
128 29 150
128 29 151
129 27 149
129 28 149
128 30 149
128 30 150
128 30 151
128 31 150
128 31 151
127 30 152
127 31 152
127 32 152
126 31 153
126 32 153
127 31 153
127 32 153
126 32 154
127 32 154
126 33 152
127 33 152
126 33 153
127 33 153
126 34 153
127 34 153
126 33 154
127 33 154
126 34 154
126 35 154
127 34 154
127 35 154
126 34 155
126 35 155
126 35 156
127 34 155
127 35 155
128 30 152
128 31 152
125 36 155
125 36 156
125 37 155
125 37 156
125 38 156
126 36 154
126 36 155
126 36 156
127 36 156
126 37 155
126 37 156
126 38 156
124 41 158
124 41 159
125 36 157
125 37 157
125 38 157
125 38 158
126 36 157
126 37 157
126 38 157
126 37 158
126 38 158
125 39 157
125 39 158
125 39 159
125 40 158
125 40 159
125 41 158
125 41 159
126 39 157
126 39 158
126 39 159
126 40 158
126 40 159
126 41 158
126 41 159
125 40 160
125 41 160
124 42 159
124 42 160
124 42 161
124 43 160
124 44 160
123 44 161
123 44 162
124 43 161
124 43 162
124 44 161
124 44 162
123 45 161
123 45 162
123 46 162
124 45 161
124 45 162
124 46 162
125 42 159
125 42 160
125 42 161
125 43 160
125 43 161
125 43 162
125 44 161
125 44 162
125 45 162
125 46 162
124 44 163
122 46 163
123 45 163
123 46 163
124 45 163
124 46 163
123 46 164
124 46 164
123 47 163
123 48 163
124 47 163
124 48 163
123 47 164
123 48 164
124 47 164
124 48 164
123 47 165
123 48 165
124 47 165
124 48 165
125 45 163
125 46 163
101 96 87
101 97 87
101 96 88
101 97 88
102 96 87
102 97 87
103 96 87
103 97 87
102 96 88
102 97 88
103 96 88
103 97 88
101 96 89
101 97 89
101 97 90
102 96 89
102 97 89
103 96 89
103 97 89
102 96 90
102 96 91
102 97 90
102 97 91
103 96 90
103 96 91
103 97 90
103 97 91
102 96 92
102 97 92
103 96 92
103 97 92
102 96 93
102 97 93
103 96 93
103 97 93
102 96 94
102 97 94
103 96 94
103 97 94
102 96 95
102 96 96
102 97 95
102 97 96
103 96 95
103 96 96
103 97 95
103 97 96
104 97 88
104 96 89
104 97 89
104 96 90
104 96 91
104 97 90
104 97 91
104 96 92
104 97 92
104 96 93
104 97 93
104 95 94
104 95 95
104 95 96
104 96 94
104 97 94
104 96 95
104 96 96
104 97 95
104 97 96
105 96 94
105 97 94
105 96 95
105 96 96
105 97 95
105 97 96
103 95 98
102 96 97
102 97 97
103 96 97
103 97 97
103 96 98
103 97 98
103 95 99
103 95 100
103 95 101
103 96 99
103 97 99
103 96 100
103 96 101
103 97 100
103 97 101
103 95 102
103 95 103
103 96 102
103 97 102
103 96 103
103 96 104
103 97 103
103 97 104
103 96 105
104 95 97
104 95 98
104 96 97
104 97 97
104 96 98
104 97 98
105 95 98
105 96 97
105 97 97
105 96 98
105 97 98
104 95 99
104 95 100
104 95 101
104 96 99
104 97 99
104 96 100
104 96 101
104 97 100
104 97 101
105 95 99
105 95 100
105 95 101
105 96 99
105 97 99
105 96 100
105 96 101
105 97 100
105 97 101
106 96 100
106 96 101
106 97 100
106 97 101
104 95 102
104 95 103
104 95 104
104 96 102
104 97 102
104 96 103
104 96 104
104 97 103
104 97 104
105 95 102
106 95 102
105 95 103
105 95 104
106 95 103
106 95 104
105 96 102
105 97 102
106 96 102
106 97 102
105 96 103
105 96 104
105 97 103
105 97 104
106 96 103
106 96 104
106 97 103
106 97 104
104 95 105
104 95 106
104 95 107
104 96 105
104 97 105
104 96 106
104 96 107
104 97 106
104 97 107
105 95 105
106 95 105
105 95 106
105 95 107
106 95 106
106 95 107
105 96 105
105 97 105
106 96 105
106 97 105
105 96 106
105 96 107
105 97 106
105 97 107
106 96 106
106 96 107
106 97 106
106 97 107
104 95 108
104 95 109
104 96 108
104 97 108
104 96 109
104 97 109
105 94 108
105 95 108
106 94 108
106 95 108
105 94 109
105 95 109
106 94 109
106 95 109
105 96 108
105 97 108
106 96 108
106 97 108
105 96 109
105 97 109
106 96 109
106 97 109
104 95 110
104 95 111
104 96 110
104 96 111
105 94 110
105 95 110
106 94 110
106 95 110
105 94 111
105 94 112
105 95 111
105 95 112
106 94 111
106 94 112
106 95 111
106 95 112
105 96 110
105 97 110
106 96 110
106 97 110
105 96 111
105 96 112
105 97 111
105 97 112
106 96 111
106 96 112
106 97 111
106 97 112
107 95 108
107 95 109
107 96 108
107 96 109
107 97 109
107 94 110
107 95 110
107 94 111
107 94 112
107 95 111
107 95 112
107 96 110
107 97 110
107 96 111
107 96 112
107 97 111
107 97 112
105 94 113
105 95 113
106 94 113
106 95 113
105 94 114
105 94 115
105 95 114
105 95 115
106 94 114
106 94 115
106 95 114
106 95 115
105 96 113
106 96 113
105 96 114
105 96 115
106 96 114
106 96 115
105 94 116
105 95 116
106 94 116
106 95 116
105 95 117
105 95 118
106 94 117
106 94 118
106 95 117
106 95 118
105 96 116
106 96 116
106 96 117
106 96 118
107 94 113
107 95 113
107 94 114
107 94 115
107 95 114
107 95 115
107 96 113
107 96 114
107 96 115
108 95 113
108 94 115
108 95 114
108 95 115
108 96 113
108 96 114
108 96 115
107 94 116
107 95 116
107 94 117
107 94 118
107 95 117
107 95 118
107 96 116
107 96 117
107 96 118
108 94 116
108 95 116
108 94 117
108 94 118
108 95 117
108 95 118
108 96 116
108 96 117
108 96 118
106 93 120
106 93 121
106 93 122
106 93 123
106 94 119
106 95 119
106 94 120
106 95 120
106 96 119
106 96 120
106 94 121
106 95 121
106 94 122
106 94 123
106 95 122
106 95 123
106 96 121
107 93 119
107 93 120
108 93 119
108 93 120
107 93 121
107 93 122
107 93 123
108 93 121
108 93 122
108 93 123
107 94 119
107 95 119
107 94 120
107 95 120
107 96 119
107 96 120
108 94 119
108 95 119
108 94 120
108 95 120
108 96 119
108 96 120
107 94 121
107 95 121
107 94 122
107 94 123
107 95 122
107 95 123
107 96 121
108 94 121
108 95 121
108 94 122
108 94 123
108 95 122
108 95 123
109 94 122
109 94 123
109 95 122
109 95 123
108 96 121
106 93 124
106 93 125
106 93 126
106 93 127
106 92 128
106 92 129
106 93 128
106 93 129
106 94 124
106 95 124
106 94 125
106 94 126
106 95 125
106 94 127
106 94 128
107 93 124
107 92 126
107 93 125
107 93 126
108 93 124
109 93 124
108 92 126
108 93 125
108 93 126
109 92 126
109 93 125
109 93 126
107 91 129
107 92 127
107 93 127
107 92 128
107 92 129
107 93 128
107 93 129
108 91 129
109 91 129
108 92 127
108 93 127
109 92 127
109 93 127
108 92 128
108 92 129
108 93 128
108 93 129
109 92 128
109 92 129
109 93 128
109 93 129
107 94 124
107 95 124
107 94 125
107 94 126
107 95 125
107 95 126
108 94 124
108 95 124
109 94 124
109 95 124
108 94 125
108 94 126
108 95 125
108 95 126
109 94 125
109 94 126
109 95 125
109 95 126
107 94 127
107 95 127
107 94 128
107 94 129
108 94 127
108 95 127
109 94 127
108 94 128
108 94 129
109 94 128
109 94 129
121 56 169
121 57 169
119 60 170
121 58 169
121 58 170
120 59 169
120 60 170
121 59 170
121 60 169
121 60 170
121 61 170
119 61 171
120 61 171
121 61 171
120 62 171
120 63 171
121 62 171
121 63 171
121 62 172
121 62 173
121 63 172
121 63 173
121 64 172
121 64 173
120 65 172
120 65 173
102 83 141
102 84 141
103 83 141
103 84 141
102 83 142
102 84 142
103 83 142
103 84 142
103 83 143
103 84 143
105 81 145
106 81 145
104 83 141
104 83 142
104 84 142
106 83 141
106 84 141
105 83 142
105 84 142
106 83 142
106 84 142
104 83 143
104 84 143
105 82 145
106 82 145
105 83 143
105 84 143
106 83 143
106 84 143
105 83 145
105 84 144
105 84 145
106 83 145
106 84 144
106 84 145
107 82 141
107 83 141
107 84 141
107 83 142
107 84 142
108 83 141
108 84 141
108 84 142
107 82 145
107 83 143
107 84 143
107 83 145
107 84 144
107 84 145
108 84 143
108 83 145
108 84 144
108 84 145
104 83 146
104 84 146
104 84 147
105 82 146
106 82 146
105 83 146
105 84 146
106 83 146
106 84 146
105 83 147
105 84 147
106 83 147
106 84 147
106 84 148
106 84 149
107 82 146
107 83 146
107 84 146
107 83 147
107 83 148
107 84 147
107 84 148
108 83 146
108 84 146
109 84 146
108 83 147
108 83 148
108 84 147
108 84 148
109 83 148
109 84 147
109 84 148
107 84 149
107 84 150
107 84 151
108 84 149
109 84 149
108 84 150
108 84 151
109 84 150
109 84 151
107 90 132
107 90 133
107 90 134
108 90 132
109 90 132
108 89 134
108 90 133
108 90 134
109 89 134
109 90 133
109 90 134
105 87 139
106 86 140
106 87 139
106 87 140
106 88 137
106 90 135
106 89 137
106 90 136
106 90 137
104 88 138
105 88 138
106 88 138
105 88 139
106 88 139
106 88 140
105 89 138
106 89 138
106 90 138
105 89 139
106 89 139
106 89 140
106 90 139
107 87 137
108 87 136
108 87 137
109 87 136
109 87 137
107 87 138
107 86 140
107 87 139
107 87 140
108 87 138
109 87 138
108 86 140
108 87 139
108 87 140
107 88 135
107 88 136
107 88 137
107 89 135
107 90 135
107 89 136
107 89 137
107 90 136
107 90 137
108 88 135
108 88 136
108 88 137
109 88 136
109 88 137
108 89 135
108 90 135
109 89 135
109 90 135
108 89 136
108 89 137
108 90 136
108 90 137
109 89 136
109 89 137
109 90 136
109 90 137
107 88 138
107 88 139
107 88 140
107 89 138
107 90 138
107 89 139
107 89 140
107 90 139
108 88 138
109 88 138
108 88 139
108 88 140
109 88 139
109 88 140
108 89 138
108 90 138
109 89 138
109 90 138
108 89 139
108 89 140
108 90 139
109 89 139
106 92 130
106 93 130
106 91 132
106 92 132
107 91 130
107 91 131
107 92 130
107 93 130
107 92 131
107 93 131
108 91 130
109 91 130
108 91 131
109 91 131
108 92 130
108 93 130
109 92 130
109 93 130
108 92 131
108 93 131
109 92 131
109 93 131
107 91 132
107 91 133
107 91 134
107 92 132
107 93 132
107 92 133
107 92 134
107 93 133
108 91 132
109 91 132
108 91 133
108 91 134
109 91 133
109 91 134
108 92 132
108 93 132
109 92 132
109 93 132
108 92 133
108 92 134
108 93 133
109 92 133
109 92 134
109 93 133
107 94 130
108 94 130
106 91 135
106 91 136
107 91 135
107 91 136
107 91 137
107 92 135
107 92 136
108 91 135
109 91 135
108 91 136
108 91 137
109 91 136
109 91 137
108 92 135
109 92 135
108 92 136
108 92 137
109 92 136
109 92 137
109 93 137
103 85 142
103 86 142
103 85 143
104 85 142
104 86 142
104 87 142
105 85 141
106 85 141
105 85 142
106 85 142
105 86 141
105 87 141
106 86 141
106 87 141
105 86 142
105 87 142
106 86 142
106 87 142
104 85 143
104 86 143
104 87 143
105 85 143
106 85 143
105 85 144
105 85 145
106 85 144
106 85 145
105 86 143
105 87 143
106 86 143
106 87 143
105 86 144
106 86 144
106 86 145
106 87 144
104 88 142
106 88 141
105 88 142
106 88 142
104 88 143
105 88 143
106 88 143
107 85 141
107 85 142
107 86 141
107 87 141
107 86 142
107 87 142
108 85 141
109 85 141
108 85 142
108 86 141
108 87 141
109 86 141
109 87 141
108 86 142
108 87 142
109 87 142
107 85 143
107 85 144
107 85 145
107 86 143
107 87 143
107 86 144
107 86 145
107 87 144
107 87 145
108 85 143
108 85 144
108 85 145
108 86 143
108 87 143
108 86 144
108 86 145
108 87 144
108 87 145
107 88 141
107 88 142
107 89 141
108 88 141
109 88 141
108 88 142
108 89 141
107 88 143
105 85 146
106 85 146
105 85 147
106 85 147
106 85 148
106 86 146
106 86 147
106 86 148
106 85 149
107 85 146
107 85 147
107 85 148
107 86 146
107 86 147
107 86 148
108 85 146
109 85 146
108 85 147
108 85 148
109 85 147
109 85 148
108 86 146
108 86 147
108 86 148
109 86 148
107 85 149
107 85 150
107 85 151
107 86 149
107 86 150
107 86 151
107 87 150
107 87 151
108 85 149
109 85 149
108 85 150
108 85 151
109 85 150
109 85 151
108 86 149
109 86 149
108 86 150
108 86 151
108 87 150
108 87 151
109 86 150
109 86 151
109 87 150
109 87 151
107 88 150
107 89 150
107 90 150
108 88 150
108 88 151
109 88 150
109 88 151
108 89 150
108 89 151
108 90 150
108 90 151
109 89 150
109 89 151
109 90 150
109 90 151
109 91 149
108 91 150
108 91 151
109 91 150
108 92 149
108 93 149
109 92 149
109 93 149
108 92 150
109 92 150
109 93 150
110 83 151
110 84 150
110 84 151
111 83 151
111 84 151
112 84 151
110 86 136
110 87 136
110 87 137
111 86 136
111 87 136
110 88 136
110 88 137
110 89 136
110 89 137
110 90 136
110 90 137
111 88 136
111 89 136
111 90 136
111 90 137
110 91 135
110 91 136
110 91 137
110 92 135
110 92 136
110 92 137
110 93 137
111 91 136
111 91 137
111 92 136
111 92 137
111 93 137
110 85 150
110 85 151
110 86 150
110 86 151
110 87 150
110 87 151
111 85 151
112 85 151
111 86 151
111 87 151
112 86 151
110 88 150
110 88 151
110 89 150
110 89 151
110 90 150
111 88 151
110 91 150
105 81 155
106 81 155
106 81 156
105 82 155
106 82 155
106 82 156
106 83 155
106 83 156
107 81 155
107 81 156
107 84 152
108 84 152
109 84 152
108 84 153
109 84 153
107 82 155
107 82 156
107 83 155
107 83 156
107 84 155
107 84 156
108 82 155
108 82 156
109 82 155
109 82 156
108 84 154
109 84 154
108 83 156
108 84 155
108 84 156
109 83 155
109 83 156
109 84 155
109 84 156
105 80 159
106 80 159
106 81 159
106 80 160
106 81 160
106 82 160
107 80 159
107 81 159
108 80 159
108 81 159
109 81 159
107 79 160
107 80 160
107 81 160
108 80 160
108 81 160
109 80 160
109 81 160
108 84 157
109 84 157
109 84 158
109 84 159
107 82 160
107 83 160
107 84 160
108 82 160
109 82 160
108 83 160
108 84 160
109 83 160
109 84 160
109 84 161
105 80 163
106 80 163
105 80 164
105 81 164
106 80 164
106 81 164
105 82 164
106 82 164
106 83 164
106 84 164
107 80 164
107 81 164
108 81 164
109 81 164
107 82 164
107 83 164
107 84 164
108 82 164
109 82 164
109 84 163
108 83 164
108 84 164
109 83 164
109 84 164
107 84 165
107 85 152
108 85 152
109 85 152
108 85 153
109 85 153
108 86 152
109 86 152
108 86 153
109 86 153
107 85 155
108 85 154
109 85 154
108 85 155
108 85 156
109 85 155
109 85 156
108 86 154
109 86 154
108 86 155
109 86 155
109 86 156
108 85 157
109 85 157
109 85 158
109 85 159
109 86 157
109 86 158
109 86 159
108 85 160
109 85 160
109 85 161
109 86 160
109 86 161
106 85 164
107 85 164
107 86 164
107 87 164
108 85 164
109 85 164
109 86 163
108 86 164
108 87 164
109 86 164
109 87 164
107 86 165
107 87 165
109 85 165
108 87 165
109 86 165
109 87 165
107 88 164
108 88 164
109 88 164
108 89 164
108 90 164
109 89 164
109 90 164
108 88 165
109 88 165
108 89 165
108 90 165
109 89 165
109 90 165
109 91 164
109 92 164
109 93 164
109 91 165
109 92 165
109 93 165
110 83 152
110 84 152
110 84 153
111 83 152
111 84 152
112 84 152
111 84 153
110 84 154
110 83 155
110 83 156
110 84 155
110 84 156
111 84 154
111 84 155
111 84 156
110 80 160
110 81 160
111 80 160
111 81 160
112 80 160
112 81 160
110 83 157
110 84 157
110 84 158
110 84 159
111 83 157
111 84 157
111 84 158
111 84 159
112 84 158
112 84 159
110 82 160
110 82 161
110 83 160
110 84 160
110 83 161
110 84 161
110 84 162
111 82 160
112 82 160
111 82 161
112 82 161
111 83 160
111 84 160
112 83 160
112 84 160
111 83 161
111 84 161
111 84 162
112 83 161
112 84 161
112 84 162
113 80 160
113 81 160
113 81 161
114 80 160
114 81 160
115 81 160
114 81 161
113 82 160
113 82 161
113 83 160
113 84 160
113 83 161
113 84 161
113 84 162
114 82 160
115 82 160
114 82 161
115 82 161
114 83 161
114 84 161
114 84 162
115 83 161
115 84 161
115 84 162
116 81 160
116 84 161
117 82 160
118 82 161
119 83 161
120 83 162
110 82 164
110 83 163
110 84 163
110 83 164
110 84 164
111 82 163
111 82 164
111 83 163
111 84 163
112 83 163
112 84 163
111 83 164
111 84 164
112 83 164
112 84 164
110 84 165
111 84 165
112 84 165
112 84 166
113 83 163
113 84 163
113 83 164
113 84 164
114 84 163
115 84 163
114 84 164
115 84 164
113 84 165
113 84 166
113 84 167
114 84 165
115 84 165
114 84 166
114 84 167
115 84 166
115 84 167
113 84 168
114 84 168
115 84 168
114 84 169
115 84 169
116 84 165
116 84 166
116 84 167
117 84 166
117 84 167
121 84 163
116 84 168
116 84 169
116 84 170
117 84 168
118 84 168
117 84 169
117 84 170
118 84 169
118 84 170
110 85 152
110 85 153
110 86 152
110 86 153
110 87 153
111 85 152
112 85 152
111 85 153
111 86 152
111 86 153
111 87 153
112 87 153
110 85 154
110 85 155
110 85 156
110 86 154
110 87 154
110 86 155
110 86 156
111 85 154
111 85 155
111 85 156
111 86 154
111 87 154
111 86 156
110 85 157
110 85 158
110 85 159
110 86 157
110 86 158
110 86 159
111 85 157
111 85 158
111 85 159
112 85 158
112 85 159
111 86 157
111 86 158
111 86 159
112 86 159
110 85 160
110 85 161
110 85 162
110 86 160
110 86 161
110 86 162
110 87 162
111 85 160
112 85 160
111 85 161
111 85 162
112 85 161
112 85 162
111 86 160
112 86 160
111 86 161
111 86 162
111 87 162
112 86 161
112 86 162
112 87 162
110 88 162
110 89 162
110 90 162
111 88 162
112 88 162
111 89 162
111 90 161
111 90 162
112 89 162
112 90 161
112 90 162
113 85 161
113 85 162
113 86 161
113 86 162
113 87 162
114 85 161
114 85 162
115 85 161
115 85 162
114 86 161
114 86 162
114 87 162
115 86 161
115 86 162
115 87 162
113 88 162
113 89 161
113 89 162
113 90 161
113 90 162
114 88 162
115 88 162
114 89 161
114 89 162
114 90 161
114 90 162
115 89 161
115 89 162
115 90 161
115 90 162
110 91 162
111 91 162
112 91 161
112 91 162
111 92 162
111 93 162
112 92 161
112 92 162
112 93 162
112 94 162
113 91 161
113 91 162
113 92 161
113 92 162
113 93 161
113 93 162
114 91 161
114 91 162
115 91 161
115 91 162
114 92 161
114 92 162
114 93 161
114 93 162
115 92 161
115 92 162
115 93 161
115 93 162
113 94 162
114 94 162
115 94 162
116 85 161
116 85 162
116 86 161
116 86 162
116 87 162
117 86 161
117 86 162
117 87 162
118 87 162
116 88 161
116 88 162
116 89 161
116 89 162
116 90 161
116 90 162
117 88 161
117 88 162
118 88 161
118 88 162
117 89 161
117 89 162
117 90 161
117 90 162
118 89 161
118 89 162
118 90 161
118 90 162
119 88 162
119 89 161
119 89 162
119 90 161
119 90 162
120 89 162
120 90 162
116 91 161
116 91 162
116 92 161
116 92 162
116 93 161
116 93 162
117 91 161
117 91 162
118 91 161
118 91 162
117 92 161
117 92 162
117 93 161
117 93 162
118 92 161
118 92 162
118 93 161
118 93 162
116 94 162
117 94 162
118 94 162
119 91 161
119 91 162
119 92 161
119 92 162
119 93 162
120 91 162
121 91 162
120 92 162
120 93 162
121 92 162
121 93 162
119 94 162
120 94 162
121 94 162
110 85 163
110 85 164
110 86 163
110 87 163
110 86 164
110 87 164
111 85 163
112 85 163
111 85 164
112 85 164
111 86 163
111 87 163
112 86 163
112 87 163
111 86 164
111 87 164
112 86 164
112 87 164
110 85 165
110 86 165
110 87 165
110 86 166
110 87 166
111 85 165
112 85 165
111 85 166
111 85 167
112 85 166
112 85 167
111 86 165
111 87 165
112 86 165
112 87 165
111 86 166
111 86 167
111 87 166
111 87 167
112 86 166
112 86 167
112 87 166
112 87 167
110 88 163
110 88 164
110 89 163
110 90 163
110 89 164
110 90 164
111 88 163
112 88 163
111 88 164
112 88 164
111 89 163
111 90 163
112 89 163
112 90 163
111 89 164
111 90 164
112 89 164
112 90 164
110 88 165
110 88 166
110 89 165
110 90 165
110 89 166
110 89 167
110 90 166
110 90 167
111 88 165
112 88 165
111 88 166
111 88 167
112 88 166
112 88 167
111 89 165
111 90 165
112 89 165
112 90 165
111 89 166
111 89 167
111 90 166
111 90 167
112 89 166
112 89 167
112 90 166
112 90 167
113 85 163
113 85 164
113 86 163
113 87 163
113 86 164
113 87 164
114 85 163
115 85 163
114 85 164
115 85 164
114 86 163
114 87 163
115 86 163
115 87 163
114 86 164
114 87 164
115 86 164
115 87 164
113 85 165
113 85 166
113 85 167
113 86 165
113 87 165
113 86 166
113 86 167
113 87 166
113 87 167
114 85 165
115 85 165
114 85 166
114 85 167
115 85 166
115 85 167
114 86 165
114 87 165
115 86 165
115 87 165
114 86 166
114 86 167
114 87 166
114 87 167
115 86 166
115 86 167
115 87 166
115 87 167
113 88 163
113 88 164
113 89 163
113 89 164
113 90 163
113 90 164
114 88 163
114 88 164
114 89 163
114 89 164
114 90 163
114 90 164
115 88 163
115 88 164
115 89 163
115 89 164
115 90 163
115 90 164
113 88 165
113 88 166
113 88 167
113 89 165
113 89 166
113 89 167
113 90 165
113 90 166
113 90 167
114 88 165
114 88 166
114 88 167
114 89 165
114 89 166
114 89 167
114 90 165
114 90 166
114 90 167
115 88 165
115 88 166
115 88 167
115 89 165
115 89 166
115 89 167
115 90 165
115 90 166
115 90 167
112 85 168
111 87 168
112 86 168
112 87 168
112 86 169
112 87 169
112 87 170
112 87 171
111 88 168
112 88 168
111 88 169
112 88 169
112 88 170
111 89 168
111 90 168
112 89 168
112 90 168
111 89 169
111 90 169
111 90 170
112 89 169
112 89 170
112 90 169
112 90 170
112 88 171
112 89 171
112 90 171
112 89 172
112 90 172
112 90 173
113 85 168
113 85 169
113 86 168
113 87 168
113 86 169
113 86 170
113 87 169
113 87 170
114 85 168
115 85 168
114 85 169
114 85 170
115 85 169
115 85 170
114 86 168
114 87 168
115 86 168
115 87 168
114 86 169
114 86 170
114 87 169
114 87 170
115 86 169
115 86 170
115 87 169
115 87 170
113 86 171
113 87 171
113 86 172
113 87 172
113 87 173
114 85 171
115 85 171
114 86 171
114 87 171
115 86 171
115 87 171
114 86 172
114 86 173
114 87 172
114 87 173
115 86 172
115 86 173
115 87 172
115 87 173
113 88 168
113 88 169
113 88 170
113 89 168
113 90 168
113 89 169
113 89 170
113 90 169
113 90 170
114 88 168
115 88 168
114 88 169
114 88 170
115 88 169
115 88 170
114 89 168
114 90 168
115 89 168
115 90 168
114 89 169
114 89 170
114 90 169
114 90 170
115 89 169
115 89 170
115 90 169
115 90 170
113 88 171
113 88 172
113 88 173
113 89 171
113 90 171
113 89 172
113 89 173
113 90 172
113 90 173
114 88 171
115 88 171
114 88 172
114 88 173
115 88 172
115 88 173
114 89 171
114 90 171
115 89 171
115 90 171
114 89 172
114 89 173
114 90 172
114 90 173
115 89 172
115 89 173
115 90 172
115 90 173
110 91 163
110 91 164
110 92 163
110 93 163
110 92 164
110 93 164
111 91 163
112 91 163
111 91 164
112 91 164
111 92 163
111 93 163
112 92 163
112 93 163
111 92 164
111 93 164
112 92 164
112 93 164
110 91 165
110 91 166
110 91 167
110 92 165
110 93 165
110 92 166
110 92 167
110 93 166
110 93 167
111 91 165
112 91 165
111 91 166
111 91 167
112 91 166
112 91 167
111 92 165
111 93 165
112 92 165
112 93 165
111 92 166
111 92 167
111 93 166
111 93 167
112 92 166
112 92 167
112 93 166
112 93 167
110 94 163
110 94 164
110 95 164
111 94 163
111 95 163
112 94 163
112 95 163
111 94 164
111 95 164
112 94 164
112 95 164
111 96 164
112 96 164
110 94 165
110 95 165
110 94 166
110 94 167
110 95 166
110 95 167
111 94 165
111 95 165
112 94 165
112 95 165
111 94 166
111 94 167
111 95 166
111 95 167
112 94 166
112 94 167
112 95 166
112 95 167
111 96 165
111 97 165
112 96 165
112 97 165
111 96 166
111 96 167
111 97 166
111 97 167
112 96 166
112 96 167
112 97 166
112 97 167
113 91 163
113 91 164
113 92 163
113 92 164
113 93 163
113 93 164
114 91 163
114 91 164
114 92 163
114 92 164
114 93 163
114 93 164
115 91 163
115 91 164
115 92 163
115 92 164
115 93 163
115 93 164
113 91 165
113 91 166
113 91 167
113 92 165
113 92 166
113 92 167
113 93 165
113 93 166
113 93 167
114 91 165
114 91 166
114 91 167
114 92 165
114 92 166
114 92 167
114 93 165
114 93 166
114 93 167
115 91 165
115 91 166
115 91 167
115 92 165
115 92 166
115 92 167
115 93 165
115 93 166
115 93 167
113 94 163
113 95 163
113 94 164
113 95 164
113 96 164
113 97 164
114 94 163
114 95 163
115 94 163
115 95 163
114 94 164
114 95 164
115 94 164
115 95 164
114 96 164
114 97 164
115 96 164
115 97 164
113 94 165
113 95 165
113 94 166
113 94 167
113 95 166
113 95 167
113 96 165
113 97 165
113 96 166
113 96 167
113 97 166
113 97 167
114 94 165
114 95 165
115 94 165
115 95 165
114 94 166
114 94 167
114 95 166
114 95 167
115 94 166
115 94 167
115 95 166
115 95 167
114 96 165
114 97 165
115 96 165
115 97 165
114 96 166
114 96 167
114 97 166
114 97 167
115 96 166
115 96 167
115 97 166
115 97 167
110 91 168
110 92 168
110 93 168
110 93 169
111 91 168
112 91 168
111 91 169
111 91 170
112 91 169
112 91 170
111 92 168
111 93 168
112 92 168
112 93 168
111 92 169
111 92 170
111 93 169
111 93 170
112 92 169
112 92 170
112 93 169
112 93 170
112 91 171
112 91 172
112 91 173
111 92 171
111 93 171
112 92 171
112 93 171
112 92 172
112 92 173
112 93 172
112 93 173
110 94 168
110 95 168
110 94 169
111 94 168
111 95 168
112 94 168
112 95 168
111 94 169
111 94 170
111 95 169
111 95 170
112 94 169
112 94 170
112 95 169
112 95 170
111 96 168
111 97 168
112 96 168
112 97 168
111 96 169
111 96 170
111 97 169
111 97 170
112 96 169
112 96 170
112 97 169
112 97 170
111 94 171
111 95 171
112 94 171
112 95 171
111 95 172
112 94 172
112 94 173
112 95 172
112 95 173
111 96 171
111 97 171
112 96 171
112 97 171
111 96 172
112 96 172
112 96 173
112 97 172
112 97 173
113 91 168
113 91 169
113 91 170
113 92 168
113 93 168
113 92 169
113 92 170
113 93 169
113 93 170
114 91 168
115 91 168
114 91 169
114 91 170
115 91 169
115 91 170
114 92 168
114 93 168
115 92 168
115 93 168
114 92 169
114 92 170
114 93 169
114 93 170
115 92 169
115 92 170
115 93 169
115 93 170
113 91 171
113 91 172
113 91 173
113 92 171
113 93 171
113 92 172
113 92 173
113 93 172
113 93 173
114 91 171
115 91 171
114 91 172
114 91 173
115 91 172
115 91 173
114 92 171
114 93 171
115 92 171
115 93 171
114 92 172
114 92 173
114 93 172
114 93 173
115 92 172
115 92 173
115 93 172
115 93 173
113 94 168
113 95 168
113 94 169
113 94 170
113 95 169
113 95 170
113 96 168
113 97 168
113 96 169
113 96 170
113 97 169
113 97 170
114 94 168
114 95 168
115 94 168
115 95 168
114 94 169
114 94 170
114 95 169
114 95 170
115 94 169
115 94 170
115 95 169
115 95 170
114 96 168
114 97 168
115 96 168
115 97 168
114 96 169
114 96 170
114 97 169
114 97 170
115 96 169
115 96 170
115 97 169
115 97 170
113 94 171
113 95 171
113 94 172
113 94 173
113 95 172
113 95 173
113 96 171
113 97 171
113 96 172
113 96 173
113 97 172
113 97 173
114 94 171
114 95 171
115 94 171
115 95 171
114 94 172
114 94 173
114 95 172
114 95 173
115 94 172
115 94 173
115 95 172
115 95 173
114 96 171
114 97 171
115 96 171
115 97 171
114 96 172
114 96 173
114 97 172
114 97 173
115 96 172
115 96 173
115 97 172
115 97 173
116 85 163
116 85 164
116 86 163
116 87 163
116 86 164
116 87 164
117 85 164
117 86 163
117 87 163
118 86 163
118 87 163
117 86 164
117 87 164
118 86 164
118 87 164
116 85 165
116 85 166
116 85 167
116 86 165
116 87 165
116 86 166
116 86 167
116 87 166
116 87 167
117 85 165
117 85 166
117 85 167
118 85 166
118 85 167
117 86 165
117 87 165
118 86 165
118 87 165
117 86 166
117 86 167
117 87 166
117 87 167
118 86 166
118 86 167
118 87 166
118 87 167
116 88 163
116 88 164
116 89 163
116 90 163
116 89 164
116 90 164
117 88 163
118 88 163
117 88 164
118 88 164
117 89 163
117 90 163
118 89 163
118 90 163
117 89 164
117 90 164
118 89 164
118 90 164
116 88 165
116 88 166
116 88 167
116 89 165
116 89 166
116 89 167
116 90 165
116 90 166
116 90 167
117 88 165
117 88 166
117 88 167
117 89 165
117 89 166
117 89 167
117 90 165
117 90 166
117 90 167
118 88 165
118 88 166
118 88 167
118 89 165
118 89 166
118 89 167
118 90 165
118 90 166
118 90 167
119 87 163
119 87 164
119 85 167
119 86 165
119 87 165
119 86 166
119 86 167
119 87 166
119 87 167
120 87 165
121 87 165
120 86 166
120 86 167
120 87 166
120 87 167
121 87 166
121 87 167
119 88 163
119 88 164
119 89 163
119 90 163
119 89 164
119 90 164
120 88 164
120 89 163
120 90 163
121 90 163
120 89 164
120 90 164
121 89 164
121 90 164
119 88 165
119 88 166
119 88 167
119 89 165
119 90 165
119 89 166
119 89 167
119 90 166
119 90 167
120 88 165
121 88 165
120 88 166
120 88 167
121 88 166
121 88 167
120 89 165
120 90 165
121 89 165
121 90 165
120 89 166
120 89 167
120 90 166
120 90 167
121 89 166
121 89 167
121 90 166
121 90 167
116 85 168
116 85 169
116 85 170
116 86 168
116 87 168
116 86 169
116 86 170
116 87 169
116 87 170
117 85 168
118 85 168
117 85 169
117 85 170
118 85 169
118 85 170
117 86 168
117 87 168
118 86 168
118 87 168
117 86 169
117 86 170
117 87 169
117 87 170
118 86 169
118 86 170
118 87 169
118 87 170
116 85 171
116 85 172
116 86 171
116 87 171
116 86 172
116 86 173
116 87 172
116 87 173
117 85 171
118 85 171
117 85 172
117 85 173
118 85 172
118 85 173
117 86 171
117 87 171
118 86 171
118 87 171
117 86 172
117 86 173
117 87 172
117 87 173
118 86 172
118 86 173
118 87 172
118 87 173
116 88 168
116 88 169
116 88 170
116 89 168
116 90 168
116 89 169
116 89 170
116 90 169
116 90 170
117 88 168
118 88 168
117 88 169
117 88 170
118 88 169
118 88 170
117 89 168
117 90 168
118 89 168
118 90 168
117 89 169
117 89 170
117 90 169
117 90 170
118 89 169
118 89 170
118 90 169
118 90 170
116 88 171
116 88 172
116 88 173
116 89 171
116 90 171
116 89 172
116 89 173
116 90 172
116 90 173
117 88 171
118 88 171
117 88 172
117 88 173
118 88 172
118 88 173
117 89 171
117 90 171
118 89 171
118 90 171
117 89 172
117 89 173
117 90 172
117 90 173
118 89 172
118 89 173
118 90 172
118 90 173
119 85 168
119 85 169
119 85 170
119 86 168
119 87 168
119 86 169
119 86 170
119 87 169
119 87 170
120 85 170
120 86 168
120 87 168
121 86 168
121 87 168
120 86 169
120 86 170
120 87 169
120 87 170
121 86 169
121 86 170
121 87 169
121 87 170
119 85 171
119 85 172
119 85 173
119 86 171
119 87 171
119 86 172
119 86 173
119 87 172
119 87 173
120 85 171
120 86 171
120 87 171
121 86 171
121 87 171
120 86 172
120 86 173
120 87 172
120 87 173
121 86 172
121 86 173
121 87 172
121 87 173
119 88 168
119 88 169
119 88 170
119 89 168
119 90 168
119 89 169
119 89 170
119 90 169
119 90 170
120 88 168
121 88 168
120 88 169
120 88 170
121 88 169
121 88 170
120 89 168
120 90 168
121 89 168
121 90 168
120 89 169
120 89 170
120 90 169
120 90 170
121 89 169
121 89 170
121 90 169
121 90 170
119 88 171
119 88 172
119 88 173
119 89 171
119 90 171
119 89 172
119 89 173
119 90 172
119 90 173
120 88 171
121 88 171
120 88 172
120 88 173
121 88 172
121 88 173
120 89 171
120 90 171
121 89 171
121 90 171
120 89 172
120 89 173
120 90 172
120 90 173
121 89 172
121 89 173
121 90 172
121 90 173
116 91 163
116 91 164
116 92 163
116 92 164
116 93 163
116 93 164
117 91 163
117 91 164
117 92 163
117 92 164
117 93 163
117 93 164
118 91 163
118 91 164
118 92 163
118 92 164
118 93 163
118 93 164
116 91 165
116 91 166
116 91 167
116 92 165
116 92 166
116 92 167
116 93 165
116 93 166
116 93 167
117 91 165
117 91 166
117 91 167
117 92 165
117 92 166
117 92 167
117 93 165
117 93 166
117 93 167
118 91 165
118 91 166
118 91 167
118 92 165
118 92 166
118 92 167
118 93 165
118 93 166
118 93 167
116 94 163
116 95 163
116 94 164
116 95 164
116 96 164
116 97 164
117 94 163
117 95 163
118 94 163
118 95 163
117 94 164
117 95 164
118 94 164
118 95 164
117 96 164
117 97 164
118 96 164
118 97 164
116 94 165
116 95 165
116 94 166
116 94 167
116 95 166
116 95 167
116 96 165
116 97 165
116 96 166
116 96 167
116 97 166
116 97 167
117 94 165
117 95 165
118 94 165
118 95 165
117 94 166
117 94 167
117 95 166
117 95 167
118 94 166
118 94 167
118 95 166
118 95 167
117 96 165
117 97 165
118 96 165
118 97 165
117 96 166
117 96 167
117 97 166
117 97 167
118 96 166
118 96 167
118 97 166
118 97 167
119 91 163
119 91 164
119 92 163
119 93 163
119 92 164
119 93 164
120 91 163
121 91 163
120 91 164
121 91 164
120 92 163
120 93 163
121 92 163
121 93 163
120 92 164
120 93 164
121 92 164
121 93 164
119 91 165
119 91 166
119 91 167
119 92 165
119 92 166
119 92 167
119 93 165
119 93 166
119 93 167
120 91 165
120 91 166
120 91 167
120 92 165
120 92 166
120 92 167
120 93 165
120 93 166
120 93 167
121 91 165
121 91 166
121 91 167
121 92 165
121 92 166
121 92 167
121 93 165
121 93 166
121 93 167
119 94 163
119 95 163
119 94 164
119 95 164
119 96 164
120 94 163
120 95 163
121 94 163
121 95 163
120 94 164
120 95 164
121 94 164
121 95 164
120 96 164
121 96 164
119 94 165
119 95 165
119 94 166
119 94 167
119 95 166
119 95 167
119 96 165
119 97 165
119 96 166
119 96 167
119 97 166
119 97 167
120 94 165
120 95 165
121 94 165
121 95 165
120 94 166
120 94 167
120 95 166
120 95 167
121 94 166
121 94 167
121 95 166
121 95 167
120 96 165
120 97 165
121 96 165
121 97 165
120 96 166
120 96 167
120 97 166
120 97 167
121 96 166
121 96 167
121 97 166
121 97 167
116 91 168
116 91 169
116 91 170
116 92 168
116 93 168
116 92 169
116 92 170
116 93 169
116 93 170
117 91 168
118 91 168
117 91 169
117 91 170
118 91 169
118 91 170
117 92 168
117 93 168
118 92 168
118 93 168
117 92 169
117 92 170
117 93 169
117 93 170
118 92 169
118 92 170
118 93 169
118 93 170
116 91 171
116 91 172
116 91 173
116 92 171
116 93 171
116 92 172
116 92 173
116 93 172
116 93 173
117 91 171
118 91 171
117 91 172
117 91 173
118 91 172
118 91 173
117 92 171
117 93 171
118 92 171
118 93 171
117 92 172
117 92 173
117 93 172
117 93 173
118 92 172
118 92 173
118 93 172
118 93 173
116 94 168
116 95 168
116 94 169
116 94 170
116 95 169
116 95 170
116 96 168
116 97 168
116 96 169
116 96 170
116 97 169
116 97 170
117 94 168
117 95 168
118 94 168
118 95 168
117 94 169
117 94 170
117 95 169
117 95 170
118 94 169
118 94 170
118 95 169
118 95 170
117 96 168
117 97 168
118 96 168
118 97 168
117 96 169
117 96 170
117 97 169
117 97 170
118 96 169
118 96 170
118 97 169
118 97 170
116 94 171
116 95 171
116 94 172
116 94 173
116 95 172
116 95 173
116 96 171
116 97 171
116 96 172
116 96 173
116 97 172
116 97 173
117 94 171
117 95 171
118 94 171
118 95 171
117 94 172
117 94 173
117 95 172
117 95 173
118 94 172
118 94 173
118 95 172
118 95 173
117 96 171
117 97 171
118 96 171
118 97 171
117 96 172
117 96 173
117 97 172
117 97 173
118 96 172
118 96 173
118 97 172
118 97 173
119 91 168
119 91 169
119 91 170
119 92 168
119 93 168
119 92 169
119 92 170
119 93 169
119 93 170
120 91 168
121 91 168
120 91 169
120 91 170
121 91 169
121 91 170
120 92 168
120 93 168
121 92 168
121 93 168
120 92 169
120 92 170
120 93 169
120 93 170
121 92 169
121 92 170
121 93 169
121 93 170
119 91 171
119 91 172
119 91 173
119 92 171
119 93 171
119 92 172
119 92 173
119 93 172
119 93 173
120 91 171
121 91 171
120 91 172
120 91 173
121 91 172
121 91 173
120 92 171
120 93 171
121 92 171
121 93 171
120 92 172
120 92 173
120 93 172
120 93 173
121 92 172
121 92 173
121 93 172
121 93 173
119 94 168
119 95 168
119 94 169
119 94 170
119 95 169
119 95 170
119 96 168
119 97 168
119 96 169
119 96 170
119 97 169
119 97 170
120 94 168
120 95 168
121 94 168
121 95 168
120 94 169
120 94 170
120 95 169
120 95 170
121 94 169
121 94 170
121 95 169
121 95 170
120 96 168
120 97 168
121 96 168
121 97 168
120 96 169
120 96 170
120 97 169
120 97 170
121 96 169
121 96 170
121 97 169
121 97 170
119 94 171
119 95 171
119 94 172
119 94 173
119 95 172
119 95 173
119 96 171
119 97 171
119 96 172
119 96 173
119 97 172
119 97 173
120 94 171
120 95 171
121 94 171
121 95 171
120 94 172
120 94 173
120 95 172
120 95 173
121 94 172
121 94 173
121 95 172
121 95 173
120 96 171
120 97 171
121 96 171
121 97 171
120 96 172
120 96 173
120 97 172
120 97 173
121 96 172
121 96 173
121 97 172
121 97 173
123 49 164
124 49 164
122 50 165
122 51 166
122 51 167
123 49 165
124 49 165
123 49 166
124 49 166
123 50 165
123 51 165
124 50 165
123 50 166
123 50 167
123 51 166
123 51 167
124 50 166
124 51 166
122 52 166
122 52 167
122 53 166
122 53 167
122 54 167
123 52 166
123 52 167
123 53 166
123 53 167
123 54 167
122 52 168
122 53 168
122 54 168
122 54 169
123 52 168
123 53 168
123 54 168
124 54 168
123 54 169
122 55 167
122 55 168
122 55 169
122 56 168
122 57 168
122 56 169
122 56 170
122 57 169
122 57 170
123 55 168
123 55 169
123 56 168
123 56 169
123 56 170
123 57 169
123 57 170
124 56 169
122 58 169
122 58 170
122 59 170
122 60 170
123 58 169
123 58 170
123 59 170
122 58 171
122 59 171
122 60 171
123 60 171
122 61 169
122 61 170
123 62 169
124 63 169
122 61 171
122 61 172
122 62 171
122 63 171
122 62 172
122 63 172
122 63 173
123 61 171
125 64 169
126 65 169
127 66 169
128 67 169
129 68 169
130 69 169
131 70 169
133 72 168
132 71 169
122 84 164
130 77 171
129 77 172
129 77 173
130 77 172
130 77 173
132 73 169
132 74 169
132 75 169
131 77 170
132 76 169
131 77 172
131 78 173
131 80 172
131 81 172
132 79 172
132 81 172
133 81 172
133 83 171
132 84 172
123 85 164
122 87 167
124 85 165
122 90 164
122 88 166
122 88 167
122 89 165
122 90 165
122 89 166
122 89 167
122 90 166
122 90 167
123 88 166
123 88 167
123 90 165
123 89 166
123 89 167
123 90 166
123 90 167
124 89 167
124 90 166
124 90 167
125 85 166
126 85 167
125 90 167
122 87 168
122 87 169
122 87 170
123 87 169
123 87 170
122 87 171
122 87 172
122 87 173
123 87 171
122 88 168
122 88 169
122 88 170
122 89 168
122 90 168
122 89 169
122 89 170
122 90 169
122 90 170
123 88 168
124 88 168
123 88 169
123 88 170
124 88 169
124 88 170
123 89 168
123 90 168
124 89 168
124 90 168
123 89 169
123 89 170
123 90 169
123 90 170
124 89 169
124 89 170
124 90 169
124 90 170
122 88 171
122 88 172
122 88 173
122 89 171
122 90 171
122 89 172
122 89 173
122 90 172
122 90 173
123 88 171
124 88 171
123 88 172
123 88 173
124 88 172
123 89 171
123 90 171
124 89 171
124 90 171
123 89 172
123 89 173
123 90 172
123 90 173
124 89 172
124 89 173
124 90 172
124 90 173
127 85 168
125 89 168
125 90 168
125 89 169
125 89 170
125 90 169
125 90 170
126 90 168
126 90 169
126 90 170
125 89 171
125 90 171
125 89 172
125 89 173
125 90 172
125 90 173
126 90 171
126 90 172
126 90 173
122 91 163
122 91 164
122 92 163
122 93 163
122 92 164
122 93 164
123 91 164
123 93 163
123 92 164
123 93 164
124 93 164
122 91 165
122 91 166
122 91 167
122 92 165
122 93 165
122 92 166
122 92 167
122 93 166
122 93 167
123 91 165
124 91 165
123 91 166
123 91 167
124 91 166
124 91 167
123 92 165
123 93 165
124 92 165
124 93 165
123 92 166
123 92 167
123 93 166
123 93 167
124 92 166
124 92 167
124 93 166
124 93 167
122 94 163
122 95 163
122 94 164
122 95 164
122 96 164
123 94 163
123 95 163
123 94 164
123 95 164
124 94 164
124 95 164
123 96 164
122 94 165
122 95 165
122 94 166
122 94 167
122 95 166
122 95 167
122 96 165
122 97 165
122 96 166
122 96 167
122 97 166
122 97 167
123 94 165
123 95 165
124 94 165
124 95 165
123 94 166
123 94 167
123 95 166
123 95 167
124 94 166
124 94 167
124 95 166
124 95 167
123 96 165
123 97 165
124 96 165
124 97 165
123 96 166
123 96 167
123 97 166
123 97 167
124 96 166
124 96 167
124 97 166
124 97 167
125 91 166
125 91 167
125 93 165
125 92 166
125 92 167
125 93 166
125 93 167
126 91 167
126 92 167
126 93 166
126 93 167
125 94 165
125 95 165
125 94 166
125 94 167
125 95 166
125 95 167
125 96 165
125 96 166
125 96 167
125 97 166
125 97 167
126 94 166
126 94 167
126 95 166
126 95 167
127 94 167
127 95 167
126 96 166
126 96 167
126 97 167
122 91 168
122 91 169
122 91 170
122 92 168
122 93 168
122 92 169
122 92 170
122 93 169
122 93 170
123 91 168
124 91 168
123 91 169
123 91 170
124 91 169
124 91 170
123 92 168
123 93 168
124 92 168
124 93 168
123 92 169
123 92 170
123 93 169
123 93 170
124 92 169
124 92 170
124 93 169
124 93 170
122 91 171
122 91 172
122 91 173
122 92 171
122 93 171
122 92 172
122 92 173
122 93 172
122 93 173
123 91 171
124 91 171
123 91 172
123 91 173
124 91 172
124 91 173
123 92 171
123 93 171
124 92 171
124 93 171
123 92 172
123 92 173
123 93 172
123 93 173
124 92 172
124 92 173
124 93 172
124 93 173
122 94 168
122 95 168
122 94 169
122 94 170
122 95 169
122 95 170
122 96 168
122 97 168
122 96 169
122 96 170
122 97 169
122 97 170
123 94 168
123 95 168
124 94 168
124 95 168
123 94 169
123 94 170
123 95 169
123 95 170
124 94 169
124 94 170
124 95 169
124 95 170
123 96 168
123 97 168
124 96 168
124 97 168
123 96 169
123 96 170
123 97 169
123 97 170
124 96 169
124 96 170
124 97 169
124 97 170
122 94 171
122 95 171
122 94 172
122 94 173
122 95 172
122 95 173
122 96 171
122 97 171
122 96 172
122 96 173
122 97 172
122 97 173
123 94 171
123 95 171
124 94 171
124 95 171
123 94 172
123 94 173
123 95 172
123 95 173
124 94 172
124 94 173
124 95 172
124 95 173
123 96 171
123 97 171
124 96 171
124 97 171
123 96 172
123 96 173
123 97 172
123 97 173
124 96 172
124 96 173
124 97 172
124 97 173
125 91 168
125 91 169
125 91 170
125 92 168
125 93 168
125 92 169
125 92 170
125 93 169
125 93 170
126 91 168
126 91 169
126 91 170
127 91 170
126 92 168
126 93 168
127 92 168
127 93 168
126 92 169
126 92 170
126 93 169
126 93 170
127 92 169
127 92 170
127 93 169
127 93 170
125 91 171
125 91 172
125 91 173
125 92 171
125 93 171
125 92 172
125 92 173
125 93 172
125 93 173
126 91 171
127 91 171
126 91 172
126 91 173
127 91 172
126 92 171
126 93 171
127 92 171
127 93 171
126 92 172
126 92 173
126 93 172
126 93 173
127 92 172
127 92 173
127 93 172
127 93 173
125 94 168
125 95 168
125 94 169
125 94 170
125 95 169
125 95 170
125 96 168
125 97 168
125 96 169
125 96 170
125 97 169
125 97 170
126 94 168
126 95 168
127 94 168
127 95 168
126 94 169
126 94 170
126 95 169
126 95 170
127 94 169
127 94 170
127 95 169
127 95 170
126 96 168
126 97 168
127 96 168
127 97 168
126 96 169
126 96 170
126 97 169
126 97 170
127 96 169
127 96 170
127 97 169
127 97 170
125 94 171
125 95 171
125 94 172
125 94 173
125 95 172
125 95 173
125 96 171
125 97 171
125 96 172
125 96 173
125 97 172
125 97 173
126 94 171
126 95 171
127 94 171
127 95 171
126 94 172
126 94 173
126 95 172
126 95 173
127 94 172
127 94 173
127 95 172
127 95 173
126 96 171
126 97 171
127 96 171
127 97 171
126 96 172
126 96 173
126 97 172
126 97 173
127 96 172
127 96 173
127 97 172
127 97 173
128 85 169
129 86 170
130 87 171
131 87 172
133 85 171
133 85 172
132 87 171
133 86 172
132 97 172
134 82 171
98 98 60
98 98 61
98 99 60
98 99 61
98 100 61
98 98 62
98 98 63
98 98 64
98 99 62
98 100 62
98 99 63
98 99 64
98 100 63
98 100 64
99 98 64
99 99 64
98 98 65
98 98 66
98 99 65
98 100 65
98 99 66
98 100 66
99 98 65
99 98 66
99 99 65
99 99 66
98 98 67
98 98 68
98 98 69
98 99 67
98 100 67
98 99 68
98 99 69
98 100 68
98 100 69
99 98 67
99 98 68
99 98 69
100 98 68
100 98 69
99 99 67
99 99 68
99 99 69
99 100 68
99 100 69
100 99 68
100 99 69
98 98 70
98 98 71
98 98 72
98 99 70
98 100 70
98 99 71
98 99 72
98 100 71
99 98 70
100 98 70
99 98 71
99 98 72
100 98 71
100 98 72
99 99 70
99 100 70
100 99 70
99 99 71
99 99 72
99 100 71
100 99 71
100 99 72
98 98 73
98 98 74
98 98 75
98 99 73
98 99 74
99 98 73
100 98 73
99 98 74
99 98 75
100 98 74
100 98 75
99 99 73
99 100 73
100 99 73
99 99 74
99 99 75
100 99 74
100 99 75
101 98 73
101 98 74
101 98 75
101 99 73
101 99 74
101 99 75
98 98 76
99 98 76
100 98 76
99 98 77
100 98 77
99 99 76
100 99 76
99 99 77
100 99 77
99 98 78
100 98 78
99 98 79
99 98 80
100 98 79
100 98 80
99 99 78
100 99 78
99 99 79
100 99 79
100 99 80
101 98 76
101 98 77
101 99 76
101 99 77
102 98 77
101 98 78
101 98 79
101 98 80
101 99 78
101 99 79
101 99 80
102 98 78
102 98 79
102 98 80
102 99 79
102 99 80
99 98 81
100 98 81
100 98 82
100 98 83
100 99 81
100 99 82
100 98 84
100 98 85
101 98 81
101 98 82
101 98 83
101 99 81
101 99 82
101 99 83
102 98 81
102 98 82
102 98 83
103 98 83
102 99 81
102 99 82
102 99 83
101 98 84
101 98 85
101 98 86
101 99 84
101 99 85
102 98 84
103 98 84
102 98 85
102 98 86
103 98 85
103 98 86
102 99 84
102 99 85
102 99 86
101 98 87
101 98 88
102 98 87
103 98 87
102 98 88
103 98 88
101 98 89
101 98 90
102 98 89
103 98 89
102 98 90
102 98 91
103 98 90
103 98 91
102 98 92
103 98 92
102 98 93
103 98 93
102 98 94
103 98 94
102 98 95
103 98 95
103 98 96
104 98 89
104 98 90
104 98 91
104 98 92
104 98 93
104 98 94
104 98 95
104 98 96
103 98 97
103 98 98
103 98 99
104 98 97
104 98 98
104 98 99
104 98 100
104 98 101
105 98 100
105 98 101
104 98 102
104 98 103
105 98 102
105 98 103
105 98 104
129 118 126
130 118 126
129 116 129
129 117 127
129 118 127
130 117 127
130 118 127
129 117 128
129 117 129
129 118 128
129 118 129
130 117 128
130 117 129
130 118 128
130 118 129
130 119 126
129 119 127
130 119 127
129 119 128
129 119 129
130 119 128
130 119 129
131 118 127
131 118 128
131 118 129
131 119 127
131 119 128
111 98 167
112 98 166
112 98 167
112 99 167
113 98 165
113 98 166
113 98 167
113 99 166
113 99 167
113 100 167
114 98 165
115 98 165
114 98 166
114 98 167
115 98 166
115 98 167
114 99 166
114 99 167
114 100 167
115 99 166
115 99 167
115 100 167
111 98 168
112 98 168
111 98 169
111 98 170
112 98 169
112 98 170
112 99 168
112 99 169
112 99 170
112 100 169
112 100 170
112 98 171
112 98 172
112 98 173
112 99 171
112 100 171
112 99 172
112 99 173
112 100 172
113 98 168
113 98 169
113 98 170
113 99 168
113 100 168
113 99 169
113 99 170
113 100 169
113 100 170
114 98 168
115 98 168
114 98 169
114 98 170
115 98 169
115 98 170
114 99 168
114 100 168
115 99 168
115 100 168
114 99 169
114 99 170
114 100 169
114 100 170
115 99 169
115 99 170
115 100 169
115 100 170
113 98 171
113 98 172
113 98 173
113 99 171
113 100 171
113 99 172
113 99 173
113 100 172
113 100 173
114 98 171
115 98 171
114 98 172
114 98 173
115 98 172
115 98 173
114 99 171
114 100 171
115 99 171
115 100 171
114 99 172
114 99 173
114 100 172
114 100 173
115 99 172
115 99 173
115 100 172
115 100 173
113 101 169
113 101 170
114 101 168
115 101 168
114 101 169
114 101 170
115 101 169
115 101 170
114 102 170
115 102 169
115 102 170
113 101 171
113 101 172
113 101 173
114 101 171
115 101 171
114 101 172
114 101 173
115 101 172
115 101 173
114 102 171
115 102 171
114 102 172
114 102 173
115 102 172
115 102 173
116 98 165
116 98 166
116 98 167
116 99 166
116 99 167
116 100 167
117 98 165
118 98 165
117 98 166
117 98 167
118 98 166
118 98 167
117 99 166
117 99 167
117 100 167
118 99 166
118 99 167
118 100 167
117 101 167
118 101 167
119 98 166
119 98 167
119 99 166
119 99 167
119 100 167
120 98 166
120 98 167
121 98 166
121 98 167
120 99 166
120 99 167
120 100 167
121 99 166
121 99 167
121 100 167
119 101 167
116 98 168
116 98 169
116 98 170
116 99 168
116 100 168
116 99 169
116 99 170
116 100 169
116 100 170
117 98 168
118 98 168
117 98 169
117 98 170
118 98 169
118 98 170
117 99 168
117 100 168
118 99 168
118 100 168
117 99 169
117 99 170
117 100 169
117 100 170
118 99 169
118 99 170
118 100 169
118 100 170
116 98 171
116 98 172
116 98 173
116 99 171
116 100 171
116 99 172
116 99 173
116 100 172
116 100 173
117 98 171
118 98 171
117 98 172
117 98 173
118 98 172
118 98 173
117 99 171
117 100 171
118 99 171
118 100 171
117 99 172
117 99 173
117 100 172
117 100 173
118 99 172
118 99 173
118 100 172
118 100 173
116 101 168
116 101 169
116 101 170
116 102 169
116 102 170
117 101 168
118 101 168
117 101 169
117 101 170
118 101 169
118 101 170
117 102 169
117 102 170
118 102 169
118 102 170
116 101 171
116 101 172
116 101 173
116 102 171
116 102 172
116 102 173
116 103 172
116 103 173
117 101 171
118 101 171
117 101 172
117 101 173
118 101 172
118 101 173
117 102 171
118 102 171
118 103 171
117 102 172
117 102 173
117 103 172
117 103 173
118 102 172
118 102 173
118 103 172
118 103 173
119 98 168
119 98 169
119 98 170
119 99 168
119 100 168
119 99 169
119 99 170
119 100 169
119 100 170
120 98 168
121 98 168
120 98 169
120 98 170
121 98 169
121 98 170
120 99 168
120 100 168
121 99 168
121 100 168
120 99 169
120 99 170
120 100 169
120 100 170
121 99 169
121 99 170
121 100 169
121 100 170
119 98 171
119 98 172
119 98 173
119 99 171
119 100 171
119 99 172
119 99 173
119 100 172
119 100 173
120 98 171
121 98 171
120 98 172
120 98 173
121 98 172
121 98 173
120 99 171
120 100 171
121 99 171
121 100 171
120 99 172
120 99 173
120 100 172
120 100 173
121 99 172
121 99 173
121 100 172
121 100 173
119 101 168
119 101 169
119 101 170
119 102 169
119 102 170
120 101 168
121 101 168
120 101 169
120 101 170
121 101 169
121 101 170
120 102 169
120 102 170
121 102 169
121 102 170
119 101 171
119 101 172
119 101 173
119 102 171
119 103 171
119 102 172
119 102 173
119 103 172
119 103 173
120 101 171
121 101 171
120 101 172
120 101 173
121 101 172
121 101 173
120 102 171
120 103 171
121 102 171
121 103 171
120 102 172
120 102 173
120 103 172
120 103 173
121 102 172
121 102 173
121 103 172
121 103 173
118 104 171
118 104 172
118 104 173
119 104 172
120 104 172
121 106 171
121 105 172
121 105 173
121 106 172
127 114 136
127 114 137
127 115 136
127 115 137
126 113 140
127 113 139
127 113 140
127 114 138
127 115 138
126 114 139
126 114 140
127 114 139
127 114 140
127 115 139
127 115 140
127 116 135
127 116 136
127 116 137
127 116 138
128 115 133
128 115 134
129 115 132
129 115 133
129 115 134
128 115 135
128 114 136
128 114 137
128 115 136
128 115 137
129 115 135
129 115 136
129 115 137
128 113 139
128 113 140
128 114 138
128 115 138
128 114 139
128 114 140
128 115 139
128 115 140
129 115 138
129 115 139
128 117 130
128 118 130
128 117 131
129 116 130
129 116 131
130 116 131
129 117 130
129 118 130
130 117 130
130 118 130
129 117 131
129 118 131
130 117 131
130 118 131
128 116 132
128 116 133
128 116 134
128 117 132
128 117 133
128 117 134
129 116 132
130 116 132
129 116 133
129 116 134
130 116 133
130 116 134
129 117 132
129 118 132
130 117 132
129 117 133
129 117 134
130 117 133
130 117 134
128 116 135
128 116 136
128 116 137
128 117 135
129 116 135
129 116 136
129 116 137
129 117 135
128 116 138
126 112 142
127 112 142
125 112 144
125 112 145
126 112 143
127 112 143
126 111 145
126 112 144
126 112 145
127 111 145
127 112 144
127 112 145
126 113 141
127 113 141
126 113 142
127 113 142
126 114 141
127 114 141
127 115 141
126 114 142
127 114 142
127 115 142
125 113 144
125 113 145
126 113 143
127 113 143
126 113 144
126 113 145
127 113 144
127 113 145
126 114 143
127 114 143
126 114 144
127 114 144
124 110 150
124 110 151
124 111 149
124 111 150
124 111 151
124 112 151
125 111 146
125 112 146
125 111 147
125 111 148
125 112 147
125 112 148
126 110 148
126 111 146
126 112 146
127 112 146
126 111 147
126 111 148
126 112 147
126 112 148
127 111 147
127 112 147
127 112 148
125 110 149
125 110 150
125 110 151
125 111 149
125 112 149
125 111 150
125 111 151
125 112 150
125 112 151
126 110 149
126 110 150
126 110 151
126 111 149
126 112 149
127 112 149
126 111 150
126 111 151
126 112 150
126 112 151
127 112 150
125 113 146
125 113 147
125 113 148
126 113 146
127 113 146
126 113 147
126 113 148
127 113 147
127 113 148
128 113 141
128 113 142
128 114 141
128 115 141
128 114 142
128 113 143
128 113 144
128 114 143
124 109 153
124 109 154
124 109 155
124 109 156
125 109 152
125 109 153
126 109 153
125 109 154
125 108 155
125 108 156
125 109 155
125 109 156
126 109 154
126 109 155
126 109 156
124 108 157
124 109 157
124 108 158
124 108 159
124 109 158
124 109 159
124 107 162
124 108 160
124 109 160
123 108 162
124 108 161
124 108 162
124 109 161
124 109 162
125 108 157
125 109 157
125 108 158
125 108 159
125 109 158
125 109 159
126 109 157
126 109 158
125 107 161
125 107 162
125 108 160
125 109 160
125 108 161
125 108 162
125 109 161
125 109 162
122 98 166
122 98 167
122 99 166
122 99 167
122 100 167
123 98 166
123 98 167
124 98 166
124 98 167
123 99 167
124 99 167
125 98 167
122 98 168
122 98 169
122 98 170
122 99 168
122 100 168
122 99 169
122 99 170
122 100 169
122 100 170
123 98 168
124 98 168
123 98 169
123 98 170
124 98 169
124 98 170
123 99 168
123 100 168
124 99 168
123 99 169
123 99 170
123 100 169
123 100 170
124 99 169
124 99 170
124 100 169
124 100 170
122 98 171
122 98 172
122 98 173
122 99 171
122 100 171
122 99 172
122 99 173
122 100 172
122 100 173
123 98 171
124 98 171
123 98 172
123 98 173
124 98 172
124 98 173
123 99 171
123 100 171
124 99 171
124 100 171
123 99 172
123 99 173
123 100 172
123 100 173
124 99 172
124 99 173
124 100 172
124 100 173
122 101 168
122 101 169
122 101 170
122 102 170
123 101 169
123 101 170
124 101 170
122 101 171
122 101 172
122 101 173
122 102 171
122 102 172
122 102 173
122 103 172
122 103 173
123 101 171
124 101 171
123 101 172
123 101 173
124 101 172
124 101 173
123 102 171
123 102 172
123 102 173
124 102 172
124 102 173
124 103 172
124 103 173
125 98 168
125 98 169
125 98 170
125 99 168
125 99 169
125 99 170
125 100 170
126 98 168
126 98 169
126 98 170
127 98 170
126 99 169
126 99 170
125 98 171
125 98 172
125 98 173
125 99 171
125 100 171
125 99 172
125 99 173
125 100 172
125 100 173
126 98 171
127 98 171
126 98 172
126 98 173
127 98 172
127 98 173
126 99 171
126 100 171
127 99 171
126 99 172
126 99 173
126 100 172
126 100 173
127 99 172
125 101 171
125 101 172
125 101 173
125 103 171
125 102 172
125 102 173
125 103 172
125 103 173
126 102 172
123 106 167
124 106 166
124 106 167
123 107 163
124 107 163
123 107 164
124 107 164
123 108 163
123 109 163
124 108 163
124 109 163
123 108 164
124 108 164
124 109 164
122 107 167
123 107 165
124 107 165
123 107 166
123 107 167
124 107 166
124 107 167
123 108 165
124 108 165
123 108 166
123 108 167
124 108 166
124 108 167
125 106 167
125 107 163
125 107 164
125 108 163
125 109 163
125 108 164
125 107 165
125 107 166
125 107 167
125 108 165
122 106 169
122 106 170
123 106 168
124 106 168
123 105 169
123 105 170
123 106 169
123 106 170
124 105 170
124 106 169
124 106 170
122 105 171
122 106 171
122 105 172
122 105 173
122 106 172
122 106 173
123 105 171
123 106 171
124 105 171
124 106 171
123 105 172
123 105 173
123 106 172
123 106 173
124 105 172
124 105 173
124 106 172
124 106 173
122 107 168
122 107 169
122 107 170
123 107 168
124 107 168
123 107 169
123 107 170
124 107 169
124 107 170
123 108 168
124 108 168
123 108 169
124 108 169
122 107 171
123 107 171
124 107 171
125 106 168
125 105 170
125 106 169
125 106 170
125 105 171
125 105 172
126 104 172
127 105 173
125 107 168
130 100 173
130 102 173
130 103 173
133 100 170
131 99 172
131 99 173
131 100 172
131 100 173
132 98 172
132 98 173
133 98 172
132 99 171
132 100 171
133 99 171
133 100 171
132 99 172
132 99 173
132 100 172
132 100 173
133 99 172
133 100 172
133 100 173
133 101 170
133 102 170
131 101 172
131 101 173
131 102 172
131 102 173
132 101 171
133 101 171
132 101 172
132 101 173
133 101 172
133 101 173
133 102 171
132 102 172
132 102 173
133 102 172
133 102 173
128 105 173
129 104 173
124 110 152
124 110 153
124 111 152
124 111 153
124 110 154
124 110 155
124 110 156
124 111 154
124 111 155
125 110 152
125 110 153
125 111 152
125 112 152
125 111 153
126 110 152
126 110 153
126 111 152
126 112 152
126 111 153
125 110 154
125 110 155
125 110 156
125 111 154
125 111 155
125 111 156
126 110 154
126 110 155
126 110 156
126 111 154
126 111 155
124 110 157
124 110 158
124 110 159
125 110 157
125 110 158
125 110 159
126 110 157
126 110 158
125 110 160
141 103 162
142 103 161
142 103 162
143 103 160
144 103 160
143 103 161
143 103 162
144 103 161
144 103 162
141 104 162
142 104 161
142 104 162
144 104 159
144 105 159
146 104 157
145 104 158
145 104 159
146 104 158
146 104 159
146 105 157
146 106 157
145 105 158
145 105 159
145 106 159
146 105 158
146 105 159
146 106 158
146 106 159
143 104 160
144 104 160
143 104 161
143 104 162
144 104 161
144 104 162
143 105 160
144 105 160
143 105 161
143 105 162
144 105 161
144 105 162
145 104 160
146 104 160
145 104 161
145 105 160
146 105 160
145 105 161
136 102 167
136 103 167
139 103 164
137 101 167
137 102 166
137 102 167
137 103 166
137 103 167
138 101 167
138 102 165
138 103 165
139 102 165
139 103 165
138 102 166
138 102 167
138 103 166
138 103 167
139 102 166
139 102 167
139 103 166
139 103 167
134 100 170
135 100 170
136 100 169
136 100 170
134 99 171
134 100 171
134 100 172
135 100 171
134 101 169
134 101 170
134 102 169
134 102 170
135 101 168
136 101 168
135 101 169
135 101 170
136 101 169
136 101 170
135 102 168
135 103 168
136 102 168
136 103 168
135 102 169
135 102 170
135 103 169
136 102 169
136 102 170
136 103 169
134 101 171
134 101 172
134 102 171
135 101 171
135 102 171
137 101 168
137 101 169
137 102 168
137 103 168
137 102 169
137 102 170
137 103 169
138 101 168
138 102 168
138 103 168
139 102 168
138 102 169
139 104 165
138 104 166
139 104 166
140 103 163
140 102 164
140 103 164
141 103 163
142 103 163
141 102 164
141 103 164
142 103 164
140 102 165
140 103 165
140 102 166
140 103 166
140 103 167
141 102 165
141 103 165
141 103 166
143 103 163
140 104 163
140 104 164
141 104 163
142 104 163
141 104 164
142 104 164
142 105 163
140 104 165
140 104 166
141 104 165
142 104 165
143 104 163
143 104 164
151 106 151
152 106 150
152 106 151
151 107 151
152 107 150
152 107 151
152 108 150
152 108 151
154 106 148
153 106 149
153 106 150
153 106 151
154 106 149
154 106 150
153 107 148
153 108 148
155 107 146
154 107 147
154 107 148
155 107 147
155 107 148
155 108 146
154 108 147
154 108 148
155 108 147
155 108 148
153 107 149
153 107 150
153 107 151
153 108 149
153 108 150
154 107 149
155 107 149
154 107 150
154 107 151
155 107 150
154 108 149
155 108 149
154 108 150
156 107 146
156 107 147
156 107 148
156 108 146
156 108 147
156 108 148
149 105 153
149 106 153
147 104 156
147 105 155
147 105 156
147 106 155
147 106 156
148 104 156
148 105 154
148 106 154
149 105 154
149 106 154
148 105 155
148 105 156
148 106 155
148 106 156
149 105 155
149 105 156
149 106 155
149 106 156
149 107 153
149 107 154
149 107 155
150 106 152
150 105 153
150 106 153
151 106 152
152 106 152
151 105 153
151 106 153
152 106 153
150 105 154
150 106 154
150 105 155
150 106 155
150 106 156
151 105 154
151 106 154
150 107 152
150 107 153
151 107 152
152 107 152
151 107 153
152 107 153
150 107 154
150 107 155
151 107 154
147 104 157
147 104 158
147 104 159
147 105 157
147 106 157
147 105 158
147 105 159
147 106 158
148 105 157
148 106 157
149 106 157
148 105 158
153 106 152
153 107 152
