0.15
4557
78 78 40
71 82 1
71 83 1
72 82 1
72 83 1
73 82 1
71 81 2
71 81 3
71 82 2
71 83 2
71 82 3
71 83 3
72 81 2
72 81 3
73 81 3
72 82 2
72 83 2
73 82 2
73 83 2
72 82 3
72 83 3
73 82 3
73 83 3
71 82 4
71 83 4
72 81 4
73 81 4
72 81 5
73 81 5
72 82 4
72 83 4
73 82 4
73 83 4
72 82 5
72 83 5
73 82 5
73 83 5
72 81 6
73 81 6
72 81 7
73 81 7
72 82 6
72 83 6
73 82 6
73 83 6
72 82 7
72 83 7
73 82 7
73 83 7
74 82 3
74 81 5
74 82 4
74 82 5
74 81 6
74 81 7
74 82 6
74 82 7
72 80 10
73 80 10
73 80 11
72 81 8
73 81 8
72 81 9
73 81 9
72 82 8
72 83 8
73 82 8
72 82 9
72 83 9
73 82 9
72 81 10
73 81 10
72 81 11
73 81 11
72 82 10
73 82 10
72 82 11
73 82 11
73 80 12
73 80 13
73 80 14
73 80 15
73 80 16
72 81 12
73 81 12
73 81 13
73 82 12
73 82 13
73 81 14
73 81 15
73 81 16
73 82 14
73 82 15
73 82 16
74 80 11
74 81 8
74 81 9
74 82 8
74 82 9
75 81 9
75 82 9
74 81 10
74 81 11
74 82 10
74 82 11
75 81 10
75 81 11
75 82 10
75 82 11
74 80 13
75 80 13
74 80 14
74 80 15
74 80 16
75 80 14
75 80 15
75 80 16
74 81 12
74 81 13
74 82 12
74 82 13
75 81 12
75 81 13
75 82 12
75 82 13
74 81 14
74 81 15
74 81 16
74 82 14
74 82 15
74 82 16
75 81 14
75 81 15
75 81 16
75 82 14
75 82 15
75 82 16
76 81 16
73 80 17
73 80 18
73 80 19
73 81 17
73 81 18
73 82 17
73 82 18
73 81 19
73 81 20
74 80 17
74 80 18
75 80 17
75 80 18
74 80 19
74 80 20
75 80 19
75 80 20
74 81 17
74 81 18
74 82 17
75 81 17
75 81 18
74 81 19
74 81 20
74 82 19
75 81 19
75 81 20
76 80 18
76 80 19
76 80 20
76 81 17
76 81 18
76 81 19
76 81 20
74 79 21
74 79 22
74 80 21
74 80 22
75 79 21
75 79 22
75 80 21
75 80 22
74 79 23
74 79 24
74 80 23
74 80 24
75 79 23
75 79 24
75 79 25
75 80 23
75 80 24
75 80 25
74 81 21
74 81 22
75 81 21
75 81 22
74 81 23
74 81 24
75 81 23
75 81 24
75 81 25
76 79 21
76 79 22
76 80 21
76 80 22
76 79 23
76 79 24
76 79 25
76 80 23
76 80 24
76 80 25
77 79 25
77 80 24
77 80 25
76 81 21
76 81 22
76 81 23
76 81 24
76 81 25
77 81 25
75 79 26
75 79 27
75 80 26
75 80 27
75 79 28
75 79 29
75 80 28
75 80 29
75 81 26
75 81 27
75 81 28
76 79 26
76 79 27
76 80 26
76 80 27
77 79 26
77 79 27
77 80 26
77 80 27
78 80 27
76 79 28
76 79 29
76 80 28
76 80 29
77 79 28
78 79 28
77 79 29
78 79 29
77 80 28
78 80 28
77 80 29
78 80 29
76 81 26
76 81 27
77 81 26
77 81 27
76 81 28
76 81 29
77 81 28
77 81 29
78 81 29
76 79 30
76 79 31
76 80 30
76 80 31
77 79 30
78 79 30
77 79 31
78 79 31
77 80 30
78 80 30
77 80 31
78 80 31
76 79 32
76 80 32
77 79 32
78 79 32
77 79 33
77 79 34
78 79 33
78 79 34
77 80 32
78 80 32
77 80 33
77 80 34
78 80 33
78 80 34
76 81 30
76 81 31
77 81 30
77 81 31
78 81 31
77 81 32
78 81 32
77 81 33
77 81 34
78 81 33
78 81 34
77 79 35
78 79 35
77 79 36
78 79 36
77 80 35
78 80 35
77 80 36
78 80 36
77 79 37
78 79 37
78 79 38
77 80 37
78 80 37
78 80 38
77 81 35
78 81 35
77 81 36
78 81 36
78 81 37
78 81 38
78 79 39
78 79 40
78 80 39
78 80 40
78 79 41
78 79 42
78 80 41
78 80 42
78 81 39
79 78 40
80 78 40
79 78 41
79 78 42
79 78 43
80 78 41
80 78 42
80 78 43
81 78 42
81 78 43
79 78 44
79 78 45
80 78 44
80 78 45
79 78 46
80 78 46
80 78 47
81 78 44
81 78 45
81 78 46
81 78 47
82 78 46
82 78 47
80 78 48
80 78 49
80 78 50
80 78 51
80 78 52
81 78 48
81 78 49
82 78 48
82 78 49
81 78 50
81 77 51
81 77 52
81 78 51
81 78 52
82 78 50
82 77 51
82 77 52
82 78 51
82 78 52
83 78 51
83 78 52
81 78 53
81 78 54
82 78 53
83 78 53
82 78 54
83 78 54
81 77 55
81 78 55
81 78 56
82 77 55
82 78 55
83 77 55
83 78 55
82 77 56
82 78 56
83 77 56
83 78 56
81 78 57
82 77 57
82 78 57
83 77 57
83 78 57
82 77 58
82 78 58
83 77 58
83 78 58
82 77 59
82 78 59
83 77 59
83 78 59
82 77 60
82 77 61
82 78 60
82 78 61
83 77 60
83 77 61
83 78 60
83 78 61
84 78 55
84 78 56
84 77 57
84 78 57
84 77 58
84 78 58
84 77 59
84 78 59
84 77 60
84 77 61
84 78 60
84 78 61
85 77 61
85 78 61
82 77 62
82 78 62
83 77 62
83 78 62
82 78 63
83 77 63
83 78 63
83 77 64
83 78 64
83 77 65
83 78 65
83 76 67
83 77 66
83 78 66
83 77 67
83 78 67
83 77 68
83 78 68
83 77 69
83 77 70
83 78 69
83 78 70
84 77 62
84 78 62
84 77 63
84 78 63
85 77 62
85 78 62
85 77 63
85 78 63
84 76 65
84 77 64
84 78 64
84 77 65
84 78 65
85 77 64
85 78 64
85 77 65
85 78 65
84 76 66
84 76 67
84 77 66
84 78 66
84 77 67
84 78 67
85 76 67
85 77 66
85 78 66
85 77 67
85 78 67
84 76 68
84 76 69
84 76 70
84 77 68
84 78 68
84 77 69
84 77 70
84 78 69
84 78 70
85 76 68
85 76 69
85 76 70
85 77 68
85 78 68
85 77 69
85 77 70
85 78 69
85 78 70
86 77 67
86 78 67
86 76 70
86 77 68
86 78 68
86 77 69
86 77 70
86 78 69
86 78 70
108 9 117
108 9 118
108 9 119
108 10 118
108 10 119
108 11 119
108 10 120
107 11 120
108 11 120
108 11 121
107 12 120
107 13 120
108 12 120
108 13 120
107 12 121
107 13 121
108 12 121
108 13 121
107 13 122
108 12 122
108 13 122
107 13 123
107 14 121
108 14 121
106 15 122
106 15 123
107 14 122
108 14 122
107 14 123
107 14 124
108 14 123
107 15 122
108 15 122
107 15 123
107 15 124
108 15 123
106 16 123
106 16 124
106 17 124
106 18 124
107 16 123
107 16 124
107 17 124
107 18 124
109 8 116
109 8 117
110 7 116
109 8 118
109 9 117
109 9 118
109 9 119
109 10 118
109 10 119
109 11 119
109 10 120
106 17 125
106 18 125
106 17 126
106 18 126
107 16 125
107 17 125
107 18 125
107 17 126
107 18 126
106 18 127
103 28 132
105 19 125
105 19 126
105 20 126
105 20 127
105 21 127
105 21 128
105 22 128
105 23 128
106 19 125
106 19 126
106 20 126
107 19 125
107 19 126
107 20 126
106 19 127
106 20 127
106 20 128
107 19 127
107 20 127
106 21 126
106 21 127
106 21 128
106 22 128
106 23 128
107 21 127
104 23 129
105 21 129
105 22 129
105 23 129
105 22 130
105 23 130
105 23 131
106 21 129
106 22 129
106 23 129
106 22 130
106 23 130
104 24 129
104 24 130
104 25 130
105 24 129
105 24 130
105 25 130
104 25 131
104 25 132
105 24 131
105 25 131
105 25 132
104 26 130
104 26 131
104 26 132
104 27 131
104 27 132
104 27 133
104 28 132
104 28 133
105 26 131
105 26 132
105 26 133
105 27 131
105 27 132
105 27 133
105 28 132
105 28 133
106 24 129
106 24 130
106 25 130
104 28 134
105 28 134
103 29 133
103 30 133
104 29 132
104 29 133
104 30 133
105 29 133
105 30 133
103 30 134
103 30 135
103 31 134
103 31 135
103 32 134
103 32 135
103 33 135
103 32 136
103 33 136
103 33 137
102 34 136
103 34 136
103 34 137
102 35 136
103 35 136
102 35 137
103 35 137
102 36 137
103 36 137
102 37 137
103 37 137
103 34 138
103 35 138
101 38 138
102 36 138
103 36 138
103 36 139
102 37 138
102 38 138
103 37 138
103 38 138
102 37 139
102 38 139
103 37 139
103 38 139
104 29 134
104 29 135
104 30 134
104 30 135
105 29 134
105 30 134
104 31 134
104 31 135
104 32 134
104 32 135
104 33 135
105 31 134
105 32 135
105 33 135
104 31 136
104 32 136
104 33 136
104 32 137
104 33 137
104 34 135
104 34 136
104 34 137
104 35 136
104 35 137
104 36 137
104 37 137
104 35 138
104 36 138
104 37 138
104 38 138
83 78 71
84 76 71
84 76 72
84 77 71
84 78 71
84 77 72
84 78 72
85 76 71
85 76 72
85 77 71
85 78 71
85 77 72
85 78 72
84 76 73
84 76 74
84 77 73
84 78 73
84 77 74
84 78 74
85 76 73
85 76 74
85 77 73
85 78 73
85 77 74
85 78 74
86 76 71
86 76 72
86 77 71
86 78 71
86 77 72
86 78 72
86 76 73
86 76 74
86 77 73
86 78 73
86 77 74
86 78 74
87 76 74
87 77 73
87 78 73
87 77 74
87 78 74
85 75 78
85 75 79
84 76 75
84 77 75
84 78 75
84 77 76
84 78 76
85 76 75
85 76 76
85 77 75
85 78 75
85 77 76
85 78 76
84 77 77
85 76 77
85 76 78
85 76 79
85 77 77
85 78 77
85 77 78
85 77 79
85 78 78
85 78 79
86 75 78
86 75 79
87 75 79
86 76 75
86 76 76
86 77 75
86 78 75
86 77 76
86 78 76
87 76 75
87 76 76
87 77 75
87 78 75
87 77 76
87 78 76
86 76 77
86 76 78
86 76 79
86 77 77
86 78 77
86 77 78
86 77 79
86 78 78
86 78 79
87 76 77
87 76 78
87 76 79
87 77 77
87 78 77
87 77 78
87 77 79
87 78 78
87 78 79
85 75 80
85 76 80
85 76 81
85 77 80
85 78 80
85 77 81
85 76 82
85 76 83
85 77 82
85 77 83
86 75 80
86 75 81
87 75 80
87 75 81
86 75 82
86 75 83
87 75 82
88 75 82
87 75 83
88 75 83
86 76 80
86 76 81
86 77 80
86 78 80
86 77 81
86 78 81
87 76 80
88 76 80
87 76 81
88 76 81
87 77 80
87 78 80
88 77 80
87 77 81
87 78 81
88 77 81
86 76 82
86 76 83
86 77 82
86 78 82
86 77 83
86 78 83
87 76 82
88 76 82
87 76 83
88 76 83
87 77 82
87 78 82
88 77 82
87 77 83
87 78 83
88 77 83
86 75 84
86 75 85
87 75 84
88 75 84
87 75 85
88 75 85
86 75 86
86 75 87
86 75 88
87 75 86
88 75 86
87 75 87
87 75 88
88 75 87
88 75 88
86 76 84
86 76 85
86 77 84
86 78 84
86 77 85
87 76 84
88 76 84
87 76 85
88 76 85
87 77 84
88 77 84
87 77 85
88 77 85
86 76 86
86 76 87
86 76 88
86 77 86
86 77 87
86 77 88
87 76 86
88 76 86
87 76 87
87 76 88
88 76 87
88 76 88
87 77 86
88 77 86
87 77 87
87 77 88
88 77 87
88 77 88
89 75 88
89 76 86
89 76 87
89 76 88
87 73 95
88 73 95
87 73 96
87 73 97
88 73 96
88 73 97
86 75 89
86 75 90
87 74 89
88 74 89
87 74 90
88 74 90
87 75 89
88 75 89
87 75 90
88 75 90
86 75 91
86 75 92
87 74 91
88 74 91
87 74 92
88 74 92
87 75 91
88 75 91
87 75 92
88 75 92
86 76 89
86 76 90
86 77 89
87 76 89
88 76 89
87 76 90
88 76 90
87 77 89
88 77 89
87 77 90
88 77 90
86 76 91
86 76 92
87 76 91
88 76 91
87 76 92
88 76 92
87 77 91
88 77 91
87 77 92
88 77 92
86 75 93
87 74 93
88 74 93
87 74 94
88 74 94
87 75 93
88 75 93
87 75 94
88 75 94
87 74 95
88 74 95
87 74 96
87 74 97
88 74 96
88 74 97
87 75 95
88 75 95
87 75 96
87 75 97
88 75 96
88 75 97
87 76 93
88 76 93
87 76 94
88 76 94
87 76 95
88 76 95
87 76 96
87 76 97
88 76 96
88 76 97
87 73 98
88 72 98
88 73 98
87 72 99
87 73 99
88 72 99
88 73 99
88 71 101
87 72 100
87 73 100
88 72 100
88 73 100
87 72 101
87 73 101
88 72 101
88 73 101
88 70 103
87 69 106
88 69 105
88 69 106
87 70 104
88 70 104
87 70 105
87 70 106
88 70 105
88 70 106
87 71 102
88 71 102
87 71 103
88 71 103
87 72 102
87 73 102
88 72 102
88 73 102
87 72 103
87 73 103
88 72 103
88 73 103
87 71 104
88 71 104
87 71 105
87 71 106
88 71 105
88 71 106
87 72 104
87 73 104
88 72 104
88 73 104
87 72 105
87 72 106
87 73 105
88 72 105
88 72 106
88 73 105
88 73 106
87 74 98
88 74 98
87 74 99
88 74 99
87 75 98
88 75 98
87 75 99
88 75 99
87 74 100
88 74 100
87 74 101
88 74 101
87 75 100
88 75 100
87 74 102
88 74 102
87 74 103
88 74 103
88 74 104
89 73 95
89 73 96
89 73 97
89 75 89
89 75 90
89 74 92
89 75 91
89 75 92
89 76 89
89 76 90
89 76 91
89 76 92
89 74 93
89 74 94
89 75 93
89 75 94
89 74 95
89 74 96
89 74 97
89 75 95
89 75 96
89 75 97
90 74 97
89 76 93
89 76 94
89 76 95
89 76 96
89 76 97
89 72 98
89 73 98
89 72 99
89 73 99
90 73 98
90 73 99
89 71 101
89 72 100
89 73 100
89 72 101
89 73 101
90 72 100
90 73 100
90 72 101
90 73 101
89 70 103
89 69 105
89 69 106
89 70 104
89 70 105
89 70 106
90 69 106
90 70 105
90 70 106
89 71 102
89 71 103
89 72 102
89 73 102
89 72 103
89 73 103
90 71 103
90 72 102
90 73 102
90 72 103
90 73 103
89 71 104
89 71 105
89 71 106
89 72 104
89 73 104
89 72 105
89 72 106
89 73 105
89 73 106
90 71 104
90 71 105
90 71 106
90 72 104
90 73 104
90 72 105
90 72 106
89 74 98
89 74 99
89 75 98
89 75 99
90 74 98
90 74 99
89 74 100
89 74 101
89 75 100
90 74 100
90 74 101
89 74 102
89 74 103
96 43 140
97 42 140
97 43 140
98 43 140
95 44 140
95 45 140
95 45 141
96 44 140
97 44 140
98 44 140
98 44 141
97 45 141
98 45 141
96 46 139
97 47 139
98 48 139
98 46 141
87 68 107
88 68 107
87 68 108
88 68 108
86 68 110
88 66 110
87 67 109
87 68 109
88 67 109
88 68 109
87 67 110
87 68 110
88 67 110
88 68 110
87 65 112
88 64 115
87 65 113
88 65 113
87 65 114
87 65 115
88 65 114
88 65 115
86 66 112
86 67 111
86 68 111
86 67 112
86 68 112
87 66 111
88 66 111
87 66 112
88 66 112
87 67 111
87 68 111
88 67 111
88 68 111
87 67 112
87 68 112
88 67 112
88 68 112
86 66 113
86 66 114
86 66 115
86 67 113
86 68 113
86 67 114
86 67 115
86 68 114
87 66 113
88 66 113
87 66 114
87 66 115
88 66 114
88 66 115
87 67 113
87 68 113
88 67 113
88 68 113
87 67 114
87 67 115
87 68 114
87 68 115
88 67 114
88 67 115
88 68 114
88 68 115
86 65 116
87 64 116
88 64 116
87 64 117
88 64 117
87 65 116
88 65 116
87 65 117
88 65 117
88 64 118
88 64 119
87 65 118
88 65 118
87 65 119
88 65 119
86 66 116
86 66 117
87 66 116
88 66 116
87 66 117
88 66 117
87 67 116
88 67 116
87 67 117
88 67 117
87 66 118
88 66 118
87 66 119
88 66 119
87 67 118
88 67 118
87 67 119
88 67 119
88 64 120
88 64 121
87 65 120
88 65 120
88 65 121
88 65 122
88 65 123
87 66 120
88 66 120
88 66 121
88 67 120
88 67 121
88 66 122
88 66 123
88 66 124
88 67 122
87 69 107
88 69 107
87 69 108
88 69 108
87 70 107
88 70 107
87 70 108
88 70 108
86 69 109
86 69 110
87 69 109
88 69 109
87 69 110
88 69 110
87 70 109
88 70 109
87 70 110
88 70 110
87 71 107
88 71 107
87 71 108
88 71 108
87 72 107
88 72 107
88 71 109
87 69 111
88 69 111
87 69 112
88 69 112
88 70 111
89 68 107
89 68 108
89 68 109
89 67 110
89 68 110
89 65 113
89 65 114
89 65 115
89 66 111
89 66 112
89 67 111
89 68 111
89 67 112
89 68 112
89 66 113
89 66 114
89 66 115
89 67 113
89 68 113
89 67 114
89 67 115
89 64 116
89 64 117
89 65 116
89 65 117
89 64 118
89 64 119
89 65 118
89 65 119
90 65 118
90 65 119
89 66 116
89 66 117
89 67 116
89 67 117
89 66 118
89 66 119
89 67 118
89 67 119
90 66 118
90 66 119
90 67 119
89 64 120
89 64 121
89 65 120
89 65 121
90 64 120
90 64 121
90 65 120
90 65 121
89 64 122
89 65 122
89 65 123
89 65 124
90 64 122
90 65 122
90 65 123
90 65 124
89 66 120
89 66 121
89 67 120
89 67 121
90 66 120
90 66 121
90 67 120
90 67 121
89 66 122
89 66 123
89 66 124
89 67 122
89 67 123
89 67 124
90 66 122
90 66 123
90 66 124
90 67 122
90 67 123
90 67 124
91 65 121
91 65 122
91 65 123
91 65 124
91 66 121
91 66 122
91 66 123
91 66 124
91 67 123
91 67 124
89 69 107
89 69 108
89 70 107
89 70 108
90 69 107
90 70 107
90 70 108
89 69 109
89 69 110
89 70 109
89 70 110
89 71 107
89 71 108
89 72 107
90 71 107
89 69 111
92 63 132
93 63 132
89 65 125
89 65 126
90 65 125
90 65 126
89 65 127
90 65 127
90 65 128
89 66 125
89 66 126
89 67 125
89 67 126
90 66 125
90 66 126
90 67 125
90 67 126
89 66 127
89 66 128
89 67 127
89 67 128
90 66 127
90 66 128
90 67 127
90 67 128
91 64 125
91 64 126
91 65 125
91 65 126
92 65 126
91 64 127
91 64 128
91 65 127
91 65 128
92 65 127
92 65 128
91 66 125
91 66 126
91 67 125
91 67 126
92 66 125
92 66 126
92 67 126
91 66 127
91 66 128
91 67 127
91 67 128
91 68 128
92 66 127
92 66 128
92 67 127
92 67 128
90 65 129
90 65 130
90 65 131
90 65 133
90 66 129
90 66 130
90 67 129
90 68 129
90 67 130
90 68 130
90 66 131
90 66 132
90 67 131
90 68 131
90 67 132
90 67 133
90 68 132
90 68 133
91 65 129
91 65 130
92 65 129
93 65 129
92 65 130
93 65 130
91 64 132
91 64 133
91 65 131
91 65 132
91 65 133
92 64 132
92 64 133
93 64 132
93 64 133
92 65 131
93 65 131
92 65 132
92 65 133
93 65 132
93 65 133
91 66 129
91 66 130
91 67 129
91 68 129
91 67 130
91 68 130
92 66 129
93 66 129
92 66 130
93 66 130
92 67 129
93 67 129
92 67 130
92 68 130
93 67 130
91 66 131
91 66 132
91 66 133
91 67 131
91 68 131
91 67 132
91 67 133
91 68 132
91 68 133
92 66 131
93 66 131
92 66 132
92 66 133
93 66 132
93 66 133
92 67 131
92 68 131
93 67 131
93 68 131
92 67 132
92 67 133
92 68 132
92 68 133
93 67 132
93 67 133
93 68 132
93 68 133
94 63 132
95 63 132
96 63 132
97 63 132
98 63 132
98 68 128
94 65 132
94 65 133
95 65 133
94 66 130
94 66 131
94 66 132
94 66 133
94 67 131
94 68 131
94 67 132
94 67 133
94 68 132
94 68 133
95 66 131
95 66 132
95 66 133
95 67 131
95 68 131
95 67 132
95 67 133
95 68 132
95 68 133
98 68 129
96 66 133
96 67 131
96 68 131
96 67 132
96 67 133
96 68 132
96 68 133
97 68 131
97 67 132
97 67 133
97 68 132
97 68 133
98 67 133
98 68 132
98 68 133
90 65 134
90 66 134
90 67 134
90 68 134
91 64 134
91 65 134
92 64 134
93 64 134
92 65 134
93 65 134
92 65 135
93 65 135
93 65 136
91 66 134
91 66 135
91 67 134
91 68 134
91 67 135
91 68 135
92 66 134
93 66 134
92 66 135
93 66 135
92 67 134
92 68 134
93 67 134
93 68 134
92 67 135
92 68 135
93 67 135
93 68 135
91 67 136
91 68 136
91 68 137
92 66 136
93 66 136
92 66 137
93 66 137
92 67 136
92 68 136
93 67 136
93 68 136
92 67 137
92 68 137
93 67 137
93 68 137
92 68 138
93 67 138
93 68 138
93 67 139
93 68 139
93 67 140
93 68 140
93 68 141
94 64 134
94 65 134
94 65 135
95 65 134
95 65 135
94 65 136
94 65 137
95 65 136
95 65 137
94 66 134
94 66 135
94 67 134
94 68 134
94 67 135
94 68 135
95 66 134
95 66 135
95 67 134
95 68 134
95 67 135
95 68 135
94 66 136
94 66 137
94 67 136
94 68 136
94 67 137
94 68 137
95 66 136
95 66 137
95 67 136
95 68 136
95 67 137
95 68 137
96 65 134
96 65 135
97 65 135
96 65 136
96 65 137
97 65 136
97 65 137
98 65 137
96 66 134
96 66 135
96 67 134
96 68 134
96 67 135
96 68 135
97 66 134
98 66 134
97 66 135
98 66 135
97 67 134
97 68 134
98 67 134
98 68 134
97 67 135
97 68 135
98 67 135
98 68 135
96 66 136
96 66 137
96 67 136
96 68 136
96 67 137
96 68 137
97 66 136
98 66 136
97 66 137
98 66 137
97 67 136
97 68 136
98 67 136
98 68 136
97 67 137
97 68 137
98 67 137
98 68 137
95 65 138
94 66 138
94 66 139
94 67 138
94 68 138
94 67 139
94 68 139
95 66 138
95 66 139
95 67 138
95 68 138
95 67 139
95 68 139
94 67 140
94 68 140
94 67 141
94 67 142
94 68 141
94 68 142
95 66 140
95 67 140
95 68 140
95 67 141
95 67 142
95 68 141
95 68 142
96 65 138
96 65 139
97 65 138
98 65 138
97 65 139
98 65 139
97 65 140
98 65 140
96 66 138
96 66 139
96 67 138
96 68 138
96 67 139
96 68 139
97 66 138
98 66 138
97 66 139
98 66 139
97 67 138
97 68 138
98 67 138
98 68 138
97 67 139
97 68 139
98 67 139
98 68 139
96 66 140
96 66 141
96 66 142
96 67 140
96 68 140
96 67 141
96 67 142
96 68 141
96 68 142
97 66 140
98 66 140
97 66 141
97 66 142
98 66 141
98 66 142
97 67 140
97 68 140
98 67 140
98 68 140
97 67 141
97 67 142
97 68 141
97 68 142
98 67 141
98 67 142
98 68 141
98 68 142
90 69 131
90 69 132
90 69 133
90 70 131
90 70 132
90 70 133
90 71 133
90 72 133
90 73 133
91 69 131
91 69 132
91 69 133
91 70 131
91 70 132
91 70 133
92 69 131
93 69 131
92 69 132
92 69 133
93 69 132
93 69 133
92 70 131
93 70 131
92 70 132
92 70 133
93 70 132
93 70 133
92 71 130
93 71 130
92 72 130
93 72 130
93 73 130
91 71 131
91 71 132
91 71 133
91 72 131
91 73 131
91 72 132
91 72 133
91 73 132
91 73 133
92 71 131
93 71 131
92 71 132
92 71 133
93 71 132
93 71 133
92 72 131
92 73 131
93 72 131
93 73 131
92 72 132
92 72 133
92 73 132
92 73 133
93 72 132
93 72 133
93 73 132
93 73 133
91 74 132
91 74 133
91 75 132
91 75 133
92 74 131
93 74 131
92 74 132
92 74 133
93 74 132
93 74 133
93 75 131
92 75 132
92 75 133
93 75 132
93 75 133
91 76 133
92 76 132
92 76 133
93 76 132
93 76 133
92 77 133
93 77 133
96 70 128
97 69 128
98 69 128
97 70 128
98 70 128
96 71 128
97 71 128
98 71 128
94 70 130
95 70 130
94 69 131
94 69 132
94 69 133
94 70 131
94 70 132
94 70 133
95 69 131
95 69 132
95 69 133
95 70 131
95 70 132
95 70 133
94 71 130
94 72 130
94 73 130
95 71 130
95 72 130
95 73 130
94 71 131
94 71 132
94 71 133
94 72 131
94 73 131
94 72 132
94 72 133
94 73 132
94 73 133
95 71 131
95 71 132
95 71 133
95 72 131
95 73 131
95 72 132
95 72 133
95 73 132
95 73 133
96 69 130
96 70 129
96 70 130
97 69 129
98 69 129
97 69 130
98 69 130
97 70 129
98 70 129
97 70 130
98 70 130
96 69 131
96 69 132
96 69 133
96 70 131
96 70 132
96 70 133
97 69 131
98 69 131
97 69 132
97 69 133
98 69 132
98 69 133
97 70 131
98 70 131
97 70 132
97 70 133
98 70 132
98 70 133
96 71 129
96 71 130
96 72 130
96 73 130
97 71 129
98 71 129
97 71 130
98 71 130
97 72 130
97 73 130
98 72 130
98 73 130
96 71 131
96 71 132
96 71 133
96 72 131
96 73 131
96 72 132
96 72 133
96 73 132
96 73 133
97 71 131
98 71 131
97 71 132
97 71 133
98 71 132
98 71 133
97 72 131
97 73 131
98 72 131
98 73 131
97 72 132
97 72 133
97 73 132
97 73 133
98 72 132
98 72 133
98 73 132
98 73 133
94 74 130
94 74 131
94 74 132
94 74 133
94 75 131
94 75 132
94 75 133
95 74 131
95 74 132
95 74 133
95 75 131
95 75 132
95 75 133
94 76 132
94 76 133
94 77 133
94 78 133
95 76 132
95 76 133
95 77 133
96 74 131
96 74 132
96 74 133
96 75 131
96 75 132
96 75 133
97 74 131
98 74 131
97 74 132
97 74 133
98 74 132
98 74 133
97 75 131
98 75 131
97 75 132
97 75 133
98 75 132
98 75 133
96 76 132
96 76 133
96 77 133
97 76 132
97 76 133
98 76 132
98 76 133
97 77 133
98 77 133
90 69 134
90 70 134
90 70 135
90 71 134
90 71 135
90 72 134
90 73 134
90 72 135
90 73 135
90 73 136
91 69 134
91 69 135
91 70 134
91 70 135
92 69 134
93 69 134
92 69 135
93 69 135
92 70 134
93 70 134
92 70 135
93 70 135
91 69 136
91 69 137
91 70 136
91 70 137
92 69 136
93 69 136
92 69 137
93 69 137
92 70 136
93 70 136
92 70 137
93 70 137
91 71 134
91 71 135
91 72 134
91 73 134
91 72 135
91 73 135
92 71 134
93 71 134
92 71 135
93 71 135
92 72 134
92 73 134
93 72 134
93 73 134
92 72 135
92 73 135
93 72 135
93 73 135
91 71 136
91 71 137
91 72 136
91 73 136
91 72 137
91 73 137
92 71 136
93 71 136
92 71 137
93 71 137
92 72 136
92 73 136
93 72 136
93 73 136
92 72 137
92 73 137
93 72 137
93 73 137
92 69 138
93 69 138
92 69 139
93 69 139
92 70 138
93 70 138
92 70 139
93 70 139
93 69 140
93 69 141
93 69 142
92 70 140
93 70 140
93 70 141
93 70 142
91 71 138
91 72 138
91 73 138
91 73 139
92 71 138
93 71 138
92 71 139
93 71 139
92 72 138
92 73 138
93 72 138
93 73 138
92 72 139
92 73 139
93 72 139
93 73 139
92 71 140
93 71 140
92 71 141
93 71 141
93 71 142
92 72 140
92 73 140
93 72 140
93 73 140
92 72 141
92 73 141
92 73 142
93 72 141
93 72 142
93 73 141
93 73 142
90 74 134
90 74 135
90 75 134
90 75 135
90 74 136
90 74 137
90 75 136
91 74 134
91 74 135
91 75 134
91 75 135
92 74 134
93 74 134
92 74 135
93 74 135
92 75 134
93 75 134
92 75 135
93 75 135
91 74 136
91 74 137
91 75 136
91 75 137
92 74 136
93 74 136
92 74 137
93 74 137
92 75 136
93 75 136
92 75 137
93 75 137
91 76 134
91 76 135
91 77 134
91 77 135
92 76 134
93 76 134
92 76 135
93 76 135
92 77 134
92 78 134
93 77 134
93 78 134
92 77 135
92 78 135
93 77 135
93 78 135
91 76 136
91 76 137
91 77 136
91 77 137
92 76 136
93 76 136
92 76 137
93 76 137
92 77 136
92 78 136
93 77 136
93 78 136
92 77 137
92 78 137
93 77 137
93 78 137
91 74 138
91 74 139
91 75 138
91 75 139
92 74 138
93 74 138
92 74 139
93 74 139
92 75 138
93 75 138
92 75 139
93 75 139
92 74 140
93 74 140
92 74 141
92 74 142
93 74 141
93 74 142
92 75 140
93 75 140
92 75 141
92 75 142
93 75 141
93 75 142
91 76 138
91 76 139
91 77 138
92 76 138
93 76 138
92 76 139
93 76 139
92 77 138
92 78 138
93 77 138
93 78 138
92 77 139
92 78 139
93 77 139
93 78 139
91 76 140
92 76 140
93 76 140
92 76 141
92 76 142
93 76 141
93 76 142
92 77 140
92 78 140
93 77 140
93 78 140
92 77 141
92 77 142
92 78 141
92 78 142
93 77 141
93 77 142
93 78 141
93 78 142
94 69 134
94 69 135
94 69 136
94 69 137
94 70 134
94 70 135
94 70 136
94 70 137
94 71 134
94 71 135
94 71 136
94 71 137
94 72 134
94 72 135
94 72 136
94 72 137
94 73 134
94 73 135
94 73 136
94 73 137
95 69 134
95 69 135
95 69 136
95 69 137
95 70 134
95 70 135
95 70 136
95 70 137
95 71 134
95 71 135
95 71 136
95 71 137
95 72 134
95 72 135
95 72 136
95 72 137
95 73 134
95 73 135
95 73 136
95 73 137
96 69 134
96 69 135
96 69 136
96 69 137
96 70 134
96 70 135
96 70 136
96 70 137
96 71 134
96 71 135
96 71 136
96 71 137
96 72 134
96 72 135
96 72 136
96 72 137
96 73 134
96 73 135
96 73 136
96 73 137
97 69 134
97 69 135
97 69 136
97 69 137
97 70 134
97 70 135
97 70 136
97 70 137
97 71 134
97 71 135
97 71 136
97 71 137
97 72 134
97 72 135
97 72 136
97 72 137
97 73 134
97 73 135
97 73 136
97 73 137
98 69 134
98 69 135
98 69 136
98 69 137
98 70 134
98 70 135
98 70 136
98 70 137
98 71 134
98 71 135
98 71 136
98 71 137
98 72 134
98 72 135
98 72 136
98 72 137
98 73 134
98 73 135
98 73 136
98 73 137
94 69 138
94 69 139
94 70 138
94 70 139
95 69 138
95 69 139
95 70 138
95 70 139
94 69 140
94 69 141
94 69 142
94 70 140
94 70 141
94 70 142
95 69 140
95 69 141
95 69 142
95 70 140
95 70 141
95 70 142
94 71 138
94 71 139
94 72 138
94 72 139
94 73 138
94 73 139
95 71 138
95 71 139
95 72 138
95 72 139
95 73 138
95 73 139
94 71 140
94 71 141
94 71 142
94 72 140
94 73 140
94 72 141
94 72 142
94 73 141
94 73 142
95 71 140
95 71 141
95 71 142
95 72 140
95 73 140
95 72 141
95 72 142
95 73 141
95 73 142
96 69 138
96 69 139
96 70 138
96 70 139
97 69 138
98 69 138
97 69 139
98 69 139
97 70 138
98 70 138
97 70 139
98 70 139
96 69 140
96 69 141
96 69 142
96 70 140
96 70 141
96 70 142
97 69 140
98 69 140
97 69 141
97 69 142
98 69 141
98 69 142
97 70 140
98 70 140
97 70 141
97 70 142
98 70 141
98 70 142
96 71 138
96 71 139
96 72 138
96 73 138
96 72 139
96 73 139
97 71 138
98 71 138
97 71 139
98 71 139
97 72 138
97 73 138
98 72 138
98 73 138
97 72 139
97 73 139
98 72 139
98 73 139
96 71 140
96 71 141
96 71 142
96 72 140
96 73 140
96 72 141
96 72 142
96 73 141
96 73 142
97 71 140
98 71 140
97 71 141
97 71 142
98 71 141
98 71 142
97 72 140
97 73 140
98 72 140
98 73 140
97 72 141
97 72 142
97 73 141
97 73 142
98 72 141
98 72 142
98 73 141
98 73 142
94 74 134
94 74 135
94 75 134
94 75 135
95 74 134
95 74 135
95 75 134
95 75 135
94 74 136
94 74 137
94 75 136
94 75 137
95 74 136
95 74 137
95 75 136
95 75 137
94 76 134
94 76 135
94 77 134
94 78 134
94 77 135
94 78 135
95 76 134
95 76 135
95 77 134
95 78 134
95 77 135
95 78 135
94 76 136
94 76 137
94 77 136
94 77 137
94 78 136
94 78 137
95 76 136
95 76 137
95 77 136
95 77 137
95 78 136
95 78 137
96 74 134
96 74 135
96 75 134
96 75 135
97 74 134
97 74 135
97 75 134
97 75 135
98 74 134
98 74 135
98 75 134
98 75 135
96 74 136
96 74 137
96 75 136
96 75 137
97 74 136
97 74 137
97 75 136
97 75 137
98 74 136
98 74 137
98 75 136
98 75 137
96 76 134
96 76 135
96 77 134
96 78 134
96 77 135
96 78 135
97 76 134
98 76 134
97 76 135
98 76 135
97 77 134
97 78 134
98 77 134
98 78 134
97 77 135
97 78 135
98 77 135
98 78 135
96 76 136
96 76 137
96 77 136
96 77 137
96 78 136
96 78 137
97 76 136
97 76 137
97 77 136
97 77 137
97 78 136
97 78 137
98 76 136
98 76 137
98 77 136
98 77 137
98 78 136
98 78 137
94 74 138
94 74 139
94 75 138
94 75 139
95 74 138
95 74 139
95 75 138
95 75 139
94 74 140
94 74 141
94 74 142
94 75 140
94 75 141
94 75 142
95 74 140
95 74 141
95 74 142
95 75 140
95 75 141
95 75 142
94 76 138
94 76 139
94 77 138
94 77 139
94 78 138
94 78 139
95 76 138
95 76 139
95 77 138
95 77 139
95 78 138
95 78 139
94 76 140
94 76 141
94 76 142
94 77 140
94 78 140
94 77 141
94 77 142
94 78 141
94 78 142
95 76 140
95 76 141
95 76 142
95 77 140
95 78 140
95 77 141
95 77 142
95 78 141
95 78 142
96 74 138
96 74 139
96 75 138
96 75 139
97 74 138
98 74 138
97 74 139
98 74 139
97 75 138
98 75 138
97 75 139
98 75 139
96 74 140
96 74 141
96 74 142
96 75 140
96 75 141
96 75 142
97 74 140
98 74 140
97 74 141
97 74 142
98 74 141
98 74 142
97 75 140
98 75 140
97 75 141
97 75 142
98 75 141
98 75 142
96 76 138
96 76 139
96 77 138
96 78 138
96 77 139
96 78 139
97 76 138
98 76 138
97 76 139
98 76 139
97 77 138
97 78 138
98 77 138
98 78 138
97 77 139
97 78 139
98 77 139
98 78 139
96 76 140
96 76 141
96 76 142
96 77 140
96 78 140
96 77 141
96 77 142
96 78 141
96 78 142
97 76 140
98 76 140
97 76 141
97 76 142
98 76 141
98 76 142
97 77 140
97 78 140
98 77 140
98 78 140
97 77 141
97 77 142
97 78 141
97 78 142
98 77 141
98 77 142
98 78 141
98 78 142
100 43 140
101 39 138
101 40 139
102 39 138
103 39 138
102 39 139
103 39 139
102 40 139
103 40 139
102 39 140
103 39 140
102 40 140
103 40 140
101 41 139
102 41 139
103 41 139
101 42 140
101 43 140
102 41 140
103 41 140
102 42 140
102 43 140
103 42 140
103 43 140
99 45 141
100 44 140
101 44 140
101 44 141
101 44 142
101 45 141
101 45 142
102 44 140
104 39 139
104 40 139
104 41 139
99 49 139
100 50 140
101 51 141
102 52 142
103 53 141
105 55 139
104 54 140
104 56 140
105 56 140
106 56 140
106 57 141
107 56 140
107 56 141
107 56 142
108 56 141
108 57 141
108 58 141
99 63 132
100 63 133
99 68 129
99 68 133
101 64 132
102 64 133
99 67 134
99 68 134
99 67 135
99 68 135
100 68 134
100 67 135
100 68 135
99 66 136
99 66 137
99 67 136
99 68 136
99 67 137
99 68 137
100 67 136
100 68 136
100 67 137
100 68 137
103 64 134
101 68 135
101 68 136
101 67 137
101 68 137
102 68 136
102 68 137
99 66 138
99 66 139
99 67 138
99 68 138
99 67 139
99 68 139
100 66 138
100 66 139
100 67 138
100 68 138
100 67 139
100 68 139
99 66 140
99 66 141
99 66 142
99 67 140
99 68 140
99 67 141
99 67 142
99 68 141
99 68 142
100 66 140
100 66 141
100 67 140
100 68 140
100 67 141
100 67 142
100 68 141
100 68 142
101 67 138
101 68 138
101 67 139
101 68 139
102 68 138
103 68 138
102 68 139
103 68 139
101 67 140
101 68 140
101 67 141
101 67 142
101 68 141
101 68 142
102 68 140
103 68 140
102 68 141
102 68 142
103 68 141
103 68 142
104 64 135
105 64 136
106 64 137
107 64 138
108 64 139
99 69 128
99 70 128
99 71 128
99 69 129
99 69 130
99 70 129
99 70 130
99 69 132
99 69 133
99 70 131
99 70 132
99 70 133
100 69 133
100 70 132
100 70 133
99 71 129
99 71 130
99 72 130
99 73 130
99 71 131
99 71 132
99 71 133
99 72 131
99 73 131
99 72 132
99 72 133
99 73 132
99 73 133
100 71 131
100 71 132
100 71 133
100 72 131
100 73 131
100 72 132
100 72 133
100 73 132
100 73 133
101 70 133
101 71 132
101 71 133
101 72 131
101 73 131
101 72 132
101 72 133
101 73 132
101 73 133
102 71 133
102 72 132
102 72 133
102 73 132
102 73 133
103 72 133
103 73 133
99 74 131
99 74 132
99 74 133
99 75 131
99 75 132
99 75 133
100 74 131
100 74 132
100 74 133
100 75 131
100 75 132
100 75 133
99 76 132
99 76 133
99 77 133
100 76 132
100 76 133
100 77 133
101 74 131
101 74 132
101 74 133
101 75 132
101 75 133
102 74 132
102 74 133
103 74 132
103 74 133
102 75 132
102 75 133
103 75 132
103 75 133
101 76 132
101 76 133
101 77 133
102 76 132
102 76 133
103 76 133
102 77 133
103 77 133
104 74 133
104 75 133
104 76 133
99 69 134
99 69 135
99 70 134
99 70 135
100 69 134
100 69 135
100 70 134
100 70 135
99 69 136
99 69 137
99 70 136
99 70 137
100 69 136
100 69 137
100 70 136
100 70 137
99 71 134
99 71 135
99 72 134
99 72 135
99 73 134
99 73 135
100 71 134
100 71 135
100 72 134
100 72 135
100 73 134
100 73 135
99 71 136
99 71 137
99 72 136
99 72 137
99 73 136
99 73 137
100 71 136
100 71 137
100 72 136
100 72 137
100 73 136
100 73 137
101 69 134
101 69 135
101 70 134
101 70 135
102 69 134
102 69 135
102 70 134
102 70 135
103 70 135
101 69 136
101 69 137
101 70 136
101 70 137
102 69 136
103 69 136
102 69 137
103 69 137
102 70 136
103 70 136
102 70 137
103 70 137
101 71 134
101 71 135
101 72 134
101 73 134
101 72 135
101 73 135
102 71 134
103 71 134
102 71 135
103 71 135
102 72 134
102 73 134
103 72 134
103 73 134
102 72 135
102 73 135
103 72 135
103 73 135
101 71 136
101 71 137
101 72 136
101 73 136
101 72 137
101 73 137
102 71 136
103 71 136
102 71 137
103 71 137
102 72 136
102 73 136
103 72 136
103 73 136
102 72 137
102 73 137
103 72 137
103 73 137
99 69 138
99 69 139
99 70 138
99 70 139
100 69 138
100 69 139
100 70 138
100 70 139
99 69 140
99 69 141
99 69 142
99 70 140
99 70 141
99 70 142
100 69 140
100 69 141
100 69 142
100 70 140
100 70 141
100 70 142
99 71 138
99 71 139
99 72 138
99 73 138
99 72 139
99 73 139
100 71 138
100 71 139
100 72 138
100 73 138
100 72 139
100 73 139
99 71 140
99 71 141
99 71 142
99 72 140
99 73 140
99 72 141
99 72 142
99 73 141
99 73 142
100 71 140
100 71 141
100 71 142
100 72 140
100 73 140
100 72 141
100 72 142
100 73 141
100 73 142
101 69 138
101 69 139
101 70 138
101 70 139
102 69 138
103 69 138
102 69 139
103 69 139
102 70 138
103 70 138
102 70 139
103 70 139
101 69 140
101 69 141
101 69 142
101 70 140
101 70 141
101 70 142
102 69 140
103 69 140
102 69 141
102 69 142
103 69 141
103 69 142
102 70 140
103 70 140
102 70 141
102 70 142
103 70 141
103 70 142
101 71 138
101 71 139
101 72 138
101 73 138
101 72 139
101 73 139
102 71 138
103 71 138
102 71 139
103 71 139
102 72 138
102 73 138
103 72 138
103 73 138
102 72 139
102 73 139
103 72 139
103 73 139
101 71 140
101 71 141
101 71 142
101 72 140
101 73 140
101 72 141
101 72 142
101 73 141
101 73 142
102 71 140
103 71 140
102 71 141
102 71 142
103 71 141
103 71 142
102 72 140
102 73 140
103 72 140
103 73 140
102 72 141
102 72 142
102 73 141
102 73 142
103 72 141
103 72 142
103 73 141
103 73 142
99 74 134
99 74 135
99 75 134
99 75 135
100 74 134
100 74 135
100 75 134
100 75 135
99 74 136
99 74 137
99 75 136
99 75 137
100 74 136
100 74 137
100 75 136
100 75 137
99 76 134
99 76 135
99 77 134
99 78 134
99 77 135
99 78 135
100 76 134
100 76 135
100 77 134
100 78 134
100 77 135
100 78 135
99 76 136
99 76 137
99 77 136
99 77 137
99 78 136
99 78 137
100 76 136
100 76 137
100 77 136
100 77 137
100 78 136
100 78 137
101 74 134
101 74 135
101 75 134
101 75 135
102 74 134
103 74 134
102 74 135
103 74 135
102 75 134
103 75 134
102 75 135
103 75 135
101 74 136
101 74 137
101 75 136
101 75 137
102 74 136
102 74 137
102 75 136
102 75 137
103 74 136
103 74 137
103 75 136
103 75 137
101 76 134
101 76 135
101 77 134
101 78 134
101 77 135
101 78 135
102 76 134
103 76 134
102 76 135
103 76 135
102 77 134
102 78 134
103 77 134
103 78 134
102 77 135
102 78 135
103 77 135
103 78 135
101 76 136
101 76 137
101 77 136
101 77 137
101 78 136
101 78 137
102 76 136
102 76 137
102 77 136
102 77 137
102 78 136
102 78 137
103 76 136
103 76 137
103 77 136
103 77 137
103 78 136
103 78 137
99 74 138
99 74 139
99 75 138
99 75 139
100 74 138
100 74 139
100 75 138
100 75 139
99 74 140
99 74 141
99 74 142
99 75 140
99 75 141
99 75 142
100 74 140
100 74 141
100 74 142
100 75 140
100 75 141
100 75 142
99 76 138
99 76 139
99 77 138
99 78 138
99 77 139
99 78 139
100 76 138
100 76 139
100 77 138
100 78 138
100 77 139
100 78 139
99 76 140
99 76 141
99 76 142
99 77 140
99 78 140
99 77 141
99 77 142
99 78 141
99 78 142
100 76 140
100 76 141
100 76 142
100 77 140
100 78 140
100 77 141
100 77 142
100 78 141
100 78 142
101 74 138
101 74 139
101 75 138
101 75 139
102 74 138
103 74 138
102 74 139
103 74 139
102 75 138
103 75 138
102 75 139
103 75 139
101 74 140
101 74 141
101 74 142
101 75 140
101 75 141
101 75 142
102 74 140
103 74 140
102 74 141
102 74 142
103 74 141
103 74 142
102 75 140
103 75 140
102 75 141
102 75 142
103 75 141
103 75 142
101 76 138
101 76 139
101 77 138
101 78 138
101 77 139
101 78 139
102 76 138
103 76 138
102 76 139
103 76 139
102 77 138
102 78 138
103 77 138
103 78 138
102 77 139
102 78 139
103 77 139
103 78 139
101 76 140
101 76 141
101 76 142
101 77 140
101 78 140
101 77 141
101 77 142
101 78 141
101 78 142
102 76 140
103 76 140
102 76 141
102 76 142
103 76 141
103 76 142
102 77 140
102 78 140
103 77 140
103 78 140
102 77 141
102 77 142
102 78 141
102 78 142
103 77 141
103 77 142
103 78 141
103 78 142
104 69 137
104 70 136
104 70 137
105 70 137
104 71 135
104 72 134
104 73 134
104 72 135
104 73 135
105 73 134
105 72 135
105 73 135
104 71 136
104 71 137
104 72 136
104 73 136
104 72 137
104 73 137
105 71 136
105 71 137
105 72 136
105 73 136
105 72 137
105 73 137
106 71 137
106 72 136
106 73 136
106 72 137
106 73 137
107 73 137
104 69 138
104 69 139
104 70 138
104 70 139
105 70 138
105 70 139
104 69 140
104 69 141
104 69 142
104 70 140
104 70 141
104 70 142
105 70 140
105 70 141
105 70 142
104 71 138
104 71 139
104 72 138
104 73 138
104 72 139
104 73 139
105 71 138
105 71 139
105 72 138
105 73 138
105 72 139
105 73 139
104 71 140
104 71 141
104 71 142
104 72 140
104 73 140
104 72 141
104 72 142
104 73 141
104 73 142
105 71 140
105 71 141
105 71 142
105 72 140
105 73 140
105 72 141
105 72 142
105 73 141
105 73 142
106 70 139
106 70 140
106 71 138
106 71 139
106 72 138
106 73 138
106 72 139
106 73 139
107 71 139
107 72 138
107 73 138
107 72 139
107 73 139
106 71 140
106 71 141
106 71 142
106 72 140
106 73 140
106 72 141
106 72 142
106 73 141
106 73 142
107 71 140
107 72 140
107 73 140
108 73 140
107 72 141
107 72 142
107 73 141
107 73 142
108 73 141
104 74 134
104 74 135
104 75 134
104 75 135
105 74 134
105 74 135
105 75 134
105 75 135
104 74 136
104 74 137
104 75 136
104 75 137
105 74 136
105 74 137
105 75 136
105 75 137
104 76 134
104 76 135
104 77 134
104 77 135
104 78 135
105 76 134
105 76 135
105 77 134
105 77 135
105 78 135
104 76 136
104 76 137
104 77 136
104 78 136
104 77 137
104 78 137
105 76 136
105 76 137
105 77 136
105 78 136
105 77 137
105 78 137
106 74 135
106 75 135
106 74 136
106 74 137
106 75 136
106 75 137
107 74 136
107 74 137
107 75 136
107 75 137
106 76 135
106 77 135
106 76 136
106 76 137
106 77 136
106 78 136
106 77 137
106 78 137
107 76 136
107 76 137
107 77 136
107 77 137
107 78 137
104 74 138
104 74 139
104 75 138
104 75 139
105 74 138
105 74 139
105 75 138
105 75 139
104 74 140
104 74 141
104 74 142
104 75 140
104 75 141
104 75 142
105 74 140
105 74 141
105 74 142
105 75 140
105 75 141
105 75 142
104 76 138
104 76 139
104 77 138
104 78 138
104 77 139
104 78 139
105 76 138
105 76 139
105 77 138
105 78 138
105 77 139
105 78 139
104 76 140
104 76 141
104 76 142
104 77 140
104 78 140
104 77 141
104 77 142
104 78 141
104 78 142
105 76 140
105 76 141
105 76 142
105 77 140
105 78 140
105 77 141
105 77 142
105 78 141
105 78 142
106 74 138
106 74 139
106 75 138
106 75 139
107 74 138
108 74 138
107 74 139
108 74 139
107 75 138
108 75 138
107 75 139
108 75 139
106 74 140
106 74 141
106 74 142
106 75 140
106 75 141
106 75 142
107 74 140
108 74 140
107 74 141
107 74 142
108 74 141
108 74 142
107 75 140
108 75 140
107 75 141
107 75 142
108 75 141
108 75 142
106 76 138
106 76 139
106 77 138
106 78 138
106 77 139
106 78 139
107 76 138
108 76 138
107 76 139
108 76 139
107 77 138
107 78 138
107 77 139
107 78 139
108 77 139
106 76 140
106 76 141
106 76 142
106 77 140
106 78 140
106 77 141
106 77 142
106 78 141
106 78 142
107 76 140
108 76 140
107 76 141
107 76 142
108 76 141
108 76 142
107 77 140
107 78 140
108 77 140
108 78 140
107 77 141
107 77 142
107 78 141
107 78 142
108 77 141
108 77 142
108 78 141
108 78 142
109 59 141
110 60 141
109 63 140
110 62 141
111 61 141
79 79 32
79 79 33
79 79 34
79 80 32
79 80 33
79 80 34
79 79 35
79 79 36
79 80 35
79 80 36
80 79 36
80 80 36
79 79 37
79 79 38
79 80 37
79 80 38
80 79 37
80 79 38
80 80 37
80 80 38
79 79 39
79 79 40
79 80 39
79 80 40
80 79 39
80 79 40
80 80 39
80 80 40
79 79 41
79 79 42
79 79 43
79 80 41
79 80 42
79 80 43
80 79 41
80 79 42
80 79 43
80 80 41
80 80 42
80 80 43
79 81 39
81 79 41
81 79 42
81 79 43
81 80 41
81 80 42
81 80 43
79 79 44
79 79 45
79 80 44
79 80 45
80 79 44
80 79 45
80 80 44
80 80 45
79 79 46
79 79 47
79 80 46
80 79 46
80 79 47
80 80 46
80 80 47
81 79 44
81 79 45
81 80 44
81 80 45
82 79 45
81 79 46
81 79 47
81 80 46
81 80 47
82 79 46
82 79 47
82 80 47
80 79 48
80 79 49
80 80 48
80 80 49
80 79 50
80 79 51
80 79 52
80 80 50
81 79 48
81 79 49
81 80 48
81 80 49
82 79 48
82 79 49
83 79 49
82 80 48
82 80 49
81 79 50
81 79 51
81 79 52
81 80 50
81 80 51
81 80 52
82 79 50
83 79 50
82 79 51
82 79 52
83 79 51
83 79 52
82 80 50
82 80 51
82 80 52
80 79 53
81 79 53
81 79 54
81 80 53
81 80 54
82 79 53
83 79 53
82 79 54
83 79 54
82 80 53
82 80 54
81 79 55
81 79 56
82 79 55
83 79 55
82 79 56
83 79 56
82 80 55
81 79 57
82 79 57
83 79 57
82 79 58
83 79 58
82 80 57
82 79 59
83 79 59
82 79 60
82 79 61
83 79 60
83 79 61
84 79 55
84 79 56
84 79 57
84 79 58
84 79 59
84 79 60
84 79 61
82 79 62
83 79 62
83 79 63
83 79 64
83 79 65
83 79 66
83 79 67
84 79 62
84 79 63
85 79 62
84 79 64
84 79 65
85 79 64
85 79 65
84 79 66
84 79 67
85 79 66
85 79 67
84 79 68
84 79 69
84 79 70
85 79 68
85 79 69
85 79 70
84 79 71
84 79 72
85 79 71
85 79 72
84 79 73
85 79 73
85 79 74
85 79 75
93 79 134
92 79 135
93 79 135
93 80 135
92 79 136
93 79 136
92 79 137
93 79 137
92 80 136
93 80 136
92 80 137
93 80 137
93 81 136
93 81 137
92 79 138
93 79 138
92 79 139
93 79 139
92 80 138
93 80 138
92 80 139
93 80 139
92 79 140
93 79 140
92 79 141
92 79 142
93 79 141
93 79 142
92 80 140
93 80 140
93 80 141
93 80 142
93 81 138
93 81 139
93 82 138
93 82 139
93 81 140
93 81 141
93 81 142
93 82 140
93 82 141
94 79 134
94 79 135
94 80 135
95 79 134
95 79 135
95 80 135
94 79 136
94 79 137
94 80 136
94 80 137
95 79 136
95 79 137
95 80 136
95 80 137
94 81 136
94 81 137
94 82 137
95 81 136
95 81 137
95 82 137
96 79 134
96 79 135
96 80 135
97 79 134
98 79 134
97 79 135
98 79 135
97 80 135
98 80 135
96 79 136
96 79 137
96 80 136
96 80 137
97 79 136
98 79 136
97 79 137
98 79 137
97 80 136
98 80 136
97 80 137
98 80 137
96 81 136
96 81 137
96 82 137
97 81 136
98 81 136
97 81 137
98 81 137
97 82 137
98 82 137
94 79 138
94 79 139
94 80 138
94 80 139
95 79 138
95 79 139
95 80 138
95 80 139
94 79 140
94 79 141
94 79 142
94 80 140
94 80 141
94 80 142
95 79 140
95 79 141
95 79 142
95 80 140
95 80 141
95 80 142
94 81 138
94 81 139
94 82 138
94 82 139
94 83 139
95 81 138
95 81 139
95 82 138
95 83 138
95 82 139
95 83 139
94 81 140
94 81 141
94 81 142
94 82 140
94 83 140
94 82 141
94 82 142
94 83 141
94 83 142
95 81 140
95 81 141
95 81 142
95 82 140
95 83 140
95 82 141
95 82 142
95 83 141
95 83 142
96 79 138
96 79 139
96 80 138
96 80 139
97 79 138
98 79 138
97 79 139
98 79 139
97 80 138
98 80 138
97 80 139
98 80 139
96 79 140
96 79 141
96 79 142
96 80 140
96 80 141
96 80 142
97 79 140
98 79 140
97 79 141
97 79 142
98 79 141
98 79 142
97 80 140
98 80 140
97 80 141
97 80 142
98 80 141
98 80 142
96 81 138
96 81 139
96 82 138
96 83 138
96 82 139
96 83 139
97 81 138
98 81 138
97 81 139
98 81 139
97 82 138
97 83 138
98 82 138
98 83 138
97 82 139
97 83 139
98 82 139
98 83 139
96 81 140
96 81 141
96 81 142
96 82 140
96 83 140
96 82 141
96 82 142
96 83 141
96 83 142
97 81 140
98 81 140
97 81 141
97 81 142
98 81 141
98 81 142
97 82 140
97 83 140
98 82 140
98 83 140
97 82 141
97 82 142
97 83 141
97 83 142
98 82 141
98 82 142
98 83 141
98 83 142
96 84 140
96 84 141
96 84 142
97 84 140
98 84 140
97 84 141
97 84 142
98 84 141
98 84 142
97 85 140
98 85 141
98 85 142
105 91 119
105 92 118
105 93 118
105 92 119
105 93 119
106 92 117
106 93 117
107 93 117
106 91 119
106 92 118
106 93 118
106 92 119
106 93 119
107 93 118
107 92 119
107 93 119
105 90 122
105 90 123
105 90 124
105 91 120
105 91 121
105 92 120
105 93 120
105 92 121
105 91 122
105 91 123
105 91 124
105 92 122
105 92 123
105 92 124
106 90 122
106 90 123
106 90 124
106 91 120
106 91 121
106 92 120
106 93 120
106 92 121
106 93 121
107 92 120
107 93 120
107 92 121
106 91 122
106 91 123
106 91 124
106 92 122
106 93 122
106 92 123
106 92 124
107 92 122
105 88 130
104 88 132
104 88 133
105 88 131
105 88 132
105 88 133
99 79 134
99 79 135
99 80 135
100 79 135
100 80 135
99 79 136
99 79 137
99 80 136
99 80 137
100 79 136
100 79 137
100 80 136
100 80 137
99 81 136
99 81 137
99 82 137
100 81 136
100 81 137
100 82 137
101 79 135
101 80 135
102 79 135
103 79 135
101 79 136
101 79 137
101 80 136
101 80 137
102 79 136
103 79 136
102 79 137
103 79 137
102 80 136
103 80 136
102 80 137
103 80 137
101 81 136
101 81 137
101 82 137
102 81 137
103 81 137
99 79 138
99 79 139
99 80 138
99 80 139
100 79 138
100 79 139
100 80 138
100 80 139
99 79 140
99 79 141
99 79 142
99 80 140
99 80 141
99 80 142
100 79 140
100 79 141
100 79 142
100 80 140
100 80 141
100 80 142
99 81 138
99 81 139
99 82 138
99 83 138
99 82 139
99 83 139
100 81 138
100 81 139
100 82 138
100 83 138
100 82 139
100 83 139
99 81 140
99 81 141
99 81 142
99 82 140
99 83 140
99 82 141
99 82 142
99 83 141
99 83 142
100 81 140
100 81 141
100 81 142
100 82 140
100 83 140
100 82 141
100 82 142
100 83 141
100 83 142
101 79 138
101 79 139
101 80 138
101 80 139
102 79 138
103 79 138
102 79 139
103 79 139
102 80 138
103 80 138
102 80 139
103 80 139
101 79 140
101 79 141
101 79 142
101 80 140
101 80 141
101 80 142
102 79 140
103 79 140
102 79 141
102 79 142
103 79 141
103 79 142
102 80 140
103 80 140
102 80 141
102 80 142
103 80 141
103 80 142
101 81 138
101 81 139
101 82 138
101 82 139
101 83 139
102 81 138
103 81 138
102 81 139
103 81 139
102 82 138
103 82 138
102 82 139
102 83 139
103 82 139
101 81 140
101 81 141
101 81 142
101 82 140
101 83 140
101 82 141
101 82 142
101 83 141
101 83 142
102 81 140
103 81 140
102 81 141
102 81 142
103 81 141
103 81 142
102 82 140
102 83 140
103 82 140
103 83 140
102 82 141
102 82 142
102 83 141
102 83 142
103 82 141
103 82 142
103 83 141
103 83 142
103 88 135
103 88 136
103 87 137
103 88 137
99 84 140
99 84 141
99 84 142
99 85 141
100 84 140
100 84 141
100 84 142
100 85 141
101 84 140
101 84 141
101 84 142
101 85 141
102 84 141
102 84 142
102 88 138
103 87 138
103 88 138
102 87 139
102 88 139
103 87 139
103 88 139
101 87 141
101 87 142
103 86 140
102 86 141
102 86 142
103 86 141
103 86 142
102 87 140
103 87 140
103 88 140
102 87 141
102 87 142
103 87 141
103 87 142
103 88 141
104 79 135
104 79 136
104 79 137
104 80 136
104 80 137
105 79 136
105 79 137
105 80 137
104 81 137
106 79 137
104 79 138
104 79 139
104 80 138
104 80 139
105 79 138
105 79 139
105 80 138
105 80 139
104 79 140
104 79 141
104 79 142
104 80 140
104 80 141
104 80 142
105 79 140
105 79 141
105 79 142
105 80 140
105 80 141
105 80 142
104 81 138
104 81 139
104 82 139
105 81 138
105 81 139
104 81 140
104 81 141
104 81 142
104 82 140
104 82 141
104 82 142
104 83 141
104 83 142
105 81 140
105 81 141
105 81 142
105 82 140
105 82 141
105 82 142
106 79 138
106 79 139
106 80 138
106 80 139
107 79 138
107 79 139
107 80 139
106 79 140
106 79 141
106 79 142
106 80 140
106 80 141
106 80 142
107 79 140
107 79 141
107 79 142
107 80 140
107 80 141
107 80 142
106 81 139
106 81 140
106 81 141
106 81 142
106 82 141
106 82 142
104 88 134
104 88 135
105 88 134
105 88 135
104 87 136
104 88 136
104 87 137
104 88 137
105 88 136
105 87 137
105 88 137
104 85 141
105 85 142
104 86 139
104 87 138
104 88 138
104 87 139
104 88 139
105 87 138
105 88 138
105 87 139
105 88 139
104 86 140
104 86 141
104 86 142
104 87 140
104 88 140
104 87 141
104 87 142
104 88 141
105 86 140
105 86 141
105 86 142
105 87 140
105 88 140
105 87 141
106 84 140
106 84 141
106 84 142
104 90 125
104 90 126
105 89 125
105 89 126
105 90 125
105 90 126
104 89 127
104 89 128
104 90 127
104 90 128
105 89 127
105 89 128
105 90 127
105 90 128
104 91 125
104 91 126
105 91 125
105 91 126
105 92 125
104 91 127
104 91 128
105 91 127
105 91 128
106 90 125
106 90 126
106 89 127
106 89 128
106 90 127
106 90 128
106 91 125
106 91 126
106 92 125
106 91 127
106 91 128
104 89 129
104 89 130
104 90 129
104 90 130
105 89 129
105 89 130
105 90 129
105 90 130
104 89 131
104 89 132
104 89 133
104 90 131
104 90 132
104 90 133
105 89 131
105 89 132
105 89 133
105 90 131
105 90 132
105 90 133
105 91 129
105 91 130
106 89 129
106 89 130
106 90 129
106 90 130
106 89 131
106 90 131
106 90 132
106 91 129
103 89 135
103 89 136
103 89 137
103 89 138
104 89 134
104 89 135
104 90 134
104 90 135
105 89 134
105 89 135
105 90 134
105 90 135
104 89 136
104 89 137
105 89 136
105 89 137
104 89 138
104 89 139
