0.15
5978
56 62 76
57 62 76
56 62 77
56 62 78
56 62 79
55 62 82
56 62 80
56 62 81
56 62 82
57 62 77
57 62 78
57 62 79
57 62 80
57 62 81
57 62 82
58 62 80
58 62 81
58 62 82
18 58 145
19 58 145
21 58 142
22 58 142
21 58 143
22 58 143
22 58 144
22 59 142
22 59 143
23 58 143
23 58 144
23 58 145
24 58 143
24 58 144
24 58 145
23 59 143
23 59 144
23 59 145
24 59 144
24 59 145
24 60 145
25 59 144
25 59 145
25 60 145
26 59 145
26 60 145
18 57 146
18 58 146
18 58 147
18 59 146
19 57 146
19 57 147
19 58 146
19 58 147
20 57 146
20 57 147
20 58 146
20 58 147
19 58 148
20 57 148
20 58 148
21 57 147
21 58 147
21 57 148
21 57 149
21 58 148
21 58 149
22 57 148
22 57 149
22 57 150
22 58 148
22 58 149
22 58 150
19 59 146
19 59 147
20 59 147
20 59 148
21 59 148
23 57 148
23 58 149
23 58 150
24 58 150
26 58 146
25 58 150
23 58 151
24 58 151
24 58 152
25 58 151
25 58 152
26 58 151
26 58 152
26 58 153
24 59 146
25 59 146
25 60 146
26 59 146
26 59 147
26 60 146
26 60 147
26 61 147
24 59 151
25 59 151
25 59 152
26 59 152
26 59 153
26 60 153
27 58 147
27 58 152
27 58 153
27 58 154
28 57 153
28 57 154
28 58 153
28 58 154
30 56 154
29 57 153
29 57 154
29 58 153
29 58 154
30 57 154
30 57 155
30 58 154
30 58 155
27 59 146
27 59 147
27 60 146
27 60 147
28 59 147
28 60 147
27 59 148
27 60 148
28 59 148
28 60 148
28 60 149
27 61 147
27 62 147
28 61 147
28 61 148
29 59 147
29 60 147
29 59 148
29 60 148
29 60 149
30 60 148
30 60 149
30 60 150
29 61 148
29 61 149
29 62 148
29 62 149
30 61 149
30 61 150
30 62 150
27 59 152
27 59 153
27 59 154
27 60 153
27 60 154
28 59 153
28 59 154
28 60 153
28 60 154
28 61 154
28 62 154
29 59 153
29 59 154
29 59 155
29 60 153
29 60 154
29 60 155
30 59 154
30 59 155
30 60 154
30 60 155
29 61 154
29 61 155
29 62 154
29 62 155
30 61 154
30 61 155
30 62 154
30 62 155
54 62 92
54 61 93
54 61 94
54 62 93
54 62 94
54 61 95
54 61 96
54 61 97
54 62 95
54 62 96
54 62 97
52 61 103
53 61 98
53 61 99
53 61 100
53 62 98
53 62 99
53 62 100
54 61 98
54 61 99
54 61 100
54 62 98
54 62 99
54 62 100
53 61 101
53 61 102
53 61 103
53 62 101
53 62 102
53 62 103
54 61 101
54 61 102
54 61 103
54 62 101
54 62 102
54 62 103
55 62 83
55 62 84
56 62 83
56 62 84
55 62 85
55 62 86
55 62 87
56 62 85
56 62 86
56 62 87
57 62 83
57 62 84
58 62 83
58 62 84
57 62 85
57 62 86
57 62 87
55 61 89
55 62 88
55 62 89
56 62 88
56 62 89
55 61 90
55 61 91
55 61 92
55 62 90
55 62 91
55 62 92
56 61 91
56 61 92
56 62 90
56 62 91
56 62 92
57 62 88
57 62 89
57 62 90
57 62 91
57 62 92
55 61 93
55 61 94
55 62 93
55 62 94
56 61 93
56 61 94
56 62 93
56 62 94
55 61 95
55 61 96
55 61 97
55 62 95
55 62 96
55 62 97
56 61 95
56 61 96
56 61 97
56 62 95
56 62 96
56 62 97
57 62 93
57 62 94
57 62 95
55 61 98
55 61 99
55 61 100
55 62 98
55 62 99
55 62 100
56 61 98
56 61 99
56 61 100
56 62 98
56 62 99
56 62 100
55 61 101
55 61 102
55 61 103
55 62 101
55 62 102
55 62 103
50 60 113
50 61 112
50 61 113
50 62 112
50 62 113
52 60 105
52 60 107
52 61 104
52 61 105
52 62 104
52 62 105
51 61 108
51 62 108
52 61 106
52 61 107
52 61 108
52 62 106
52 62 107
52 62 108
53 60 104
53 60 105
53 60 107
53 61 104
53 61 105
53 62 104
53 62 105
54 61 104
54 61 105
54 62 104
54 62 105
53 61 106
53 61 107
53 61 108
53 62 106
53 62 107
53 62 108
54 61 106
54 61 107
54 61 108
54 62 106
54 62 107
54 62 108
51 60 109
51 60 110
52 60 109
52 60 110
51 60 111
51 60 112
51 60 113
52 60 111
52 60 112
52 60 113
51 61 109
51 61 110
51 62 109
51 62 110
52 61 109
52 61 110
52 62 109
52 62 110
51 61 111
51 61 112
51 61 113
51 62 111
51 62 112
51 62 113
52 61 111
52 61 112
52 61 113
52 62 111
52 62 112
52 62 113
53 60 109
53 60 110
53 61 109
53 61 110
53 62 109
53 62 110
54 61 109
54 62 109
53 61 111
53 61 112
53 61 113
53 62 111
53 62 112
53 62 113
50 60 114
50 60 115
49 60 116
49 60 117
49 60 118
50 60 116
50 60 117
50 60 118
50 61 114
50 61 115
50 62 114
50 62 115
49 61 116
49 61 117
49 61 118
49 62 117
49 62 118
50 61 116
50 61 117
50 61 118
50 62 116
50 62 117
50 62 118
48 60 123
48 60 124
48 61 120
48 61 121
48 62 120
48 62 121
47 61 124
48 61 122
48 61 123
48 61 124
48 62 122
48 62 123
48 62 124
49 60 119
49 60 120
49 60 121
50 60 119
50 60 120
50 60 121
49 60 122
49 60 123
49 60 124
50 60 122
50 60 123
50 60 124
49 61 119
49 61 120
49 61 121
49 62 119
49 62 120
49 62 121
50 61 119
50 61 120
50 61 121
50 62 119
50 62 120
50 62 121
49 61 122
49 61 123
49 61 124
49 62 122
49 62 123
49 62 124
50 61 122
50 61 123
50 61 124
50 62 122
50 62 123
50 62 124
51 60 114
51 60 115
52 60 114
52 60 115
51 60 116
51 60 117
51 60 118
51 61 114
51 61 115
51 62 114
51 62 115
52 61 114
52 61 115
52 62 114
52 62 115
51 61 116
51 61 117
51 61 118
51 62 116
51 62 117
51 62 118
52 61 116
52 61 117
52 61 118
52 62 116
53 61 114
51 60 119
51 60 120
51 60 121
51 61 119
51 61 120
51 61 121
51 62 119
51 62 120
51 62 121
51 61 122
51 61 123
51 61 124
51 62 122
51 62 123
51 62 124
55 61 104
55 62 104
55 62 105
44 60 129
46 60 126
45 60 129
46 60 127
46 60 128
46 60 129
46 61 126
45 61 129
46 61 127
46 61 128
46 61 129
46 62 127
46 62 129
46 60 130
45 60 133
46 60 133
46 61 130
46 61 131
46 62 130
46 62 131
45 61 133
46 61 132
46 61 133
46 61 134
46 62 132
46 62 133
46 62 134
45 57 139
45 58 139
46 58 137
46 58 138
46 58 139
45 58 140
46 58 140
44 60 139
44 61 139
44 62 139
45 59 139
45 60 137
45 60 138
45 60 139
46 59 137
46 59 138
46 59 139
46 60 137
46 60 138
46 60 139
45 61 136
45 62 135
45 62 136
46 61 135
46 61 136
46 62 135
46 62 136
45 61 137
45 61 138
45 61 139
45 62 137
45 62 138
45 62 139
46 61 137
46 61 138
46 61 139
46 62 137
46 62 138
46 62 139
44 60 140
44 61 140
44 61 141
44 61 142
44 62 140
44 62 141
44 62 142
43 62 144
43 62 145
44 61 144
44 62 143
44 62 144
44 62 145
45 59 140
45 60 140
46 59 140
46 60 140
45 61 140
45 61 141
45 61 142
45 62 140
45 62 141
45 62 142
46 61 140
46 61 141
46 62 140
46 62 141
46 62 142
45 62 143
45 62 144
45 62 145
46 62 143
46 62 144
46 62 145
32 54 154
34 52 154
34 54 155
37 50 154
38 49 154
38 50 154
36 52 154
36 52 155
35 53 155
35 54 155
36 53 154
36 53 155
36 54 154
36 54 155
37 51 154
37 51 155
37 52 154
37 52 155
38 51 154
38 51 155
38 52 153
38 52 154
38 52 155
37 53 154
37 53 155
37 54 153
37 54 154
37 54 155
38 53 153
38 53 154
38 53 155
38 54 153
38 54 154
38 54 155
37 54 156
38 54 156
38 54 157
38 54 166
31 55 154
31 56 154
32 55 154
32 56 155
31 57 154
31 57 155
31 58 154
31 58 155
32 57 154
32 57 155
32 58 155
33 55 155
33 56 155
34 55 155
34 56 155
33 57 155
33 58 155
34 57 154
34 57 155
34 58 154
34 58 155
31 60 149
31 60 150
32 60 150
31 61 149
31 61 150
31 62 150
32 61 150
32 62 150
31 60 151
32 60 151
31 59 154
31 59 155
31 60 154
31 60 155
32 59 155
32 60 155
31 61 151
31 62 151
32 61 151
32 61 152
32 62 151
32 62 152
31 61 155
31 62 155
32 61 155
32 62 155
33 60 151
33 59 155
33 60 155
34 59 154
34 59 155
34 60 154
34 60 155
33 61 151
33 61 152
33 62 151
33 62 152
34 61 151
34 61 152
34 62 151
34 62 152
33 61 155
33 62 153
33 62 154
34 61 153
34 61 155
34 62 153
34 62 154
34 62 155
35 55 154
35 55 155
35 56 154
35 56 155
36 55 154
36 55 155
36 56 154
36 56 155
35 57 154
35 57 155
35 58 154
35 58 155
36 57 154
36 57 155
36 58 154
36 58 155
37 55 154
37 55 155
37 56 154
38 55 153
38 55 154
38 55 155
38 56 154
38 56 155
37 57 154
37 57 155
37 58 154
37 58 155
38 57 154
38 57 155
38 58 154
38 58 155
35 59 154
35 59 155
35 60 154
35 60 155
36 59 154
36 59 155
36 60 154
36 60 155
35 61 152
35 62 152
36 62 152
35 61 153
35 61 155
35 62 153
35 62 154
35 62 155
36 61 153
36 61 154
36 61 155
36 62 153
36 62 154
36 62 155
37 59 154
37 59 155
37 60 154
37 60 155
38 59 154
38 59 155
38 60 154
38 60 155
37 61 153
37 61 154
37 61 155
37 62 153
37 62 154
37 62 155
38 61 154
38 61 155
38 62 154
38 62 155
32 58 156
34 56 156
34 57 156
34 58 156
34 58 157
31 59 156
31 60 156
31 61 156
31 62 156
32 61 156
32 62 156
33 59 157
33 60 156
33 60 157
34 59 157
34 60 156
34 60 157
33 61 156
33 61 157
33 62 156
33 62 157
34 61 156
34 61 157
34 62 156
34 62 157
35 55 156
35 56 156
36 55 156
36 56 156
35 57 156
35 57 157
35 58 157
36 57 156
36 57 157
36 58 157
37 55 156
37 55 157
37 56 156
38 55 156
38 56 156
37 56 158
38 55 158
38 56 158
38 56 159
37 57 156
37 57 157
37 58 156
37 58 157
38 57 156
38 57 157
38 58 156
38 58 157
37 58 159
38 57 158
38 57 159
38 58 159
38 58 160
36 56 166
36 57 166
37 55 166
37 56 166
38 55 166
38 56 166
37 57 166
37 58 166
38 57 166
38 58 166
35 59 157
35 60 157
36 59 157
36 60 157
35 59 158
35 60 158
36 60 158
36 60 160
35 61 156
35 61 157
35 62 156
35 62 157
36 61 156
36 61 157
36 62 156
36 62 157
35 61 158
35 62 158
35 62 160
36 61 158
36 61 160
36 62 158
36 62 160
37 59 156
37 59 157
37 60 157
38 59 156
38 59 157
38 60 156
38 60 157
37 59 158
37 59 159
37 59 160
37 60 158
37 60 160
38 59 158
38 59 160
38 60 158
38 60 160
37 61 156
37 61 157
37 62 156
37 62 157
38 61 156
38 61 157
38 62 156
38 62 157
37 61 158
37 61 159
37 61 160
37 62 158
37 62 159
37 62 160
38 61 158
38 61 160
38 62 158
38 62 159
38 62 160
36 62 161
37 60 161
38 59 161
38 60 161
38 60 162
38 60 163
37 59 166
38 59 166
38 60 166
37 61 161
37 62 161
37 62 162
38 61 161
38 61 162
38 61 163
38 62 161
38 62 162
38 62 163
38 61 164
38 61 166
38 62 164
40 48 153
40 48 154
40 49 151
40 50 151
40 50 152
39 49 154
39 50 154
39 50 155
40 49 153
40 49 154
40 50 154
40 50 155
41 47 153
41 48 154
42 47 153
42 48 153
42 48 154
41 49 151
41 50 151
41 50 152
41 49 153
41 49 154
41 49 155
41 50 154
41 50 155
42 49 153
42 49 154
42 49 155
42 50 154
42 50 155
40 51 151
40 51 152
40 52 152
39 51 154
39 52 153
39 52 154
39 52 155
40 51 153
40 51 154
40 51 155
40 52 153
40 52 154
40 52 155
40 53 152
39 53 153
39 53 154
39 53 155
39 54 153
39 54 154
39 54 155
40 53 153
40 53 154
40 53 155
40 54 153
40 54 154
40 54 155
41 51 152
41 52 152
42 51 152
42 52 152
41 51 153
41 51 154
41 51 155
41 52 153
41 52 154
41 52 155
42 51 153
42 51 154
42 51 155
42 52 153
42 52 154
42 52 155
41 53 153
41 53 154
41 53 155
41 54 153
41 54 154
41 54 155
42 53 153
42 53 154
42 53 155
42 54 153
42 54 154
42 54 155
43 47 153
43 48 153
43 48 154
44 48 153
43 49 153
43 49 154
43 50 154
43 50 155
44 49 153
44 49 154
44 50 154
45 48 153
45 50 152
45 50 154
46 49 153
43 51 153
43 51 154
43 51 155
43 52 153
43 52 154
43 52 155
44 51 153
44 51 154
44 52 153
44 52 154
43 53 153
43 53 154
43 53 155
43 54 153
43 54 154
43 54 155
44 53 153
44 53 154
44 54 153
44 54 154
45 51 153
45 51 154
45 52 153
45 52 154
46 51 153
46 52 153
46 52 154
45 53 153
45 53 154
45 54 153
45 54 154
46 53 153
46 53 154
46 54 153
46 54 154
39 51 156
39 52 156
40 51 156
40 52 156
40 52 157
39 53 157
39 54 157
40 53 156
40 53 157
40 54 156
40 54 157
39 54 158
40 54 158
41 51 156
41 52 156
41 52 157
42 51 156
42 52 156
41 53 156
41 53 157
41 54 156
41 54 157
42 53 156
42 54 156
40 52 165
39 53 165
39 54 165
39 54 166
40 53 165
40 53 166
40 54 165
40 54 166
41 52 165
42 51 165
42 52 165
42 52 166
41 53 165
41 53 166
41 54 165
41 54 166
42 53 165
42 53 166
42 54 165
42 54 166
43 50 165
44 50 165
44 50 166
46 50 163
45 49 165
45 50 165
45 50 166
46 49 164
46 49 165
46 49 166
46 50 164
46 50 165
46 50 166
44 52 163
43 51 165
43 51 166
43 52 165
43 52 166
44 51 165
44 51 166
44 52 164
44 52 165
44 52 166
43 54 162
43 54 163
44 53 162
44 53 163
44 54 162
44 54 163
43 53 164
43 53 165
43 53 166
43 54 164
43 54 165
43 54 166
44 53 164
44 53 165
44 53 166
44 54 164
44 54 165
44 54 166
45 51 163
45 52 162
45 52 163
46 51 162
46 51 163
46 52 162
46 52 163
45 51 164
45 51 165
45 51 166
45 52 164
45 52 165
45 52 166
46 51 164
46 51 165
46 51 166
46 52 164
46 52 165
46 52 166
45 53 162
45 53 163
45 54 161
45 54 162
45 54 163
46 53 162
46 53 163
46 54 161
46 54 162
46 54 163
45 53 164
45 53 165
45 53 166
45 54 164
45 54 165
45 54 166
46 53 164
46 53 165
46 53 166
46 54 164
46 54 165
46 54 166
40 55 146
41 55 146
41 56 146
41 56 147
42 55 146
42 56 146
42 56 147
41 57 146
41 57 147
41 58 147
42 57 146
42 57 147
42 58 147
42 58 148
39 55 153
39 55 154
39 55 155
39 56 154
39 56 155
40 55 153
40 55 154
40 55 155
40 56 154
40 56 155
39 57 154
39 57 155
39 58 154
39 58 155
40 57 154
40 57 155
40 58 154
40 58 155
41 55 153
41 55 154
41 55 155
41 56 153
41 56 154
41 56 155
42 55 154
42 56 153
42 56 154
42 56 155
41 57 154
41 57 155
41 58 154
41 58 155
42 57 153
42 57 154
42 57 155
42 58 154
42 58 155
41 59 147
42 59 147
42 60 147
41 59 148
42 59 148
42 60 148
42 61 147
42 62 147
41 62 150
42 61 148
42 61 149
42 61 150
42 62 148
42 62 149
42 62 150
39 59 154
39 59 155
39 60 154
39 60 155
40 59 154
40 59 155
40 60 154
40 60 155
40 62 152
39 61 153
39 61 154
39 61 155
39 62 154
39 62 155
40 61 153
40 61 154
40 61 155
40 62 153
40 62 154
40 62 155
41 59 154
41 59 155
41 60 154
41 60 155
42 59 154
42 59 155
42 60 154
42 60 155
41 61 152
41 62 151
41 62 152
42 61 151
42 62 151
42 62 152
41 61 154
41 61 155
41 62 153
41 62 154
41 62 155
42 61 154
42 61 155
42 62 153
42 62 154
42 62 155
43 56 147
43 57 147
43 58 147
44 57 147
44 58 147
43 58 148
44 57 148
44 58 148
45 57 147
45 58 147
46 58 147
45 57 148
45 58 148
46 57 148
46 58 148
43 55 153
43 55 154
43 55 155
43 56 153
43 56 154
44 55 153
44 55 154
44 55 155
44 56 153
44 56 154
44 56 155
43 57 153
43 57 154
43 57 155
43 58 154
43 58 155
44 57 153
44 57 154
44 58 154
44 58 155
45 55 153
45 55 154
45 56 153
45 56 154
46 55 153
46 55 154
46 56 153
46 56 154
45 57 153
45 57 154
45 58 153
45 58 154
46 57 153
46 57 154
46 58 153
46 58 154
43 59 147
43 60 147
44 59 147
44 60 147
43 59 148
43 60 148
43 60 149
44 59 148
44 60 148
43 61 146
43 61 147
43 62 146
43 62 147
44 61 146
44 61 147
44 62 146
44 62 147
43 61 148
43 61 149
43 62 148
43 62 149
43 62 150
44 61 148
44 61 149
44 62 148
44 62 149
44 62 150
45 59 147
45 60 146
45 60 147
46 59 147
46 60 146
46 60 147
45 59 148
45 60 148
46 59 148
46 59 149
46 60 148
45 61 146
45 61 147
45 62 146
45 62 147
46 61 146
46 61 147
46 62 146
46 62 147
45 61 148
45 61 149
45 62 148
45 62 149
46 61 148
46 61 149
46 62 148
43 59 154
43 59 155
43 60 154
43 60 155
44 59 154
44 59 155
44 60 154
44 60 155
43 62 151
43 62 152
44 62 151
44 62 152
43 61 154
43 61 155
43 62 153
43 62 154
43 62 155
44 61 154
44 61 155
44 62 154
45 59 154
45 60 154
46 59 154
46 60 154
45 62 151
45 61 154
45 62 154
46 61 154
46 62 154
39 55 156
39 55 157
39 56 156
40 55 157
40 56 157
39 55 158
39 56 158
39 56 159
40 55 158
40 55 159
40 56 158
40 56 159
39 57 156
39 57 157
39 58 157
40 57 156
40 57 157
40 58 156
40 58 157
39 57 158
39 57 159
39 57 160
39 58 159
39 58 160
40 57 158
40 57 159
40 58 159
40 58 160
41 55 156
41 55 157
41 56 157
42 55 156
42 56 156
42 56 157
41 55 158
41 56 158
41 57 157
42 57 156
42 57 157
42 58 157
41 57 158
39 55 166
39 56 166
40 55 166
40 56 166
40 57 163
40 58 163
39 57 166
39 58 166
40 57 164
40 57 165
40 57 166
40 58 164
40 58 165
40 58 166
41 56 163
42 55 163
42 56 163
41 55 166
41 56 164
41 56 165
41 56 166
42 55 164
42 55 165
42 55 166
42 56 164
42 56 165
42 56 166
41 57 163
41 58 163
42 57 163
42 58 163
41 57 164
41 57 165
41 57 166
41 58 164
41 58 165
41 58 166
42 57 164
42 57 165
42 57 166
42 58 164
42 58 165
42 58 166
39 59 156
39 59 157
39 60 156
39 60 157
40 59 156
40 59 157
40 60 156
40 60 157
39 59 158
39 59 159
39 59 160
39 60 158
39 60 160
40 59 158
40 59 159
40 59 160
40 60 158
40 60 160
39 61 156
39 61 157
39 62 156
39 62 157
40 61 156
40 61 157
40 62 156
40 62 157
39 61 158
39 61 160
39 62 158
39 62 159
39 62 160
40 61 158
40 61 160
40 62 158
40 62 159
40 62 160
41 59 156
41 60 156
41 60 157
42 59 156
42 60 157
41 60 158
41 61 156
41 61 157
41 62 156
41 62 157
42 61 156
42 61 157
42 62 156
41 62 158
42 62 158
39 59 161
39 59 163
39 60 161
39 60 162
39 60 163
40 59 163
40 60 163
39 59 164
39 59 165
39 59 166
39 60 164
39 60 165
39 60 166
40 59 164
40 59 165
40 59 166
40 60 164
40 60 165
40 60 166
39 61 161
39 61 162
39 61 163
39 62 161
39 62 162
39 62 163
40 61 161
40 61 162
40 61 163
40 62 161
40 62 162
40 62 163
39 61 164
39 61 165
39 61 166
39 62 164
39 62 165
39 62 166
40 61 164
40 61 165
40 61 166
40 62 164
40 62 165
40 62 166
41 59 163
41 60 163
42 59 163
42 60 163
41 59 164
41 59 165
41 59 166
41 60 164
41 60 165
41 60 166
42 59 164
42 59 165
42 59 166
42 60 164
42 60 165
42 60 166
41 61 163
41 62 163
42 61 163
42 62 163
41 61 164
41 61 165
41 61 166
41 62 164
41 62 165
41 62 166
42 61 164
42 61 165
42 61 166
42 62 164
42 62 165
42 62 166
43 55 162
43 55 163
43 56 162
43 56 163
44 55 161
44 55 162
44 55 163
44 56 161
44 56 162
44 56 163
43 55 164
43 55 165
43 55 166
43 56 164
43 56 165
43 56 166
44 55 164
44 55 165
44 55 166
44 56 164
44 56 165
44 56 166
43 57 163
43 58 163
44 57 161
44 57 162
44 57 163
44 58 161
44 58 162
44 58 163
43 57 164
43 57 165
43 57 166
43 58 164
43 58 165
43 58 166
44 57 164
44 57 165
44 57 166
44 58 164
44 58 165
44 58 166
45 55 161
45 55 162
45 55 163
45 56 161
45 56 162
45 56 163
46 55 161
46 55 162
46 55 163
46 56 161
46 56 162
46 56 163
45 55 164
45 55 165
45 55 166
45 56 164
45 56 165
45 56 166
46 55 164
46 55 165
46 55 166
46 56 164
46 56 165
46 56 166
45 57 161
45 57 162
45 57 163
45 58 161
45 58 162
45 58 163
46 57 161
46 57 162
46 57 163
46 58 161
46 58 162
46 58 163
45 57 164
45 57 165
45 57 166
45 58 164
45 58 165
45 58 166
46 57 164
46 57 165
46 57 166
46 58 164
46 58 165
46 58 166
43 59 163
43 60 163
44 59 162
44 59 163
44 60 162
44 60 163
43 59 164
43 59 165
43 59 166
43 60 164
43 60 165
43 60 166
44 59 164
44 59 165
44 59 166
44 60 164
44 60 165
44 60 166
43 61 163
43 62 163
44 61 162
44 61 163
44 62 163
43 61 164
43 61 165
43 61 166
43 62 164
43 62 165
43 62 166
44 61 164
44 61 165
44 61 166
44 62 164
44 62 165
44 62 166
45 59 162
45 59 163
45 60 162
45 60 163
46 59 161
46 59 162
46 59 163
46 60 162
46 60 163
45 59 164
45 59 165
45 59 166
45 60 164
45 60 165
45 60 166
46 59 164
46 59 165
46 59 166
46 60 164
46 60 165
46 60 166
45 61 162
45 61 163
45 62 162
45 62 163
46 61 162
46 61 163
46 62 162
46 62 163
45 61 164
45 61 165
45 61 166
45 62 164
45 62 165
45 62 166
46 61 164
46 61 165
46 61 166
46 62 164
46 62 165
46 62 166
50 46 165
50 46 166
51 46 164
51 46 165
51 46 166
52 45 166
52 46 164
52 46 165
52 46 166
53 45 165
53 45 166
53 46 164
53 46 165
53 46 166
54 45 165
54 45 166
54 46 164
54 46 165
54 46 166
55 45 165
55 45 166
55 46 164
55 46 165
55 46 166
56 46 165
56 46 166
57 46 165
57 46 166
58 46 166
47 60 126
48 60 125
48 60 126
47 60 127
47 60 128
47 60 129
48 60 127
48 60 128
48 60 129
47 61 125
47 61 126
47 62 125
47 62 126
48 61 125
48 61 126
48 62 125
48 62 126
47 61 127
47 61 128
47 61 129
47 62 127
47 62 128
47 62 129
48 61 127
48 61 128
48 61 129
48 62 127
48 62 128
48 62 129
49 60 125
49 60 126
50 60 125
50 60 126
49 60 128
49 60 129
49 61 125
49 61 126
49 62 125
49 62 126
50 61 125
50 61 126
50 62 125
50 62 126
49 61 127
49 61 128
49 61 129
49 62 127
49 62 128
49 62 129
50 61 127
50 61 128
50 62 127
50 62 128
50 62 129
47 60 130
47 60 131
48 60 130
48 60 131
47 60 133
47 61 130
47 61 131
47 62 130
47 62 131
48 61 130
48 61 131
48 62 130
48 62 131
47 61 132
47 61 133
47 61 134
47 62 132
47 62 133
47 62 134
48 61 132
48 61 133
48 61 134
48 62 132
48 62 133
48 62 134
49 61 130
49 61 131
49 62 130
49 62 131
50 61 131
50 62 131
49 61 132
49 61 134
49 62 132
49 62 134
50 62 134
47 57 137
47 57 138
47 58 137
47 58 138
47 58 139
48 57 137
48 57 138
48 58 137
48 58 138
48 58 139
47 58 140
48 58 140
50 58 145
47 59 137
47 59 138
47 59 139
47 60 137
47 60 138
47 60 139
48 59 137
48 59 138
48 59 139
48 60 137
48 60 138
48 60 139
47 61 135
47 61 136
47 62 135
47 62 136
48 61 135
48 62 135
48 62 136
47 61 137
47 61 138
47 61 139
47 62 137
47 62 138
47 62 139
48 61 137
48 61 138
48 61 139
48 62 137
48 62 138
49 60 137
49 60 138
49 62 135
50 62 135
49 61 137
49 61 138
49 62 137
49 62 138
47 59 140
47 60 140
48 59 140
48 60 140
47 61 140
47 62 140
47 62 141
48 61 140
48 62 140
48 62 141
47 62 145
49 59 140
49 60 140
50 59 145
49 61 140
49 62 140
50 61 140
50 62 140
51 58 145
51 59 145
47 49 153
47 52 152
48 52 152
47 51 153
47 52 153
48 52 153
48 53 152
47 53 153
47 53 154
47 54 153
47 54 154
48 53 153
48 54 153
49 52 152
49 52 153
49 53 153
49 54 153
48 48 163
47 48 164
47 48 165
47 48 166
48 47 165
48 47 166
48 48 164
48 48 165
48 48 166
47 49 163
47 50 163
48 49 163
48 50 162
48 50 163
47 49 164
47 49 165
47 49 166
47 50 164
47 50 165
47 50 166
48 49 164
48 49 165
48 49 166
48 50 164
48 50 165
48 50 166
49 48 163
50 48 163
49 47 164
49 47 165
49 47 166
49 48 164
49 48 165
49 48 166
50 47 164
50 47 165
50 47 166
50 48 164
50 48 165
50 48 166
49 49 163
49 50 162
49 50 163
50 49 163
50 50 162
50 50 163
49 49 164
49 49 165
49 49 166
49 50 164
49 50 165
49 50 166
50 49 164
50 49 165
50 49 166
50 50 164
50 50 165
50 50 166
47 51 162
47 51 163
47 52 162
47 52 163
48 51 162
48 51 163
48 52 162
48 52 163
47 51 164
47 51 165
47 51 166
47 52 164
47 52 165
47 52 166
48 51 164
48 51 165
48 51 166
48 52 164
48 52 165
48 52 166
47 53 161
47 53 162
47 53 163
47 54 161
47 54 162
47 54 163
48 53 161
48 53 162
48 53 163
48 54 161
48 54 162
48 54 163
47 53 164
47 53 165
47 53 166
47 54 164
47 54 165
47 54 166
48 53 164
48 53 165
48 53 166
48 54 164
48 54 165
48 54 166
49 51 162
49 51 163
49 52 162
49 52 163
50 51 162
50 51 163
50 52 162
50 52 163
49 51 164
49 51 165
49 51 166
49 52 164
49 52 165
49 52 166
50 51 164
50 51 165
50 51 166
50 52 164
50 52 165
50 52 166
49 53 162
49 53 163
49 54 162
49 54 163
50 53 162
50 53 163
50 54 162
50 54 163
49 53 164
49 53 165
49 53 166
49 54 164
49 54 165
49 54 166
50 53 164
50 53 165
50 53 166
50 54 164
50 54 165
50 54 166
51 47 163
51 48 163
52 47 163
52 48 163
51 47 164
51 47 165
51 47 166
51 48 164
51 48 165
51 48 166
52 47 164
52 47 165
52 47 166
52 48 164
52 48 165
52 48 166
51 49 163
51 50 162
51 50 163
52 49 163
52 50 162
52 50 163
51 49 164
51 49 165
51 49 166
51 50 164
51 50 165
51 50 166
52 49 164
52 49 165
52 49 166
52 50 164
52 50 165
52 50 166
53 48 163
54 48 163
53 47 164
53 47 165
53 47 166
53 48 164
53 48 165
53 48 166
54 47 164
54 47 165
54 47 166
54 48 164
54 48 165
54 48 166
53 49 163
53 50 163
54 49 163
54 50 163
53 49 164
53 49 165
53 49 166
53 50 164
53 50 165
53 50 166
54 49 164
54 49 165
54 49 166
54 50 164
54 50 165
54 50 166
51 51 162
51 51 163
51 52 162
51 52 163
52 51 162
52 51 163
52 52 162
52 52 163
51 51 164
51 51 165
51 51 166
51 52 164
51 52 165
51 52 166
52 51 164
52 51 165
52 51 166
52 52 164
52 52 165
52 52 166
51 53 162
51 53 163
51 54 162
51 54 163
52 53 162
52 53 163
52 54 162
52 54 163
51 53 164
51 53 165
51 53 166
51 54 164
51 54 165
51 54 166
52 53 164
52 53 165
52 53 166
52 54 164
52 54 165
52 54 166
53 51 163
53 52 162
53 52 163
54 51 163
54 52 163
53 51 164
53 51 165
53 51 166
53 52 164
53 52 165
53 52 166
54 51 164
54 51 165
54 51 166
54 52 164
54 52 165
54 52 166
53 53 162
53 53 163
53 54 162
53 54 163
54 53 162
54 53 163
54 54 162
54 54 163
53 53 164
53 53 165
53 53 166
53 54 164
53 54 165
53 54 166
54 53 164
54 53 165
54 53 166
54 54 164
54 54 165
54 54 166
47 58 147
48 57 146
48 58 147
47 57 148
47 58 148
47 58 149
48 57 148
49 57 146
49 58 146
49 58 147
50 58 146
47 55 153
47 55 154
47 56 153
47 56 154
48 55 153
48 56 153
47 57 153
47 57 154
47 58 153
47 58 154
48 57 153
48 58 153
48 58 154
49 55 153
49 56 153
49 57 153
47 59 146
47 59 147
47 60 146
47 60 147
48 59 146
48 59 147
48 60 146
48 60 147
47 59 148
47 59 149
47 60 148
47 61 146
47 61 147
47 62 146
47 62 147
48 61 146
48 61 147
48 62 146
49 59 146
49 59 147
49 60 146
49 60 147
50 59 146
50 60 146
49 61 146
49 62 146
50 61 146
47 59 154
47 60 154
47 61 154
51 58 146
51 59 146
47 55 161
47 55 162
47 55 163
47 56 161
47 56 162
47 56 163
48 55 161
48 55 162
48 55 163
48 56 161
48 56 162
48 56 163
47 55 164
47 55 165
47 55 166
47 56 164
47 56 165
47 56 166
48 55 164
48 55 165
48 55 166
48 56 164
48 56 165
48 56 166
47 57 161
47 57 162
47 57 163
47 58 161
47 58 162
47 58 163
48 57 162
48 57 163
48 58 162
48 58 163
47 57 164
47 57 165
47 57 166
47 58 164
47 58 165
47 58 166
48 57 164
48 57 165
48 57 166
48 58 164
48 58 165
48 58 166
49 55 162
49 55 163
49 56 162
49 56 163
50 55 162
50 55 163
50 56 162
50 56 163
49 55 164
49 55 165
49 55 166
49 56 164
49 56 165
49 56 166
50 55 164
50 55 165
50 55 166
50 56 164
50 56 165
50 56 166
49 57 162
49 57 163
49 58 162
49 58 163
50 57 162
50 57 163
50 58 162
50 58 163
49 57 164
49 57 165
49 57 166
49 58 164
49 58 165
49 58 166
50 57 164
50 57 165
50 57 166
50 58 164
50 58 165
50 58 166
47 59 162
47 59 163
47 60 162
47 60 163
48 59 162
48 59 163
48 60 162
48 60 163
47 59 164
47 59 165
47 59 166
47 60 164
47 60 165
47 60 166
48 59 164
48 59 165
48 59 166
48 60 164
48 60 165
48 60 166
47 61 162
47 61 163
47 62 162
47 62 163
48 61 162
48 61 163
48 62 162
48 62 163
47 61 164
47 61 165
47 61 166
47 62 164
47 62 165
47 62 166
48 61 164
48 61 165
48 61 166
48 62 164
48 62 165
48 62 166
49 59 162
49 59 163
49 60 162
49 60 163
50 59 162
50 59 163
50 60 162
50 60 163
49 59 164
49 59 165
49 59 166
49 60 164
49 60 165
49 60 166
50 59 164
50 59 165
50 59 166
50 60 164
50 60 165
50 60 166
49 61 162
49 61 163
49 62 163
50 61 162
50 61 163
49 61 164
49 61 165
49 61 166
49 62 164
49 62 165
49 62 166
50 61 164
50 61 165
50 61 166
50 62 164
50 62 165
50 62 166
51 55 162
51 55 163
51 56 162
51 56 163
52 55 162
52 55 163
52 56 162
52 56 163
51 55 164
51 55 165
51 55 166
51 56 164
51 56 165
51 56 166
52 55 164
52 55 165
52 55 166
52 56 164
52 56 165
52 56 166
51 57 162
51 57 163
51 58 162
51 58 163
52 57 162
52 57 163
52 58 162
52 58 163
51 57 164
51 57 165
51 57 166
51 58 164
51 58 165
51 58 166
52 57 164
52 57 165
52 57 166
52 58 164
52 58 165
52 58 166
53 55 162
53 55 163
53 56 162
53 56 163
54 55 163
54 56 163
53 55 164
53 55 165
53 55 166
53 56 164
53 56 165
53 56 166
54 55 164
54 55 165
54 55 166
54 56 164
54 56 165
54 56 166
53 57 162
53 57 163
53 58 162
53 58 163
54 57 162
54 57 163
54 58 163
53 57 164
53 57 165
53 57 166
53 58 164
53 58 165
53 58 166
54 57 164
54 57 165
54 57 166
54 58 164
54 58 165
54 58 166
51 59 162
51 59 163
51 60 162
51 60 163
52 59 162
52 59 163
52 60 162
52 60 163
51 59 164
51 59 165
51 59 166
51 60 164
51 60 165
51 60 166
52 59 164
52 59 165
52 59 166
52 60 164
52 60 165
52 60 166
51 61 162
51 61 163
52 61 163
51 61 164
51 61 165
51 61 166
51 62 165
51 62 166
52 61 164
52 61 165
52 61 166
52 62 165
52 62 166
53 59 162
53 59 163
53 60 163
54 59 163
53 59 164
53 59 165
53 59 166
53 60 164
53 60 165
53 60 166
54 59 164
54 59 165
54 59 166
54 60 164
54 60 165
54 60 166
53 61 165
53 61 166
53 62 165
53 62 166
54 61 165
54 61 166
54 62 165
55 47 164
55 47 165
55 47 166
55 48 164
55 48 165
55 48 166
56 47 164
56 47 165
56 47 166
56 48 164
56 48 165
56 48 166
55 49 163
55 50 163
55 49 164
55 49 165
55 49 166
55 50 164
55 50 165
55 50 166
56 49 164
56 49 165
56 49 166
56 50 164
56 50 165
56 50 166
57 47 164
57 47 165
57 47 166
57 48 164
57 48 165
57 48 166
58 47 165
58 47 166
58 48 164
58 48 165
58 48 166
57 49 164
57 49 165
57 49 166
57 50 164
57 50 165
57 50 166
58 49 164
58 49 165
58 49 166
58 50 164
58 50 165
58 50 166
55 51 163
55 52 163
56 51 163
56 52 163
55 51 164
55 51 165
55 51 166
55 52 164
55 52 165
55 52 166
56 51 164
56 51 165
56 51 166
56 52 164
56 52 165
56 52 166
55 53 163
55 54 163
56 53 163
56 54 163
55 53 164
55 53 165
55 53 166
55 54 164
55 54 165
55 54 166
56 53 164
56 53 165
56 53 166
56 54 164
56 54 165
56 54 166
57 52 163
57 51 164
57 51 165
57 51 166
57 52 164
57 52 165
57 52 166
58 51 164
58 51 165
58 51 166
58 52 164
58 52 165
58 52 166
57 53 163
57 54 163
57 53 164
57 53 165
57 53 166
57 54 164
57 54 165
57 54 166
58 53 164
58 53 165
58 53 166
58 54 164
58 54 165
58 54 166
59 47 165
59 47 166
59 48 165
59 48 166
60 48 165
60 48 166
59 49 165
59 49 166
59 50 165
59 50 166
60 49 165
60 49 166
60 50 165
60 50 166
61 49 166
61 50 165
61 50 166
59 51 164
59 51 165
59 51 166
59 52 164
59 52 165
59 52 166
60 51 165
60 51 166
60 52 165
60 52 166
59 53 164
59 53 165
59 53 166
59 54 164
59 54 165
59 54 166
60 53 164
60 53 165
60 53 166
60 54 165
60 54 166
61 51 165
61 51 166
61 52 165
61 52 166
61 53 165
61 53 166
61 54 165
61 54 166
55 55 163
55 56 163
56 55 163
56 56 163
55 55 164
55 55 165
55 55 166
55 56 164
55 56 165
55 56 166
56 55 164
56 55 165
56 55 166
56 56 164
56 56 165
56 56 166
55 57 163
55 58 163
56 57 163
56 58 163
55 57 164
55 57 165
55 57 166
55 58 164
55 58 165
55 58 166
56 57 164
56 57 165
56 57 166
56 58 164
56 58 165
56 58 166
57 55 163
57 56 163
57 55 164
57 55 165
57 55 166
57 56 164
57 56 165
57 56 166
58 55 164
58 55 165
58 55 166
58 56 164
58 56 165
58 56 166
57 57 164
57 57 165
57 57 166
57 58 164
57 58 165
57 58 166
58 57 164
58 57 165
58 57 166
58 58 164
58 58 165
58 58 166
55 60 163
55 59 164
55 59 165
55 59 166
55 60 164
55 60 165
55 60 166
56 59 164
56 59 165
56 59 166
56 60 165
56 61 163
55 61 165
57 59 164
57 59 165
57 59 166
57 62 164
59 55 164
59 55 165
59 55 166
59 56 164
59 56 165
59 56 166
60 55 165
60 55 166
60 56 165
60 56 166
59 57 165
59 57 166
61 55 166
61 62 166
62 61 166
62 67 17
62 67 18
62 67 19
62 68 17
62 68 18
62 68 19
62 67 20
62 67 21
62 67 22
62 67 23
62 67 24
62 68 20
62 68 21
62 68 22
62 68 23
62 68 24
61 66 26
61 67 25
61 67 26
62 67 25
62 67 26
61 66 28
61 66 29
61 67 27
61 67 28
61 67 29
62 66 28
62 66 29
62 67 27
62 67 28
62 67 29
61 68 25
61 68 26
62 68 25
62 68 26
61 68 27
61 68 28
61 68 29
62 68 27
62 68 28
62 68 29
60 65 37
59 65 38
59 65 39
59 65 40
60 65 38
60 65 39
60 65 40
61 65 39
61 65 40
60 66 32
60 66 33
60 66 34
60 67 32
60 67 33
60 67 34
60 68 32
60 68 33
60 68 34
61 66 30
61 66 31
61 67 30
61 67 31
62 66 30
62 66 31
62 67 30
62 67 31
61 66 32
61 66 33
61 66 34
61 67 32
61 67 33
61 67 34
62 66 32
62 66 33
62 66 34
62 67 32
62 67 33
62 67 34
61 68 30
61 68 31
62 68 30
62 68 31
61 68 32
62 68 32
60 66 35
60 66 36
60 66 37
60 67 35
60 67 36
60 67 37
59 66 38
59 66 39
59 66 40
59 67 38
59 67 39
59 67 40
60 66 38
60 66 39
60 66 40
60 67 38
60 67 39
60 67 40
61 66 35
61 66 36
61 66 37
61 67 35
61 67 36
61 67 37
62 66 35
62 66 36
62 66 37
62 67 35
62 67 36
62 67 37
61 66 38
61 66 39
61 66 40
61 67 38
61 67 39
61 67 40
62 66 38
62 66 39
62 66 40
62 67 38
58 65 50
59 65 41
59 65 42
60 65 41
60 65 42
59 64 44
59 64 45
59 65 43
59 65 44
59 65 45
60 64 45
60 65 43
60 65 44
60 65 45
61 65 41
61 65 42
61 65 43
61 65 44
61 65 45
59 64 46
59 64 47
59 65 46
59 65 47
60 64 46
60 64 47
60 65 46
60 65 47
59 64 48
59 64 49
59 64 50
59 65 48
59 65 49
59 65 50
60 64 48
60 64 49
60 64 50
60 65 48
60 65 49
60 65 50
61 65 46
61 65 47
61 64 48
61 64 49
61 64 50
61 65 48
61 65 49
61 65 50
59 66 41
59 66 42
59 67 41
59 67 42
60 66 41
60 66 42
60 67 41
60 67 42
59 66 43
59 66 44
59 66 45
60 66 43
60 66 44
60 66 45
61 66 41
61 66 42
61 67 41
62 66 41
61 66 43
61 66 44
61 66 45
59 66 46
59 66 47
60 66 46
60 66 47
59 66 48
59 66 49
59 66 50
60 66 48
60 66 49
60 66 50
61 66 46
61 66 47
61 66 48
61 66 49
61 66 50
58 63 55
58 64 55
58 65 55
58 63 56
58 63 57
58 63 58
58 63 59
58 63 60
58 63 61
58 64 56
58 64 57
58 64 58
58 65 56
58 65 57
58 65 58
58 64 59
58 64 60
58 64 61
58 65 59
58 65 60
58 65 61
59 63 54
59 63 55
60 63 54
60 63 55
59 64 51
59 64 52
59 65 51
59 65 52
60 64 51
60 64 52
60 65 51
60 65 52
59 64 53
59 64 54
59 64 55
59 65 53
59 65 54
59 65 55
60 64 53
60 64 54
60 64 55
60 65 53
60 65 54
60 65 55
61 64 51
61 64 52
61 65 51
61 65 52
61 64 53
61 64 54
61 64 55
61 65 53
61 65 54
61 65 55
59 63 56
59 63 57
59 63 58
60 63 57
60 63 58
59 63 59
59 63 60
59 63 61
60 63 59
60 63 60
60 63 61
59 64 56
59 64 57
59 64 58
59 65 56
59 65 57
59 65 58
60 64 56
60 64 57
60 64 58
60 65 56
60 65 57
60 65 58
59 64 59
59 64 60
59 64 61
59 65 59
59 65 60
59 65 61
60 64 59
60 64 60
60 64 61
60 65 59
60 65 60
60 65 61
61 64 56
61 64 57
61 64 58
61 65 56
59 66 51
59 66 52
60 66 51
60 66 52
57 63 63
58 63 62
58 63 63
57 63 64
57 63 65
57 63 66
58 63 64
58 63 65
58 63 66
57 64 63
58 64 62
58 64 63
58 65 62
58 65 63
57 64 64
57 64 65
57 64 66
57 65 66
58 64 64
58 64 65
58 64 66
58 65 64
58 65 65
58 65 66
56 64 71
57 63 67
57 63 68
58 63 67
58 63 68
57 63 69
57 63 70
57 63 71
58 63 69
58 63 70
58 63 71
57 64 67
57 64 68
57 65 67
57 65 68
58 64 67
58 64 68
58 65 67
58 65 68
57 64 69
57 64 70
57 64 71
57 65 69
57 65 70
57 65 71
58 64 69
58 64 70
58 64 71
58 65 69
58 65 70
58 65 71
59 63 62
59 63 63
60 63 62
60 63 63
59 63 64
59 63 65
59 63 66
60 63 64
60 63 65
60 63 66
59 64 62
59 64 63
59 65 62
59 65 63
60 64 62
60 64 63
60 65 62
60 65 63
59 64 64
59 64 65
59 64 66
59 65 64
59 65 65
59 65 66
60 64 64
60 64 65
60 64 66
59 63 67
59 63 68
60 63 67
60 63 68
59 63 69
59 63 70
59 63 71
59 64 67
59 64 68
59 65 67
59 65 68
60 64 67
60 64 68
59 64 69
59 64 70
59 64 71
59 65 69
59 65 70
59 65 71
60 64 69
56 63 73
56 63 74
56 63 75
56 63 76
56 64 72
56 64 73
56 65 73
56 64 74
56 64 75
56 64 76
56 65 74
56 65 75
56 65 76
57 63 72
57 63 73
58 63 72
58 63 73
57 63 74
57 63 75
57 63 76
58 63 74
58 63 75
58 63 76
57 64 72
57 64 73
57 65 72
57 65 73
58 64 72
58 64 73
58 65 72
58 65 73
57 64 74
57 64 75
57 64 76
57 65 74
57 65 75
57 65 76
58 64 74
58 64 75
58 64 76
58 65 74
58 65 76
56 63 77
56 63 78
56 63 79
55 63 82
56 63 80
56 63 81
56 63 82
56 64 77
56 64 78
56 64 79
56 65 77
56 64 80
56 64 81
56 64 82
57 63 77
57 63 78
57 63 79
58 63 77
58 63 78
58 63 79
57 63 80
57 63 81
57 63 82
58 63 80
58 63 81
58 63 82
57 64 77
57 64 78
57 64 79
57 65 77
58 64 77
58 64 78
58 64 79
57 64 80
57 64 81
57 64 82
58 64 80
58 64 81
58 64 82
59 63 72
59 63 73
59 63 74
59 63 75
59 63 76
59 64 72
59 64 73
59 65 72
59 65 73
59 64 74
59 64 75
59 64 76
59 63 77
22 75 144
28 64 140
28 64 141
28 64 142
29 64 140
29 64 141
29 64 142
30 64 142
29 64 143
30 64 143
30 64 144
30 64 145
30 65 143
24 73 144
24 73 145
25 73 145
26 73 145
26 76 138
26 76 139
23 74 144
23 74 145
23 75 144
23 75 145
24 74 144
24 74 145
24 75 144
24 75 145
26 75 140
25 74 144
25 74 145
25 75 145
26 74 145
28 73 141
28 73 142
28 73 143
29 71 144
30 71 144
30 71 145
29 72 142
29 73 141
29 73 142
29 72 143
29 72 144
29 73 143
29 73 144
30 72 143
30 72 144
30 72 145
30 73 143
30 73 144
27 75 139
27 76 138
27 76 139
27 77 138
27 74 140
27 74 141
27 75 140
28 74 140
28 74 141
28 74 142
28 75 140
28 75 141
29 74 141
29 74 142
29 74 143
21 73 152
22 73 152
22 73 153
19 76 150
20 76 150
19 75 151
20 74 152
20 75 151
20 75 152
19 76 151
20 76 151
21 74 151
21 74 152
21 75 151
21 75 152
22 74 152
22 75 152
21 74 153
22 74 153
21 76 151
26 63 148
28 63 150
28 63 154
29 63 154
30 63 154
30 63 155
30 65 152
29 64 154
29 65 154
30 64 155
29 69 150
28 68 151
28 69 151
30 67 152
29 68 151
29 68 152
29 69 151
29 69 152
30 68 152
30 69 151
30 69 152
30 68 153
30 69 153
26 68 156
26 69 156
29 65 157
28 67 157
27 69 156
27 69 157
28 69 156
28 69 157
29 66 157
29 67 157
30 66 157
30 67 157
30 67 158
29 69 156
29 69 157
30 69 157
29 68 158
29 69 158
30 68 158
30 69 158
25 73 146
25 73 147
26 72 146
26 72 147
26 73 146
26 73 147
26 72 148
26 72 149
26 73 148
26 73 149
24 70 155
24 71 154
24 71 155
23 73 152
23 72 153
23 72 154
23 73 153
23 73 154
24 72 153
24 72 154
24 72 155
24 73 153
24 73 154
25 70 155
25 71 154
25 71 155
26 70 155
26 71 154
26 71 155
25 72 154
25 72 155
25 73 154
26 72 154
26 72 155
23 74 146
24 74 146
24 74 147
24 75 146
25 74 146
25 74 147
25 75 146
26 74 146
26 74 147
26 74 148
23 74 152
23 74 153
24 74 153
27 70 149
27 71 148
27 71 149
28 70 149
28 70 150
28 71 148
28 71 149
28 71 150
27 72 146
27 72 147
27 73 146
27 73 147
28 72 147
27 72 148
27 72 149
27 72 150
27 73 148
27 73 149
28 72 148
28 72 149
28 72 150
28 73 148
28 73 149
29 70 149
29 70 150
29 71 148
29 71 149
29 71 150
30 70 150
30 71 150
29 72 149
29 72 150
28 70 151
28 71 151
27 70 155
27 71 155
28 72 151
27 72 155
27 73 155
29 70 151
29 70 152
29 71 151
29 71 152
30 70 151
30 70 152
30 71 151
30 71 152
30 70 153
29 72 151
30 72 151
30 73 151
27 74 147
27 74 148
26 70 156
26 71 156
26 72 156
27 70 156
27 70 157
27 71 156
28 70 156
28 70 157
28 71 156
28 71 157
27 72 156
28 72 156
29 70 156
29 70 157
29 71 156
29 71 157
30 70 157
30 70 158
29 72 156
54 63 93
54 63 94
54 63 95
54 63 96
54 63 97
54 63 98
54 63 99
54 63 100
53 63 102
53 63 103
54 63 101
54 63 102
54 63 103
55 63 83
55 63 84
56 63 83
56 63 84
55 63 85
55 63 86
55 63 87
56 63 85
56 63 86
56 63 87
56 64 83
56 64 84
55 64 86
56 64 85
56 64 86
57 63 83
57 63 84
58 63 83
58 63 84
57 63 85
57 63 86
57 63 87
58 63 85
57 64 83
57 64 84
57 64 85
57 64 86
55 63 88
55 63 89
56 63 88
56 63 89
55 63 90
55 63 91
55 63 92
56 63 90
56 63 91
56 63 92
57 63 88
57 63 89
57 63 90
57 63 91
57 63 92
55 63 93
55 63 94
56 63 93
56 63 94
55 63 95
55 63 96
55 63 97
56 63 95
56 63 96
56 63 97
57 63 93
55 63 98
55 63 99
53 63 104
48 63 124
49 63 123
49 63 124
31 64 143
31 64 144
31 64 145
32 64 145
31 71 144
31 71 145
31 72 144
31 72 145
46 63 133
46 63 134
45 63 136
46 63 135
46 63 136
45 63 137
45 63 138
45 63 139
46 63 137
46 63 138
46 63 139
46 64 135
46 64 136
46 64 138
44 63 140
44 63 141
44 63 142
43 63 145
44 63 143
44 63 144
44 63 145
44 64 143
44 64 144
44 64 145
44 65 144
45 63 140
45 63 141
45 63 142
46 63 140
46 63 141
46 63 142
45 63 143
45 63 144
45 63 145
46 63 143
46 63 144
46 63 145
45 64 140
45 64 141
45 64 142
46 64 140
46 64 141
45 64 143
45 64 144
45 64 145
45 65 144
46 64 144
46 64 145
46 65 144
45 66 144
46 66 143
46 66 144
46 67 143
46 67 144
46 68 143
31 64 146
31 64 147
32 64 146
32 64 147
32 64 148
33 63 148
33 63 149
34 63 149
34 63 150
33 64 147
33 64 148
33 64 149
34 64 148
34 64 149
34 64 150
34 65 149
31 63 155
32 63 153
32 63 154
32 63 155
31 65 152
31 64 155
31 65 153
31 65 155
32 64 153
32 64 154
32 64 155
32 65 153
32 65 154
33 63 152
34 63 151
34 63 152
33 63 154
33 63 155
34 63 153
34 63 154
34 63 155
33 65 151
34 64 151
34 64 152
34 65 151
34 65 152
33 64 154
33 64 155
33 65 153
33 65 154
33 65 155
34 64 153
34 64 154
34 64 155
34 65 154
34 65 155
32 69 147
32 69 148
34 67 150
33 69 147
33 68 149
33 69 148
33 69 149
34 68 148
34 68 149
34 68 150
34 69 148
34 69 149
32 66 152
31 66 153
31 66 155
31 67 153
31 67 154
32 66 153
32 66 154
32 66 155
32 67 153
32 67 154
32 67 155
31 68 152
31 69 151
31 69 152
32 68 152
32 69 152
31 68 153
31 68 154
31 69 153
31 69 154
32 68 153
32 68 154
32 68 155
32 69 153
32 69 154
33 66 151
34 66 151
34 67 151
33 66 153
33 66 154
33 66 155
33 67 153
33 67 154
33 67 155
34 66 154
34 66 155
34 67 153
34 67 154
34 67 155
33 69 152
33 68 153
33 68 154
33 68 155
33 69 153
33 69 154
34 68 153
34 68 154
34 68 155
34 69 153
34 69 154
35 63 150
35 64 150
36 65 150
35 63 151
35 63 152
36 63 151
36 63 152
35 63 153
35 63 154
35 63 155
36 63 153
36 63 154
36 63 155
35 64 151
35 64 152
35 65 151
35 65 152
36 64 151
36 64 152
36 65 151
36 65 152
35 64 153
35 64 154
35 64 155
35 65 153
35 65 154
35 65 155
36 64 153
36 64 154
36 64 155
36 65 153
36 65 154
36 65 155
37 63 152
37 63 153
37 63 154
37 63 155
38 63 153
38 63 154
38 63 155
37 64 152
37 65 152
37 64 153
37 64 154
37 64 155
37 65 153
37 65 154
37 65 155
38 64 153
38 64 154
38 64 155
38 65 153
38 65 154
38 65 155
35 67 150
36 67 150
35 68 149
35 68 150
35 69 149
35 69 150
36 68 150
35 66 152
35 67 151
35 67 152
36 66 151
36 66 152
36 67 151
36 67 152
35 66 154
35 66 155
35 67 154
35 67 155
36 66 153
36 66 154
36 66 155
36 67 154
36 67 155
35 68 151
36 68 151
36 69 152
35 68 154
35 68 155
35 69 154
36 68 154
36 68 155
36 69 154
37 66 151
37 66 152
37 67 151
37 67 152
37 66 153
37 66 154
37 66 155
37 67 153
37 67 154
37 67 155
38 66 153
38 66 154
38 66 155
38 67 153
38 67 154
38 67 155
37 68 153
37 68 155
37 69 154
38 68 153
38 68 154
38 68 155
38 69 153
38 69 155
32 63 156
32 64 156
32 65 156
32 65 159
33 63 156
33 63 157
34 63 156
34 63 157
34 63 160
33 64 156
33 65 156
34 64 156
34 64 157
34 65 156
34 65 157
33 65 159
33 65 160
34 64 160
34 65 159
34 65 160
34 65 161
31 66 158
31 66 159
31 67 158
31 67 159
32 66 158
32 66 159
32 66 160
32 67 158
32 67 159
32 67 160
31 68 157
31 69 157
31 68 158
31 68 159
31 69 158
32 68 158
32 68 159
32 69 158
33 66 156
33 67 156
34 66 156
34 67 156
33 66 159
33 66 160
33 67 159
33 67 160
34 66 159
34 66 160
34 67 159
34 67 160
33 68 159
35 63 156
35 63 157
36 63 156
36 63 157
35 63 158
35 63 160
36 63 158
36 63 160
35 64 156
35 64 157
35 65 156
35 65 157
36 64 156
36 64 157
36 65 156
36 65 157
35 64 158
35 64 160
35 65 160
36 64 158
36 64 160
36 65 160
37 63 156
37 63 157
38 63 156
38 63 157
37 63 158
37 63 159
38 63 158
38 63 159
38 63 160
37 64 156
37 64 157
37 65 156
37 65 157
38 64 156
38 64 157
38 65 156
38 65 157
37 64 158
38 64 158
38 64 160
38 65 158
38 65 160
35 63 161
36 63 161
35 64 161
35 65 161
36 64 161
36 65 161
37 63 161
37 63 162
38 63 161
38 63 162
38 63 163
37 64 161
37 65 161
38 64 161
35 66 156
35 66 157
35 67 156
35 67 157
36 66 156
36 66 157
36 67 156
36 67 157
35 66 160
36 66 160
36 68 157
37 66 156
37 66 157
37 67 156
37 67 157
38 66 156
38 66 157
38 67 156
38 67 157
37 66 158
37 67 158
38 66 158
38 67 158
37 68 157
37 69 157
38 68 157
37 68 158
38 68 158
38 69 158
31 70 146
31 70 147
31 71 146
32 70 146
32 70 147
32 71 146
32 71 147
32 70 148
33 70 147
33 71 147
33 70 148
34 70 148
34 70 149
31 70 151
31 70 152
31 71 151
31 71 152
32 70 151
32 70 152
32 71 151
32 71 152
31 70 153
31 71 153
32 70 153
32 70 154
32 71 153
31 72 151
31 72 152
31 73 151
32 72 151
32 72 152
32 73 152
33 70 152
33 71 152
33 70 153
33 70 154
33 71 153
34 70 153
34 70 154
34 71 153
33 72 152
33 73 152
34 72 152
34 73 152
34 72 153
34 74 152
35 70 154
36 70 154
35 72 153
37 70 154
37 71 154
38 70 154
38 71 154
38 72 153
31 70 157
31 70 158
32 70 158
32 71 158
38 70 158
41 63 150
42 63 148
42 63 149
42 63 150
42 64 149
42 64 150
42 65 150
40 63 152
39 63 154
39 63 155
40 63 153
40 63 154
40 63 155
39 64 154
39 64 155
39 65 154
39 65 155
40 64 154
40 64 155
40 65 154
40 65 155
41 63 151
41 63 152
42 63 151
42 63 152
41 63 153
41 63 154
41 63 155
42 63 153
42 63 154
42 63 155
41 64 151
41 64 152
42 64 151
42 64 152
42 65 151
42 65 152
41 64 153
41 64 154
41 64 155
41 65 154
41 65 155
42 64 153
42 64 154
42 64 155
42 65 153
42 65 154
42 65 155
39 66 154
39 66 155
39 67 154
39 67 155
40 66 154
40 66 155
40 67 153
40 67 154
40 67 155
40 68 152
40 69 152
39 68 154
39 68 155
39 69 154
39 69 155
40 68 153
40 68 154
40 68 155
40 69 153
40 69 154
40 69 155
41 66 154
41 66 155
41 67 154
41 67 155
42 66 153
42 66 154
42 66 155
42 67 154
42 67 155
41 68 154
41 68 155
41 69 154
41 69 155
42 68 153
42 68 154
42 68 155
42 69 154
43 63 146
43 63 147
44 63 146
44 63 147
43 63 148
43 63 149
43 63 150
44 63 148
44 63 149
44 63 150
44 64 146
44 64 147
43 64 148
43 64 149
43 64 150
44 64 148
44 64 149
44 64 150
44 65 150
45 63 146
45 63 147
46 63 146
46 63 147
45 63 148
45 64 146
45 64 150
45 65 150
43 63 151
43 63 152
44 63 151
44 63 152
43 63 153
43 63 154
43 63 155
44 63 153
44 63 154
43 64 151
43 64 152
43 65 151
43 65 152
44 64 151
44 64 152
44 65 151
44 65 152
43 64 153
43 64 154
43 64 155
43 65 153
43 65 154
43 65 155
44 64 153
44 64 154
44 65 153
44 65 154
45 63 151
45 63 152
46 63 151
45 63 154
45 64 151
45 64 152
45 65 151
45 65 152
46 64 151
46 64 152
46 65 151
46 65 152
45 64 153
45 64 154
45 65 153
45 65 154
46 64 154
46 65 153
43 66 150
44 66 150
44 67 150
45 66 150
45 67 149
45 67 150
46 66 150
46 67 149
46 67 150
45 68 149
45 68 150
45 69 149
45 69 150
46 68 149
46 68 150
46 69 148
46 69 149
46 69 150
43 66 151
44 66 151
44 66 152
44 67 151
43 66 153
43 66 154
43 67 153
43 67 154
44 66 153
44 66 154
44 67 153
44 67 154
43 68 154
43 69 154
44 68 153
44 68 154
44 69 154
45 66 151
45 66 152
45 67 151
45 67 152
46 66 151
46 66 152
46 67 151
46 67 152
45 66 153
45 66 154
45 67 153
45 67 154
46 66 153
46 67 153
45 68 151
46 68 151
45 68 153
45 68 154
46 68 153
46 69 153
39 63 156
39 63 157
40 63 156
40 63 157
39 63 158
39 63 159
39 63 160
40 63 158
40 63 159
40 63 160
39 64 156
39 64 157
39 65 156
39 65 157
40 64 156
40 64 157
40 65 156
40 65 157
39 64 158
39 64 159
39 64 160
39 65 158
40 64 158
40 65 158
41 63 156
41 63 157
42 63 156
42 63 157
41 63 158
42 63 158
41 64 156
41 64 157
41 65 156
41 65 157
42 64 157
42 65 157
41 64 158
41 65 158
42 64 158
42 65 158
39 63 161
39 63 162
39 63 163
40 63 161
40 63 162
40 63 163
39 63 164
39 63 165
40 63 164
40 63 165
40 63 166
39 64 161
39 64 162
41 63 163
42 63 163
41 63 164
41 63 165
41 63 166
42 63 164
42 63 165
42 63 166
39 66 156
39 66 157
39 67 156
39 67 157
40 66 156
40 66 157
40 67 156
40 67 157
39 66 158
39 67 158
40 66 158
40 67 158
39 68 157
39 69 157
40 68 157
40 69 157
39 68 158
39 69 158
40 68 158
40 69 158
41 66 156
41 66 157
41 67 157
42 66 157
42 67 157
41 66 158
41 67 158
42 66 158
42 67 158
41 68 157
41 69 157
42 68 157
42 69 157
41 68 158
41 69 158
42 68 158
42 69 158
43 63 163
44 63 163
43 63 164
43 63 165
43 63 166
44 63 164
44 63 165
44 63 166
45 63 163
45 63 164
45 63 165
45 63 166
46 63 165
46 63 166
39 71 154
40 70 153
40 70 154
40 71 153
40 71 154
41 70 153
41 70 154
41 71 153
41 71 154
42 70 154
42 71 153
42 71 154
41 72 152
41 73 152
42 73 152
41 72 153
41 72 154
41 73 153
42 72 153
42 72 154
42 73 153
41 77 150
42 77 150
41 74 152
41 75 151
41 75 152
42 74 152
42 75 151
42 75 152
41 74 153
42 74 153
41 76 151
41 76 152
41 77 151
42 76 151
42 76 152
42 77 151
42 77 152
46 70 148
46 70 149
43 70 154
43 71 154
44 70 154
46 70 153
43 75 152
43 74 153
43 76 152
40 70 157
39 70 158
39 71 158
40 70 158
40 71 158
39 72 158
40 72 158
40 73 158
42 70 157
42 71 157
41 70 158
41 71 158
42 70 158
42 71 158
41 73 157
42 73 157
41 72 158
41 73 158
42 72 158
42 73 158
40 74 158
41 74 157
41 75 157
42 74 157
42 75 157
41 74 158
41 75 158
42 74 158
42 75 158
41 76 157
41 77 156
41 77 157
42 76 157
42 77 156
42 77 157
42 76 158
41 78 150
41 79 149
41 79 150
42 78 150
42 79 149
42 79 150
41 80 149
41 81 149
42 80 149
42 80 150
42 81 148
42 81 149
42 81 150
41 78 151
42 78 151
42 79 151
41 79 155
42 78 155
42 79 155
42 83 147
41 82 148
41 82 149
41 83 148
42 82 148
42 82 149
42 83 148
42 83 149
41 84 147
42 84 147
41 84 148
42 84 148
43 80 150
43 81 149
43 79 151
43 78 155
43 79 155
43 82 148
43 82 149
43 83 148
43 84 148
41 78 156
42 78 156
42 79 156
48 63 125
48 63 126
47 63 127
47 63 128
47 63 129
48 63 127
48 63 128
48 63 129
48 64 129
49 63 127
49 63 128
49 63 129
50 63 129
49 64 129
50 64 129
50 65 129
47 63 130
47 63 131
48 63 130
48 63 131
47 63 132
47 63 133
47 63 134
48 63 132
48 63 133
48 63 134
48 64 130
49 63 130
49 63 131
49 63 134
50 63 134
49 64 130
47 63 135
47 63 136
48 63 135
48 63 136
47 63 137
47 63 138
47 63 139
48 63 137
48 63 138
47 64 135
47 64 136
48 64 135
48 64 136
48 65 135
48 65 136
47 64 138
47 65 138
48 64 138
48 65 138
49 63 135
49 63 136
50 63 135
49 63 137
49 63 138
49 64 135
49 64 136
49 65 135
49 65 136
50 64 135
50 65 135
49 64 138
49 65 137
49 65 138
50 65 137
47 63 140
47 63 141
48 63 140
48 63 141
47 64 140
47 64 141
48 64 140
48 64 141
47 65 144
49 63 140
50 63 140
49 64 140
50 64 140
48 66 137
48 66 138
49 66 135
49 66 136
50 66 135
49 66 137
49 66 138
50 66 137
50 66 138
47 66 143
47 66 144
47 67 143
47 67 144
47 68 143
47 68 144
47 69 143
51 64 140
47 63 146
48 63 146
48 63 150
48 64 150
48 65 150
49 63 150
49 64 150
49 65 150
50 64 150
50 65 150
47 63 151
48 63 151
47 64 151
47 64 152
47 65 151
47 65 152
48 64 151
48 65 151
48 65 152
47 65 153
49 63 151
49 64 151
49 65 151
49 65 152
50 64 151
50 65 151
47 68 149
47 69 148
47 69 149
48 68 149
48 69 149
49 66 150
50 66 150
50 67 150
47 66 151
47 66 152
47 67 151
47 67 152
48 66 151
48 66 152
48 67 151
48 67 152
47 66 153
47 67 153
48 66 153
48 67 153
47 68 151
47 68 152
47 69 152
48 68 151
48 68 152
48 69 151
48 69 152
47 68 153
47 69 153
48 68 153
48 69 153
49 66 151
49 66 152
49 67 151
49 67 152
50 66 151
50 66 152
50 67 151
50 67 152
49 67 153
49 68 152
49 69 151
49 69 152
50 68 151
50 68 152
50 69 151
50 69 152
49 68 153
49 69 153
51 64 150
51 65 150
52 64 150
52 65 150
53 65 150
51 64 151
51 65 151
52 64 151
52 65 151
53 65 151
51 66 150
52 66 150
51 66 151
52 66 151
52 67 151
51 68 151
51 68 152
51 69 151
51 69 152
52 68 151
52 69 151
53 66 151
53 67 151
53 68 151
53 69 151
54 68 151
54 69 151
47 63 165
47 63 166
48 63 165
48 63 166
49 63 166
50 63 166
50 66 163
51 63 165
51 63 166
52 63 165
52 64 164
53 63 165
53 65 163
53 69 160
51 66 163
51 67 162
52 66 163
52 68 161
53 68 161
47 71 147
48 71 147
47 70 148
47 70 149
47 71 148
47 71 149
48 70 148
48 70 149
48 71 148
48 72 147
48 72 148
49 71 147
49 71 148
49 72 147
48 70 151
48 70 152
48 71 151
47 70 153
48 70 153
49 70 151
49 70 152
49 71 151
50 70 151
50 70 152
50 71 151
50 72 152
52 70 150
52 71 150
52 72 150
53 70 150
53 71 150
54 71 150
53 72 150
54 72 150
54 73 150
51 70 151
51 70 152
51 71 151
51 71 152
52 70 151
52 70 152
52 71 151
52 71 152
51 72 151
52 72 151
53 70 151
53 71 151
54 70 151
54 71 151
53 72 151
54 72 151
54 70 159
58 63 165
60 63 166
59 64 166
59 65 166
60 64 165
55 70 159
55 71 159
93 34 116
91 34 121
92 34 121
92 35 118
93 35 116
93 35 117
93 35 118
93 36 117
93 36 118
91 35 120
91 35 121
91 36 121
90 35 123
90 35 124
90 36 123
90 36 124
91 35 122
91 35 123
91 35 124
91 36 122
91 36 123
91 36 124
92 35 119
92 35 120
92 35 121
92 36 119
92 36 120
92 36 121
93 35 119
93 35 120
93 35 121
93 36 119
93 36 120
92 35 122
92 35 123
92 35 124
92 36 122
92 36 123
93 35 122
68 42 163
69 41 161
69 42 161
69 42 162
69 42 163
68 42 164
69 42 164
66 44 165
66 44 166
67 43 164
67 43 165
67 43 166
67 44 164
67 44 165
67 44 166
66 45 165
66 45 166
67 45 165
67 45 166
67 46 166
68 43 163
68 44 163
69 43 161
69 43 162
69 43 163
69 44 162
69 44 163
68 43 164
68 43 165
68 43 166
68 44 164
68 44 165
68 44 166
69 43 164
69 43 165
69 44 164
69 44 165
69 44 166
68 45 164
68 45 165
68 45 166
69 45 164
77 38 148
77 38 149
73 40 155
73 41 155
76 39 150
76 40 150
77 39 148
77 39 149
77 39 150
77 40 148
77 40 149
77 40 150
75 39 152
75 40 152
74 39 153
74 39 154
74 39 155
74 40 153
74 40 154
74 40 155
75 39 153
75 39 154
75 39 155
75 40 153
75 40 154
75 40 155
75 41 152
74 41 154
74 41 155
74 42 155
75 41 153
75 41 154
75 41 155
76 39 151
76 39 152
76 40 151
76 40 152
77 39 151
77 39 152
77 40 151
77 40 152
76 39 153
76 39 154
76 40 153
76 40 154
76 40 155
77 39 153
77 40 153
76 41 151
76 41 152
77 41 151
76 41 153
76 41 154
70 41 159
70 41 160
70 42 160
71 41 158
71 41 159
71 41 160
71 42 158
71 42 159
71 42 160
72 40 156
72 40 157
73 40 156
73 40 157
72 40 158
72 40 159
73 40 158
72 41 156
72 41 157
72 42 157
73 41 156
73 41 157
73 42 156
73 42 157
72 41 158
72 41 159
72 41 160
72 42 158
72 42 159
72 42 160
73 41 158
73 41 159
73 42 158
73 42 159
70 41 161
70 42 161
70 42 162
70 42 163
71 41 161
71 42 161
71 42 162
72 41 161
72 42 161
70 43 160
71 43 159
71 43 160
72 43 158
72 43 159
70 43 161
70 43 162
70 43 163
70 44 162
70 44 163
71 43 161
71 43 162
71 43 163
70 43 164
72 44 164
73 45 164
73 46 164
74 40 156
74 40 157
75 40 156
74 40 158
74 41 156
74 41 157
74 42 156
74 42 157
75 41 156
74 41 158
63 61 165
64 60 165
65 59 166
69 55 166
69 56 165
69 56 166
68 58 166
69 57 165
66 59 165
67 59 166
73 47 165
73 48 165
70 54 166
71 54 165
71 54 166
72 52 165
73 51 166
72 53 165
72 54 165
72 54 166
73 53 165
73 54 164
73 54 165
73 54 166
74 49 165
74 50 165
74 54 163
75 54 163
74 53 164
74 54 164
74 54 165
74 54 166
75 54 164
75 54 165
76 54 162
76 54 163
77 54 161
77 54 162
77 54 163
76 54 164
77 54 164
70 55 165
70 55 166
70 56 166
71 55 165
71 55 166
71 56 166
71 57 166
72 55 165
72 55 166
72 56 165
72 56 166
73 55 164
73 55 165
73 55 166
73 56 164
73 56 165
73 56 166
72 57 166
73 57 165
74 55 163
75 55 163
75 56 163
74 55 164
74 55 165
74 55 166
74 56 164
74 56 165
74 56 166
75 55 164
75 55 165
75 56 164
75 56 165
74 57 165
75 57 164
76 55 162
76 55 163
76 56 162
76 56 163
77 55 161
77 55 162
77 55 163
77 56 161
77 56 162
77 56 163
76 55 164
76 55 165
76 56 164
77 55 164
85 36 133
85 36 134
84 37 134
85 37 133
85 37 134
85 38 133
85 38 134
79 38 144
79 38 145
80 38 142
81 37 141
81 38 141
81 38 142
80 38 143
80 38 144
80 38 145
81 38 143
81 38 144
81 38 145
82 37 139
82 38 139
83 37 137
83 37 138
83 37 139
83 38 137
83 38 138
83 38 139
84 37 135
84 37 136
84 38 135
84 38 136
85 37 135
85 37 136
85 38 135
85 38 136
84 37 137
84 37 138
84 37 139
84 38 137
84 38 138
84 38 139
85 37 137
85 38 137
82 37 140
82 37 141
82 38 140
82 38 141
82 38 142
83 37 140
83 37 141
83 38 140
83 38 141
82 38 143
84 38 140
79 39 144
79 39 145
79 40 145
81 39 141
81 39 142
80 39 143
80 39 144
80 39 145
80 40 144
80 40 145
81 39 143
81 39 144
81 39 145
82 39 139
83 39 137
83 39 138
83 39 139
84 39 136
84 39 137
82 39 140
82 39 141
82 39 142
83 39 140
83 39 141
82 39 143
89 35 125
89 35 126
89 36 125
89 36 126
88 35 128
88 36 127
88 36 128
88 36 129
89 35 127
89 35 128
89 36 127
89 36 128
89 36 129
89 37 126
88 37 128
88 37 129
89 37 127
89 37 128
89 37 129
86 36 131
87 36 130
87 36 131
86 36 132
86 36 133
86 36 134
87 36 132
87 36 133
87 36 134
86 37 131
87 37 130
87 37 131
87 38 131
86 37 132
86 37 133
86 37 134
86 38 132
86 38 133
86 38 134
87 37 132
87 37 133
87 37 134
87 38 132
87 38 133
88 36 130
88 36 131
89 36 130
89 36 131
88 36 132
88 37 130
88 37 131
88 37 132
88 37 133
90 35 125
90 35 126
90 36 125
90 36 126
91 35 125
91 35 126
91 36 125
91 36 126
90 35 127
90 35 128
90 36 127
90 36 128
90 36 129
90 37 125
90 37 126
86 37 135
86 37 136
86 38 135
78 38 146
78 38 147
79 38 146
79 38 147
78 38 148
78 38 149
79 38 148
79 38 149
80 38 146
80 38 147
78 39 146
78 39 147
78 40 147
79 39 146
79 39 147
79 40 146
79 40 147
78 39 148
78 39 149
78 39 150
78 40 148
78 40 149
78 40 150
79 39 148
79 39 149
79 39 150
79 40 148
79 40 149
80 39 146
80 39 147
80 40 146
80 39 148
78 39 151
78 40 151
85 52 155
84 53 155
84 54 155
85 53 154
85 53 155
85 54 154
85 54 155
78 54 160
79 54 159
79 54 160
81 54 157
80 53 159
80 54 158
80 54 159
80 54 160
81 53 158
81 54 158
81 54 159
81 54 160
78 54 161
78 54 162
78 54 163
79 54 161
79 54 162
80 54 161
80 54 162
81 54 161
82 53 157
82 54 157
83 53 156
83 53 157
83 54 156
83 54 157
82 53 158
82 54 158
82 54 159
82 54 160
83 53 158
83 54 158
83 54 159
84 53 156
84 53 157
84 54 156
84 54 157
85 53 156
85 53 157
85 54 156
85 54 157
84 54 158
84 55 155
85 55 155
78 55 160
79 55 159
79 55 160
79 56 160
80 55 158
80 55 159
80 55 160
80 56 159
80 56 160
81 55 158
81 55 159
81 55 160
81 56 159
78 55 161
78 55 162
78 55 163
78 56 161
78 56 162
79 55 161
79 55 162
79 56 161
79 56 162
80 55 161
80 55 162
80 56 161
81 55 161
82 55 157
83 55 156
83 55 157
82 55 158
82 55 159
82 55 160
83 55 158
83 55 159
84 55 156
84 55 157
85 55 156
84 55 158
89 52 150
89 53 150
87 52 152
86 52 154
87 52 154
87 53 152
87 54 152
86 53 153
86 53 154
86 53 155
86 54 153
86 54 154
86 54 155
87 53 153
87 53 154
87 53 155
87 54 153
87 54 154
87 54 155
88 52 151
88 52 152
89 52 151
89 52 152
88 53 151
88 53 152
88 54 151
88 54 152
89 53 151
89 53 152
89 54 151
89 54 152
88 53 153
88 53 154
88 54 153
88 54 154
89 53 153
90 52 149
90 52 150
91 51 148
91 52 148
91 52 149
91 52 150
90 53 149
90 53 150
90 54 150
91 53 148
91 53 149
91 53 150
91 54 149
91 54 150
92 51 147
92 52 147
93 51 146
93 51 147
93 52 146
93 52 147
92 51 148
92 52 148
92 52 149
92 52 150
93 51 148
93 52 148
93 52 149
92 53 147
93 53 146
93 53 147
92 53 148
92 53 149
92 53 150
92 54 149
93 53 148
93 53 149
90 52 151
90 52 152
91 52 151
90 53 151
90 53 152
90 54 151
91 53 151
86 53 156
86 54 156
86 55 154
86 55 155
97 34 108
95 34 112
95 34 113
96 34 110
97 34 109
97 34 110
96 34 111
96 34 112
96 34 113
97 34 111
97 34 112
97 34 113
97 35 108
97 36 108
95 35 112
95 35 113
95 36 112
95 36 113
96 35 110
97 35 109
97 35 110
97 36 109
97 36 110
96 35 111
96 35 112
96 35 113
97 35 111
97 35 112
97 35 113
98 34 106
98 34 107
98 34 108
99 34 106
99 34 107
99 34 108
100 34 106
100 34 107
98 34 109
98 34 110
99 34 109
98 34 111
98 35 106
98 35 107
98 35 108
98 36 107
98 36 108
99 35 106
99 35 107
99 35 108
100 35 106
98 35 109
98 35 110
98 35 111
94 34 114
94 34 115
95 34 114
95 34 115
94 34 116
95 34 116
96 34 114
96 34 115
94 35 114
94 35 115
94 36 115
95 35 114
95 35 115
95 36 114
95 36 115
94 35 116
94 35 117
94 35 118
94 36 116
94 36 117
94 36 118
95 35 116
95 35 117
95 35 118
96 35 114
96 35 115
94 35 119
94 35 120
115 46 124
116 46 123
116 46 124
117 46 122
117 46 123
117 46 124
118 46 121
119 46 121
118 46 122
118 46 123
118 46 124
119 46 122
119 46 123
115 47 124
116 47 123
116 47 124
117 47 123
117 47 124
118 47 123
94 51 145
94 52 145
95 51 144
95 51 145
95 52 144
95 52 145
95 53 145
97 51 142
97 52 142
96 51 143
96 51 144
96 51 145
96 52 143
96 52 144
96 52 145
97 51 143
97 51 144
97 51 145
97 52 143
97 52 144
99 50 139
100 49 138
100 50 138
100 50 139
101 49 137
101 49 138
101 50 137
101 50 138
101 50 139
98 50 140
98 50 141
99 50 140
99 50 141
100 50 140
100 50 141
101 50 140
101 50 141
100 51 139
101 51 138
101 51 139
98 51 141
98 51 142
98 52 141
98 52 142
99 51 140
99 51 141
99 51 142
99 52 140
99 52 141
99 52 142
98 51 143
98 51 144
98 52 143
99 51 143
100 51 140
100 51 141
100 51 142
100 52 140
101 51 140
105 48 133
104 49 134
105 49 133
105 49 134
105 50 134
109 47 129
109 48 129
107 48 131
106 48 132
106 48 133
107 48 132
107 48 133
107 49 131
106 49 132
106 49 133
106 49 134
106 50 134
107 49 132
107 49 133
107 49 134
108 48 130
108 48 131
109 48 130
109 48 131
108 48 132
108 48 133
109 48 132
108 49 130
108 49 131
109 49 130
109 49 131
108 49 132
108 49 133
102 49 136
102 50 136
103 49 135
103 49 136
103 50 135
103 50 136
102 49 137
102 49 138
102 50 137
102 50 138
102 50 139
103 49 137
103 49 138
103 50 137
103 50 138
103 50 139
104 49 135
104 49 136
104 50 135
104 50 136
105 49 135
105 49 136
105 50 135
105 50 136
104 49 137
104 50 137
102 50 140
102 51 137
102 51 138
102 51 139
103 51 137
106 49 135
94 51 146
94 51 147
94 52 146
94 52 147
95 51 146
95 51 147
95 52 146
95 52 147
94 51 148
94 52 148
94 53 146
94 53 147
95 53 146
96 51 146
96 52 146
113 46 125
114 46 125
115 46 125
116 46 125
117 46 125
110 47 128
110 47 129
110 48 128
110 48 129
111 47 127
111 47 128
111 47 129
111 48 127
111 48 128
111 48 129
112 47 126
112 48 126
113 47 125
113 47 126
113 48 126
112 47 127
112 47 128
112 47 129
112 48 127
112 48 128
113 47 127
113 47 128
113 48 127
110 48 130
110 48 131
111 48 130
110 49 130
114 47 125
114 47 126
115 47 125
115 47 126
114 47 127
116 47 125
63 67 6
63 67 7
63 67 8
63 67 9
63 68 5
63 68 6
63 68 7
63 68 8
63 68 9
63 69 7
63 69 8
63 69 9
64 67 5
64 67 6
65 67 5
65 67 6
64 67 7
64 67 8
64 67 9
65 67 7
65 67 8
65 67 9
64 68 5
64 68 6
65 68 5
65 68 6
64 68 7
64 68 8
64 68 9
65 68 7
65 68 8
65 68 9
63 67 10
63 67 11
63 67 12
63 67 13
63 67 14
63 68 10
63 68 11
63 69 10
63 69 11
63 68 12
63 68 13
63 68 14
64 67 10
64 67 11
65 67 10
65 67 11
64 67 12
64 67 13
64 67 14
65 67 12
65 67 13
65 67 14
64 68 10
64 68 11
65 68 10
65 68 11
64 68 12
64 68 13
64 68 14
65 68 12
65 68 13
65 68 14
63 67 15
63 67 16
63 67 17
63 67 18
63 67 19
63 68 15
63 68 16
63 69 15
63 68 17
63 68 18
63 68 19
64 67 15
64 67 16
65 67 15
65 67 16
64 67 17
64 67 18
64 67 19
65 67 17
64 68 15
64 68 16
65 68 15
65 68 16
64 68 17
64 68 18
64 68 19
65 68 17
65 68 18
63 67 20
63 67 21
63 67 22
63 67 23
63 67 24
63 68 20
63 68 21
63 68 22
63 68 23
63 68 24
64 67 20
64 67 21
64 67 22
64 67 23
64 67 24
64 68 20
64 68 21
64 68 22
64 68 23
64 68 24
63 67 25
63 67 26
63 67 27
63 67 28
63 67 29
63 68 25
63 68 26
63 68 27
63 68 28
63 68 29
64 67 25
64 67 26
63 67 30
63 67 31
63 66 32
63 66 33
63 67 32
63 67 33
