0.15
5593
88 92 46
89 92 46
88 92 47
89 92 47
89 92 48
89 92 49
89 92 50
90 92 48
90 92 49
90 92 50
91 92 50
89 92 51
90 92 51
90 92 52
91 92 51
91 92 52
92 92 52
90 92 53
90 92 54
90 92 55
91 92 53
92 92 53
91 92 54
91 92 55
92 92 54
92 92 55
90 92 56
91 92 56
92 92 56
91 92 57
92 92 57
91 92 58
92 92 58
91 92 59
91 92 60
92 92 59
92 92 60
92 92 61
92 92 62
92 92 63
92 92 64
92 92 65
92 92 66
82 97 7
83 97 7
82 97 8
83 97 8
83 97 9
84 97 9
82 98 3
82 98 4
83 98 3
83 98 4
82 99 2
83 99 2
82 99 3
82 99 4
82 100 4
83 99 3
83 99 4
83 100 4
84 98 4
84 99 3
84 99 4
82 98 5
83 98 5
82 98 6
83 98 6
82 99 5
82 100 5
83 99 5
82 99 6
83 99 6
82 98 7
83 98 7
82 98 8
82 98 9
83 98 8
83 98 9
82 99 7
83 99 7
83 100 7
82 99 8
82 99 9
83 99 8
83 99 9
84 98 5
84 98 6
84 99 5
84 99 6
85 98 6
85 99 5
85 99 6
84 98 7
84 98 8
84 98 9
84 99 7
84 99 8
84 99 9
85 98 7
85 98 8
85 98 9
85 99 7
85 99 8
85 99 9
83 97 10
83 97 11
83 97 12
83 97 13
83 97 14
84 97 10
84 97 11
85 97 10
85 97 11
84 97 12
84 97 13
84 97 14
85 97 12
85 97 13
85 97 14
83 96 15
83 97 15
83 96 16
83 97 16
83 96 17
83 97 17
84 96 15
84 97 15
84 96 16
84 97 16
85 96 15
85 97 15
86 97 15
85 96 16
85 97 16
86 97 16
84 95 19
84 96 17
84 97 17
84 96 18
84 96 19
84 97 18
84 97 19
85 96 17
85 97 17
86 96 17
86 97 17
85 96 18
85 96 19
85 97 18
85 97 19
86 96 18
86 96 19
86 97 18
86 97 19
83 98 10
83 98 11
83 99 10
83 99 11
83 98 12
83 98 13
83 98 14
83 99 12
83 99 13
84 98 10
84 98 11
84 99 10
84 99 11
85 98 10
85 98 11
85 99 10
85 99 11
84 98 12
84 98 13
84 98 14
84 99 12
84 99 13
85 98 12
85 98 13
85 98 14
83 98 15
83 98 16
84 98 15
84 98 16
85 98 15
86 98 15
85 98 16
86 98 16
84 98 17
84 98 18
84 98 19
85 98 17
86 98 17
85 98 18
85 98 19
84 95 20
84 95 21
84 96 20
84 97 20
84 96 21
84 97 21
85 95 21
86 95 21
85 96 20
85 97 20
86 96 20
86 97 20
85 96 21
85 97 21
86 96 21
86 97 21
84 95 22
84 95 23
84 95 24
84 96 22
84 97 22
84 96 23
84 96 24
85 95 22
86 95 22
85 95 23
85 95 24
86 95 23
86 95 24
85 96 22
85 97 22
86 96 22
86 97 22
85 96 23
85 96 24
85 97 23
85 97 24
86 96 23
86 96 24
86 97 23
86 97 24
85 94 27
86 94 27
85 94 28
85 94 29
86 94 28
86 94 29
85 95 25
86 95 25
85 95 26
86 95 26
85 96 25
86 96 25
85 96 26
86 96 26
85 95 27
86 95 27
85 95 28
85 95 29
86 95 28
86 95 29
85 96 27
86 96 27
85 96 28
85 96 29
86 96 28
86 96 29
84 98 20
87 96 21
87 95 22
87 95 23
87 95 24
87 96 22
87 96 23
87 96 24
87 94 27
87 94 28
87 94 29
88 94 29
87 95 25
87 95 26
87 96 25
87 96 26
87 95 27
87 95 28
87 95 29
87 96 27
87 96 28
87 96 29
88 95 27
88 95 28
88 95 29
88 96 28
88 96 29
85 94 30
86 94 30
86 94 31
86 94 32
86 94 33
86 94 34
85 95 30
86 95 30
86 95 31
85 96 30
86 96 30
86 96 31
86 95 32
86 95 33
86 95 34
86 96 32
86 96 33
86 96 34
86 94 35
86 94 36
86 94 37
86 95 35
86 95 36
87 94 30
87 94 31
88 94 30
88 94 31
87 94 32
87 94 33
87 94 34
88 94 32
88 94 33
88 94 34
89 94 34
87 95 30
87 95 31
87 96 30
87 96 31
88 95 30
88 95 31
88 96 30
88 96 31
87 95 32
87 95 33
87 95 34
87 96 32
87 96 33
87 96 34
88 95 32
89 95 32
88 95 33
88 95 34
89 95 33
89 95 34
88 96 32
88 96 33
87 93 35
87 93 36
87 93 37
87 94 35
87 94 36
87 94 37
88 93 36
88 93 37
88 94 35
89 94 35
88 94 36
88 94 37
89 94 36
89 94 37
87 93 38
87 93 39
87 93 40
87 94 38
87 94 39
87 94 40
88 93 38
89 93 38
88 93 39
88 93 40
89 93 39
89 93 40
88 94 38
89 94 38
88 94 39
88 94 40
89 94 39
89 94 40
87 95 35
87 95 36
87 95 37
87 96 35
87 96 36
87 96 37
88 95 35
89 95 35
88 95 36
88 95 37
89 95 36
89 95 37
88 96 35
87 95 38
87 95 39
87 95 40
87 96 38
88 95 38
89 95 38
88 95 39
88 95 40
89 95 39
89 95 40
90 94 40
87 93 41
87 93 42
87 94 41
87 94 42
88 93 41
89 93 41
88 93 42
89 93 42
88 94 41
89 94 41
88 94 42
89 94 42
87 93 43
87 94 43
88 93 43
89 93 43
88 93 44
88 93 45
89 93 44
89 93 45
88 94 43
89 94 43
88 94 44
88 94 45
89 94 44
89 94 45
87 95 41
87 95 42
88 95 41
89 95 41
88 95 42
89 95 42
87 95 43
88 95 43
89 95 43
88 95 44
88 95 45
89 95 44
89 95 45
90 93 42
90 94 41
90 94 42
90 93 43
90 93 44
90 93 45
90 94 43
90 94 44
90 94 45
88 93 46
89 93 46
88 93 47
89 93 47
88 94 46
89 94 46
88 94 47
89 94 47
88 93 48
89 93 48
89 93 49
89 93 50
88 94 48
89 94 48
89 94 49
89 94 50
88 95 46
89 95 46
88 95 47
89 95 47
89 95 48
89 95 49
89 95 50
90 93 46
90 93 47
90 94 46
90 94 47
91 93 47
91 94 46
91 94 47
90 93 48
90 93 49
90 93 50
90 94 48
90 94 49
90 94 50
91 93 48
91 93 49
91 93 50
92 93 50
91 94 48
91 94 49
91 94 50
90 95 46
90 95 49
90 95 50
89 93 51
89 93 52
89 94 51
89 94 52
90 93 51
90 93 52
90 94 51
90 94 52
91 93 51
92 93 51
91 93 52
92 93 52
91 94 51
92 94 51
91 94 52
92 94 52
90 93 53
90 93 54
90 93 55
90 94 53
90 94 54
90 94 55
91 93 53
92 93 53
91 93 54
91 93 55
92 93 54
92 93 55
91 94 53
92 94 53
91 94 54
91 94 55
92 94 54
92 94 55
90 95 51
91 95 55
90 93 56
90 94 56
91 93 56
92 93 56
91 93 57
92 93 57
91 94 56
92 94 56
91 94 57
92 94 57
91 93 58
92 93 58
91 93 59
91 93 60
92 93 59
92 93 60
91 94 58
92 94 58
91 94 59
91 94 60
92 94 59
92 94 60
92 93 61
92 93 62
92 94 61
92 94 62
92 93 63
92 93 64
92 93 65
92 94 63
92 94 64
93 92 55
93 92 56
93 92 57
93 92 58
93 92 59
93 92 60
94 92 59
94 92 60
93 92 61
93 92 62
94 92 61
94 92 62
93 92 63
93 92 64
93 92 65
94 92 63
94 92 64
94 92 65
95 92 64
95 92 65
93 92 66
93 92 67
94 92 66
94 92 67
93 91 68
93 92 68
93 91 69
93 91 70
93 92 69
93 92 70
94 91 68
94 92 68
94 91 69
94 91 70
94 92 69
94 92 70
95 92 66
95 92 67
95 91 68
95 92 68
95 91 69
95 91 70
95 92 69
95 92 70
96 92 68
96 91 70
96 92 69
96 92 70
93 92 71
94 91 71
94 92 71
94 91 72
94 92 72
94 91 73
94 92 73
94 91 74
94 91 75
94 92 74
94 92 75
95 91 71
95 92 71
95 91 72
95 92 72
96 91 71
96 92 71
96 91 72
96 92 72
95 91 73
95 92 73
95 91 74
95 91 75
95 92 74
95 92 75
96 91 73
96 92 73
97 92 73
96 91 74
96 91 75
96 92 74
96 92 75
97 91 74
97 91 75
97 92 74
97 92 75
94 92 76
95 90 78
95 91 76
95 92 76
95 91 77
95 91 78
95 92 77
95 92 78
96 91 76
96 92 76
97 91 76
97 92 76
96 91 77
96 91 78
96 92 77
96 92 78
97 91 77
97 91 78
97 92 77
97 92 78
95 91 79
95 92 79
95 91 80
95 91 81
95 92 80
95 92 81
96 90 80
96 90 81
97 90 80
97 90 81
96 91 79
96 92 79
97 91 79
97 92 79
96 91 80
96 91 81
96 92 80
96 92 81
97 91 80
97 91 81
97 92 80
97 92 81
98 91 79
98 92 79
98 91 80
98 91 81
98 92 80
98 92 81
126 9 127
126 10 127
126 9 128
126 10 128
125 10 129
126 9 129
126 10 129
125 10 130
126 10 130
123 15 132
126 11 128
125 11 129
126 11 129
125 12 129
126 12 129
124 13 130
124 12 131
124 12 132
124 13 131
124 13 132
125 11 130
126 11 130
125 11 131
126 11 131
125 12 130
125 13 130
126 12 130
126 13 130
125 12 131
125 12 132
125 13 131
125 13 132
126 12 131
126 13 131
126 13 132
124 14 131
124 14 132
124 15 132
125 14 131
125 14 132
126 14 131
126 14 132
125 15 132
123 14 133
123 14 134
123 15 133
123 16 133
123 15 134
123 16 134
123 16 135
123 16 136
124 13 133
125 13 133
124 14 133
124 14 134
124 15 133
124 16 133
124 15 134
124 16 134
125 14 133
125 15 133
125 16 133
125 15 134
125 16 134
124 15 135
124 16 135
123 17 133
123 17 134
123 18 134
123 17 135
123 17 136
122 18 135
122 19 135
123 18 135
123 19 135
122 18 136
122 18 137
122 19 136
122 19 137
123 18 136
123 18 137
123 19 136
123 19 137
122 20 136
122 20 137
123 20 136
123 20 137
122 21 137
122 22 137
123 21 137
123 22 137
124 17 134
124 18 134
125 17 134
124 17 135
124 17 136
124 18 135
124 19 135
124 18 136
124 19 136
124 19 137
125 17 135
124 20 136
124 20 137
124 21 137
122 19 138
123 19 138
121 21 138
121 22 138
121 21 139
121 22 139
121 22 140
122 20 138
123 20 138
122 20 139
122 21 138
122 22 138
123 21 138
123 22 138
122 21 139
122 21 140
122 22 139
122 22 140
123 21 139
123 22 139
123 22 140
121 22 141
122 22 141
124 20 138
124 21 138
127 8 126
127 8 127
127 9 127
127 10 127
128 9 126
128 9 127
128 10 127
127 8 128
127 9 128
127 10 128
127 9 129
127 10 129
128 10 128
127 11 128
127 11 129
127 12 129
127 11 130
127 12 130
120 24 141
120 25 141
120 25 142
120 25 143
120 26 141
120 26 142
120 26 143
120 27 142
120 27 143
120 28 143
121 23 138
121 23 139
121 23 140
121 24 139
121 24 140
122 23 138
123 23 138
122 23 139
122 23 140
123 23 139
123 23 140
122 24 139
122 24 140
121 23 141
121 24 141
121 24 142
122 23 141
122 24 141
122 24 142
121 25 140
122 25 140
121 25 141
121 25 142
121 25 143
121 26 141
121 26 142
121 26 143
121 27 142
121 27 143
122 25 141
122 25 142
122 26 141
122 26 142
122 27 142
121 28 143
120 26 144
120 27 144
120 27 145
119 28 144
120 28 144
119 28 145
120 28 145
119 29 144
119 30 144
120 29 144
120 30 144
119 29 145
119 30 145
120 29 145
120 30 145
120 28 146
119 29 146
119 30 146
120 29 146
120 30 146
119 30 147
120 30 147
119 31 145
120 31 145
118 33 148
119 31 146
120 31 146
119 31 147
119 31 148
120 31 147
120 31 148
119 32 146
120 32 146
119 32 147
119 32 148
119 33 147
119 33 148
120 32 147
120 32 148
120 33 147
120 33 148
118 33 149
119 32 149
119 33 149
120 32 149
120 33 149
119 33 150
121 26 144
121 27 144
121 28 144
121 28 145
121 29 144
121 29 145
121 30 145
121 29 146
121 30 146
121 31 146
121 31 147
118 34 148
118 35 148
119 34 148
120 34 148
119 35 148
117 37 151
117 37 152
117 38 151
117 38 152
117 38 153
117 39 152
117 39 153
118 34 149
118 34 150
118 35 149
118 36 149
118 35 150
118 36 150
119 34 149
120 34 149
119 34 150
119 35 149
119 36 149
120 35 149
120 36 149
119 35 150
119 36 150
120 35 150
120 36 150
118 35 151
118 36 151
118 36 152
119 35 151
119 36 151
118 37 150
119 37 150
118 37 151
118 37 152
118 37 153
118 38 151
118 39 151
118 38 152
118 38 153
118 39 152
118 39 153
119 37 151
119 37 152
119 38 151
119 38 152
119 38 153
119 39 152
119 39 153
117 40 152
117 40 153
117 41 153
117 42 153
118 40 152
118 40 153
118 41 153
119 40 152
119 40 153
119 41 153
117 39 154
118 39 154
116 41 154
117 40 154
117 40 155
117 41 154
117 42 154
117 41 155
117 42 155
117 42 156
116 43 155
116 44 155
116 45 155
117 43 154
117 43 155
117 44 155
116 44 156
116 45 156
116 44 157
116 45 157
116 45 158
117 43 156
117 43 157
117 44 156
117 45 156
117 44 157
117 45 157
117 45 158
118 40 154
118 40 155
118 41 154
118 42 154
118 41 155
118 42 155
119 41 154
119 42 154
118 42 156
118 43 154
118 43 155
118 44 155
118 45 155
118 43 156
118 44 156
118 45 156
118 44 157
118 45 157
95 92 82
96 90 82
97 90 82
96 90 83
97 90 83
96 91 82
96 92 82
97 91 82
97 92 82
96 91 83
96 92 83
97 91 83
97 92 83
96 90 84
97 90 84
96 90 85
96 90 86
97 90 85
97 90 86
96 91 84
96 92 84
97 91 84
97 92 84
96 91 85
96 91 86
96 92 85
96 92 86
97 91 85
97 91 86
97 92 85
97 92 86
96 90 87
97 90 87
97 90 88
96 91 87
96 92 87
97 91 87
97 92 87
96 91 88
96 92 88
97 91 88
97 92 88
97 90 89
97 90 90
97 90 91
97 91 89
97 92 89
97 91 90
97 91 91
97 92 90
97 92 91
98 90 82
98 90 83
98 91 82
98 92 82
98 91 83
98 92 83
98 90 84
98 90 85
98 90 86
98 91 84
98 92 84
98 91 85
98 91 86
98 92 85
98 92 86
99 90 86
99 91 85
99 91 86
99 92 86
98 90 87
98 90 88
98 91 87
98 92 87
98 91 88
98 92 88
99 90 87
99 90 88
99 91 87
99 92 87
99 91 88
99 92 88
98 90 89
98 90 90
98 90 91
98 91 89
98 92 89
98 91 90
98 91 91
98 92 90
98 92 91
99 90 89
99 90 90
99 90 91
99 91 89
99 92 89
99 91 90
99 91 91
99 92 90
99 92 91
97 90 92
97 90 93
97 91 92
97 92 92
97 91 93
97 92 93
97 90 94
97 90 95
97 91 94
97 92 94
97 91 95
98 89 92
98 89 93
98 89 94
98 89 95
98 89 96
99 89 95
99 89 96
100 89 96
98 90 92
98 90 93
98 91 92
98 92 92
98 91 93
98 92 93
99 90 92
100 90 92
99 90 93
100 90 93
99 91 92
99 92 92
100 91 92
99 91 93
99 92 93
100 91 93
98 90 94
98 90 95
98 90 96
98 91 94
98 92 94
98 91 95
98 91 96
98 92 95
98 92 96
99 90 94
100 90 94
99 90 95
99 90 96
100 90 95
100 90 96
99 91 94
99 92 94
100 91 94
99 91 95
99 91 96
99 92 95
99 92 96
100 91 95
100 91 96
100 92 95
100 92 96
98 89 97
98 89 98
99 89 97
100 89 97
99 89 98
100 89 98
98 89 99
98 89 100
99 89 99
100 89 99
99 89 100
99 89 101
100 89 100
100 89 101
98 90 97
98 90 98
98 91 97
98 92 97
98 91 98
98 92 98
99 90 97
100 90 97
99 90 98
100 90 98
99 91 97
99 92 97
100 91 97
100 92 97
99 91 98
99 92 98
100 91 98
98 90 99
98 90 100
98 90 101
98 91 99
98 91 100
98 91 101
99 90 99
100 90 99
99 90 100
99 90 101
100 90 100
100 90 101
99 91 99
99 92 99
100 91 99
99 91 100
99 91 101
100 91 100
100 91 101
101 89 99
101 89 100
101 89 101
101 90 97
101 90 98
101 91 97
101 91 98
101 90 99
101 90 100
101 90 101
101 91 99
101 91 100
101 91 101
99 89 102
100 89 102
99 89 103
100 88 103
100 89 103
99 89 104
100 88 104
100 89 104
99 89 105
99 89 106
100 88 105
100 88 106
100 89 105
100 89 106
99 90 102
100 90 102
99 90 103
100 90 103
99 91 102
100 91 102
99 91 103
100 91 103
99 90 104
100 90 104
99 90 105
99 90 106
100 90 105
100 90 106
99 91 104
100 91 104
99 91 105
100 91 105
100 91 106
101 89 102
101 89 103
101 88 104
101 89 104
101 88 105
101 88 106
101 89 105
101 89 106
102 89 104
102 89 105
102 89 106
101 90 102
101 90 103
101 91 102
101 91 103
102 90 103
101 90 104
101 90 105
101 90 106
101 91 104
101 91 105
101 91 106
102 90 104
102 90 105
102 90 106
99 89 107
100 88 107
100 89 107
100 88 108
100 89 108
100 88 109
100 89 109
100 88 110
100 88 111
100 89 110
100 89 111
99 90 107
100 90 107
100 90 108
100 91 107
100 91 108
100 90 109
100 90 110
100 90 111
100 91 109
101 88 107
101 89 107
101 88 108
101 89 108
102 88 107
102 89 107
102 88 108
102 89 108
101 88 109
101 89 109
101 88 110
101 88 111
101 89 110
101 89 111
102 88 109
102 89 109
102 88 110
102 88 111
102 89 110
102 89 111
103 89 110
101 90 107
101 90 108
101 91 107
101 91 108
102 90 107
102 90 108
101 90 109
101 90 110
101 90 111
101 91 109
102 90 109
102 90 110
102 90 111
101 86 117
101 86 118
101 86 119
102 86 118
102 86 119
103 86 119
101 85 120
101 86 120
101 85 121
101 85 122
101 86 121
101 86 122
102 86 120
103 86 120
102 85 121
102 85 122
102 86 121
102 86 122
103 85 121
103 85 122
103 86 121
103 86 122
100 88 112
100 89 112
100 88 113
100 89 113
100 87 114
100 87 115
100 87 116
100 88 114
100 89 114
100 88 115
100 88 116
100 89 115
100 89 116
100 90 112
100 90 113
100 90 114
101 87 112
101 87 113
101 88 112
101 89 112
101 88 113
101 89 113
102 88 112
102 89 112
103 89 112
102 88 113
102 89 113
103 88 113
103 89 113
101 87 114
101 87 115
101 87 116
101 88 114
101 89 114
101 88 115
101 88 116
101 89 115
101 89 116
102 87 114
102 87 115
102 87 116
103 87 116
102 88 114
102 89 114
103 88 114
103 89 114
102 88 115
102 88 116
102 89 115
102 89 116
103 88 115
103 88 116
103 89 115
103 89 116
101 90 112
101 90 113
102 90 112
102 90 113
101 90 114
101 90 115
101 90 116
102 90 114
102 90 115
102 90 116
100 87 117
100 87 118
100 87 119
100 88 117
100 89 117
100 88 118
100 88 119
100 89 118
100 87 120
100 87 121
100 87 122
100 88 120
101 87 117
101 87 118
101 87 119
101 88 117
101 89 117
101 88 118
101 88 119
101 89 118
101 89 119
102 87 117
103 87 117
102 87 118
102 87 119
103 87 118
103 87 119
102 88 117
102 89 117
103 88 117
103 89 117
102 88 118
102 88 119
102 89 118
102 89 119
103 88 118
103 88 119
103 89 118
101 87 120
101 87 121
101 87 122
101 88 120
101 89 120
101 88 121
101 88 122
102 87 120
103 87 120
102 87 121
102 87 122
103 87 121
103 87 122
102 88 120
102 89 120
103 88 120
102 88 121
102 88 122
103 88 121
103 88 122
101 90 117
115 48 158
115 49 158
115 49 159
115 50 159
115 50 160
115 51 159
115 51 160
115 51 161
115 52 159
114 53 160
115 52 160
115 52 161
115 53 160
115 53 161
114 54 161
115 54 161
114 55 161
114 56 161
115 55 161
115 56 161
115 54 162
114 56 162
115 55 162
115 56 162
115 56 163
114 57 162
115 57 162
115 57 163
114 58 162
114 59 162
115 58 162
115 59 162
114 59 163
114 59 164
115 58 163
115 58 164
115 59 163
115 59 164
113 61 163
113 61 164
114 60 163
114 60 164
115 60 163
115 60 164
100 80 131
100 80 132
101 80 131
101 80 132
102 80 131
102 80 132
100 77 137
100 78 133
99 78 134
100 78 134
100 79 133
100 80 133
99 79 134
99 80 134
100 79 134
100 80 134
99 78 135
100 78 135
100 78 136
100 78 137
99 79 135
99 80 135
100 79 135
100 80 135
99 79 137
100 79 136
100 79 137
100 80 136
100 80 137
101 77 137
101 78 133
101 78 134
101 79 133
101 80 133
101 79 134
101 80 134
102 79 133
102 80 133
102 79 134
102 80 134
101 78 135
101 78 136
101 78 137
101 79 135
101 80 135
101 79 136
101 79 137
101 80 136
101 80 137
102 78 135
102 78 136
102 78 137
102 79 135
102 80 135
102 79 136
102 79 137
102 80 136
102 80 137
103 79 137
103 80 136
103 80 137
100 78 138
100 78 139
100 79 138
100 80 138
100 79 139
100 79 140
100 80 139
100 80 140
101 78 138
101 78 139
101 78 140
101 79 138
101 80 138
101 79 139
101 79 140
101 80 139
101 80 140
102 78 138
103 78 138
102 78 139
102 78 140
103 78 139
103 78 140
102 79 138
102 80 138
103 79 138
103 80 138
102 79 139
102 79 140
102 80 139
102 80 140
103 79 139
103 79 140
103 80 139
103 80 140
101 78 141
101 78 142
101 78 143
101 79 141
101 80 141
101 79 142
101 79 143
101 80 142
101 80 143
102 78 141
103 78 141
102 78 142
102 78 143
103 78 142
103 78 143
102 79 141
102 80 141
103 79 141
103 80 141
102 79 142
102 79 143
102 80 142
102 80 143
103 79 142
103 79 143
103 80 142
103 80 143
100 84 126
100 84 127
100 85 125
100 85 126
100 85 127
101 82 127
101 83 126
101 83 127
102 83 125
102 82 127
102 83 126
102 83 127
103 82 127
103 83 126
103 83 127
101 84 123
101 84 124
101 85 123
101 86 123
101 85 124
101 86 124
102 84 123
102 84 124
103 84 124
102 85 123
102 86 123
103 85 123
103 86 123
102 85 124
102 86 124
103 85 124
103 86 124
101 84 125
101 84 126
101 84 127
101 85 125
101 86 125
101 85 126
101 85 127
101 86 126
101 86 127
102 84 125
103 84 125
102 84 126
102 84 127
103 84 126
103 84 127
102 85 125
102 86 125
103 85 125
103 86 125
102 85 126
102 85 127
102 86 126
102 86 127
103 85 126
103 85 127
103 86 126
103 86 127
100 83 128
100 82 129
100 83 129
100 81 130
100 81 131
100 81 132
100 82 130
100 83 130
100 82 131
100 82 132
100 83 131
100 83 132
100 84 128
100 84 129
100 84 130
101 81 129
101 82 128
101 83 128
101 82 129
101 83 129
102 81 129
102 82 128
102 83 128
103 82 128
103 83 128
102 82 129
102 83 129
103 82 129
103 83 129
101 81 130
101 81 131
101 81 132
101 82 130
101 83 130
101 82 131
101 82 132
101 83 131
101 83 132
102 81 130
102 81 131
102 81 132
102 82 130
102 83 130
103 82 130
103 83 130
102 82 131
102 82 132
102 83 131
102 83 132
103 82 131
103 82 132
103 83 131
101 84 128
101 84 129
101 85 128
101 85 129
102 84 128
103 84 128
102 84 129
103 84 129
102 85 128
102 86 128
103 85 128
103 86 128
102 85 129
103 85 129
101 84 130
101 84 131
102 84 130
102 84 131
101 87 123
101 87 124
101 88 123
102 87 123
103 87 123
102 87 124
103 87 124
102 88 123
101 87 125
101 87 126
102 87 125
103 87 125
102 87 126
99 81 133
100 81 133
99 81 134
100 81 134
100 82 133
100 82 134
100 81 135
100 81 136
100 81 137
100 82 135
101 81 133
101 81 134
101 82 133
101 82 134
102 81 133
102 81 134
102 82 133
102 82 134
101 81 135
101 81 136
101 81 137
101 82 135
102 81 135
102 81 136
102 81 137
101 81 138
102 81 138
101 81 141
101 81 142
101 82 141
101 83 141
101 82 142
102 81 141
103 81 141
102 81 142
103 81 142
102 82 141
102 83 141
103 82 141
103 83 141
102 82 142
102 83 142
103 82 142
103 83 142
102 84 141
103 84 141
102 84 142
103 84 142
104 78 142
104 78 143
104 79 141
104 80 141
104 79 142
104 79 143
104 80 142
104 80 143
104 84 127
104 81 141
104 81 142
104 82 142
101 77 147
102 77 147
103 77 147
102 78 144
103 78 144
102 78 145
103 78 145
102 79 144
102 80 144
103 79 144
103 80 144
102 79 145
102 80 145
103 79 145
103 80 145
101 78 147
102 78 146
103 78 146
102 78 147
103 78 147
103 78 148
102 79 146
102 80 146
103 79 146
103 80 146
102 79 147
102 79 148
102 80 147
102 80 148
103 79 147
103 79 148
103 80 147
103 80 148
103 77 150
102 77 151
103 77 151
103 78 149
103 78 150
103 79 149
103 80 149
103 79 150
103 80 150
102 78 151
103 78 151
102 79 151
103 79 151
103 80 151
103 79 152
103 80 152
101 77 155
103 77 154
102 77 155
103 77 155
101 78 155
103 78 154
102 78 155
103 78 155
103 79 154
103 80 154
102 79 155
102 80 155
103 79 155
103 80 155
103 81 151
103 81 152
103 81 154
102 81 155
103 81 155
102 82 155
102 83 155
103 82 155
103 83 155
103 84 155
103 85 155
103 86 155
103 84 156
103 85 156
103 86 156
104 78 144
104 78 145
104 79 144
104 80 144
104 79 145
104 80 145
105 79 145
105 80 145
104 78 146
104 78 147
104 78 148
104 79 146
104 80 146
104 79 147
104 79 148
104 80 147
104 80 148
105 78 146
105 78 147
105 78 148
105 79 146
105 80 146
105 79 147
105 79 148
105 80 147
105 80 148
104 77 151
105 77 151
104 78 149
104 78 150
104 79 149
104 80 149
104 79 150
104 80 150
105 78 149
105 78 150
106 78 150
105 79 149
105 80 149
106 79 149
106 80 149
105 79 150
105 80 150
106 79 150
106 80 150
104 78 151
104 78 152
104 78 153
104 79 151
104 80 151
104 79 152
104 79 153
104 80 152
104 80 153
105 78 151
106 78 151
105 78 152
105 78 153
106 78 152
106 78 153
105 79 151
105 80 151
106 79 151
106 80 151
105 79 152
105 79 153
105 80 152
105 80 153
106 79 152
106 79 153
106 80 152
106 80 153
107 78 151
107 78 152
107 79 151
107 79 152
107 79 153
107 80 152
107 80 153
108 79 152
108 79 153
108 80 152
108 80 153
109 80 152
109 80 153
110 80 153
104 77 154
104 77 155
105 77 154
106 77 154
105 77 155
106 77 155
104 78 154
104 78 155
104 79 154
104 80 154
104 79 155
104 80 155
105 78 154
106 78 154
105 78 155
106 78 155
105 79 154
105 80 154
106 79 154
106 80 154
105 79 155
105 80 155
106 79 155
106 80 155
104 78 156
104 79 156
104 80 156
105 78 156
106 78 156
105 79 156
105 80 156
106 79 156
106 80 156
105 79 157
105 80 157
105 80 158
106 79 157
106 79 158
106 80 157
106 80 158
107 78 154
107 78 155
107 79 154
107 80 154
107 79 155
107 80 155
108 78 154
109 78 154
108 78 155
108 79 154
108 80 154
109 79 154
109 80 154
108 79 155
108 80 155
109 79 155
109 80 155
107 78 156
107 78 157
107 78 158
107 79 156
107 80 156
107 79 157
107 79 158
107 80 157
107 80 158
108 78 156
109 78 156
108 78 157
108 78 158
109 78 157
109 78 158
108 79 156
108 80 156
109 79 156
109 80 156
108 79 157
108 79 158
108 80 157
108 80 158
109 79 157
109 79 158
109 80 157
109 80 158
106 80 159
106 80 160
107 79 159
107 80 159
107 80 160
107 80 161
108 78 159
109 78 159
108 79 159
108 80 159
109 79 159
109 80 159
108 79 160
108 79 161
108 80 160
108 80 161
109 79 160
109 79 161
109 80 160
109 80 161
107 80 162
108 80 162
109 79 162
109 80 162
108 80 163
109 80 163
109 80 164
110 78 154
110 80 154
110 79 155
110 80 155
111 78 155
112 78 155
111 80 154
111 80 155
110 78 157
110 78 158
110 79 156
110 80 156
110 79 157
110 79 158
110 80 157
110 80 158
111 79 156
111 80 156
112 80 156
111 79 157
111 79 158
111 80 157
111 80 158
112 79 158
112 80 157
112 80 158
113 79 154
114 79 154
115 79 155
113 80 156
113 80 157
113 80 158
114 80 158
110 78 159
110 78 160
110 79 159
110 80 159
110 79 160
110 79 161
110 80 160
110 80 161
111 78 160
111 79 159
111 80 159
112 79 159
112 80 159
111 79 160
111 79 161
111 80 160
111 80 161
112 79 160
112 79 161
112 80 160
112 80 161
110 79 162
110 80 162
110 79 163
110 80 163
110 80 164
111 79 162
111 80 162
112 79 162
112 80 162
111 79 163
111 80 163
111 80 164
112 79 163
112 80 163
112 80 164
113 80 159
113 79 160
113 79 161
113 80 160
113 80 161
114 80 159
114 80 160
114 80 161
115 80 160
115 80 161
113 79 162
113 80 162
113 79 163
113 80 163
113 80 164
114 80 162
114 80 163
114 80 164
104 81 150
105 81 150
104 81 151
104 81 152
104 81 153
104 82 152
104 82 153
104 83 153
105 81 151
106 81 151
105 81 152
105 81 153
106 81 152
106 81 153
105 82 152
105 82 153
105 83 153
106 82 153
106 83 153
104 84 153
104 85 153
104 86 153
106 84 151
105 84 153
106 84 152
106 84 153
105 85 151
106 85 151
106 86 151
105 85 152
105 85 153
105 86 152
105 86 153
106 85 152
106 85 153
106 86 152
106 86 153
107 81 152
107 81 153
107 82 152
107 82 153
107 83 152
107 83 153
108 81 152
108 81 153
109 81 152
109 81 153
108 83 151
108 82 153
108 83 152
108 83 153
109 82 153
109 83 152
109 83 153
107 84 151
107 84 152
107 84 153
107 85 151
107 86 151
107 85 152
107 85 153
107 86 152
107 86 153
108 84 151
109 84 151
108 84 152
108 84 153
109 84 152
109 84 153
108 85 151
108 86 151
109 85 151
108 85 152
108 85 153
108 86 152
108 86 153
109 85 152
109 85 153
109 86 152
109 86 153
105 87 153
106 87 152
106 87 153
105 88 153
106 88 153
106 89 153
107 87 152
107 87 153
107 88 152
107 88 153
107 89 153
108 87 152
108 87 153
109 87 152
109 87 153
108 88 152
108 88 153
108 89 153
109 88 152
109 88 153
109 89 153
110 81 152
110 81 153
110 82 152
110 82 153
110 83 152
110 83 153
111 81 153
111 82 152
111 82 153
111 83 152
111 83 153
112 82 153
112 83 152
112 83 153
110 84 151
110 84 152
110 84 153
110 85 151
110 85 152
110 85 153
110 86 152
110 86 153
111 84 151
112 84 151
111 84 152
111 84 153
112 84 152
112 84 153
111 85 151
112 85 151
111 85 152
111 85 153
111 86 152
111 86 153
112 85 152
112 85 153
112 86 152
112 86 153
113 83 153
113 84 152
113 84 153
113 85 152
113 85 153
113 86 152
113 86 153
114 84 153
114 85 152
114 85 153
114 86 152
114 86 153
115 85 153
115 86 153
110 87 152
110 87 153
110 88 152
110 88 153
110 89 153
111 87 152
111 87 153
112 87 152
112 87 153
111 88 152
111 88 153
111 89 153
112 88 152
112 88 153
112 89 153
113 87 152
113 87 153
113 88 153
113 89 153
114 87 153
115 87 153
114 88 153
114 89 153
115 88 153
115 89 153
104 81 154
104 81 155
104 82 154
104 83 154
104 82 155
104 83 155
105 81 154
106 81 154
105 81 155
106 81 155
105 82 154
105 83 154
106 82 154
106 83 154
105 82 155
105 83 155
106 82 155
106 83 155
104 81 156
104 81 157
104 82 156
104 83 156
104 82 157
104 83 157
104 83 158
105 81 156
106 81 156
105 81 157
105 81 158
106 81 157
106 81 158
105 82 156
105 83 156
106 82 156
106 83 156
105 82 157
105 82 158
105 83 157
105 83 158
106 82 157
106 82 158
106 83 157
106 83 158
104 84 154
104 84 155
104 85 154
104 86 154
104 85 155
104 86 155
105 84 154
106 84 154
105 84 155
106 84 155
105 85 154
105 86 154
106 85 154
106 86 154
105 85 155
105 86 155
106 85 155
106 86 155
104 84 156
104 84 157
104 84 158
104 85 156
104 86 156
104 85 157
104 85 158
104 86 157
104 86 158
105 84 156
106 84 156
105 84 157
105 84 158
106 84 157
106 84 158
105 85 156
105 86 156
106 85 156
106 86 156
105 85 157
105 85 158
105 86 157
105 86 158
106 85 157
106 85 158
106 86 157
106 86 158
107 81 154
107 81 155
107 82 154
107 82 155
107 83 154
107 83 155
108 81 154
108 81 155
108 82 154
108 82 155
108 83 154
108 83 155
109 81 154
109 81 155
109 82 154
109 82 155
109 83 154
109 83 155
107 81 156
107 81 157
107 81 158
107 82 156
107 82 157
107 82 158
107 83 156
107 83 157
107 83 158
108 81 156
108 81 157
108 81 158
108 82 156
108 82 157
108 82 158
108 83 156
108 83 157
108 83 158
109 81 156
109 81 157
109 81 158
109 82 156
109 82 157
109 82 158
109 83 156
109 83 157
109 83 158
107 84 154
107 84 155
107 85 154
107 85 155
107 86 154
107 86 155
108 84 154
108 84 155
108 85 154
108 85 155
108 86 154
108 86 155
109 84 154
109 84 155
109 85 154
109 85 155
109 86 154
109 86 155
107 84 156
107 84 157
107 84 158
107 85 156
107 85 157
107 85 158
107 86 156
107 86 157
107 86 158
108 84 156
108 84 157
108 84 158
108 85 156
108 85 157
108 85 158
108 86 156
108 86 157
108 86 158
109 84 156
109 84 157
109 84 158
109 85 156
109 85 157
109 85 158
109 86 156
109 86 157
109 86 158
106 81 159
106 81 160
106 81 161
105 82 159
105 83 159
106 82 159
106 83 159
105 83 160
106 82 160
106 82 161
106 83 160
106 83 161
106 82 162
106 83 162
106 83 163
104 86 159
105 84 159
106 84 159
105 84 160
106 84 160
106 84 161
105 85 159
105 86 159
106 85 159
106 86 159
105 85 160
105 85 161
105 86 160
105 86 161
106 85 160
106 85 161
106 86 160
106 86 161
106 84 162
106 84 163
106 85 162
106 86 162
106 85 163
106 85 164
106 86 163
106 86 164
107 81 159
107 81 160
107 81 161
107 82 159
107 83 159
107 82 160
107 82 161
107 83 160
107 83 161
108 81 159
109 81 159
108 81 160
108 81 161
109 81 160
109 81 161
108 82 159
108 83 159
109 82 159
109 83 159
108 82 160
108 82 161
108 83 160
108 83 161
109 82 160
109 82 161
109 83 160
109 83 161
107 81 162
107 81 163
107 81 164
107 82 162
107 83 162
107 82 163
107 82 164
107 83 163
107 83 164
108 81 162
109 81 162
108 81 163
108 81 164
109 81 163
109 81 164
108 82 162
108 83 162
109 82 162
109 83 162
108 82 163
108 82 164
108 83 163
108 83 164
109 82 163
109 82 164
109 83 163
109 83 164
107 84 159
107 84 160
107 84 161
107 85 159
107 86 159
107 85 160
107 85 161
107 86 160
107 86 161
108 84 159
109 84 159
108 84 160
108 84 161
109 84 160
109 84 161
108 85 159
108 86 159
109 85 159
109 86 159
108 85 160
108 85 161
108 86 160
108 86 161
109 85 160
109 85 161
109 86 160
109 86 161
107 84 162
107 84 163
107 84 164
107 85 162
107 86 162
107 85 163
107 85 164
107 86 163
107 86 164
108 84 162
109 84 162
108 84 163
108 84 164
109 84 163
109 84 164
108 85 162
108 86 162
109 85 162
109 86 162
108 85 163
108 85 164
108 86 163
108 86 164
109 85 163
109 85 164
109 86 163
109 86 164
104 87 154
104 87 155
104 88 154
104 89 154
104 88 155
104 89 155
105 87 154
106 87 154
105 87 155
106 87 155
105 88 154
105 89 154
106 88 154
106 89 154
105 88 155
105 89 155
106 88 155
106 89 155
104 87 156
104 87 157
104 87 158
104 88 156
104 89 156
104 88 157
104 88 158
104 89 157
104 89 158
105 87 156
106 87 156
105 87 157
105 87 158
106 87 157
106 87 158
105 88 156
105 89 156
106 88 156
106 89 156
105 88 157
105 88 158
105 89 157
105 89 158
106 88 157
106 88 158
106 89 157
106 89 158
104 90 155
105 90 154
106 90 154
105 90 155
106 90 155
105 91 155
106 91 155
104 90 156
104 90 157
104 90 158
105 90 156
106 90 156
105 90 157
105 90 158
106 90 157
106 90 158
105 91 156
105 92 156
106 91 156
106 92 156
105 91 157
105 91 158
105 92 157
105 92 158
106 91 157
106 91 158
106 92 157
106 92 158
107 87 154
107 87 155
107 88 154
107 89 154
107 88 155
107 89 155
108 87 154
109 87 154
108 87 155
109 87 155
108 88 154
108 89 154
109 88 154
109 89 154
108 88 155
108 89 155
109 88 155
109 89 155
107 87 156
107 87 157
107 87 158
107 88 156
107 88 157
107 88 158
107 89 156
107 89 157
107 89 158
108 87 156
108 87 157
108 87 158
108 88 156
108 88 157
108 88 158
108 89 156
108 89 157
108 89 158
109 87 156
109 87 157
109 87 158
109 88 156
109 88 157
109 88 158
109 89 156
109 89 157
109 89 158
107 90 154
107 90 155
107 91 154
107 91 155
107 92 155
108 90 154
109 90 154
108 90 155
109 90 155
108 91 154
108 91 155
108 92 155
109 91 155
109 92 155
107 90 156
107 90 157
107 90 158
107 91 156
107 92 156
107 91 157
107 91 158
107 92 157
107 92 158
108 90 156
109 90 156
108 90 157
108 90 158
109 90 157
109 90 158
108 91 156
108 92 156
109 91 156
109 92 156
108 91 157
108 91 158
108 92 157
108 92 158
109 91 157
109 91 158
109 92 157
109 92 158
104 87 159
104 88 159
104 89 159
105 87 159
106 87 159
105 87 160
105 87 161
106 87 160
106 87 161
105 88 159
105 89 159
106 88 159
106 89 159
105 88 160
105 88 161
105 89 160
105 89 161
106 88 160
106 88 161
106 89 160
106 89 161
105 87 162
106 87 162
106 87 163
106 87 164
105 88 162
105 89 162
106 88 162
106 89 162
106 88 163
106 88 164
106 89 163
106 89 164
104 90 159
105 90 159
106 90 159
105 90 160
105 90 161
106 90 160
106 90 161
105 91 159
105 92 159
106 91 159
106 92 159
105 91 160
105 91 161
105 92 160
105 92 161
106 91 160
106 91 161
106 92 160
106 92 161
105 90 162
106 90 162
106 90 163
106 90 164
105 91 162
106 91 162
106 92 162
106 91 163
106 91 164
106 92 163
106 92 164
107 87 159
107 87 160
107 87 161
107 88 159
107 89 159
107 88 160
107 88 161
107 89 160
107 89 161
108 87 159
109 87 159
108 87 160
108 87 161
109 87 160
109 87 161
108 88 159
108 89 159
109 88 159
109 89 159
108 88 160
108 88 161
108 89 160
108 89 161
109 88 160
109 88 161
109 89 160
109 89 161
107 87 162
107 87 163
107 87 164
107 88 162
107 89 162
107 88 163
107 88 164
107 89 163
107 89 164
108 87 162
109 87 162
108 87 163
108 87 164
109 87 163
109 87 164
108 88 162
108 89 162
109 88 162
109 89 162
108 88 163
108 88 164
108 89 163
108 89 164
109 88 163
109 88 164
109 89 163
109 89 164
107 90 159
107 90 160
107 90 161
107 91 159
107 92 159
107 91 160
107 91 161
107 92 160
107 92 161
108 90 159
109 90 159
108 90 160
108 90 161
109 90 160
109 90 161
108 91 159
108 92 159
109 91 159
109 92 159
108 91 160
108 91 161
108 92 160
108 92 161
109 91 160
109 91 161
109 92 160
109 92 161
107 90 162
107 90 163
107 90 164
107 91 162
107 92 162
107 91 163
107 91 164
107 92 163
107 92 164
108 90 162
109 90 162
108 90 163
108 90 164
109 90 163
109 90 164
108 91 162
108 92 162
109 91 162
109 92 162
108 91 163
108 91 164
108 92 163
108 92 164
109 91 163
109 91 164
109 92 163
109 92 164
110 81 154
110 81 155
110 82 154
110 83 154
110 82 155
110 83 155
111 81 154
112 81 154
111 81 155
112 81 155
111 82 154
111 83 154
112 82 154
112 83 154
111 82 155
111 83 155
112 82 155
112 83 155
110 81 156
110 81 157
110 81 158
110 82 156
110 83 156
110 82 157
110 82 158
110 83 157
110 83 158
111 81 156
112 81 156
111 81 157
111 81 158
112 81 157
112 81 158
111 82 156
111 83 156
112 82 156
112 83 156
111 82 157
111 82 158
111 83 157
111 83 158
112 82 157
112 82 158
112 83 157
112 83 158
110 84 154
110 84 155
110 85 154
110 85 155
110 86 154
110 86 155
111 84 154
111 84 155
111 85 154
111 85 155
111 86 154
111 86 155
112 84 154
112 84 155
112 85 154
112 85 155
112 86 154
112 86 155
110 84 156
110 84 157
110 84 158
110 85 156
110 85 157
110 85 158
110 86 156
110 86 157
110 86 158
111 84 156
111 84 157
111 84 158
111 85 156
111 85 157
111 85 158
111 86 156
111 86 157
111 86 158
112 84 156
112 84 157
112 84 158
112 85 156
112 85 157
112 85 158
112 86 156
112 86 157
112 86 158
113 81 155
113 82 154
113 83 154
113 82 155
113 83 155
114 83 154
114 82 155
114 83 155
115 83 155
113 81 156
113 81 157
113 81 158
113 82 156
113 83 156
113 82 157
113 82 158
113 83 157
113 83 158
114 81 156
114 81 157
114 81 158
115 81 157
115 81 158
114 82 156
114 83 156
115 82 156
115 83 156
114 82 157
114 82 158
114 83 157
114 83 158
115 82 157
115 82 158
115 83 157
115 83 158
113 84 154
113 84 155
113 85 154
113 86 154
113 85 155
113 86 155
114 84 154
115 84 154
114 84 155
115 84 155
114 85 154
114 86 154
115 85 154
115 86 154
114 85 155
114 86 155
115 85 155
115 86 155
113 84 156
113 84 157
113 84 158
113 85 156
113 86 156
113 85 157
113 85 158
113 86 157
113 86 158
114 84 156
115 84 156
114 84 157
114 84 158
115 84 157
115 84 158
114 85 156
114 86 156
115 85 156
115 86 156
114 85 157
114 85 158
114 86 157
114 86 158
115 85 157
115 85 158
115 86 157
115 86 158
110 81 159
110 81 160
110 81 161
110 82 159
110 83 159
110 82 160
110 82 161
110 83 160
110 83 161
111 81 159
112 81 159
111 81 160
111 81 161
112 81 160
112 81 161
111 82 159
111 83 159
112 82 159
112 83 159
111 82 160
111 82 161
111 83 160
111 83 161
112 82 160
112 82 161
112 83 160
112 83 161
110 81 162
110 81 163
110 81 164
110 82 162
110 83 162
110 82 163
110 82 164
110 83 163
110 83 164
111 81 162
112 81 162
111 81 163
111 81 164
112 81 163
112 81 164
111 82 162
111 83 162
112 82 162
112 83 162
111 82 163
111 82 164
111 83 163
111 83 164
112 82 163
112 82 164
112 83 163
112 83 164
110 84 159
110 84 160
110 84 161
110 85 159
110 86 159
110 85 160
110 85 161
110 86 160
110 86 161
111 84 159
112 84 159
111 84 160
111 84 161
112 84 160
112 84 161
111 85 159
111 86 159
112 85 159
112 86 159
111 85 160
111 85 161
111 86 160
111 86 161
112 85 160
112 85 161
112 86 160
112 86 161
110 84 162
110 84 163
110 84 164
110 85 162
110 86 162
110 85 163
110 85 164
110 86 163
110 86 164
111 84 162
112 84 162
111 84 163
111 84 164
112 84 163
112 84 164
111 85 162
111 86 162
112 85 162
112 86 162
111 85 163
111 85 164
111 86 163
111 86 164
112 85 163
112 85 164
112 86 163
112 86 164
113 81 159
113 81 160
113 81 161
113 82 159
113 83 159
113 82 160
113 82 161
113 83 160
113 83 161
114 81 159
115 81 159
114 81 160
114 81 161
115 81 160
115 81 161
114 82 159
114 83 159
115 82 159
115 83 159
114 82 160
114 82 161
114 83 160
114 83 161
115 82 160
115 82 161
115 83 160
115 83 161
113 81 162
113 81 163
113 81 164
113 82 162
113 83 162
113 82 163
113 82 164
113 83 163
113 83 164
114 81 162
115 81 162
114 81 163
114 81 164
115 81 163
115 81 164
114 82 162
114 83 162
115 82 162
115 83 162
114 82 163
114 82 164
114 83 163
114 83 164
115 82 163
115 82 164
115 83 163
115 83 164
113 84 159
113 84 160
113 84 161
113 85 159
113 86 159
113 85 160
113 85 161
113 86 160
113 86 161
114 84 159
115 84 159
114 84 160
114 84 161
115 84 160
115 84 161
114 85 159
114 86 159
115 85 159
115 86 159
114 85 160
114 85 161
114 86 160
114 86 161
115 85 160
115 85 161
115 86 160
115 86 161
113 84 162
113 84 163
113 84 164
113 85 162
113 86 162
113 85 163
113 85 164
113 86 163
113 86 164
114 84 162
115 84 162
114 84 163
114 84 164
115 84 163
115 84 164
114 85 162
114 86 162
115 85 162
115 86 162
114 85 163
114 85 164
114 86 163
114 86 164
115 85 163
115 85 164
115 86 163
115 86 164
110 87 154
110 87 155
110 88 154
110 89 154
110 88 155
110 89 155
111 87 154
112 87 154
111 87 155
112 87 155
111 88 154
111 89 154
112 88 154
112 89 154
111 88 155
111 89 155
112 88 155
112 89 155
110 87 156
110 87 157
110 87 158
110 88 156
110 88 157
110 88 158
110 89 156
110 89 157
110 89 158
111 87 156
111 87 157
111 87 158
111 88 156
111 88 157
111 88 158
111 89 156
111 89 157
111 89 158
112 87 156
112 87 157
112 87 158
112 88 156
112 88 157
112 88 158
112 89 156
112 89 157
112 89 158
110 90 154
110 90 155
110 91 155
110 92 155
111 90 154
112 90 154
111 90 155
112 90 155
111 91 155
111 92 155
112 91 155
112 92 155
110 90 156
110 90 157
110 90 158
110 91 156
110 92 156
110 91 157
110 91 158
110 92 157
110 92 158
111 90 156
112 90 156
111 90 157
111 90 158
112 90 157
112 90 158
111 91 156
111 92 156
112 91 156
112 92 156
111 91 157
111 91 158
111 92 157
111 92 158
112 91 157
112 91 158
112 92 157
112 92 158
113 87 154
113 87 155
113 88 154
113 89 154
113 88 155
113 89 155
114 87 154
115 87 154
114 87 155
115 87 155
114 88 154
114 89 154
115 88 154
115 89 154
114 88 155
114 89 155
115 88 155
115 89 155
113 87 156
113 87 157
113 87 158
113 88 156
113 88 157
113 88 158
113 89 156
113 89 157
113 89 158
114 87 156
114 87 157
114 87 158
114 88 156
114 88 157
114 88 158
114 89 156
114 89 157
114 89 158
115 87 156
115 87 157
115 87 158
115 88 156
115 88 157
115 88 158
115 89 156
115 89 157
115 89 158
113 90 154
113 90 155
113 91 155
113 92 155
114 90 154
115 90 154
114 90 155
115 90 155
114 91 155
115 91 155
113 90 156
113 90 157
113 90 158
113 91 156
113 92 156
113 91 157
113 91 158
113 92 157
113 92 158
114 90 156
115 90 156
114 90 157
114 90 158
115 90 157
115 90 158
114 91 156
114 92 156
115 91 156
115 92 156
114 91 157
114 91 158
114 92 157
114 92 158
115 91 157
115 91 158
115 92 157
115 92 158
110 87 159
110 87 160
110 87 161
110 88 159
110 89 159
110 88 160
110 88 161
110 89 160
110 89 161
111 87 159
112 87 159
111 87 160
111 87 161
112 87 160
112 87 161
111 88 159
111 89 159
112 88 159
112 89 159
111 88 160
111 88 161
111 89 160
111 89 161
112 88 160
112 88 161
112 89 160
112 89 161
110 87 162
110 87 163
110 87 164
110 88 162
110 89 162
110 88 163
110 88 164
110 89 163
110 89 164
111 87 162
112 87 162
111 87 163
111 87 164
112 87 163
112 87 164
111 88 162
111 89 162
112 88 162
112 89 162
111 88 163
111 88 164
111 89 163
111 89 164
112 88 163
112 88 164
112 89 163
112 89 164
110 90 159
110 90 160
110 90 161
110 91 159
110 92 159
110 91 160
110 91 161
110 92 160
110 92 161
111 90 159
112 90 159
111 90 160
111 90 161
112 90 160
112 90 161
111 91 159
111 92 159
112 91 159
112 92 159
111 91 160
111 91 161
111 92 160
111 92 161
112 91 160
112 91 161
112 92 160
112 92 161
110 90 162
110 90 163
110 90 164
110 91 162
110 92 162
110 91 163
110 91 164
110 92 163
110 92 164
111 90 162
112 90 162
111 90 163
111 90 164
112 90 163
112 90 164
111 91 162
111 92 162
112 91 162
112 92 162
111 91 163
111 91 164
111 92 163
111 92 164
112 91 163
112 91 164
112 92 163
112 92 164
113 87 159
113 87 160
113 87 161
113 88 159
113 89 159
113 88 160
113 88 161
113 89 160
113 89 161
114 87 159
115 87 159
114 87 160
114 87 161
115 87 160
115 87 161
114 88 159
114 89 159
115 88 159
115 89 159
114 88 160
114 88 161
114 89 160
114 89 161
115 88 160
115 88 161
115 89 160
115 89 161
113 87 162
113 87 163
113 87 164
113 88 162
113 89 162
113 88 163
113 88 164
113 89 163
113 89 164
114 87 162
115 87 162
114 87 163
114 87 164
115 87 163
115 87 164
114 88 162
114 89 162
115 88 162
115 89 162
114 88 163
114 88 164
114 89 163
114 89 164
115 88 163
115 88 164
115 89 163
115 89 164
113 90 159
113 90 160
113 90 161
113 91 159
113 92 159
113 91 160
113 91 161
113 92 160
113 92 161
114 90 159
115 90 159
114 90 160
114 90 161
115 90 160
115 90 161
114 91 159
114 92 159
115 91 159
115 92 159
114 91 160
114 91 161
114 92 160
114 92 161
115 91 160
115 91 161
115 92 160
115 92 161
113 90 162
113 90 163
113 90 164
113 91 162
113 92 162
113 91 163
113 91 164
113 92 163
113 92 164
114 90 162
115 90 162
114 90 163
114 90 164
115 90 163
115 90 164
114 91 162
114 92 162
115 91 162
115 92 162
114 91 163
114 91 164
114 92 163
114 92 164
115 91 163
115 91 164
115 92 163
115 92 164
116 46 156
116 46 157
116 46 158
116 47 157
116 47 158
117 46 156
117 46 157
117 46 158
117 47 157
117 47 158
116 48 157
116 48 158
116 49 158
116 50 158
117 48 157
117 48 158
117 49 158
117 50 158
118 46 156
118 46 157
118 47 157
118 48 158
116 47 159
117 47 159
116 48 159
116 49 159
116 50 159
116 49 160
116 50 160
116 50 161
117 48 159
117 49 159
117 50 159
117 49 160
117 50 160
118 49 159
118 50 159
116 51 159
116 51 160
116 51 161
116 52 159
116 52 160
116 52 161
116 53 160
116 53 161
117 51 159
117 51 160
117 52 160
117 52 161
117 53 160
117 53 161
116 53 162
116 54 160
116 54 161
116 55 161
116 56 161
117 54 161
117 55 160
117 55 161
116 54 162
116 55 162
116 56 162
117 56 162
118 51 160
118 56 160
116 57 162
116 58 162
116 58 163
119 57 160
120 58 160
121 59 160
122 60 160
123 61 160
124 62 160
125 63 160
126 64 160
127 65 160
128 66 160
129 67 160
130 68 160
116 79 156
117 79 157
118 79 158
119 79 159
120 79 160
123 71 163
125 71 161
126 71 160
124 71 162
124 72 163
125 73 163
126 74 163
121 79 161
123 78 163
122 79 162
124 77 163
125 76 163
126 76 163
116 87 153
116 88 153
116 83 156
116 82 157
116 82 158
116 83 157
116 83 158
117 82 158
117 83 157
117 83 158
116 84 155
116 85 154
116 86 154
116 85 155
116 86 155
117 85 155
117 86 155
116 84 156
116 84 157
116 84 158
116 85 156
116 86 156
116 85 157
116 85 158
116 86 157
116 86 158
117 84 156
117 84 157
117 84 158
117 85 156
117 86 156
117 85 157
117 85 158
117 86 157
117 86 158
118 83 158
118 84 157
118 84 158
118 85 156
118 86 156
118 85 157
118 85 158
118 86 157
118 86 158
119 84 158
119 85 157
119 85 158
119 86 157
119 86 158
120 85 158
120 86 158
116 81 159
116 81 160
116 81 161
116 82 159
116 83 159
116 82 160
116 82 161
116 83 160
116 83 161
117 82 159
117 83 159
117 82 160
117 82 161
117 83 160
117 83 161
116 81 162
116 81 163
116 82 162
116 83 162
116 82 163
116 82 164
116 83 163
116 83 164
117 82 162
117 83 162
117 82 163
117 82 164
117 83 163
117 83 164
116 84 159
116 84 160
116 84 161
116 85 159
116 86 159
116 85 160
116 85 161
116 86 160
116 86 161
117 84 159
117 84 160
117 84 161
117 85 159
117 86 159
117 85 160
117 85 161
117 86 160
117 86 161
116 84 162
116 84 163
116 84 164
116 85 162
116 86 162
116 85 163
116 85 164
116 86 163
116 86 164
117 84 162
117 84 163
117 84 164
117 85 162
117 86 162
117 85 163
117 85 164
117 86 163
117 86 164
118 83 159
118 83 160
118 83 161
119 83 160
119 83 161
118 83 162
118 83 163
118 83 164
119 83 162
118 84 159
118 84 160
118 84 161
118 85 159
118 86 159
118 85 160
118 85 161
118 86 160
118 86 161
119 84 159
119 84 160
119 84 161
120 84 160
120 84 161
119 85 159
119 86 159
120 85 159
120 86 159
119 85 160
119 85 161
119 86 160
119 86 161
120 85 160
120 85 161
120 86 160
120 86 161
118 84 162
118 84 163
118 84 164
118 85 162
118 86 162
118 85 163
118 85 164
118 86 163
118 86 164
119 84 162
120 84 162
119 84 163
119 84 164
119 85 162
119 86 162
120 85 162
120 86 162
119 85 163
119 85 164
119 86 163
119 86 164
120 85 163
120 85 164
120 86 163
120 86 164
116 87 154
116 87 155
116 88 154
116 89 154
116 88 155
116 89 155
117 87 154
117 87 155
117 88 154
117 89 154
117 88 155
117 89 155
116 87 156
116 87 157
116 87 158
116 88 156
116 89 156
116 88 157
116 88 158
116 89 157
116 89 158
117 87 156
117 87 157
117 87 158
117 88 156
117 89 156
117 88 157
117 88 158
117 89 157
117 89 158
116 90 154
116 90 155
116 91 155
117 90 154
117 90 155
117 91 155
116 90 156
116 90 157
116 90 158
116 91 156
116 92 156
116 91 157
116 91 158
116 92 157
116 92 158
117 90 156
117 90 157
117 90 158
117 91 156
117 92 156
117 91 157
117 91 158
117 92 157
117 92 158
118 87 155
118 88 155
118 89 155
119 89 155
118 87 156
118 87 157
118 87 158
118 88 156
118 89 156
118 88 157
118 88 158
118 89 157
118 89 158
119 87 156
119 87 157
119 87 158
120 87 157
120 87 158
119 88 156
119 89 156
119 88 157
119 88 158
119 89 157
119 89 158
120 88 157
120 88 158
120 89 157
120 89 158
118 90 155
118 90 156
118 90 157
118 90 158
118 91 156
118 91 157
118 91 158
118 92 157
118 92 158
119 90 156
119 90 157
119 90 158
120 90 157
120 90 158
119 91 156
119 91 157
119 91 158
119 92 157
119 92 158
120 91 157
120 91 158
120 92 158
116 87 159
116 87 160
116 87 161
116 88 159
116 89 159
116 88 160
116 88 161
116 89 160
116 89 161
117 87 159
117 87 160
117 87 161
117 88 159
117 89 159
117 88 160
117 88 161
117 89 160
117 89 161
116 87 162
116 87 163
116 87 164
116 88 162
116 89 162
116 88 163
116 88 164
116 89 163
116 89 164
117 87 162
117 87 163
117 87 164
117 88 162
117 89 162
117 88 163
117 88 164
117 89 163
117 89 164
116 90 159
116 90 160
116 90 161
116 91 159
116 92 159
116 91 160
116 91 161
116 92 160
116 92 161
117 90 159
117 90 160
117 90 161
117 91 159
117 92 159
117 91 160
117 91 161
117 92 160
117 92 161
116 90 162
116 90 163
116 90 164
116 91 162
116 92 162
116 91 163
116 91 164
116 92 163
116 92 164
117 90 162
117 90 163
117 90 164
117 91 162
117 92 162
117 91 163
117 91 164
117 92 163
117 92 164
118 87 159
118 87 160
118 87 161
118 88 159
118 89 159
118 88 160
118 88 161
118 89 160
118 89 161
119 87 159
120 87 159
119 87 160
119 87 161
120 87 160
120 87 161
119 88 159
119 89 159
120 88 159
120 89 159
119 88 160
119 88 161
119 89 160
119 89 161
120 88 160
120 88 161
120 89 160
120 89 161
118 87 162
118 87 163
118 87 164
118 88 162
118 89 162
118 88 163
118 88 164
118 89 163
118 89 164
119 87 162
120 87 162
119 87 163
119 87 164
120 87 163
120 87 164
119 88 162
119 89 162
120 88 162
120 89 162
119 88 163
119 88 164
119 89 163
119 89 164
120 88 163
120 88 164
120 89 163
120 89 164
118 90 159
118 90 160
118 90 161
118 91 159
118 92 159
118 91 160
118 91 161
118 92 160
118 92 161
119 90 159
120 90 159
119 90 160
119 90 161
120 90 160
120 90 161
119 91 159
119 92 159
120 91 159
120 92 159
119 91 160
119 91 161
119 92 160
119 92 161
120 91 160
120 91 161
120 92 160
120 92 161
118 90 162
118 90 163
118 90 164
118 91 162
118 92 162
118 91 163
118 91 164
118 92 163
118 92 164
119 90 162
120 90 162
119 90 163
119 90 164
120 90 163
120 90 164
119 91 162
119 92 162
120 91 162
120 92 162
119 91 163
119 91 164
119 92 163
119 92 164
120 91 163
120 91 164
120 92 163
120 92 164
121 85 160
121 85 161
121 86 160
121 86 161
121 85 162
121 86 162
121 86 163
121 86 164
121 88 158
121 89 158
121 90 158
121 87 159
121 87 160
121 87 161
121 88 159
121 89 159
121 88 160
121 88 161
121 89 160
121 89 161
121 87 162
121 87 163
121 87 164
121 88 162
121 89 162
121 88 163
121 88 164
121 89 163
121 89 164
121 90 159
121 90 160
121 90 161
121 91 159
121 91 160
121 91 161
121 92 160
121 92 161
121 90 162
121 90 163
121 90 164
121 91 162
121 92 162
121 91 163
121 91 164
121 92 163
121 92 164
125 92 163
125 92 164
126 92 163
127 69 160
127 70 160
128 69 160
129 69 160
127 75 163
127 92 162
93 93 54
93 93 55
93 94 55
93 93 56
93 93 57
93 94 56
93 94 57
93 93 58
93 93 59
93 93 60
93 94 58
93 94 59
93 94 60
94 93 58
94 93 59
94 93 60
94 94 60
93 93 61
93 93 62
93 94 61
93 94 62
94 93 61
94 93 62
94 94 62
93 93 63
93 93 64
93 93 65
93 94 63
93 94 64
93 94 65
94 93 63
94 93 64
94 93 65
94 94 63
94 94 64
94 94 65
95 93 64
95 93 65
93 93 66
93 93 67
93 94 66
93 94 67
94 93 66
94 93 67
94 94 66
94 94 67
93 93 68
93 93 69
93 93 70
93 94 68
94 93 68
94 93 69
94 93 70
94 94 68
94 94 69
95 93 66
95 93 67
95 93 68
95 93 69
95 93 70
96 93 68
96 93 69
96 93 70
93 93 71
94 93 71
94 93 72
94 93 73
94 93 74
95 93 71
95 93 72
96 93 71
96 93 72
95 93 73
95 93 74
95 93 75
96 93 73
96 93 74
96 93 75
97 93 75
95 93 76
95 93 77
95 93 78
96 93 76
96 93 77
96 93 78
97 93 77
97 93 78
95 93 79
96 93 79
97 93 79
96 93 80
96 93 81
97 93 80
97 93 81
96 93 82
97 93 82
97 93 84
97 93 88
106 93 157
106 93 158
106 94 158
107 93 156
107 93 157
107 93 158
107 94 157
107 94 158
108 93 156
109 93 156
108 93 157
108 93 158
109 93 157
109 93 158
108 94 157
108 94 158
109 94 157
109 94 158
107 95 158
108 95 158
109 95 158
106 93 159
106 93 160
106 93 161
106 94 159
106 94 160
106 94 161
106 93 162
106 93 163
106 93 164
106 94 162
106 94 163
107 93 159
107 93 160
107 93 161
107 94 159
107 94 160
107 94 161
108 93 159
109 93 159
108 93 160
108 93 161
109 93 160
109 93 161
108 94 159
109 94 159
108 94 160
108 94 161
109 94 160
109 94 161
107 93 162
107 93 163
107 93 164
107 94 162
107 94 163
107 94 164
108 93 162
109 93 162
108 93 163
108 93 164
109 93 163
109 93 164
108 94 162
109 94 162
108 94 163
108 94 164
109 94 163
109 94 164
107 95 159
107 95 160
107 95 161
107 96 161
108 95 159
109 95 159
108 95 160
108 95 161
109 95 160
109 95 161
108 96 159
109 96 159
108 96 160
108 96 161
109 96 160
109 96 161
109 97 160
109 97 161
107 95 162
107 95 163
107 95 164
107 96 162
108 95 162
109 95 162
108 95 163
108 95 164
109 95 163
109 95 164
108 96 162
109 96 162
109 97 162
108 96 163
108 96 164
109 96 163
109 96 164
109 97 163
109 97 164
110 93 156
110 93 157
110 93 158
110 94 157
110 94 158
111 93 156
112 93 156
111 93 157
111 93 158
112 93 157
112 93 158
111 94 157
111 94 158
112 94 157
112 94 158
110 95 158
111 95 158
112 95 158
113 93 156
113 93 157
113 93 158
113 94 157
113 94 158
114 93 156
114 93 157
114 93 158
115 93 157
115 93 158
114 94 157
114 94 158
115 94 158
113 95 158
114 95 158
110 93 159
110 93 160
110 93 161
110 94 159
110 94 160
110 94 161
111 93 159
112 93 159
111 93 160
111 93 161
112 93 160
112 93 161
111 94 159
112 94 159
111 94 160
111 94 161
112 94 160
112 94 161
110 93 162
110 93 163
110 93 164
110 94 162
110 94 163
110 94 164
111 93 162
112 93 162
111 93 163
111 93 164
112 93 163
112 93 164
111 94 162
112 94 162
111 94 163
111 94 164
112 94 163
112 94 164
110 95 159
110 95 160
110 95 161
110 96 159
110 96 160
110 96 161
110 97 160
110 97 161
111 95 159
112 95 159
111 95 160
111 95 161
112 95 160
112 95 161
111 96 159
112 96 159
111 96 160
111 96 161
111 97 160
111 97 161
112 96 160
112 96 161
112 97 160
112 97 161
110 95 162
110 95 163
110 95 164
110 96 162
110 97 162
110 96 163
110 96 164
110 97 163
110 97 164
111 95 162
112 95 162
111 95 163
111 95 164
112 95 163
112 95 164
111 96 162
111 97 162
112 96 162
112 97 162
111 96 163
111 96 164
111 97 163
111 97 164
112 96 163
112 96 164
112 97 163
112 97 164
113 93 159
113 93 160
113 93 161
113 94 159
113 94 160
113 94 161
114 93 159
115 93 159
114 93 160
114 93 161
115 93 160
115 93 161
114 94 159
115 94 159
114 94 160
114 94 161
115 94 160
115 94 161
113 93 162
113 93 163
113 93 164
113 94 162
113 94 163
113 94 164
114 93 162
115 93 162
114 93 163
114 93 164
115 93 163
115 93 164
114 94 162
115 94 162
114 94 163
114 94 164
115 94 163
115 94 164
113 95 159
113 95 160
113 95 161
113 96 159
113 96 160
113 96 161
113 97 160
113 97 161
114 95 159
115 95 159
114 95 160
114 95 161
115 95 160
115 95 161
114 96 159
115 96 159
114 96 160
114 96 161
114 97 161
115 96 160
115 96 161
115 97 161
113 95 162
113 95 163
113 95 164
113 96 162
113 97 162
113 96 163
113 96 164
113 97 163
113 97 164
114 95 162
115 95 162
114 95 163
114 95 164
115 95 163
115 95 164
114 96 162
114 97 162
115 96 162
115 97 162
114 96 163
114 96 164
114 97 163
114 97 164
115 96 163
115 96 164
115 97 163
115 97 164
111 98 163
111 98 164
112 98 163
112 98 164
112 99 163
112 99 164
113 98 164
113 99 163
113 99 164
114 98 164
115 98 164
115 100 162
114 99 163
114 99 164
115 99 163
115 99 164
115 100 163
115 100 164
115 101 161
120 107 132
120 109 130
120 108 131
120 108 132
120 109 131
120 109 132
121 109 126
121 109 127
122 109 125
122 109 126
122 109 127
123 109 126
123 109 127
121 108 128
121 109 128
121 108 129
121 109 129
122 108 128
122 109 128
123 109 128
122 108 129
122 109 129
123 109 129
121 107 131
121 107 132
121 108 130
121 109 130
121 108 131
121 108 132
121 109 131
121 109 132
122 107 132
122 108 130
122 109 130
123 109 130
122 108 131
122 108 132
122 109 131
122 109 132
122 110 124
122 111 124
123 111 124
121 110 126
121 110 127
122 110 125
123 110 125
122 110 126
122 110 127
123 110 126
123 110 127
122 111 125
123 111 125
122 111 126
122 111 127
123 111 126
123 111 127
121 110 128
121 110 129
122 110 128
123 110 128
122 110 129
123 110 129
121 110 130
121 110 131
122 110 130
120 106 134
120 106 135
119 106 136
119 106 137
120 105 137
120 106 136
120 106 137
120 107 133
120 107 134
120 108 133
120 109 133
120 108 134
120 107 135
119 107 136
119 107 137
120 107 136
120 107 137
120 108 135
120 108 136
120 108 137
119 105 138
119 106 138
120 105 138
120 106 138
119 105 139
119 105 140
119 106 139
119 106 140
120 105 139
120 105 140
120 106 139
120 106 140
118 104 142
118 104 143
118 105 141
118 106 141
118 105 142
118 105 143
118 106 142
118 106 143
119 104 141
120 104 141
119 104 142
119 104 143
120 104 142
120 104 143
119 105 141
119 106 141
120 105 141
120 106 141
119 105 142
119 105 143
119 106 142
119 106 143
120 105 142
120 105 143
120 106 142
120 106 143
119 107 138
120 107 138
119 107 139
119 107 140
120 107 139
120 107 140
119 107 141
120 107 141
119 107 142
121 106 134
121 106 135
121 106 136
121 106 137
121 107 133
121 107 134
121 108 133
121 109 133
121 108 134
122 107 133
122 107 134
122 108 133
122 109 133
122 108 134
121 107 135
121 107 136
121 107 137
121 108 135
121 108 136
122 107 135
121 106 138
121 106 139
121 106 140
121 106 141
121 107 138
121 107 139
118 103 144
118 103 145
119 103 144
119 103 145
118 103 146
118 103 147
118 103 148
119 103 146
119 102 148
119 103 147
119 103 148
120 103 147
120 103 148
118 102 149
118 103 149
118 102 150
118 103 150
119 102 149
119 103 149
120 103 149
119 102 150
119 103 150
118 102 151
118 103 151
118 102 152
118 102 153
118 103 152
118 103 153
119 102 151
119 103 151
119 102 152
119 102 153
119 103 152
119 103 153
116 93 157
116 93 158
116 94 158
117 93 157
117 93 158
117 94 158
118 93 157
118 93 158
119 93 158
116 93 159
116 93 160
116 93 161
116 94 159
116 94 160
116 94 161
117 93 159
117 93 160
117 93 161
117 94 159
117 94 160
117 94 161
116 93 162
116 93 163
116 93 164
116 94 162
116 94 163
116 94 164
117 93 162
117 93 163
117 93 164
117 94 162
117 94 163
117 94 164
116 95 159
116 95 160
116 95 161
116 96 160
116 96 161
117 95 159
117 95 160
117 95 161
117 96 161
116 95 162
116 95 163
116 95 164
116 96 162
116 97 162
116 96 163
116 96 164
116 97 163
116 97 164
117 95 162
117 95 163
117 95 164
117 96 162
117 96 163
117 96 164
117 97 163
117 97 164
118 93 159
118 93 160
118 93 161
118 94 159
118 94 160
118 94 161
119 93 159
120 93 159
119 93 160
119 93 161
120 93 160
120 93 161
119 94 159
119 94 160
119 94 161
120 94 161
118 93 162
118 93 163
118 93 164
118 94 162
118 94 163
118 94 164
119 93 162
120 93 162
119 93 163
119 93 164
120 93 163
120 93 164
119 94 162
120 94 162
119 94 163
119 94 164
120 94 163
120 94 164
118 95 160
118 95 161
119 95 161
118 95 162
118 95 163
118 95 164
118 96 162
118 96 163
118 96 164
118 97 163
118 97 164
119 95 162
119 95 163
119 95 164
120 95 163
120 95 164
119 97 162
119 96 163
119 96 164
119 97 163
119 97 164
120 96 163
120 96 164
117 100 158
117 101 155
117 102 154
117 103 154
117 102 155
117 103 155
116 102 158
117 101 156
117 101 157
117 101 158
117 102 156
117 103 156
117 102 157
117 102 158
117 103 157
117 103 158
118 101 154
118 101 155
118 102 154
118 103 154
118 102 155
118 103 155
119 102 154
119 103 154
119 102 155
119 103 155
118 101 156
118 101 157
118 101 158
118 102 156
118 103 156
118 102 157
118 102 158
118 103 157
118 103 158
119 101 156
119 101 157
119 101 158
119 102 156
119 103 156
119 102 157
119 102 158
116 100 160
116 100 161
117 100 159
117 99 161
117 100 160
117 100 161
116 99 162
116 100 162
116 99 163
116 99 164
116 100 163
116 100 164
117 99 162
117 100 162
117 99 163
117 99 164
117 100 163
117 100 164
116 101 159
116 101 160
116 101 161
116 102 159
116 102 160
117 101 159
117 101 160
117 101 161
117 102 159
117 102 160
117 102 161
116 101 162
116 101 163
117 101 162
117 101 163
118 100 159
118 100 160
118 100 161
119 100 160
119 100 161
118 99 162
118 100 162
118 99 163
118 99 164
118 100 163
118 100 164
120 98 163
119 99 162
119 99 163
118 101 159
118 101 160
118 101 161
118 102 159
118 102 160
118 102 161
119 101 159
118 101 162
118 101 163
121 93 161
121 93 162
121 93 163
121 93 164
124 94 164
126 93 162
125 93 163
125 93 164
126 93 163
126 93 164
126 94 162
125 94 163
125 94 164
126 94 163
126 94 164
124 95 164
124 96 163
124 96 164
124 97 163
124 97 164
126 95 162
125 95 163
125 95 164
126 95 163
126 95 164
126 96 162
125 96 163
125 96 164
125 97 164
126 96 163
126 96 164
126 97 163
126 97 164
121 99 164
122 98 164
123 98 164
122 99 164
124 98 164
118 104 144
118 104 145
118 105 144
118 106 144
118 105 145
119 104 144
120 104 144
119 104 145
120 104 145
119 105 144
119 106 144
120 105 144
120 106 144
119 105 145
119 106 145
120 105 145
118 104 146
118 104 147
118 104 148
118 105 146
118 105 147
118 105 148
119 104 146
120 104 146
119 104 147
119 104 148
120 104 147
120 104 148
119 105 146
120 105 146
119 105 147
119 105 148
120 105 147
118 104 149
118 104 150
119 104 149
120 104 149
119 104 150
118 104 151
118 104 152
118 104 153
119 104 151
119 104 152
119 104 153
135 97 153
136 97 153
135 98 153
135 99 153
138 98 150
138 99 150
138 100 150
136 98 152
136 98 153
136 99 152
136 99 153
137 98 151
138 98 151
137 98 152
137 98 153
138 98 152
138 98 153
137 99 151
138 99 151
138 100 151
137 99 152
137 99 153
138 99 152
138 99 153
138 100 152
130 96 158
130 97 158
132 97 156
131 96 157
131 96 158
131 97 157
131 97 158
132 96 157
132 96 158
132 97 157
132 97 158
127 94 161
128 94 161
129 94 161
127 93 162
127 93 163
127 94 162
127 94 163
127 94 164
128 93 162
128 94 162
127 95 161
127 96 161
127 97 161
129 95 159
128 95 160
128 95 161
129 95 160
129 95 161
129 96 159
129 97 159
128 96 160
128 96 161
128 97 161
129 96 160
129 96 161
129 97 160
129 97 161
127 95 162
127 95 163
127 95 164
127 96 162
127 97 162
127 96 163
128 95 162
129 95 162
128 95 163
128 96 162
128 97 162
129 96 162
128 96 163
130 94 160
130 95 159
130 95 160
130 95 161
130 96 159
130 97 159
130 96 160
130 96 161
130 97 160
130 97 161
131 95 159
131 96 159
131 97 159
132 96 159
132 97 159
131 96 160
131 97 160
132 98 156
131 98 158
132 98 157
132 98 158
133 97 155
134 97 154
135 97 154
134 97 155
135 97 155
133 97 156
133 96 157
133 96 158
133 97 157
133 97 158
134 97 156
135 97 156
134 97 157
134 97 158
136 97 154
136 97 155
133 97 159
133 98 155
134 98 154
135 98 154
134 98 155
135 98 155
135 99 154
134 99 155
135 99 155
133 98 156
133 98 157
133 98 158
134 98 156
135 98 156
134 98 157
134 99 156
136 98 154
136 98 155
136 99 154
136 99 155
137 98 154
137 99 154
144 101 143
145 101 143
140 99 148
140 100 148
143 100 144
142 100 145
143 100 145
141 100 146
141 99 147
141 99 148
141 100 147
141 100 148
142 99 146
142 100 146
143 99 146
143 100 146
142 99 147
142 99 148
142 100 147
142 100 148
143 99 147
143 100 147
143 100 148
143 101 144
142 101 145
143 101 145
141 101 147
141 101 148
142 101 146
143 101 146
142 101 147
142 101 148
143 101 147
139 98 150
139 99 149
139 100 149
139 99 150
139 100 150
140 99 149
140 100 149
140 99 150
140 100 150
139 98 151
139 98 152
139 99 151
139 100 151
139 99 152
140 99 151
141 99 149
141 100 149
141 99 150
142 100 149
144 100 144
144 100 145
145 100 144
145 100 145
144 100 146
144 101 144
144 101 145
145 101 144
145 101 145
144 101 146
