0.15
6768
99 102 63
100 102 63
99 102 64
100 102 64
99 102 65
99 102 66
100 102 65
100 102 66
101 102 65
101 102 66
99 102 67
100 102 67
100 102 68
101 102 67
102 102 67
101 102 68
102 102 68
100 102 69
100 102 70
101 102 69
102 102 69
101 102 70
101 102 71
102 102 70
102 102 71
101 102 72
102 102 72
101 102 73
101 102 74
102 102 73
102 102 74
101 102 75
102 102 75
102 102 76
102 102 77
102 102 78
102 102 79
102 102 80
102 102 81
102 85 145
102 86 144
102 86 145
90 111 2
90 110 4
90 111 3
90 111 4
91 111 2
92 111 2
91 110 4
91 111 3
91 111 4
92 110 4
92 111 3
92 111 4
91 112 4
90 110 5
90 111 5
90 110 6
90 111 7
91 110 5
91 111 5
92 110 5
92 111 5
91 110 6
91 110 7
91 111 6
91 111 7
92 110 6
92 110 7
92 111 6
92 111 7
91 109 10
91 110 8
91 111 8
92 110 8
92 111 8
91 110 9
91 110 10
91 111 9
91 111 10
92 110 9
92 110 10
92 111 9
92 111 10
91 112 5
91 112 6
93 111 5
93 110 6
93 110 7
93 111 6
93 111 7
93 110 8
93 111 8
93 110 9
93 110 10
93 111 9
93 111 10
94 110 10
92 108 19
92 108 20
92 108 21
93 108 19
93 108 20
93 108 21
94 108 19
94 108 20
94 108 21
95 108 21
91 110 11
91 111 11
92 110 11
92 111 11
91 110 12
91 111 12
92 110 12
92 111 12
92 109 14
92 109 15
91 110 13
91 111 13
92 110 13
92 111 13
92 110 14
92 110 15
92 111 14
92 111 15
92 112 13
93 110 11
93 111 11
93 110 12
93 111 12
94 110 11
94 110 12
94 111 12
93 109 14
93 109 15
93 110 13
93 111 13
93 110 14
93 110 15
93 111 14
93 111 15
94 109 14
94 110 13
94 111 13
94 110 14
94 110 15
94 111 14
94 111 15
92 109 16
92 109 17
92 109 18
92 110 16
92 111 16
92 110 17
92 110 18
92 111 17
92 109 19
92 109 20
92 109 21
92 110 19
92 110 20
92 110 21
93 109 16
93 109 17
93 109 18
93 110 16
93 111 16
93 110 17
93 110 18
93 111 17
94 109 16
94 109 17
94 109 18
94 110 16
94 111 16
94 110 17
94 110 18
93 109 19
93 109 20
93 109 21
93 110 19
93 110 20
93 110 21
94 109 19
94 109 20
94 109 21
95 109 20
95 109 21
94 110 19
94 110 20
94 110 21
92 108 22
92 108 23
92 108 25
93 108 22
93 108 23
94 108 22
95 108 22
94 108 23
95 108 23
93 107 24
93 108 24
93 107 25
93 107 26
93 108 25
93 108 26
94 107 24
94 108 24
95 108 24
94 107 25
94 107 26
94 108 25
94 108 26
95 107 25
95 107 26
95 108 25
95 108 26
93 107 27
93 108 27
93 107 28
93 107 29
93 108 28
93 108 29
94 107 27
94 108 27
95 107 27
95 108 27
94 107 28
94 107 29
94 108 28
94 108 29
95 107 28
95 107 29
95 108 28
95 108 29
93 106 31
93 107 30
93 108 30
93 107 31
93 107 32
93 108 31
93 108 32
94 106 31
94 106 32
95 106 32
94 107 30
94 108 30
95 107 30
95 108 30
94 107 31
94 107 32
94 108 31
94 108 32
95 107 31
95 107 32
95 108 31
95 108 32
92 109 22
93 109 22
93 109 23
93 110 22
93 110 23
94 109 22
95 109 22
94 109 23
95 109 23
94 110 22
93 109 24
93 109 25
93 109 26
94 109 24
95 109 24
94 109 25
94 109 26
95 109 25
95 109 26
93 109 27
93 109 28
93 109 29
94 109 27
95 109 27
94 109 28
94 109 29
96 106 32
96 107 30
96 108 30
96 107 31
96 107 32
96 108 31
96 108 32
94 105 36
95 105 36
94 105 37
94 105 38
95 105 37
95 105 38
93 107 33
94 106 33
95 106 33
94 106 34
94 106 35
95 106 34
95 106 35
94 107 33
94 108 33
95 107 33
95 108 33
94 107 34
94 107 35
94 108 34
94 108 35
95 107 34
95 107 35
95 108 34
95 108 35
94 106 36
95 106 36
94 106 37
94 106 38
95 106 37
95 106 38
94 107 36
95 107 36
94 107 37
94 107 38
95 107 37
95 107 38
95 105 39
95 104 41
95 105 40
95 105 41
95 104 42
95 105 42
95 104 43
95 104 44
95 105 43
95 105 44
95 106 39
94 106 40
95 106 40
95 106 41
95 107 39
95 107 40
95 107 41
95 106 42
95 106 43
95 106 44
95 107 42
96 105 36
96 105 37
96 105 38
97 105 37
97 105 38
96 106 33
96 106 34
96 106 35
96 107 33
96 108 33
96 107 34
96 107 35
97 106 35
96 106 36
96 106 37
96 106 38
96 107 36
96 107 37
96 107 38
97 106 36
97 106 37
97 106 38
97 107 36
96 105 39
96 104 41
96 105 40
96 105 41
97 105 39
97 105 40
97 105 41
96 104 42
96 105 42
96 104 43
96 104 44
96 105 43
96 105 44
97 105 42
98 105 42
97 104 43
97 104 44
97 105 43
97 105 44
98 105 43
98 105 44
96 106 39
96 106 40
96 106 41
96 107 39
96 107 40
96 107 41
97 106 39
97 106 40
97 106 41
97 107 39
97 107 41
96 106 42
96 106 43
96 106 44
96 107 42
96 107 43
97 106 42
98 106 42
97 106 43
97 106 44
98 106 43
98 106 44
96 104 45
96 105 45
96 104 46
96 105 46
97 104 45
97 105 45
98 104 45
98 105 45
97 104 46
97 105 46
98 104 46
98 105 46
96 104 47
96 105 47
96 104 48
96 104 49
96 105 48
96 105 49
97 104 47
97 105 47
98 104 47
98 105 47
97 104 48
97 104 49
97 105 48
97 105 49
98 104 48
98 104 49
98 105 48
98 105 49
96 106 45
96 106 46
97 106 45
98 106 45
97 106 46
98 106 46
96 106 47
96 106 48
96 106 49
97 106 47
98 106 47
97 106 48
97 106 49
98 106 48
98 106 49
99 104 48
99 104 49
99 105 48
99 105 49
96 104 50
96 105 50
96 104 51
96 105 51
97 103 52
98 103 52
97 104 50
97 105 50
98 104 50
98 105 50
97 104 51
97 104 52
97 105 51
97 105 52
98 104 51
98 104 52
98 105 51
98 105 52
97 103 53
98 103 53
97 103 54
97 103 55
98 103 54
98 103 55
97 104 53
97 105 53
98 104 53
98 105 53
97 104 54
97 104 55
97 105 54
97 105 55
98 104 54
98 104 55
98 105 54
98 105 55
97 106 50
98 106 50
97 106 51
97 106 52
97 106 53
99 104 50
99 105 50
99 104 51
99 104 52
99 105 51
99 105 52
99 103 54
99 103 55
99 104 53
99 105 53
99 104 54
99 104 55
99 105 54
99 105 55
100 104 55
97 103 56
98 103 56
97 103 57
98 103 57
97 104 56
97 105 56
98 104 56
98 105 56
97 104 57
97 105 57
98 104 57
98 105 57
97 103 58
98 103 58
98 103 59
98 103 60
97 104 58
98 104 58
98 105 58
97 104 59
98 104 59
98 104 60
98 105 59
98 105 60
99 103 56
100 103 56
99 103 57
100 103 57
99 104 56
99 105 56
100 104 56
99 104 57
99 105 57
100 104 57
99 103 58
100 103 58
99 103 59
99 103 60
100 103 59
100 103 60
99 104 58
99 105 58
100 104 58
99 104 59
99 104 60
99 105 59
99 105 60
100 104 59
100 104 60
100 105 59
98 103 61
98 103 62
98 103 63
98 104 61
98 105 61
98 104 62
98 104 63
99 103 61
100 103 61
99 103 62
99 103 63
100 103 62
100 103 63
99 104 61
99 105 61
100 104 61
100 105 61
99 104 62
99 104 63
99 105 62
99 105 63
100 104 62
100 104 63
100 105 63
101 103 61
101 103 62
101 103 63
101 104 61
101 104 62
101 104 63
99 103 64
100 103 64
99 103 65
99 103 66
100 103 65
100 103 66
99 104 64
99 105 64
100 104 64
100 105 64
99 104 65
99 104 66
99 105 65
100 104 65
100 104 66
100 105 65
100 105 66
101 103 64
101 103 65
101 103 66
102 103 65
102 103 66
101 104 64
101 104 65
101 104 66
102 104 66
99 103 67
100 103 67
100 103 68
99 104 67
100 104 67
100 105 67
100 104 68
100 105 68
101 103 67
102 103 67
101 103 68
102 103 68
101 104 67
102 104 67
101 104 68
102 104 68
100 103 69
100 103 70
100 103 71
100 104 69
100 105 69
100 104 70
100 104 71
101 103 69
102 103 69
101 103 70
101 103 71
102 103 70
102 103 71
101 104 69
102 104 69
101 104 70
101 104 71
102 104 70
102 104 71
101 103 72
102 103 72
101 103 73
101 103 74
102 103 73
102 103 74
101 104 72
102 104 72
101 104 73
101 104 74
102 104 73
102 104 74
101 103 75
102 103 75
102 103 76
102 103 77
101 104 75
102 104 75
102 104 76
102 104 77
102 103 78
102 103 79
102 103 80
102 104 78
103 102 71
103 102 72
103 102 73
103 102 74
103 102 75
103 102 76
103 102 77
104 102 75
104 102 76
104 102 77
103 102 78
103 101 80
103 102 79
103 102 80
104 102 78
105 102 78
104 101 80
104 102 79
104 102 80
105 102 79
105 102 80
103 101 81
103 102 81
103 101 82
103 101 83
103 102 82
103 102 83
104 101 81
104 102 81
105 102 81
104 101 82
104 101 83
104 102 82
104 102 83
105 101 82
105 101 83
105 102 82
105 102 83
106 102 83
103 101 84
103 102 84
103 101 85
103 102 85
103 102 86
104 101 84
104 102 84
105 101 84
105 102 84
104 101 85
104 101 86
104 102 85
104 102 86
105 101 85
105 101 86
105 102 85
105 102 86
104 101 87
104 102 87
105 101 87
105 102 87
104 101 88
104 101 89
104 102 88
104 102 89
105 101 88
105 101 89
105 102 88
105 102 89
106 102 84
106 101 85
106 101 86
106 102 85
106 102 86
106 101 87
106 102 87
106 101 88
106 101 89
106 102 88
106 102 89
107 101 89
107 102 89
139 9 129
140 9 129
139 9 130
139 9 131
140 9 130
139 10 129
140 10 129
139 10 130
139 10 131
139 11 131
140 10 130
140 10 131
140 11 131
139 10 132
139 11 132
140 11 132
139 11 133
138 13 134
139 12 133
139 12 134
139 13 134
127 48 167
127 48 168
127 49 167
127 49 168
127 50 168
127 49 169
127 50 169
127 50 170
138 12 136
138 13 135
138 14 135
138 13 136
138 14 136
139 12 135
139 13 135
139 14 135
139 14 136
138 13 137
138 14 137
138 14 138
137 15 136
137 15 137
138 15 137
138 15 138
138 15 139
137 16 138
137 16 139
137 17 139
138 16 138
138 16 139
138 17 139
139 15 137
139 15 138
139 16 138
139 16 139
139 17 139
137 16 140
137 17 140
138 16 140
138 17 140
137 17 141
137 17 142
138 16 141
138 17 141
136 19 142
136 19 143
136 20 144
136 20 145
136 21 144
136 21 145
136 22 145
137 18 140
138 18 140
137 18 141
137 18 142
138 18 141
138 18 142
137 19 141
137 19 142
138 19 141
138 19 142
137 18 143
137 19 143
137 20 143
138 19 143
138 20 143
137 19 144
137 20 144
137 20 145
138 20 144
137 21 144
137 21 145
137 22 145
136 21 146
136 22 146
135 22 147
136 22 147
135 23 146
136 23 146
135 23 147
135 23 148
135 24 147
135 24 148
136 23 147
136 23 148
136 24 147
136 24 148
135 24 149
137 21 146
137 22 146
133 27 151
133 28 150
133 28 151
133 29 151
133 27 152
133 28 152
133 28 153
132 30 152
133 29 152
133 30 152
132 30 153
132 30 154
133 29 153
133 30 153
133 30 154
130 36 157
132 31 153
132 31 154
133 31 153
133 31 154
132 32 154
132 33 154
133 32 154
133 33 154
131 33 155
131 33 156
131 33 157
132 31 155
133 31 155
132 32 155
132 33 155
133 32 155
133 33 155
132 32 156
132 33 156
132 33 157
133 32 156
133 33 156
131 34 155
131 34 156
131 34 157
131 35 156
131 35 157
131 36 157
132 34 155
133 34 155
132 34 156
132 34 157
132 35 156
132 35 157
133 34 156
132 36 157
134 25 148
135 25 148
136 25 148
134 25 149
134 25 150
134 26 149
134 26 150
134 26 151
134 27 150
134 27 151
135 25 149
135 25 150
135 26 149
135 26 150
135 27 150
135 27 151
134 28 150
134 28 151
134 29 151
135 28 150
135 28 151
134 27 152
134 28 152
134 29 152
134 30 152
134 29 153
134 30 153
134 30 154
134 31 153
134 31 154
134 32 154
130 36 158
130 37 158
130 37 159
130 37 160
131 34 158
131 35 158
131 35 159
131 36 158
131 37 158
131 36 159
131 37 159
132 35 158
132 36 158
132 37 158
132 36 159
132 37 159
131 36 160
131 37 160
130 38 159
130 38 160
130 38 161
130 39 160
129 40 161
129 40 162
130 39 161
130 39 162
130 40 161
130 40 162
129 41 161
129 41 162
130 41 161
130 41 162
129 42 162
130 42 162
131 38 159
132 38 159
131 38 160
131 38 161
131 39 160
131 39 161
131 39 162
131 40 161
131 40 162
131 41 161
131 41 162
131 42 162
130 40 163
128 43 164
129 41 163
130 41 163
129 41 164
130 41 164
129 42 163
129 43 163
130 42 163
130 43 163
129 42 164
129 43 164
129 43 165
130 42 164
130 43 164
130 43 165
131 41 163
131 42 163
131 43 163
128 44 164
128 44 165
128 45 164
128 45 165
128 46 165
129 44 164
129 44 165
130 44 164
130 44 165
129 45 164
129 45 165
129 46 165
130 45 165
130 46 165
128 45 166
128 46 166
128 45 167
128 46 167
128 46 168
129 44 166
129 45 166
129 46 166
130 45 166
130 46 166
129 45 167
129 46 167
129 46 168
128 47 166
128 47 167
128 47 168
128 48 167
128 48 168
128 49 167
128 49 168
128 50 168
129 47 166
130 47 166
129 47 167
129 47 168
129 48 167
129 48 168
129 49 167
129 49 168
129 50 168
128 48 169
128 49 169
128 50 169
128 49 170
128 50 170
129 48 169
129 49 169
129 50 169
104 102 90
105 101 90
105 102 90
104 101 91
104 102 91
105 101 91
105 102 91
105 101 92
105 102 92
105 101 93
105 101 94
105 102 93
105 102 94
106 101 90
106 102 90
106 101 91
106 102 91
107 101 90
107 102 90
107 101 91
107 102 91
106 101 92
106 102 92
106 101 93
106 101 94
106 102 93
106 102 94
107 101 92
107 102 92
107 101 93
107 101 94
107 102 93
107 102 94
108 101 94
108 102 93
108 102 94
105 101 95
105 102 95
105 102 96
106 100 95
106 100 96
106 100 97
106 101 95
106 102 95
106 101 96
106 101 97
106 102 96
106 102 97
107 100 95
107 100 96
107 100 97
108 100 97
107 101 95
107 102 95
108 101 95
108 102 95
107 101 96
107 101 97
107 102 96
107 102 97
108 101 96
108 101 97
108 102 96
108 102 97
106 100 98
106 100 99
106 100 100
106 101 98
106 102 98
106 101 99
106 101 100
106 102 99
106 102 100
107 100 98
108 100 98
107 100 99
107 100 100
108 100 99
108 100 100
107 101 98
107 102 98
108 101 98
108 102 98
107 101 99
107 101 100
107 102 99
107 102 100
108 101 99
108 101 100
108 102 99
108 102 100
109 101 99
109 101 100
106 100 101
106 101 101
106 102 101
106 101 102
106 102 102
107 100 101
108 100 101
107 100 102
108 100 102
107 101 101
107 102 101
108 101 101
108 102 101
107 101 102
107 102 102
108 101 102
108 102 102
107 100 103
108 100 103
107 100 104
107 100 105
108 100 104
108 100 105
107 101 103
107 102 103
108 101 103
108 102 103
107 101 104
107 101 105
107 102 104
107 102 105
108 101 104
108 101 105
108 102 104
108 102 105
107 100 106
108 100 106
107 100 107
107 100 108
108 99 107
108 99 108
108 100 107
108 100 108
107 101 106
107 102 106
108 101 106
108 102 106
107 101 107
107 101 108
107 102 107
107 102 108
108 101 107
108 101 108
108 102 107
108 102 108
107 100 109
108 99 109
108 100 109
108 99 110
108 99 111
108 100 110
108 100 111
107 101 109
108 101 109
108 102 109
107 101 110
108 101 110
108 101 111
108 102 110
108 102 111
109 100 101
109 100 102
109 101 101
109 102 101
109 101 102
109 102 102
109 100 103
109 100 104
109 100 105
109 101 103
109 102 103
109 101 104
109 101 105
109 102 104
109 102 105
109 100 106
109 100 107
109 100 108
109 101 106
109 102 106
109 101 107
109 101 108
109 102 107
109 102 108
110 100 107
110 100 108
110 101 106
110 101 107
110 101 108
109 100 109
109 99 110
109 99 111
109 100 110
109 100 111
109 101 109
109 102 109
109 101 110
109 101 111
109 102 110
109 102 111
110 100 109
110 100 110
110 100 111
110 101 109
110 101 110
110 101 111
110 102 111
108 99 112
108 100 112
108 99 113
108 100 113
108 101 112
108 102 112
108 101 113
108 102 113
108 99 114
108 100 114
108 100 115
108 100 116
108 101 114
108 101 115
109 99 112
109 100 112
109 99 113
109 100 113
109 101 112
109 102 112
109 101 113
109 102 113
110 99 112
110 100 112
111 100 112
110 99 113
110 100 113
111 100 113
110 101 112
110 102 112
110 101 113
110 102 113
111 101 113
109 99 114
109 100 114
109 99 115
109 99 116
109 100 115
109 100 116
109 101 114
109 102 114
109 101 115
109 101 116
109 102 115
110 99 114
110 100 114
111 99 114
111 100 114
110 99 115
110 99 116
110 100 115
110 100 116
111 99 115
111 99 116
111 100 115
111 100 116
110 101 114
110 102 114
111 101 114
110 101 115
110 101 116
110 102 115
111 101 115
111 101 116
110 98 119
111 98 119
110 98 120
111 98 120
110 98 121
110 98 122
111 98 121
111 98 122
109 99 117
109 100 117
109 99 118
109 99 119
109 100 118
109 100 119
109 101 117
109 101 118
109 101 119
110 99 117
110 100 117
111 99 117
111 100 117
110 99 118
110 99 119
110 100 118
110 100 119
111 99 118
111 99 119
111 100 118
111 100 119
110 101 117
111 101 117
110 101 118
110 101 119
111 101 118
111 101 119
109 99 120
109 100 120
109 99 121
109 99 122
109 100 121
109 100 122
110 99 120
110 100 120
111 99 120
111 100 120
110 99 121
110 99 122
110 100 121
110 100 122
111 99 121
111 99 122
111 100 121
111 100 122
110 101 120
111 101 120
110 101 121
110 101 122
111 101 121
111 101 122
112 98 122
112 100 117
112 99 118
112 99 119
112 100 118
112 100 119
112 99 120
112 100 120
112 99 121
112 99 122
112 100 121
112 100 122
110 98 123
111 98 123
110 98 124
110 98 125
111 98 124
111 98 125
110 98 126
111 98 126
110 98 127
110 98 128
111 97 127
111 97 128
111 98 127
111 98 128
109 99 123
110 99 123
110 100 123
111 99 123
111 100 123
110 99 124
110 99 125
110 100 124
110 100 125
111 99 124
111 99 125
111 100 124
111 100 125
110 101 123
111 101 123
110 101 124
111 101 124
110 99 126
110 100 126
111 99 126
111 100 126
110 99 127
110 99 128
110 100 127
110 100 128
111 99 127
111 99 128
111 100 127
111 100 128
112 98 123
112 98 124
112 98 125
112 98 126
112 98 127
112 98 128
113 98 126
113 98 127
113 98 128
112 99 123
112 100 123
112 99 124
112 99 125
112 100 124
112 100 125
112 99 126
112 100 126
112 99 127
112 99 128
112 100 127
112 100 128
113 99 126
113 99 127
113 99 128
113 100 127
113 100 128
110 98 129
111 97 129
111 98 129
110 98 130
111 97 130
111 97 131
111 98 130
111 98 131
111 96 134
110 98 132
111 97 132
111 98 132
110 98 133
111 97 133
111 97 134
111 98 133
111 98 134
110 99 129
110 100 129
111 99 129
111 100 129
110 99 130
110 99 131
111 99 130
111 99 131
111 100 130
111 100 131
110 99 132
111 99 132
111 100 132
110 99 133
111 99 133
111 99 134
112 97 129
112 98 129
112 97 130
112 97 131
112 98 130
112 98 131
113 98 129
113 97 131
113 98 130
113 98 131
112 96 133
112 96 134
112 97 132
112 98 132
112 97 133
112 97 134
112 98 133
112 98 134
113 96 134
113 97 132
113 98 132
113 97 133
113 97 134
113 98 133
113 98 134
112 99 129
112 100 129
112 99 130
112 99 131
112 100 130
112 100 131
113 99 129
113 99 130
113 99 131
112 99 132
112 100 132
112 99 133
112 99 134
113 99 132
113 99 133
113 99 134
127 51 169
127 51 170
127 51 171
127 52 169
126 53 171
127 52 170
127 52 171
127 53 170
127 53 171
127 53 172
126 54 171
127 54 171
126 55 171
127 55 171
126 54 172
127 54 172
127 54 173
126 55 172
126 56 172
127 55 172
127 56 172
126 55 173
126 56 173
126 56 174
127 55 173
127 56 173
127 56 174
125 59 174
126 57 172
126 57 173
126 57 174
127 57 173
127 57 174
126 58 173
126 58 174
126 59 174
127 58 173
127 58 174
127 59 174
126 60 174
127 60 174
127 57 175
126 58 175
126 59 175
127 58 175
127 59 175
126 59 176
125 60 175
125 61 175
125 61 176
125 62 175
124 63 176
125 62 176
125 63 176
125 63 177
126 60 175
126 61 175
127 60 175
127 61 175
126 60 176
126 61 176
126 61 177
127 60 176
127 61 176
126 62 175
127 62 175
126 62 176
126 62 177
126 63 176
126 63 177
127 62 176
127 62 177
127 63 176
127 63 177
119 66 176
118 67 177
118 68 177
120 67 175
118 68 178
118 69 178
119 69 178
120 69 178
118 70 178
120 70 178
119 70 179
119 71 179
121 68 175
122 69 175
121 68 178
121 69 178
125 64 176
125 64 177
124 65 177
124 66 177
125 65 177
125 66 177
126 64 176
126 64 177
127 64 176
127 64 177
126 65 177
126 66 177
127 65 177
127 66 177
125 65 178
125 66 178
126 64 178
126 65 178
126 66 178
127 66 178
124 67 178
125 67 178
125 67 179
124 68 178
124 69 178
125 68 178
125 69 178
124 69 179
124 69 180
125 68 179
125 68 180
125 69 179
125 69 180
126 67 178
127 67 178
126 68 178
126 69 178
126 69 179
123 70 175
121 70 179
121 71 179
121 72 179
122 71 179
122 72 179
123 71 179
123 71 180
123 72 179
123 72 180
124 71 175
125 72 175
124 70 179
124 70 180
125 70 179
125 70 180
124 71 179
124 71 180
126 73 175
127 74 175
103 85 145
103 86 144
103 86 145
103 87 145
104 86 145
104 87 145
110 84 145
110 85 145
111 84 145
111 85 145
107 82 149
108 82 149
107 82 150
108 82 150
108 82 151
103 85 146
104 85 146
105 85 146
104 85 151
105 84 151
105 85 151
103 86 146
103 87 146
104 86 146
104 87 146
105 86 146
105 87 146
104 86 147
104 87 147
105 86 147
105 87 147
105 87 148
104 88 146
105 88 146
104 88 147
105 88 147
105 88 148
105 89 148
105 86 151
105 87 151
106 85 147
107 85 147
108 85 147
106 84 151
106 85 151
107 83 150
107 83 151
108 83 150
108 83 151
107 84 150
107 84 151
107 85 151
108 84 150
108 84 151
108 85 151
106 86 147
106 86 148
106 87 147
106 87 148
106 88 147
106 88 148
106 89 148
107 86 147
107 86 148
107 87 147
107 87 148
108 86 147
108 86 148
108 87 148
107 88 147
107 88 148
107 89 148
108 88 148
108 89 148
106 86 151
106 87 151
106 88 149
106 89 149
107 87 149
108 87 149
107 86 151
107 87 151
108 86 151
108 87 151
107 88 149
107 89 149
108 88 149
108 89 149
107 88 150
107 89 151
108 88 150
108 89 150
108 89 151
105 85 152
105 86 152
105 87 152
106 85 152
107 85 152
108 85 152
106 86 152
106 87 152
106 88 152
107 86 152
107 87 152
108 86 152
108 87 152
108 87 153
107 88 152
107 89 152
108 88 152
108 89 152
107 88 153
108 88 153
108 89 153
109 82 150
110 84 146
110 85 146
111 84 146
111 85 146
110 85 147
111 85 147
109 83 150
109 83 151
109 84 150
109 84 151
109 85 151
110 84 150
110 84 151
110 85 151
111 85 151
109 86 147
109 86 148
109 87 148
109 88 148
109 89 148
110 86 146
110 87 146
111 86 146
110 86 147
110 86 148
110 87 147
110 87 148
111 86 147
111 86 148
111 87 147
111 87 148
110 88 147
110 88 148
110 89 148
111 88 147
111 88 148
111 89 148
109 87 149
109 86 151
109 87 151
109 88 149
109 89 149
109 88 150
109 88 151
109 89 150
109 89 151
110 87 149
111 87 149
110 86 151
110 87 151
111 86 151
111 87 151
110 88 149
110 89 149
111 88 149
111 89 149
110 88 150
110 88 151
110 89 150
110 89 151
111 88 150
111 88 151
111 89 150
111 89 151
112 84 146
112 85 146
112 85 147
112 86 147
112 87 147
112 87 148
112 88 148
112 89 148
113 86 147
113 87 147
114 89 146
113 88 148
113 89 148
112 88 149
112 89 149
112 88 151
112 89 150
112 89 151
109 85 152
110 85 152
109 86 152
109 87 152
109 86 153
109 87 153
109 88 152
109 89 152
109 88 153
109 89 153
110 86 152
110 87 152
111 86 152
111 87 152
110 87 153
111 87 153
110 88 152
110 89 152
111 88 152
111 89 152
110 88 153
110 88 154
110 89 153
110 89 154
111 88 153
111 88 154
111 89 153
111 89 154
110 89 155
111 88 155
111 89 155
111 88 156
111 88 157
111 89 156
111 89 157
112 87 152
112 87 153
112 88 152
112 89 152
112 88 153
112 88 154
112 89 153
112 89 154
113 89 152
113 88 153
113 88 154
113 89 153
113 89 154
112 88 155
112 89 155
112 88 156
112 88 157
112 89 156
112 89 157
113 88 155
113 89 155
113 88 156
113 88 157
113 89 156
113 89 157
114 88 157
114 89 156
114 89 157
105 93 142
105 94 142
105 93 143
105 94 143
107 92 143
106 93 142
106 94 142
106 93 143
106 93 144
106 94 143
106 95 143
106 94 144
107 93 143
107 93 144
108 93 144
108 93 145
107 94 143
107 95 143
107 94 144
108 94 144
108 94 145
108 95 144
111 95 138
111 95 139
112 95 137
112 94 139
112 95 138
112 95 139
113 95 137
113 95 138
113 95 139
109 92 144
109 92 145
111 92 143
110 92 144
110 92 145
111 91 145
111 92 144
111 92 145
111 93 142
111 94 140
111 95 140
111 94 141
111 94 142
111 95 141
111 95 142
109 93 144
109 93 145
109 94 144
109 94 145
109 95 144
111 93 143
110 93 144
110 93 145
111 93 144
111 93 145
111 94 143
111 95 143
110 94 144
110 94 145
110 95 144
111 94 144
111 94 145
111 95 144
111 95 145
112 92 142
114 90 141
114 90 142
113 91 142
113 92 142
114 91 141
114 91 142
114 92 142
112 91 143
112 92 143
112 91 145
112 92 144
112 92 145
113 91 143
113 92 143
114 91 143
114 92 143
113 92 144
113 92 145
114 92 144
112 93 141
112 93 142
112 94 140
112 95 140
112 94 141
112 94 142
112 95 141
112 95 142
113 93 142
113 94 140
113 95 140
114 95 140
113 94 141
113 94 142
113 95 141
113 95 142
114 94 142
114 95 141
114 95 142
112 93 143
112 93 144
112 93 145
112 94 143
112 95 143
112 94 144
112 94 145
112 95 144
112 95 145
113 93 143
114 93 143
113 93 144
113 93 145
114 93 144
113 94 143
113 95 143
114 94 143
114 95 143
113 94 144
113 94 145
113 95 144
114 94 144
114 95 144
111 96 135
111 96 136
111 97 135
111 98 135
111 97 136
111 98 136
111 96 137
111 96 138
111 96 139
111 97 137
111 98 137
111 97 138
111 97 139
111 98 138
111 99 135
112 96 135
112 96 136
112 97 135
112 98 135
112 97 136
112 98 136
113 96 135
113 96 136
113 97 135
113 98 135
113 97 136
113 98 136
112 96 137
112 96 138
112 96 139
112 97 137
112 98 137
112 97 138
112 97 139
112 98 138
112 98 139
113 96 137
113 96 138
113 96 139
114 96 139
113 97 137
113 98 137
113 97 138
113 97 139
113 98 138
113 98 139
114 97 138
114 97 139
112 99 135
112 99 136
111 96 140
111 96 141
111 96 142
111 97 140
111 97 141
111 97 142
111 98 142
109 96 144
111 96 143
110 96 144
111 96 144
112 96 140
112 96 141
112 96 142
112 97 140
112 97 141
112 97 142
112 98 141
112 98 142
113 96 140
114 96 140
113 96 141
113 96 142
114 96 141
114 96 142
113 97 140
113 97 141
113 97 142
113 98 141
113 98 142
114 97 141
114 97 142
114 98 141
114 98 142
112 96 143
112 96 144
112 97 143
112 98 143
112 97 144
113 96 143
114 96 143
113 96 144
114 96 144
113 97 143
113 98 143
114 97 143
114 98 143
113 97 144
114 97 144
113 99 141
113 99 142
114 99 141
114 99 142
114 99 143
105 90 148
105 91 148
106 90 148
106 91 148
106 92 148
107 90 148
108 90 148
107 91 148
107 92 148
108 91 148
108 92 148
106 90 149
106 91 149
106 92 149
107 90 149
108 90 149
108 90 150
107 91 149
107 92 149
108 91 149
108 92 149
108 92 150
106 93 148
106 94 148
106 95 147
106 95 148
107 93 148
108 93 148
107 94 147
107 94 148
107 95 147
107 95 148
108 94 148
108 95 147
108 95 148
106 93 149
106 94 149
106 95 149
107 93 149
108 93 149
107 94 149
107 95 149
108 94 149
108 95 149
109 90 148
109 92 146
109 91 148
109 92 148
110 90 147
110 90 148
111 90 147
111 90 148
110 91 146
110 92 146
111 91 146
111 92 146
110 91 147
110 91 148
110 92 147
110 92 148
111 91 147
111 91 148
111 92 147
111 92 148
109 90 149
109 90 150
109 90 151
109 91 149
109 92 149
109 91 150
109 91 151
109 92 150
110 90 149
111 90 149
110 90 150
110 90 151
111 90 150
111 90 151
110 91 149
110 92 149
111 91 149
111 92 149
110 91 150
110 91 151
110 92 150
111 91 150
111 91 151
111 92 150
109 93 146
109 93 148
109 94 148
109 95 148
110 93 146
111 93 146
110 93 147
110 93 148
111 93 147
111 93 148
110 94 146
111 94 146
110 94 148
111 94 148
109 93 149
109 93 150
109 94 149
110 93 149
111 93 149
110 93 150
112 90 147
112 90 148
112 91 146
112 92 146
112 91 147
112 91 148
112 92 147
112 92 148
114 90 146
113 90 147
113 90 148
114 90 147
113 91 146
113 92 146
113 91 147
113 91 148
113 92 147
113 92 148
114 91 147
114 91 148
114 92 147
112 90 149
112 90 150
112 90 151
112 91 149
112 92 149
112 91 150
112 91 151
112 92 150
113 90 151
113 91 149
113 91 150
112 93 146
112 93 147
112 93 148
112 94 146
113 93 146
113 93 147
113 94 146
109 90 152
109 90 153
110 90 152
111 90 152
110 90 153
110 90 154
111 90 153
111 90 154
110 91 152
111 91 152
111 91 153
110 90 155
111 90 155
111 90 156
111 90 157
111 91 157
111 92 157
111 95 156
112 90 152
112 90 153
112 90 154
112 91 152
112 91 153
113 90 152
113 90 153
113 90 154
112 90 155
112 90 156
112 90 157
112 91 157
112 92 157
113 90 155
113 90 156
113 90 157
114 90 156
114 90 157
113 91 157
113 92 157
114 91 157
114 92 157
112 93 157
112 94 156
112 94 157
112 95 156
112 95 157
113 93 157
114 93 157
113 94 156
113 94 157
113 95 156
113 95 157
114 94 156
114 94 157
114 95 156
114 95 157
112 96 156
112 96 157
112 97 156
112 98 156
113 96 156
113 96 157
114 96 156
114 96 157
113 97 155
113 98 155
114 98 155
113 97 156
113 97 157
113 98 156
114 97 156
114 97 157
114 98 156
112 99 155
112 100 155
113 99 155
113 100 155
114 99 155
114 100 155
113 99 156
113 100 156
114 99 156
116 89 139
117 88 139
117 89 139
118 88 139
118 89 139
115 89 140
116 89 140
117 88 140
117 89 140
116 89 141
117 89 145
115 89 146
115 89 147
116 89 146
117 89 146
116 89 147
117 87 157
116 88 157
116 89 157
117 88 157
117 89 157
118 87 156
118 87 157
118 88 156
118 88 157
118 89 157
119 88 156
119 88 157
119 89 157
120 88 156
120 88 157
120 89 156
115 90 140
115 90 141
115 90 142
115 91 141
115 91 142
115 92 142
116 90 140
117 90 140
116 90 141
116 90 142
116 91 141
116 91 142
116 92 142
115 91 143
115 92 143
115 93 142
115 95 142
116 93 142
116 94 142
117 94 142
117 95 142
115 93 143
115 94 143
115 95 143
116 93 143
116 94 143
116 95 143
115 96 142
115 97 142
115 98 142
117 96 142
117 98 142
115 96 143
115 97 143
115 98 143
116 96 143
116 97 143
116 98 143
117 97 143
117 98 143
115 99 141
115 99 142
115 99 143
116 99 143
117 99 143
117 100 143
115 90 146
115 90 147
115 91 147
116 90 146
116 90 147
117 90 157
117 92 157
118 90 157
118 91 157
119 90 157
106 82 160
107 82 160
106 80 164
106 80 165
107 80 164
107 80 165
108 80 165
107 81 164
107 81 165
107 82 165
108 81 164
108 81 165
108 82 165
108 82 166
106 83 160
107 83 160
108 83 160
107 83 161
108 83 161
107 84 160
108 84 160
107 84 161
108 84 161
108 85 161
107 83 165
108 83 165
108 84 165
108 83 166
109 81 165
109 82 165
110 82 165
111 82 165
109 81 166
109 82 166
110 81 166
110 82 166
111 82 166
112 82 166
113 82 166
114 81 166
114 82 166
109 84 160
109 84 161
109 85 161
109 85 162
110 84 161
110 85 161
110 85 162
111 85 161
111 85 162
111 89 158
109 86 161
109 86 162
110 86 161
110 86 162
110 87 162
111 86 161
111 86 162
111 87 162
111 88 162
111 89 162
112 88 158
112 89 158
112 88 159
112 89 159
113 88 158
113 89 158
114 88 158
114 89 158
113 88 159
113 89 159
114 88 159
114 89 159
112 86 161
112 86 162
112 87 162
112 88 160
112 89 160
112 88 161
112 88 162
112 89 161
112 89 162
113 87 162
114 87 162
113 88 160
113 89 160
114 88 160
114 89 160
113 88 161
113 88 162
113 89 161
113 89 162
114 88 161
114 88 162
114 89 161
114 89 162
109 83 165
109 84 165
110 83 165
111 83 165
110 84 165
110 85 165
111 84 165
109 83 166
109 84 166
109 85 166
110 83 166
111 83 166
110 84 166
110 85 166
111 84 166
111 85 166
111 84 167
111 85 167
111 87 163
111 88 163
109 86 166
110 86 166
110 87 166
111 86 166
111 87 166
111 86 167
111 87 167
111 88 166
111 88 167
112 83 166
112 84 166
112 85 166
112 85 167
113 83 166
114 83 166
113 84 166
113 85 166
114 85 166
113 84 167
113 85 167
114 84 167
114 85 167
112 87 163
112 88 163
112 89 163
113 87 163
114 87 163
113 88 163
113 89 163
114 88 163
114 89 163
113 88 164
113 88 165
113 89 164
113 89 165
114 88 164
114 88 165
114 89 164
114 89 165
112 86 166
112 87 166
112 86 167
112 87 167
112 88 166
112 89 166
112 88 167
112 89 167
113 86 166
113 87 166
114 86 166
114 87 166
113 86 167
113 87 167
114 86 167
114 87 167
113 88 166
113 89 166
114 88 166
114 89 166
113 88 167
113 89 167
114 88 167
114 88 168
114 89 167
114 89 168
106 82 170
107 82 170
108 82 170
106 83 170
106 84 170
107 83 170
108 83 170
108 83 171
107 84 170
107 85 170
107 85 171
108 84 170
108 84 171
108 85 170
108 85 171
107 86 170
108 86 170
108 86 171
108 87 170
108 87 171
108 88 170
109 82 170
110 82 170
111 82 170
112 82 170
114 82 169
113 82 170
109 83 170
109 84 170
109 84 171
109 85 170
109 85 171
110 84 170
110 84 171
110 85 170
110 85 171
111 84 170
111 84 171
111 85 170
111 85 171
109 86 170
109 86 171
109 87 170
109 87 171
109 88 170
109 88 171
109 89 170
109 89 171
110 86 170
110 86 171
110 87 170
110 87 171
111 86 170
111 86 171
111 87 170
111 87 171
110 88 170
110 88 171
110 89 170
110 89 171
111 88 170
111 88 171
111 89 170
111 89 171
112 84 171
112 85 170
112 85 171
113 85 170
113 85 171
114 85 171
112 86 170
112 86 171
112 87 170
112 87 171
112 88 170
112 88 171
112 89 170
112 89 171
113 86 170
113 86 171
113 87 170
113 87 171
114 86 170
114 86 171
114 87 170
114 87 171
114 88 169
114 89 169
113 88 170
113 88 171
113 89 170
113 89 171
114 88 170
114 88 171
114 89 170
114 89 171
111 90 158
112 90 158
112 90 159
112 91 158
112 92 158
113 90 158
114 90 158
113 90 159
114 90 159
113 91 158
113 92 158
114 91 158
114 92 158
113 91 159
112 90 160
112 90 161
112 90 162
113 90 160
114 90 160
113 90 161
113 90 162
114 90 161
114 90 162
113 91 160
114 91 160
112 93 158
113 93 158
112 90 163
113 90 163
114 90 163
113 90 164
113 90 165
114 90 164
114 90 165
112 90 167
113 90 166
114 90 166
113 90 167
114 90 167
114 90 168
114 91 166
113 91 167
114 91 167
114 91 168
114 92 168
114 93 168
114 94 168
109 90 170
109 90 171
110 90 170
110 90 171
111 90 170
111 90 171
110 91 170
110 91 171
110 92 170
110 92 171
111 91 170
111 91 171
111 92 170
111 92 171
111 93 170
111 93 171
111 94 170
111 94 171
112 90 170
112 90 171
112 91 170
112 91 171
112 92 170
112 92 171
114 90 169
113 90 170
113 90 171
114 90 170
114 90 171
114 91 169
114 92 169
113 91 170
113 91 171
113 92 170
113 92 171
114 91 170
114 91 171
114 92 170
114 92 171
114 90 172
114 91 172
114 92 172
112 93 170
112 93 171
112 94 170
112 94 171
112 95 170
112 95 171
114 93 169
113 93 170
113 93 171
114 93 170
114 93 171
114 94 169
114 95 169
113 94 170
113 94 171
113 95 170
113 95 171
114 94 170
114 94 171
114 95 170
114 95 171
114 93 172
114 93 173
114 94 172
114 95 172
114 94 173
114 95 173
114 95 174
112 96 170
112 96 171
114 96 169
113 96 171
114 96 170
114 96 171
113 97 171
114 97 170
114 97 171
114 98 170
114 98 171
114 96 172
114 96 173
114 96 174
114 97 172
114 98 172
114 97 173
114 97 174
114 98 173
114 98 174
114 99 170
114 99 171
114 99 172
114 99 173
114 99 174
114 97 175
114 98 175
115 81 166
115 82 166
116 82 166
117 81 166
117 82 166
118 82 166
119 82 166
120 82 166
115 88 158
115 89 158
115 88 159
115 89 159
116 88 158
116 89 158
117 88 158
117 89 158
116 89 159
115 89 160
115 88 161
115 88 162
115 89 161
115 89 162
118 88 158
115 83 166
115 84 166
115 84 167
115 85 167
116 83 166
117 83 166
116 84 166
116 85 166
117 84 166
116 84 167
116 85 167
117 84 167
117 85 167
115 88 163
115 89 163
115 88 164
115 88 165
115 89 164
115 89 165
116 88 165
116 89 164
116 89 165
115 86 166
115 87 166
115 86 167
115 87 167
115 87 168
115 88 166
115 89 166
115 88 167
115 88 168
115 89 167
115 89 168
116 86 166
116 87 166
116 86 167
116 87 167
116 87 168
117 86 167
117 86 168
117 87 167
117 87 168
116 88 166
116 89 166
116 88 167
116 88 168
116 89 167
116 89 168
117 88 167
117 88 168
117 89 167
117 89 168
118 83 166
118 84 166
118 85 166
118 84 167
118 85 167
119 83 166
120 83 166
119 83 167
120 83 167
119 84 166
119 85 166
120 84 166
119 84 167
119 85 167
120 84 167
120 85 167
118 86 166
118 86 167
118 87 167
118 87 168
118 88 166
118 88 167
118 88 168
118 89 168
119 86 166
119 86 167
119 87 167
120 86 167
119 88 168
119 89 168
120 88 168
120 89 168
121 82 166
121 83 166
121 84 167
121 89 168
115 82 170
116 82 169
117 81 169
118 81 169
119 81 169
120 81 169
115 87 169
115 86 170
115 86 171
115 87 170
115 87 171
115 88 169
115 89 169
115 88 170
115 88 171
115 89 170
115 89 171
116 87 169
116 86 171
116 87 170
116 87 171
117 87 171
116 88 169
116 89 169
117 88 169
117 89 169
116 88 170
116 88 171
116 89 170
116 89 171
117 88 170
117 88 171
117 89 170
117 89 171
115 89 172
116 89 172
117 88 172
117 89 172
116 89 173
116 89 174
117 89 173
117 89 174
118 89 169
118 88 170
118 88 171
118 89 170
118 89 171
119 88 171
119 89 170
119 89 171
120 89 170
120 89 171
118 88 172
118 89 172
118 88 173
118 88 174
118 89 173
118 89 174
119 88 172
119 89 172
120 88 172
120 89 172
119 88 173
119 88 174
119 89 173
119 89 174
120 88 173
120 88 174
120 89 173
120 89 174
117 89 175
118 89 175
118 89 176
119 88 175
119 89 175
120 88 175
120 89 175
119 89 176
119 89 177
120 89 176
120 89 177
120 89 178
121 82 170
127 80 175
126 81 175
127 81 175
122 83 171
123 84 172
121 89 172
121 89 173
121 89 174
122 89 174
124 85 173
125 85 174
121 88 175
121 89 175
121 89 176
121 89 177
122 89 175
123 89 175
122 89 176
122 89 177
123 89 176
123 89 177
121 89 178
122 89 178
123 89 178
123 89 179
126 85 175
127 84 176
115 90 158
115 90 159
115 91 158
115 92 158
115 92 159
116 90 158
116 90 159
116 91 158
116 91 159
116 92 159
117 91 159
117 92 159
115 90 160
115 90 161
115 90 162
115 91 160
115 92 160
116 90 160
116 91 160
116 92 160
117 92 160
117 93 159
115 90 163
115 90 164
115 90 165
116 90 164
116 90 165
115 90 166
115 90 167
115 90 168
115 91 166
115 91 167
115 91 168
115 92 168
116 90 166
116 90 167
116 90 168
117 90 167
117 90 168
116 91 167
116 91 168
116 92 168
117 91 168
117 92 168
115 93 168
115 94 168
115 95 167
115 95 168
116 93 168
117 93 168
116 94 167
116 94 168
116 95 167
116 95 168
117 94 167
117 94 168
117 95 167
117 95 168
118 90 168
118 91 168
118 92 168
119 90 168
120 90 168
119 91 168
119 92 168
120 91 168
120 92 168
118 93 167
118 93 168
118 94 167
118 94 168
118 95 167
118 95 168
119 93 167
119 93 168
120 93 167
120 93 168
119 94 167
119 94 168
119 95 167
119 95 168
120 94 167
120 94 168
120 95 167
120 95 168
115 96 168
115 97 168
116 96 167
116 96 168
117 96 167
117 96 168
116 97 168
117 97 168
117 98 168
118 96 167
118 96 168
118 97 168
118 98 168
119 96 167
119 96 168
120 96 167
120 96 168
119 97 168
119 98 168
120 97 168
120 98 168
121 90 168
121 91 168
121 92 168
122 90 168
122 91 168
122 92 168
123 92 168
121 93 167
121 93 168
121 94 167
121 94 168
121 95 167
121 95 168
122 93 167
122 93 168
123 93 168
122 94 167
122 94 168
122 95 167
122 95 168
123 94 167
123 94 168
123 95 167
123 95 168
124 94 168
124 95 168
121 96 167
121 96 168
121 97 168
121 98 168
122 96 167
122 96 168
123 96 168
122 97 168
122 98 168
123 97 168
123 98 168
124 96 168
125 96 168
124 97 168
115 90 169
115 90 170
115 90 171
115 91 169
115 92 169
115 91 170
115 91 171
115 92 170
115 92 171
116 90 169
117 90 169
116 90 170
116 90 171
117 90 170
117 90 171
116 91 169
116 92 169
117 91 169
117 92 169
116 91 170
116 91 171
116 92 170
116 92 171
117 91 170
117 91 171
117 92 170
117 92 171
115 90 172
115 90 173
115 91 172
115 92 172
115 91 173
115 91 174
115 92 173
115 92 174
116 90 172
117 90 172
116 90 173
116 90 174
117 90 173
117 90 174
116 91 172
116 92 172
117 91 172
117 92 172
116 91 173
116 91 174
116 92 173
116 92 174
117 91 173
117 91 174
117 92 173
117 92 174
115 93 169
115 93 170
115 93 171
115 94 169
115 95 169
115 94 170
115 94 171
115 95 170
115 95 171
116 93 169
117 93 169
116 93 170
116 93 171
117 93 170
117 93 171
116 94 169
116 95 169
117 94 169
117 95 169
116 94 170
116 94 171
116 95 170
116 95 171
117 94 170
117 94 171
117 95 170
117 95 171
115 93 172
115 93 173
115 93 174
115 94 172
115 95 172
115 94 173
115 94 174
115 95 173
115 95 174
116 93 172
117 93 172
116 93 173
116 93 174
117 93 173
117 93 174
116 94 172
116 95 172
117 94 172
117 95 172
116 94 173
116 94 174
116 95 173
116 95 174
117 94 173
117 94 174
117 95 173
117 95 174
118 90 169
118 90 170
118 90 171
118 91 169
118 92 169
118 91 170
118 91 171
118 92 170
118 92 171
119 90 169
120 90 169
119 90 170
119 90 171
120 90 170
120 90 171
119 91 169
119 92 169
120 91 169
120 92 169
119 91 170
119 91 171
119 92 170
119 92 171
120 91 170
120 91 171
120 92 170
120 92 171
118 90 172
118 90 173
118 90 174
118 91 172
118 92 172
118 91 173
118 91 174
118 92 173
118 92 174
119 90 172
120 90 172
119 90 173
119 90 174
120 90 173
120 90 174
119 91 172
119 92 172
120 91 172
120 92 172
119 91 173
119 91 174
119 92 173
119 92 174
120 91 173
120 91 174
120 92 173
120 92 174
118 93 169
118 93 170
118 93 171
118 94 169
118 95 169
118 94 170
118 94 171
118 95 170
118 95 171
119 93 169
120 93 169
119 93 170
119 93 171
120 93 170
120 93 171
119 94 169
119 95 169
120 94 169
120 95 169
119 94 170
119 94 171
119 95 170
119 95 171
120 94 170
120 94 171
120 95 170
120 95 171
118 93 172
118 93 173
118 93 174
118 94 172
118 94 173
118 94 174
118 95 172
118 95 173
118 95 174
119 93 172
119 93 173
119 93 174
119 94 172
119 94 173
119 94 174
119 95 172
119 95 173
119 95 174
120 93 172
120 93 173
120 93 174
120 94 172
120 94 173
120 94 174
120 95 172
120 95 173
120 95 174
116 90 175
117 90 175
117 90 176
117 90 177
116 91 175
116 92 175
117 91 175
117 92 175
116 91 176
116 92 176
116 92 177
117 91 176
117 91 177
117 92 176
117 92 177
117 91 178
117 92 178
117 91 179
117 92 179
117 92 180
115 93 175
115 94 175
115 95 175
115 95 176
116 93 175
117 93 175
116 93 176
116 93 177
117 93 176
117 93 177
116 94 175
116 95 175
117 94 175
117 95 175
116 94 176
116 94 177
116 95 176
116 95 177
117 94 176
117 94 177
117 95 176
117 95 177
116 93 178
117 93 178
117 93 179
117 93 180
116 94 178
116 95 178
117 94 178
117 95 178
116 95 179
117 94 179
117 94 180
117 95 179
117 95 180
118 90 175
118 90 176
118 90 177
118 91 175
118 92 175
118 91 176
118 91 177
118 92 176
118 92 177
119 90 175
120 90 175
119 90 176
119 90 177
120 90 176
120 90 177
119 91 175
119 92 175
120 91 175
120 92 175
119 91 176
119 91 177
119 92 176
119 92 177
120 91 176
120 91 177
120 92 176
120 92 177
118 90 178
118 91 178
118 92 178
118 91 179
118 91 180
118 92 179
118 92 180
119 90 178
120 90 178
119 90 179
120 90 179
120 90 180
119 91 178
119 92 178
120 91 178
120 92 178
119 91 179
119 91 180
119 92 179
119 92 180
120 91 179
120 91 180
120 92 179
120 92 180
118 93 175
118 93 176
118 93 177
118 94 175
118 95 175
118 94 176
118 94 177
118 95 176
118 95 177
119 93 175
120 93 175
119 93 176
119 93 177
120 93 176
120 93 177
119 94 175
119 95 175
120 94 175
120 95 175
119 94 176
119 94 177
119 95 176
119 95 177
120 94 176
120 94 177
120 95 176
120 95 177
118 93 178
118 93 179
118 93 180
118 94 178
118 95 178
118 94 179
118 94 180
118 95 179
118 95 180
119 93 178
120 93 178
119 93 179
119 93 180
120 93 179
120 93 180
119 94 178
119 95 178
120 94 178
120 95 178
119 94 179
119 94 180
119 95 179
119 95 180
120 94 179
120 94 180
120 95 179
120 95 180
115 96 169
115 96 170
115 96 171
115 97 169
115 98 169
115 97 170
115 97 171
115 98 170
115 98 171
116 96 169
117 96 169
116 96 170
116 96 171
117 96 170
117 96 171
116 97 169
116 98 169
117 97 169
117 98 169
116 97 170
116 97 171
116 98 170
116 98 171
117 97 170
117 97 171
117 98 170
117 98 171
115 96 172
115 96 173
115 96 174
115 97 172
115 98 172
115 97 173
115 97 174
115 98 173
115 98 174
116 96 172
117 96 172
116 96 173
116 96 174
117 96 173
117 96 174
116 97 172
116 98 172
117 97 172
117 98 172
116 97 173
116 97 174
116 98 173
116 98 174
117 97 173
117 97 174
117 98 173
117 98 174
115 99 170
115 99 171
115 100 170
115 100 171
116 99 169
117 99 169
116 99 170
116 99 171
116 100 170
116 100 171
117 99 170
117 99 171
117 100 170
117 100 171
116 101 171
117 101 170
117 101 171
117 102 171
115 99 172
115 100 172
115 99 173
115 99 174
115 100 173
115 100 174
115 101 172
115 101 173
115 101 174
115 102 174
116 99 172
116 100 172
117 99 172
117 100 172
116 99 173
116 99 174
116 100 173
116 100 174
117 99 173
117 99 174
117 100 173
117 100 174
116 101 172
116 102 172
117 101 172
117 102 172
116 101 173
116 101 174
116 102 173
116 102 174
117 101 173
117 101 174
117 102 173
117 102 174
118 96 169
118 96 170
118 96 171
118 97 169
118 98 169
118 97 170
118 97 171
118 98 170
118 98 171
119 96 169
120 96 169
119 96 170
119 96 171
120 96 170
120 96 171
119 97 169
119 98 169
120 97 169
120 98 169
119 97 170
119 97 171
119 98 170
119 98 171
120 97 170
120 97 171
120 98 170
120 98 171
118 96 172
118 96 173
118 96 174
118 97 172
118 97 173
118 97 174
118 98 172
118 98 173
118 98 174
119 96 172
119 96 173
119 96 174
119 97 172
119 97 173
119 97 174
119 98 172
119 98 173
119 98 174
120 96 172
120 96 173
120 96 174
120 97 172
120 97 173
120 97 174
120 98 172
120 98 173
120 98 174
118 99 169
118 100 169
118 99 170
118 99 171
118 100 170
118 100 171
118 101 171
118 102 171
119 99 169
119 100 169
120 99 169
120 100 169
119 99 170
119 99 171
119 100 170
119 100 171
120 99 170
120 99 171
120 100 170
120 100 171
119 101 171
119 102 171
120 101 171
120 102 171
118 99 172
118 100 172
118 99 173
118 99 174
118 100 173
118 100 174
118 101 172
118 102 172
118 101 173
118 101 174
118 102 173
118 102 174
119 99 172
119 100 172
120 99 172
120 100 172
119 99 173
119 99 174
119 100 173
119 100 174
120 99 173
120 99 174
120 100 173
120 100 174
119 101 172
119 102 172
120 101 172
120 102 172
119 101 173
119 101 174
119 102 173
119 102 174
120 101 173
120 101 174
120 102 173
120 102 174
115 96 175
115 96 176
115 96 177
115 97 175
115 98 175
115 97 176
115 97 177
115 98 176
115 98 177
116 96 175
117 96 175
116 96 176
116 96 177
117 96 176
117 96 177
116 97 175
116 98 175
117 97 175
117 98 175
116 97 176
116 97 177
116 98 176
116 98 177
117 97 176
117 97 177
117 98 176
117 98 177
116 96 178
117 96 178
116 96 179
117 96 179
117 96 180
116 97 178
116 98 178
117 97 178
117 98 178
116 97 179
116 98 179
116 98 180
117 97 179
117 97 180
117 98 179
117 98 180
115 99 175
115 100 175
115 99 176
115 99 177
115 100 176
115 100 177
115 101 175
115 102 175
115 101 176
115 101 177
116 99 175
116 100 175
117 99 175
117 100 175
116 99 176
116 99 177
116 100 176
116 100 177
117 99 176
117 99 177
117 100 176
117 100 177
116 101 175
116 102 175
117 101 175
117 102 175
116 101 176
116 101 177
116 102 176
116 102 177
117 101 176
117 101 177
117 102 176
117 102 177
115 99 178
116 99 178
116 100 178
117 99 178
117 100 178
116 99 179
116 99 180
116 100 179
116 100 180
117 99 179
117 99 180
117 100 179
117 100 180
116 101 178
116 102 178
117 101 178
117 102 178
116 101 179
116 101 180
116 102 179
116 102 180
117 101 179
117 101 180
117 102 179
117 102 180
118 96 175
118 96 176
118 96 177
118 97 175
118 98 175
118 97 176
118 97 177
118 98 176
118 98 177
119 96 175
120 96 175
119 96 176
119 96 177
120 96 176
120 96 177
119 97 175
119 98 175
120 97 175
120 98 175
119 97 176
119 97 177
119 98 176
119 98 177
120 97 176
120 97 177
120 98 176
120 98 177
118 96 178
118 96 179
118 96 180
118 97 178
118 98 178
118 97 179
118 97 180
118 98 179
118 98 180
119 96 178
120 96 178
119 96 179
119 96 180
120 96 179
120 96 180
119 97 178
119 98 178
120 97 178
120 98 178
119 97 179
119 97 180
119 98 179
119 98 180
120 97 179
120 97 180
120 98 179
120 98 180
118 99 175
118 100 175
118 99 176
118 99 177
118 100 176
118 100 177
118 101 175
118 102 175
118 101 176
118 101 177
118 102 176
118 102 177
119 99 175
119 100 175
120 99 175
120 100 175
119 99 176
119 99 177
119 100 176
119 100 177
120 99 176
120 99 177
120 100 176
120 100 177
119 101 175
119 102 175
120 101 175
120 102 175
119 101 176
119 101 177
119 102 176
119 102 177
120 101 176
120 101 177
120 102 176
120 102 177
118 99 178
118 100 178
118 99 179
118 99 180
118 100 179
118 100 180
118 101 178
118 102 178
118 101 179
118 101 180
118 102 179
118 102 180
119 99 178
119 100 178
120 99 178
120 100 178
119 99 179
119 99 180
119 100 179
119 100 180
120 99 179
120 99 180
120 100 179
120 100 180
119 101 178
119 102 178
120 101 178
120 102 178
119 101 179
119 101 180
119 102 179
119 102 180
120 101 179
120 101 180
120 102 179
120 102 180
121 90 170
121 90 171
121 91 169
121 92 169
121 91 170
121 91 171
121 92 170
121 92 171
122 90 171
122 92 169
122 91 170
122 91 171
122 92 170
122 92 171
123 91 170
123 91 171
123 92 170
123 92 171
121 90 172
121 90 173
121 90 174
121 91 172
121 92 172
121 91 173
121 91 174
121 92 173
121 92 174
122 90 172
123 90 172
122 90 173
122 90 174
123 90 173
123 90 174
122 91 172
122 92 172
123 91 172
123 92 172
122 91 173
122 91 174
122 92 173
122 92 174
123 91 173
123 91 174
123 92 173
123 92 174
121 93 169
121 93 170
121 93 171
121 94 169
121 95 169
121 94 170
121 94 171
121 95 170
121 95 171
122 93 169
123 93 169
122 93 170
122 93 171
123 93 170
123 93 171
122 94 169
122 95 169
123 94 169
123 95 169
122 94 170
122 94 171
122 95 170
122 95 171
123 94 170
123 94 171
123 95 170
123 95 171
121 93 172
121 93 173
121 93 174
121 94 172
121 94 173
121 94 174
121 95 172
121 95 173
121 95 174
122 93 172
122 93 173
122 93 174
122 94 172
122 94 173
122 94 174
122 95 172
122 95 173
122 95 174
123 93 172
123 93 173
123 93 174
123 94 172
123 94 173
123 94 174
123 95 172
123 95 173
123 95 174
124 92 170
124 92 171
125 92 171
124 90 174
124 91 172
124 92 172
125 92 172
124 91 173
124 91 174
124 92 173
124 92 174
125 91 173
125 91 174
125 92 173
125 92 174
126 92 172
126 91 174
126 92 173
126 92 174
127 92 173
127 92 174
124 93 169
124 93 170
124 93 171
125 93 170
125 93 171
124 94 169
124 95 169
125 94 169
125 95 169
124 94 170
124 94 171
124 95 170
124 95 171
125 94 170
125 94 171
125 95 170
125 95 171
126 93 171
126 94 170
126 94 171
126 95 170
126 95 171
127 94 171
127 95 171
124 93 172
125 93 172
124 93 173
124 93 174
125 93 173
125 93 174
124 94 172
124 95 172
125 94 172
125 95 172
124 94 173
124 94 174
124 95 173
124 95 174
125 94 173
125 94 174
125 95 173
125 95 174
126 93 172
127 93 172
126 93 173
126 93 174
127 93 173
127 93 174
126 94 172
126 95 172
127 94 172
127 95 172
126 94 173
126 94 174
126 95 173
126 95 174
127 94 173
127 94 174
127 95 173
127 95 174
121 90 175
121 90 176
121 90 177
121 91 175
121 92 175
121 91 176
121 91 177
121 92 176
121 92 177
122 90 175
123 90 175
122 90 176
122 90 177
123 90 176
123 90 177
122 91 175
122 92 175
123 91 175
123 92 175
122 91 176
122 91 177
122 92 176
122 92 177
123 91 176
123 91 177
123 92 176
123 92 177
121 90 178
121 90 179
121 90 180
121 91 178
121 92 178
121 91 179
121 91 180
121 92 179
121 92 180
122 90 178
123 90 178
122 90 179
122 90 180
123 90 179
123 90 180
122 91 178
122 92 178
123 91 178
123 92 178
122 91 179
122 91 180
122 92 179
122 92 180
123 91 179
123 91 180
123 92 179
123 92 180
121 93 175
121 93 176
121 93 177
121 94 175
121 95 175
121 94 176
121 94 177
121 95 176
121 95 177
122 93 175
123 93 175
122 93 176
122 93 177
123 93 176
123 93 177
122 94 175
122 95 175
123 94 175
123 95 175
122 94 176
122 94 177
122 95 176
122 95 177
123 94 176
123 94 177
123 95 176
123 95 177
121 93 178
121 93 179
121 93 180
121 94 178
121 95 178
121 94 179
121 94 180
121 95 179
121 95 180
122 93 178
123 93 178
122 93 179
122 93 180
123 93 179
123 93 180
122 94 178
122 95 178
123 94 178
123 95 178
122 94 179
122 94 180
122 95 179
122 95 180
123 94 179
123 94 180
123 95 179
123 95 180
124 90 175
125 90 175
124 90 176
124 90 177
125 90 176
125 90 177
124 91 175
124 92 175
125 91 175
125 92 175
124 91 176
124 91 177
124 92 176
124 92 177
125 91 176
125 91 177
125 92 176
125 92 177
126 91 175
126 92 175
127 92 175
126 91 176
126 91 177
126 92 176
126 92 177
127 92 176
127 92 177
124 90 178
125 90 178
124 90 179
124 90 180
125 90 179
124 91 178
124 92 178
125 91 178
125 92 178
124 91 179
124 91 180
124 92 179
124 92 180
125 91 179
125 91 180
125 92 179
125 92 180
126 91 178
126 92 178
127 92 178
126 91 179
126 92 179
126 92 180
127 92 179
127 92 180
124 93 175
125 93 175
124 93 176
124 93 177
125 93 176
125 93 177
124 94 175
124 95 175
125 94 175
125 95 175
124 94 176
124 94 177
124 95 176
124 95 177
125 94 176
125 94 177
125 95 176
125 95 177
126 93 175
127 93 175
126 93 176
126 93 177
127 93 176
127 93 177
126 94 175
126 95 175
127 94 175
127 95 175
126 94 176
126 94 177
126 95 176
126 95 177
127 94 176
127 94 177
127 95 176
127 95 177
124 93 178
125 93 178
124 93 179
124 93 180
125 93 179
125 93 180
124 94 178
124 95 178
125 94 178
125 95 178
124 94 179
124 94 180
124 95 179
124 95 180
125 94 179
125 94 180
125 95 179
125 95 180
126 93 178
127 93 178
126 93 179
126 93 180
127 93 179
127 93 180
126 94 178
126 95 178
127 94 178
127 95 178
126 94 179
126 94 180
126 95 179
126 95 180
127 94 179
127 94 180
127 95 179
127 95 180
121 96 169
121 96 170
121 96 171
121 97 169
121 98 169
121 97 170
121 97 171
121 98 170
121 98 171
122 96 169
123 96 169
122 96 170
122 96 171
123 96 170
123 96 171
122 97 169
122 98 169
123 97 169
123 98 169
122 97 170
122 97 171
122 98 170
122 98 171
123 97 170
123 97 171
123 98 170
123 98 171
121 96 172
121 96 173
121 96 174
121 97 172
121 97 173
121 97 174
121 98 172
121 98 173
121 98 174
122 96 172
122 96 173
122 96 174
122 97 172
122 97 173
122 97 174
122 98 172
122 98 173
122 98 174
123 96 172
123 96 173
123 96 174
123 97 172
123 97 173
123 97 174
123 98 172
123 98 173
123 98 174
121 99 169
121 100 169
121 99 170
121 99 171
121 100 170
121 100 171
121 101 171
121 102 171
122 99 169
122 100 169
123 99 169
122 99 170
122 99 171
122 100 170
122 100 171
123 99 170
123 99 171
123 100 170
123 100 171
122 101 171
122 102 171
123 101 171
121 99 172
121 100 172
121 99 173
121 99 174
121 100 173
121 100 174
121 101 172
121 102 172
121 101 173
121 101 174
121 102 173
121 102 174
122 99 172
122 100 172
123 99 172
123 100 172
122 99 173
122 99 174
122 100 173
122 100 174
123 99 173
123 99 174
123 100 173
123 100 174
122 101 172
122 102 172
123 101 172
123 102 172
122 101 173
122 101 174
122 102 173
122 102 174
123 101 173
123 101 174
123 102 173
123 102 174
124 96 169
125 96 169
124 96 170
124 96 171
125 96 170
125 96 171
124 97 169
124 98 169
125 97 169
125 98 169
124 97 170
124 97 171
124 98 170
124 98 171
125 97 170
125 97 171
125 98 170
125 98 171
126 96 169
126 96 170
126 96 171
127 96 170
127 96 171
126 97 169
126 98 169
126 97 170
126 97 171
126 98 170
126 98 171
127 97 170
127 97 171
127 98 170
127 98 171
124 96 172
125 96 172
124 96 173
124 96 174
125 96 173
125 96 174
124 97 172
124 98 172
125 97 172
125 98 172
124 97 173
124 97 174
124 98 173
124 98 174
125 97 173
125 97 174
125 98 173
125 98 174
126 96 172
127 96 172
126 96 173
126 96 174
127 96 173
127 96 174
126 97 172
126 98 172
127 97 172
127 98 172
126 97 173
126 97 174
126 98 173
126 98 174
127 97 173
127 97 174
127 98 173
127 98 174
124 99 169
125 99 169
124 99 170
124 99 171
124 100 170
124 100 171
125 99 170
125 99 171
125 100 170
125 100 171
124 101 171
125 101 171
126 99 169
126 99 170
126 99 171
126 100 170
126 100 171
127 99 170
127 99 171
127 100 170
127 100 171
126 101 171
127 101 171
124 99 172
124 100 172
125 99 172
125 100 172
124 99 173
124 99 174
124 100 173
124 100 174
125 99 173
125 99 174
125 100 173
125 100 174
124 101 172
124 102 172
125 101 172
125 102 172
124 101 173
124 101 174
124 102 173
124 102 174
125 101 173
125 101 174
125 102 173
125 102 174
126 99 172
126 100 172
127 99 172
127 100 172
126 99 173
126 99 174
126 100 173
126 100 174
127 99 173
127 99 174
127 100 173
127 100 174
126 101 172
126 102 172
127 101 172
127 102 172
126 101 173
126 101 174
126 102 173
126 102 174
127 101 173
127 101 174
127 102 173
127 102 174
121 96 175
121 96 176
121 96 177
121 97 175
121 98 175
121 97 176
121 97 177
121 98 176
121 98 177
122 96 175
123 96 175
122 96 176
122 96 177
123 96 176
123 96 177
122 97 175
122 98 175
123 97 175
123 98 175
122 97 176
122 97 177
122 98 176
122 98 177
123 97 176
123 97 177
123 98 176
123 98 177
121 96 178
121 96 179
121 96 180
121 97 178
121 98 178
121 97 179
121 97 180
121 98 179
121 98 180
122 96 178
123 96 178
122 96 179
122 96 180
123 96 179
123 96 180
122 97 178
122 98 178
123 97 178
123 98 178
122 97 179
122 97 180
122 98 179
122 98 180
123 97 179
123 97 180
123 98 179
123 98 180
121 99 175
121 100 175
121 99 176
121 99 177
121 100 176
121 100 177
121 101 175
121 102 175
121 101 176
121 101 177
121 102 176
121 102 177
122 99 175
122 100 175
123 99 175
123 100 175
122 99 176
122 99 177
122 100 176
122 100 177
123 99 176
123 99 177
123 100 176
123 100 177
122 101 175
122 102 175
123 101 175
123 102 175
122 101 176
122 101 177
122 102 176
122 102 177
123 101 176
123 101 177
123 102 176
123 102 177
121 99 178
121 100 178
121 99 179
121 99 180
121 100 179
121 100 180
121 101 178
121 102 178
121 101 179
121 101 180
121 102 179
121 102 180
122 99 178
122 100 178
123 99 178
123 100 178
122 99 179
122 99 180
122 100 179
122 100 180
123 99 179
123 99 180
123 100 179
123 100 180
122 101 178
122 102 178
123 101 178
123 102 178
122 101 179
122 101 180
122 102 179
122 102 180
123 101 179
123 101 180
123 102 179
123 102 180
124 96 175
125 96 175
124 96 176
124 96 177
125 96 176
125 96 177
124 97 175
124 98 175
125 97 175
125 98 175
124 97 176
124 97 177
124 98 176
124 98 177
125 97 176
125 97 177
125 98 176
125 98 177
126 96 175
127 96 175
126 96 176
126 96 177
127 96 176
127 96 177
126 97 175
126 98 175
127 97 175
127 98 175
126 97 176
126 97 177
126 98 176
126 98 177
127 97 176
127 97 177
127 98 176
127 98 177
124 96 178
125 96 178
124 96 179
124 96 180
125 96 179
125 96 180
124 97 178
124 98 178
125 97 178
125 98 178
124 97 179
124 97 180
124 98 179
124 98 180
125 97 179
125 97 180
125 98 179
125 98 180
126 96 178
127 96 178
126 96 179
126 96 180
127 96 179
127 96 180
126 97 178
126 98 178
127 97 178
127 98 178
126 97 179
126 97 180
126 98 179
126 98 180
127 97 179
127 97 180
127 98 179
127 98 180
124 99 175
124 100 175
125 99 175
125 100 175
124 99 176
124 99 177
124 100 176
124 100 177
125 99 176
125 99 177
125 100 176
125 100 177
124 101 175
124 102 175
125 101 175
125 102 175
124 101 176
124 101 177
124 102 176
124 102 177
125 101 176
125 101 177
125 102 176
125 102 177
126 99 175
126 100 175
127 99 175
127 100 175
126 99 176
126 99 177
126 100 176
126 100 177
127 99 176
127 99 177
127 100 176
127 100 177
126 101 175
126 102 175
127 101 175
127 102 175
126 101 176
126 101 177
126 102 176
126 102 177
127 101 176
127 101 177
127 102 176
127 102 177
124 99 178
124 100 178
125 99 178
125 100 178
124 99 179
124 99 180
124 100 179
124 100 180
125 99 179
125 99 180
125 100 179
125 100 180
124 101 178
124 102 178
125 101 178
125 102 178
124 101 179
124 101 180
124 102 179
124 102 180
125 101 179
125 101 180
125 102 179
125 102 180
126 99 178
126 100 178
127 99 178
127 100 178
126 99 179
126 99 180
126 100 179
126 100 180
127 99 179
127 99 180
127 100 179
127 100 180
126 101 178
126 102 178
127 101 178
127 102 178
126 101 179
126 101 180
126 102 179
126 102 180
127 101 179
127 101 180
127 102 179
127 102 180
128 51 169
128 51 170
128 51 171
128 52 170
128 52 171
128 53 170
128 53 171
129 51 169
129 51 170
129 52 170
128 53 172
128 54 171
128 55 171
128 54 172
128 55 172
128 56 172
128 56 173
128 57 173
128 58 174
128 59 174
128 59 175
128 60 175
128 61 175
128 62 176
128 75 175
129 76 175
128 79 175
130 77 175
129 78 175
128 81 175
129 80 175
130 80 175
130 82 176
131 80 175
131 81 175
128 83 176
129 83 176
128 93 173
128 93 174
128 94 172
128 95 172
128 94 173
128 94 174
128 95 173
128 95 174
129 94 173
129 94 174
129 95 173
129 95 174
130 95 174
128 92 175
128 92 176
128 92 177
128 93 175
128 93 176
128 93 177
128 94 175
128 95 175
128 94 176
128 94 177
128 95 176
128 95 177
129 93 175
129 93 176
129 93 177
129 94 175
129 95 175
130 94 175
130 95 175
129 94 176
129 94 177
129 95 176
129 95 177
130 94 176
130 94 177
130 95 176
130 95 177
128 93 178
128 93 179
128 93 180
128 94 178
128 95 178
128 94 179
128 94 180
128 95 179
128 95 180
129 93 178
129 93 179
129 94 178
129 95 178
130 94 178
130 95 178
129 94 179
129 94 180
129 95 179
129 95 180
130 94 179
130 95 179
130 95 180
131 95 175
131 95 176
131 95 177
131 95 178
131 95 179
128 96 171
128 97 171
128 98 170
128 98 171
129 97 171
129 98 171
128 96 172
128 96 173
128 96 174
128 97 172
128 98 172
128 97 173
128 97 174
128 98 173
128 98 174
129 96 172
129 96 173
129 96 174
130 96 173
130 96 174
129 97 172
129 98 172
130 98 172
129 97 173
129 97 174
129 98 173
129 98 174
130 97 173
130 97 174
130 98 173
130 98 174
128 99 170
128 99 171
128 100 171
128 101 171
129 99 171
129 100 171
128 99 172
128 100 172
128 99 173
128 99 174
128 100 173
128 100 174
128 101 172
128 102 172
128 101 173
128 101 174
128 102 173
128 102 174
129 99 172
129 100 172
130 99 172
130 100 172
129 99 173
129 99 174
129 100 173
129 100 174
130 99 173
130 99 174
130 100 173
130 100 174
129 101 172
129 101 173
129 101 174
129 102 173
129 102 174
130 101 173
130 101 174
130 102 174
131 97 174
131 98 174
131 99 174
131 100 174
131 101 174
128 96 175
128 96 176
128 96 177
128 97 175
128 98 175
128 97 176
128 97 177
128 98 176
128 98 177
129 96 175
130 96 175
129 96 176
129 96 177
130 96 176
130 96 177
129 97 175
129 98 175
130 97 175
130 98 175
129 97 176
129 97 177
129 98 176
129 98 177
130 97 176
130 97 177
130 98 176
130 98 177
128 96 178
128 96 179
128 96 180
128 97 178
128 98 178
128 97 179
128 97 180
128 98 179
128 98 180
129 96 178
130 96 178
129 96 179
129 96 180
130 96 179
130 96 180
129 97 178
129 98 178
130 97 178
130 98 178
129 97 179
129 97 180
129 98 179
129 98 180
130 97 179
130 97 180
130 98 179
130 98 180
128 99 175
128 100 175
128 99 176
128 99 177
128 100 176
128 100 177
128 101 175
128 102 175
128 101 176
128 101 177
128 102 176
128 102 177
129 99 175
129 100 175
130 99 175
130 100 175
129 99 176
129 99 177
129 100 176
129 100 177
130 99 176
130 99 177
130 100 176
130 100 177
129 101 175
129 102 175
130 101 175
130 102 175
129 101 176
129 101 177
129 102 176
129 102 177
130 101 176
130 101 177
130 102 176
130 102 177
128 99 178
128 100 178
128 99 179
128 99 180
128 100 179
128 100 180
128 101 178
128 102 178
128 101 179
128 101 180
128 102 179
128 102 180
129 99 178
129 100 178
130 99 178
130 100 178
129 99 179
129 99 180
129 100 179
129 100 180
130 99 179
130 99 180
130 100 179
130 100 180
129 101 178
129 102 178
130 101 178
130 102 178
129 101 179
129 101 180
129 102 179
129 102 180
130 101 179
130 101 180
130 102 179
130 102 180
131 96 175
131 96 176
131 96 177
131 97 175
131 98 175
131 97 176
131 97 177
131 98 176
131 98 177
132 98 177
131 96 178
131 96 179
131 96 180
131 97 178
131 98 178
131 97 179
131 97 180
131 98 179
131 98 180
132 98 178
131 99 175
131 100 175
131 99 176
131 99 177
131 100 176
131 100 177
131 101 175
131 102 175
131 101 176
131 101 177
131 102 176
131 102 177
132 99 177
132 100 177
131 99 178
131 100 178
131 99 179
131 99 180
131 100 179
131 100 180
131 101 178
131 102 178
131 101 179
131 101 180
131 102 179
131 102 180
132 99 178
132 100 178
132 99 179
132 100 179
136 102 178
135 102 179
135 102 180
136 101 179
136 102 179
136 102 180
137 102 178
137 102 179
103 103 70
103 103 71
103 104 71
103 103 72
103 103 73
103 103 74
103 104 72
103 104 73
103 104 74
104 103 74
104 104 74
103 103 75
103 103 76
103 103 77
103 104 75
103 104 76
103 104 77
104 103 75
104 103 76
104 103 77
104 104 76
104 104 77
103 103 78
103 103 79
103 103 80
103 104 78
103 104 79
103 104 80
104 103 78
105 103 78
104 103 79
104 103 80
105 103 79
105 103 80
104 104 78
104 104 79
104 104 80
103 103 81
103 103 82
103 103 83
103 104 81
103 104 82
103 104 83
104 103 81
105 103 81
104 103 82
104 103 83
105 103 82
105 103 83
104 104 81
104 104 82
104 104 83
105 104 83
106 103 83
103 103 84
103 103 85
104 103 84
105 103 84
104 103 85
104 103 86
105 103 85
105 103 86
104 104 84
104 104 86
104 103 87
105 103 87
104 103 88
104 103 89
105 103 88
105 103 89
106 103 84
106 103 85
106 103 86
106 103 87
106 103 88
106 103 89
104 103 90
105 103 90
105 103 91
105 103 92
105 103 93
106 103 90
106 103 91
106 103 92
106 103 93
106 103 94
107 103 92
107 103 93
107 103 94
106 103 95
106 103 96
106 103 97
107 103 95
107 103 96
107 103 97
106 103 98
107 103 98
107 103 99
107 103 100
107 103 102
133 122 134
135 123 128
135 125 125
136 125 125
135 126 125
136 126 124
136 126 125
135 124 126
135 125 126
136 124 126
136 125 126
135 124 127
135 124 128
135 125 127
135 125 128
136 124 127
136 124 128
136 125 127
136 125 128
135 126 126
136 126 126
135 126 127
136 126 127
137 126 124
137 126 125
137 125 126
137 124 127
137 124 128
137 125 127
137 125 128
137 126 126
137 126 127
134 122 131
134 123 130
134 123 131
135 123 129
136 123 129
135 122 131
135 123 130
135 123 131
136 123 130
136 123 131
134 121 134
134 122 132
134 123 132
134 122 133
134 122 134
134 123 133
134 123 134
135 122 132
135 123 132
136 123 132
135 122 133
135 122 134
135 123 133
135 123 134
136 123 133
136 123 134
134 124 129
134 124 131
135 124 129
135 125 129
136 124 129
136 125 129
135 124 130
135 124 131
135 125 130
136 124 130
136 124 131
136 125 130
134 124 132
135 124 132
136 124 132
135 124 133
137 124 129
137 125 129
117 103 172
116 103 173
116 103 174
117 103 173
117 103 174
116 104 174
117 104 173
117 104 174
117 105 174
118 103 172
118 103 173
118 103 174
118 104 173
118 104 174
118 105 174
119 103 172
120 103 172
119 103 173
119 103 174
120 103 173
120 103 174
119 104 173
119 104 174
119 105 174
120 104 173
120 104 174
120 105 174
116 103 175
117 103 175
116 103 176
116 103 177
117 103 176
117 103 177
116 104 175
117 104 175
117 105 175
116 104 176
116 104 177
117 104 176
117 104 177
117 105 176
117 105 177
116 103 178
117 103 178
116 103 179
117 103 179
117 103 180
116 104 178
117 104 178
117 105 178
117 104 179
117 104 180
117 105 179
117 105 180
118 103 175
118 103 176
118 103 177
118 104 175
118 105 175
118 104 176
118 104 177
118 105 176
118 105 177
119 103 175
120 103 175
119 103 176
119 103 177
120 103 176
120 103 177
119 104 175
119 105 175
120 104 175
120 105 175
119 104 176
119 104 177
119 105 176
119 105 177
120 104 176
120 104 177
120 105 176
120 105 177
118 103 178
118 103 179
118 103 180
118 104 178
118 105 178
118 104 179
118 104 180
118 105 179
118 105 180
119 103 178
120 103 178
119 103 179
119 103 180
120 103 179
120 103 180
119 104 178
119 105 178
120 104 178
120 105 178
119 104 179
119 104 180
119 105 179
119 105 180
120 104 179
120 104 180
120 105 179
120 105 180
118 106 175
118 106 176
118 106 177
119 106 175
120 106 175
119 106 176
119 106 177
120 106 176
120 106 177
119 107 177
120 107 177
118 106 178
118 106 179
118 106 180
119 106 178
120 106 178
119 106 179
119 106 180
120 106 179
120 106 180
119 107 178
120 107 178
119 107 179
119 107 180
120 107 179
120 107 180
121 103 172
121 103 173
121 103 174
121 104 173
121 104 174
121 105 174
122 103 172
123 103 172
122 103 173
122 103 174
123 103 173
123 103 174
122 104 173
122 104 174
122 105 174
123 104 173
123 104 174
123 105 174
121 106 174
122 106 174
124 103 172
125 103 172
124 103 173
124 103 174
125 103 173
125 103 174
124 104 173
124 104 174
124 105 174
125 104 173
125 104 174
125 105 174
126 103 173
126 103 174
127 103 173
127 103 174
126 104 174
126 105 174
127 104 174
121 103 175
121 103 176
121 103 177
121 104 175
121 105 175
121 104 176
121 104 177
121 105 176
121 105 177
122 103 175
123 103 175
122 103 176
122 103 177
123 103 176
123 103 177
122 104 175
122 105 175
123 104 175
123 105 175
122 104 176
122 104 177
122 105 176
122 105 177
123 104 176
123 104 177
123 105 176
123 105 177
121 103 178
121 103 179
121 103 180
121 104 178
121 105 178
121 104 179
121 104 180
121 105 179
121 105 180
122 103 178
123 103 178
122 103 179
122 103 180
123 103 179
123 103 180
122 104 178
122 105 178
123 104 178
123 105 178
122 104 179
122 104 180
122 105 179
122 105 180
123 104 179
123 104 180
123 105 179
123 105 180
121 106 175
121 106 176
121 106 177
121 107 176
121 107 177
122 106 175
123 106 175
122 106 176
122 106 177
123 106 176
123 106 177
122 107 176
122 107 177
123 107 177
121 106 178
121 106 179
121 106 180
121 107 178
121 107 179
121 107 180
121 108 179
121 108 180
122 106 178
123 106 178
122 106 179
122 106 180
123 106 179
123 106 180
122 107 178
123 107 178
122 107 179
122 107 180
122 108 179
122 108 180
123 107 179
123 107 180
123 108 179
123 108 180
124 103 175
125 103 175
124 103 176
124 103 177
125 103 176
125 103 177
124 104 175
124 105 175
125 104 175
125 105 175
124 104 176
124 104 177
124 105 176
124 105 177
125 104 176
125 104 177
125 105 176
125 105 177
126 103 175
127 103 175
126 103 176
126 103 177
127 103 176
127 103 177
126 104 175
126 105 175
127 104 175
127 105 175
126 104 176
126 104 177
126 105 176
126 105 177
127 104 176
127 104 177
127 105 176
127 105 177
124 103 178
125 103 178
124 103 179
124 103 180
125 103 179
125 103 180
124 104 178
124 105 178
125 104 178
125 105 178
124 104 179
124 104 180
124 105 179
124 105 180
125 104 179
125 104 180
125 105 179
125 105 180
126 103 178
127 103 178
126 103 179
126 103 180
127 103 179
127 103 180
126 104 178
126 105 178
127 104 178
127 105 178
126 104 179
126 104 180
126 105 179
126 105 180
127 104 179
127 104 180
127 105 179
127 105 180
124 106 175
125 106 175
124 106 176
124 106 177
125 106 176
125 106 177
124 107 177
125 107 177
126 106 176
126 106 177
127 106 177
124 106 178
125 106 178
124 106 179
124 106 180
125 106 179
125 106 180
124 107 178
125 107 178
124 107 179
124 107 180
124 108 179
124 108 180
125 107 179
125 107 180
125 108 179
125 108 180
126 106 178
127 106 178
126 106 179
126 106 180
127 106 179
127 106 180
126 107 178
127 107 178
126 107 179
126 107 180
127 107 179
127 107 180
127 108 179
127 108 180
127 111 172
127 111 173
127 111 174
127 112 171
127 112 172
126 112 174
127 112 173
127 112 174
123 109 178
123 109 179
123 109 180
127 109 177
127 110 175
127 111 175
126 110 177
126 111 176
126 111 177
127 110 176
127 110 177
127 111 176
127 111 177
124 109 179
124 109 180
125 109 179
125 109 180
125 110 178
125 110 179
126 109 178
127 109 178
126 109 179
126 109 180
127 109 179
127 109 180
126 110 178
126 111 178
127 110 178
127 111 178
126 110 179
126 110 180
127 110 179
127 110 180
127 111 179
127 112 175
127 112 176
129 114 157
130 114 156
130 114 157
133 120 137
132 120 138
132 120 139
133 120 138
133 120 139
132 120 140
133 120 140
132 119 141
132 119 142
132 120 141
132 120 142
133 119 141
133 119 142
133 120 141
133 120 142
131 118 144
131 118 145
131 119 143
131 120 143
131 119 144
131 119 145
131 120 144
131 120 145
132 118 143
132 118 144
132 118 145
133 118 144
133 118 145
132 119 143
132 120 143
133 119 143
133 120 143
132 119 144
132 119 145
132 120 144
132 120 145
133 119 144
133 119 145
133 120 144
133 120 145
133 121 135
133 121 136
133 122 135
133 122 136
133 121 137
132 121 138
132 121 139
133 121 138
133 121 139
133 122 137
133 122 138
133 122 139
132 121 140
133 121 140
132 121 141
132 121 142
133 121 141
133 121 142
132 121 143
133 121 143
134 120 137
134 120 138
134 120 139
134 120 140
134 120 141
134 120 142
134 120 143
134 121 135
134 121 136
134 122 135
134 123 135
134 122 136
134 123 136
135 121 135
135 121 136
135 122 135
135 123 135
135 122 136
134 121 137
134 121 138
134 121 139
134 122 137
134 122 138
134 122 139
135 122 137
134 121 140
134 121 141
130 117 148
130 117 149
130 116 150
130 116 151
130 117 150
130 117 151
130 118 147
130 118 148
130 118 149
130 118 150
130 118 151
131 117 147
131 117 148
132 117 147
132 117 148
131 117 149
131 116 150
131 116 151
131 117 150
131 117 151
132 117 149
132 117 150
132 117 151
131 118 146
131 118 147
131 118 148
131 119 146
131 119 147
131 119 148
132 118 146
133 118 146
132 118 147
132 118 148
133 118 147
132 119 146
132 120 146
133 119 146
132 119 147
132 119 148
133 119 147
131 118 149
131 118 150
131 118 151
131 119 149
132 118 149
132 118 150
132 118 151
132 119 149
129 115 154
130 115 153
130 115 154
129 116 152
130 116 152
130 117 152
129 116 153
129 116 154
130 116 153
130 116 154
130 117 153
130 117 154
129 115 155
130 115 155
129 115 156
129 115 157
130 115 156
130 115 157
129 116 155
130 116 155
130 117 155
129 116 156
129 116 157
130 116 156
130 116 157
130 117 156
131 115 153
131 115 154
131 116 152
131 117 152
131 116 153
131 116 154
131 117 153
131 117 154
132 117 152
131 115 155
131 115 156
131 115 157
131 116 155
131 117 155
131 116 156
131 116 157
131 118 152
128 114 158
128 114 159
129 114 158
130 114 158
129 114 159
130 114 159
128 114 160
128 113 161
128 113 162
128 114 161
128 114 162
129 113 160
129 114 160
130 113 160
130 114 160
129 113 161
129 113 162
129 114 161
129 114 162
130 113 161
130 113 162
130 114 161
130 114 162
128 112 165
128 113 163
128 114 163
128 113 164
128 113 165
128 114 164
128 114 165
129 112 164
129 112 165
129 113 163
129 114 163
130 113 163
130 114 163
129 113 164
129 113 165
129 114 164
129 114 165
130 113 164
130 113 165
130 114 164
130 114 165
128 112 166
128 112 167
128 112 168
128 113 166
128 114 166
128 113 167
128 113 168
128 114 167
128 114 168
129 112 166
129 112 167
129 112 168
129 113 166
129 114 166
130 113 166
130 114 166
129 113 167
129 113 168
129 114 167
129 114 168
130 113 167
128 103 173
128 103 174
128 104 174
129 103 174
128 103 175
128 103 176
128 103 177
128 104 175
128 104 176
128 104 177
128 105 176
128 105 177
129 103 175
130 103 175
129 103 176
129 103 177
130 103 176
130 103 177
129 104 175
129 104 176
129 104 177
129 105 177
130 104 177
128 103 178
128 103 179
128 103 180
128 104 178
128 105 178
128 104 179
128 104 180
128 105 179
128 105 180
129 103 178
130 103 178
129 103 179
129 103 180
130 103 179
130 103 180
129 104 178
129 105 178
130 104 178
130 105 178
129 104 179
129 104 180
129 105 179
129 105 180
130 104 179
130 104 180
130 105 179
130 105 180
128 106 178
128 106 179
128 106 180
128 107 179
128 107 180
128 108 179
128 108 180
129 106 179
129 106 180
130 106 179
130 106 180
129 107 178
130 107 178
129 107 179
129 107 180
129 108 179
130 108 179
131 103 177
131 103 178
131 103 179
131 103 180
131 104 178
133 106 180
132 108 180
133 107 180
133 108 180
128 111 170
128 111 171
129 111 170
129 111 171
128 111 172
128 110 174
128 111 173
128 111 174
129 111 172
129 111 173
129 111 174
128 112 169
128 112 170
128 112 171
128 113 169
128 113 170
128 113 171
129 112 169
129 112 170
129 112 171
129 113 169
129 113 170
129 113 171
128 112 172
128 112 173
128 112 174
128 113 172
128 113 173
129 112 172
129 112 173
129 112 174
129 113 172
128 110 175
128 111 175
128 110 176
128 110 177
128 111 176
128 111 177
129 110 175
129 111 175
129 110 176
129 110 177
129 111 176
129 111 177
128 109 178
128 109 179
128 109 180
128 110 178
128 111 178
128 110 179
128 110 180
128 111 179
129 109 178
129 109 179
129 110 178
128 112 175
128 112 176
129 112 175
131 109 180
132 109 180
140 106 174
134 103 180
134 104 180
134 105 179
134 105 180
136 103 178
135 103 179
135 103 180
136 103 179
136 103 180
136 104 178
136 105 178
135 104 179
135 104 180
135 105 179
135 105 180
136 104 179
136 104 180
136 105 179
136 105 180
134 106 180
134 107 180
136 106 178
135 106 179
135 106 180
136 106 179
136 106 180
135 107 180
136 107 179
137 104 177
137 105 177
138 104 177
138 105 176
138 105 177
139 105 175
140 105 175
139 104 176
139 104 177
139 105 176
139 105 177
140 104 176
140 105 176
140 105 177
137 103 178
138 103 178
137 103 179
137 103 180
137 104 178
137 105 178
138 104 178
138 105 178
137 104 179
137 104 180
137 105 179
137 105 180
138 104 179
138 105 179
139 104 178
139 105 178
137 106 177
138 106 176
138 106 177
137 107 177
138 107 176
138 107 177
139 106 175
140 106 175
139 106 176
139 106 177
140 106 176
140 106 177
139 107 175
140 107 175
139 107 176
139 107 177
140 107 176
137 106 178
138 106 178
137 106 179
139 106 178
128 115 158
128 115 159
129 115 158
130 115 158
129 115 159
130 115 159
129 116 158
130 116 158
129 116 159
130 116 159
128 115 160
128 115 161
129 115 160
130 115 160
129 115 161
129 115 162
130 115 161
130 115 162
130 116 160
131 115 158
131 116 158
129 115 163
130 115 163
129 115 164
146 107 168
146 108 168
146 109 168
149 108 165
147 107 168
147 108 167
147 108 168
148 108 166
149 108 166
148 108 167
148 108 168
149 108 167
149 108 168
150 108 164
150 108 165
151 108 165
150 108 166
150 108 167
151 109 162
151 110 162
152 109 162
153 109 161
153 109 162
153 110 160
153 111 160
152 110 161
152 110 162
152 111 162
153 110 161
153 110 162
153 111 161
153 111 162
149 109 165
149 110 165
147 109 167
147 109 168
148 109 166
149 109 166
148 109 167
148 109 168
149 109 167
149 109 168
149 110 166
150 109 163
151 109 163
150 109 164
150 109 165
151 109 164
151 109 165
151 110 163
150 110 164
150 110 165
151 110 164
151 110 165
152 109 163
153 109 163
152 109 164
152 109 165
152 110 163
153 110 163
152 110 164
153 110 164
150 109 166
151 109 166
150 109 167
150 110 166
143 107 171
141 106 173
141 106 174
141 107 173
141 107 174
142 106 173
142 106 174
143 106 173
143 106 174
142 107 172
143 107 172
143 108 172
142 107 173
142 107 174
142 108 173
143 107 173
143 107 174
143 108 173
143 108 174
144 107 170
144 107 171
144 108 171
145 107 169
145 108 169
146 107 169
146 108 169
145 107 170
145 107 171
145 108 170
145 108 171
146 107 170
146 107 171
146 108 170
146 108 171
144 106 173
144 107 172
144 108 172
144 107 173
144 107 174
144 108 173
145 107 172
145 108 172
145 107 173
141 105 175
141 105 176
142 105 175
141 106 175
141 106 176
141 107 175
141 107 176
142 106 175
142 107 175
143 107 175
146 109 169
147 107 169
147 108 169
147 107 170
147 108 170
148 108 169
147 109 169
147 109 170
148 109 169
156 110 157
156 111 156
156 111 157
158 111 154
159 111 153
159 111 154
157 111 155
157 110 157
157 111 156
157 111 157
158 111 155
159 111 155
158 110 157
158 111 156
158 111 157
159 111 156
158 112 154
159 112 153
159 112 154
157 112 156
157 112 157
158 112 155
159 112 155
158 112 156
158 112 157
159 112 156
160 112 151
161 112 150
161 112 151
162 112 150
162 112 151
162 113 149
161 113 151
162 113 150
162 113 151
163 113 148
163 114 148
164 113 147
164 113 148
164 114 147
164 114 148
165 113 148
165 114 147
165 114 148
166 114 147
163 112 150
163 112 151
163 113 149
163 114 149
164 113 149
164 114 149
163 113 150
163 113 151
163 114 150
164 113 150
165 113 149
165 114 149
160 111 153
160 111 154
161 111 153
160 111 155
160 112 152
160 112 153
160 112 154
160 113 152
160 113 153
161 112 152
162 112 152
161 112 153
161 112 154
162 112 153
161 113 152
162 113 152
161 113 153
160 112 155
154 110 159
154 111 159
155 110 158
155 111 158
156 110 158
156 111 158
155 110 159
155 111 159
156 110 159
156 111 159
154 109 162
154 110 160
154 111 160
154 110 161
154 110 162
154 111 161
154 111 162
155 110 160
155 111 160
156 110 160
156 111 160
155 110 161
155 111 161
156 112 158
157 110 158
157 111 158
157 110 159
157 111 159
158 111 158
157 112 158
