0.15
5254
51 55 54
48 55 73
48 55 74
48 55 75
48 55 76
48 55 77
51 55 62
50 55 64
50 55 65
50 55 66
50 55 67
51 55 66
51 55 67
49 55 68
49 55 69
49 55 70
49 55 71
49 55 72
50 55 68
50 55 69
51 55 68
51 55 69
50 55 70
50 55 71
50 55 72
51 55 70
51 55 71
51 55 72
49 55 73
49 55 74
49 54 76
49 54 77
49 55 75
49 55 76
49 55 77
50 55 73
50 55 74
51 55 73
51 55 74
50 54 76
50 54 77
50 55 75
50 55 76
50 55 77
51 55 75
51 55 76
51 55 77
19 52 135
19 52 136
20 52 135
20 52 136
20 53 135
20 53 136
21 52 136
21 53 136
22 52 136
16 51 138
16 51 139
16 52 138
15 52 139
15 53 139
16 52 139
16 52 140
16 53 139
16 53 140
17 51 139
17 51 140
18 51 140
19 51 141
20 51 141
17 52 139
17 52 140
17 52 141
17 53 140
18 52 140
18 52 141
18 53 140
18 53 141
17 54 141
20 52 137
19 52 141
19 53 141
20 52 141
20 53 141
19 52 142
19 53 142
20 52 142
20 52 143
20 53 142
20 53 143
19 54 142
20 54 142
20 54 143
27 48 145
21 51 143
22 50 143
22 51 143
23 51 143
23 51 144
21 52 137
21 53 137
21 53 138
22 52 137
22 53 137
22 53 138
23 53 137
23 53 138
22 53 139
23 53 139
22 54 137
22 54 138
22 55 138
23 54 138
23 54 139
23 55 139
21 52 142
21 52 143
21 53 142
21 53 143
21 53 144
21 54 143
22 52 143
22 53 143
23 52 143
23 53 143
22 52 144
22 53 144
23 52 144
23 52 145
23 53 144
23 53 145
22 54 143
22 54 144
22 55 144
23 54 144
23 54 145
23 55 144
23 55 145
24 51 144
24 51 145
25 50 144
25 50 145
25 51 144
25 51 145
26 49 144
26 49 145
27 49 145
26 50 144
26 50 145
26 51 145
27 50 145
27 50 146
27 51 145
24 53 138
24 53 139
25 52 139
25 53 139
25 53 140
24 54 138
24 54 139
24 54 140
24 55 139
24 55 140
25 54 139
25 54 140
25 54 141
25 55 140
25 55 141
26 53 140
26 54 140
26 54 141
26 55 140
26 55 141
27 54 140
27 54 141
27 55 141
24 52 144
24 52 145
24 53 144
24 53 145
25 52 144
25 52 145
25 53 144
25 53 145
24 54 144
24 54 145
24 54 146
24 55 144
24 55 145
25 54 145
25 54 146
25 55 145
25 55 146
26 52 145
26 53 145
26 53 146
27 52 145
27 53 145
27 53 146
26 54 142
26 55 142
27 54 142
27 55 142
27 55 143
26 54 145
26 54 146
26 55 145
26 55 146
27 54 145
27 54 146
27 55 144
27 55 145
27 55 146
27 52 147
27 53 147
26 54 147
27 54 147
27 55 147
41 53 114
41 53 115
41 53 116
41 54 112
41 54 113
41 55 113
41 54 114
41 54 115
41 54 116
41 55 114
41 55 115
41 55 116
48 54 78
48 54 79
48 55 78
48 55 79
48 54 80
48 54 81
48 55 80
48 55 81
48 54 82
48 54 83
48 55 82
48 55 83
47 54 85
47 54 86
47 55 85
47 55 86
48 54 84
48 54 85
48 54 86
48 55 84
48 55 85
48 55 86
46 54 90
46 54 91
46 55 90
46 55 91
47 54 87
47 54 88
47 55 87
47 55 88
48 54 87
48 54 88
48 55 87
48 55 88
47 54 89
47 54 90
47 54 91
47 55 89
47 55 90
47 55 91
48 54 89
48 54 90
48 54 91
48 55 89
48 55 90
48 55 91
46 53 93
46 53 94
46 53 95
46 53 96
46 54 92
46 54 93
46 55 92
46 55 93
45 54 95
45 54 96
45 55 96
46 54 94
46 54 95
46 54 96
46 55 94
46 55 95
46 55 96
47 53 92
47 53 93
48 53 92
47 53 94
47 53 95
47 53 96
47 54 92
47 54 93
47 55 92
47 55 93
48 54 92
48 54 93
48 55 92
48 55 93
47 54 94
47 54 95
47 54 96
47 55 94
47 55 95
47 55 96
48 54 94
48 54 95
48 54 96
48 55 94
48 55 95
48 55 96
49 54 78
49 54 79
49 55 78
49 55 79
49 54 80
49 54 81
49 55 80
49 55 81
50 54 78
50 54 79
50 55 78
50 55 79
50 54 80
50 54 81
50 55 80
50 55 81
49 54 82
49 54 83
49 55 82
49 55 83
49 54 84
49 54 85
49 54 86
49 55 84
49 55 85
49 55 86
50 54 82
50 54 83
50 55 82
50 55 83
50 54 84
50 54 85
50 54 86
50 55 84
50 55 85
50 55 86
49 54 87
49 54 88
49 55 87
49 55 88
49 54 89
49 54 90
49 54 91
49 55 89
49 55 90
49 55 91
49 54 92
49 55 92
44 53 100
44 53 101
44 54 99
44 54 100
44 54 101
44 55 100
44 55 101
44 53 102
44 53 103
43 53 105
43 53 106
44 53 104
44 53 105
44 53 106
43 54 103
44 54 102
44 54 103
44 55 102
44 55 103
43 54 104
43 54 105
43 54 106
43 55 105
43 55 106
44 54 104
44 54 105
44 54 106
44 55 104
44 55 105
44 55 106
45 53 97
45 53 98
46 53 97
46 53 98
45 53 99
45 53 100
45 53 101
46 53 99
46 53 100
46 53 101
45 54 97
45 54 98
45 55 97
45 55 98
46 54 97
46 54 98
46 55 97
46 55 98
45 54 99
45 54 100
45 54 101
45 55 99
45 55 100
45 55 101
46 54 99
46 54 100
46 54 101
46 55 99
46 55 100
46 55 101
47 53 97
47 53 98
47 53 99
47 53 100
47 54 97
47 54 98
47 55 97
47 55 98
47 54 99
47 54 100
47 55 99
47 55 100
45 53 102
45 53 103
46 53 102
46 53 103
45 53 104
45 53 105
45 53 106
46 53 104
45 54 102
45 54 103
45 55 102
45 55 103
46 54 102
46 54 103
46 55 102
46 55 103
45 54 104
45 54 105
45 54 106
45 55 104
45 55 105
45 55 106
46 54 104
46 54 105
46 55 104
42 53 109
42 53 110
42 53 111
42 54 108
42 55 108
42 54 109
42 54 110
42 54 111
42 55 109
42 55 110
42 55 111
43 53 107
43 53 108
44 53 107
44 53 108
43 53 109
43 53 110
43 53 111
44 53 109
44 53 110
44 53 111
43 54 107
43 54 108
43 55 107
43 55 108
44 54 107
44 54 108
44 55 107
44 55 108
43 54 109
43 54 110
43 54 111
43 55 109
43 55 110
43 55 111
44 54 109
44 54 110
44 54 111
44 55 109
44 55 110
44 55 111
42 53 112
42 53 113
42 53 114
42 53 115
42 53 116
42 54 112
42 54 113
42 55 112
42 55 113
42 54 114
42 54 115
42 54 116
42 55 114
42 55 115
42 55 116
43 53 112
43 53 113
44 53 112
44 53 113
43 53 114
43 53 115
43 53 116
44 53 114
43 54 112
43 54 113
43 55 112
43 55 113
44 54 112
44 54 113
44 55 112
44 55 113
43 54 114
43 54 115
43 54 116
43 55 114
43 55 115
43 55 116
44 54 114
44 54 115
44 55 114
44 55 115
45 53 107
45 53 108
45 53 109
45 54 107
45 54 108
45 55 107
45 55 108
45 54 109
45 54 110
45 55 109
40 41 155
40 41 156
41 41 154
41 41 155
41 41 156
39 54 121
41 53 117
41 53 118
41 53 119
41 53 120
41 53 121
40 54 117
40 54 118
40 55 117
40 55 118
41 54 117
41 54 118
41 55 117
41 55 118
40 54 119
40 54 120
40 54 121
40 55 119
40 55 120
40 55 121
41 54 119
41 54 120
41 54 121
41 55 119
41 55 120
41 55 121
39 54 122
39 54 123
39 55 122
39 55 123
39 54 124
39 54 125
39 54 126
39 55 124
39 55 125
39 55 126
40 53 123
41 53 123
40 54 122
40 54 123
40 55 122
40 55 123
41 54 122
41 54 123
41 55 122
41 55 123
40 54 124
40 54 125
40 54 126
40 55 124
40 55 125
40 55 126
41 54 124
41 54 125
41 54 126
41 55 124
41 55 125
41 55 126
37 55 131
37 55 132
37 55 133
36 55 136
37 55 134
37 55 135
37 55 136
39 53 127
39 53 128
39 53 129
39 53 130
38 54 127
38 54 128
38 55 127
38 55 128
39 54 127
39 54 128
39 55 127
39 55 128
38 54 129
38 54 130
38 54 131
38 55 129
38 55 130
38 55 131
39 54 129
39 54 130
39 54 131
39 55 129
39 55 130
39 55 131
40 52 127
40 52 128
40 53 127
40 53 128
41 52 127
41 52 128
41 53 127
41 53 128
40 53 129
40 53 130
40 54 127
40 54 128
40 55 127
40 55 128
41 54 127
41 54 128
41 55 127
41 55 128
40 54 129
40 54 130
40 54 131
40 55 129
40 55 130
40 55 131
41 54 130
41 55 130
41 55 131
38 54 132
38 55 132
38 55 133
39 54 132
39 55 132
39 55 133
38 54 136
38 55 134
38 55 135
38 55 136
39 54 136
39 55 134
39 55 135
39 55 136
40 53 136
41 53 136
40 55 132
41 54 136
28 47 145
28 48 145
29 46 145
30 46 145
29 47 145
29 48 145
29 48 146
30 47 145
30 47 146
30 48 144
30 48 145
30 48 146
33 44 142
34 44 142
33 43 145
33 44 145
33 44 146
34 43 145
34 43 146
34 44 145
34 44 146
32 46 143
31 45 145
31 46 144
31 46 145
31 46 146
32 45 144
32 45 145
32 46 145
32 47 143
32 48 143
31 47 144
31 47 145
31 47 146
31 48 145
31 48 146
32 47 144
32 47 145
32 47 146
32 48 144
32 48 145
32 48 146
33 45 142
33 45 143
33 46 142
33 46 143
34 45 142
34 45 143
34 46 142
34 46 143
33 45 146
33 46 144
33 46 145
33 46 146
34 45 144
34 45 145
34 45 146
34 46 144
34 46 146
33 47 143
33 48 143
34 47 143
34 48 143
33 47 144
33 47 145
33 48 144
33 48 145
34 47 144
34 47 145
34 47 146
34 48 144
34 48 145
30 48 156
31 48 147
32 47 147
32 47 148
32 48 148
33 45 147
33 46 147
34 45 147
34 46 147
33 47 147
33 47 148
33 48 147
33 48 148
34 47 147
34 47 148
34 48 147
34 48 148
33 48 149
31 48 156
32 47 156
32 48 156
33 45 155
33 46 155
33 46 156
34 45 155
34 46 155
34 46 156
33 47 155
33 47 156
33 48 156
34 47 155
34 47 156
34 48 156
28 49 145
28 49 146
28 50 145
28 50 146
28 51 145
28 51 146
29 49 144
29 49 145
29 49 146
30 49 145
30 49 146
29 50 145
29 50 146
29 51 145
30 50 144
30 50 145
30 50 146
30 51 144
30 51 145
30 51 146
28 53 141
28 54 141
29 55 141
28 52 145
28 53 145
28 53 146
28 54 142
28 54 143
28 55 142
28 55 143
28 54 144
28 54 145
28 54 146
28 55 144
28 55 145
28 55 146
29 53 142
29 53 143
29 52 144
29 52 145
29 53 144
29 53 145
29 53 146
30 52 144
30 52 145
30 53 144
30 53 145
30 53 146
29 54 142
29 54 143
29 55 142
29 55 143
30 54 143
30 55 142
30 55 143
29 54 144
29 54 145
29 54 146
29 55 144
29 55 145
29 55 146
30 54 144
30 54 145
30 54 146
30 55 144
30 55 145
30 55 146
31 49 144
31 49 145
31 49 146
32 49 144
32 49 145
32 49 146
31 50 144
31 50 145
31 50 146
31 51 144
31 51 145
31 51 146
32 50 144
32 50 145
32 50 146
32 51 144
32 51 145
32 51 146
33 49 144
33 49 145
33 49 146
34 49 144
34 49 145
33 50 144
33 50 145
33 50 146
33 51 144
33 51 145
33 51 146
34 50 144
34 50 145
34 51 144
34 51 145
34 54 141
34 55 141
31 52 144
31 52 145
31 52 146
31 53 144
31 53 145
31 53 146
32 52 144
32 52 145
32 52 146
32 53 144
32 53 145
32 53 146
31 55 143
32 54 143
31 54 144
31 54 145
31 54 146
31 55 144
31 55 145
31 55 146
32 54 144
32 54 145
32 54 146
32 55 144
32 55 145
32 55 146
33 52 144
33 52 145
33 52 146
33 53 144
33 53 145
33 53 146
34 52 144
34 52 145
34 52 146
34 53 144
34 53 145
34 53 146
33 54 143
33 55 143
34 54 142
34 54 143
34 55 142
34 55 143
33 54 144
33 54 145
33 54 146
33 55 144
33 55 145
33 55 146
34 54 144
34 54 145
34 54 146
34 55 144
34 55 145
34 55 146
28 51 147
29 50 147
29 51 147
30 50 147
30 51 147
30 51 149
30 49 156
30 50 156
30 51 156
28 52 147
28 53 147
28 53 148
28 54 147
28 54 148
28 55 147
29 52 147
29 52 148
29 53 147
29 53 148
30 52 147
30 52 148
30 53 147
30 53 148
30 52 150
30 53 150
29 54 147
29 54 148
29 55 147
29 55 148
30 54 147
30 54 148
30 55 147
30 55 148
29 54 150
29 55 150
29 55 151
30 54 150
30 54 151
30 55 149
30 55 150
30 55 151
30 55 152
32 49 148
32 49 149
31 50 147
31 50 148
31 51 147
32 50 147
32 51 147
31 50 149
31 51 149
31 51 150
32 50 149
32 50 150
32 51 149
32 51 150
33 49 148
34 49 148
33 49 149
33 50 148
33 51 147
34 50 147
34 50 148
34 51 147
33 50 149
33 50 150
33 51 149
33 51 150
31 49 156
32 49 156
31 50 156
31 51 156
32 50 156
32 51 156
33 49 156
34 49 154
34 49 155
34 49 156
33 51 153
34 50 153
34 51 153
33 50 156
33 51 154
33 51 155
33 51 156
34 50 154
34 50 155
34 50 156
34 51 154
34 51 155
34 51 156
31 52 147
31 52 148
31 53 147
31 53 148
32 52 147
32 52 148
32 53 147
32 53 148
31 52 150
31 53 150
31 53 151
32 52 150
32 52 151
32 53 150
32 53 151
31 54 147
31 54 148
31 55 147
31 55 148
32 54 147
32 54 148
32 55 147
32 55 148
31 54 150
31 54 151
31 55 149
31 55 150
31 55 151
32 54 150
32 54 151
32 55 149
32 55 150
32 55 151
33 52 147
33 52 148
33 53 147
33 53 148
34 52 148
34 53 148
33 52 149
33 52 150
33 53 150
33 53 151
33 54 147
33 54 148
33 55 147
33 55 148
34 54 147
34 54 148
34 55 147
34 55 148
33 54 150
33 54 151
33 55 149
33 55 150
33 55 151
32 52 153
32 53 152
32 53 153
31 52 156
31 53 156
32 52 154
32 52 156
32 53 154
32 53 155
32 53 156
31 54 152
31 54 153
31 55 152
31 55 153
32 54 152
32 54 153
32 55 152
32 55 153
31 54 154
31 54 156
31 55 154
32 54 154
32 54 155
32 54 156
32 55 154
32 55 155
32 55 156
33 52 153
33 53 152
33 53 153
34 52 153
34 53 153
33 52 154
33 52 155
33 52 156
33 53 154
33 53 155
33 53 156
34 52 154
34 52 155
34 52 156
34 53 154
34 53 155
34 53 156
33 54 152
33 54 153
33 55 152
33 55 153
34 54 153
34 55 153
33 54 154
33 54 155
33 54 156
33 55 154
33 55 155
33 55 156
34 54 154
34 54 155
34 54 156
34 55 154
34 55 155
34 55 156
35 43 145
35 43 146
35 44 145
35 44 146
36 43 144
35 45 142
35 45 143
35 46 143
35 45 145
35 45 146
35 46 144
35 46 146
35 47 143
35 48 143
35 47 144
35 47 146
35 48 144
35 48 146
36 45 143
36 46 143
37 45 143
37 46 143
36 45 145
36 46 145
36 47 143
37 47 143
36 47 144
36 48 144
37 47 144
37 48 144
38 45 143
38 46 143
39 45 142
38 47 143
38 48 143
39 47 143
39 48 143
38 47 144
38 48 144
39 48 144
40 46 143
41 46 143
40 47 142
40 47 143
40 48 142
40 48 143
41 47 142
41 47 143
41 48 142
41 48 143
35 44 155
36 44 155
36 44 156
37 43 155
37 43 156
37 44 155
37 44 156
35 48 147
37 48 151
35 45 155
35 45 156
35 46 155
35 46 156
35 48 153
35 47 155
35 47 156
35 48 154
35 48 155
35 48 156
37 46 152
37 46 153
36 45 155
36 45 156
36 46 155
36 46 156
37 45 154
37 45 155
37 45 156
37 46 154
37 46 155
37 46 156
36 47 153
36 48 153
37 47 152
37 47 153
37 48 152
37 48 153
36 47 154
36 47 155
36 47 156
36 48 154
36 48 155
36 48 156
37 47 154
37 47 155
37 47 156
37 48 154
37 48 155
37 48 156
39 42 155
39 42 156
38 44 153
39 43 153
39 44 152
39 44 153
38 43 155
38 43 156
38 44 154
38 44 155
38 44 156
39 43 154
39 43 155
39 43 156
39 44 154
39 44 155
39 44 156
40 42 153
41 42 153
40 42 154
40 42 155
40 42 156
41 42 154
41 42 155
41 42 156
40 43 153
40 44 152
40 44 153
41 43 153
41 44 152
41 44 153
40 43 154
40 43 155
40 43 156
40 44 154
40 44 155
40 44 156
41 43 154
41 43 155
41 43 156
41 44 154
41 44 155
41 44 156
38 48 151
39 47 151
39 48 151
40 46 151
41 46 151
40 47 151
40 48 151
41 47 151
41 48 151
38 45 152
38 45 153
38 46 152
38 46 153
39 45 152
39 45 153
39 46 152
39 46 153
38 45 154
38 45 155
38 45 156
38 46 154
38 46 155
38 46 156
39 45 154
39 45 155
39 45 156
39 46 154
39 46 155
39 46 156
38 47 152
38 47 153
38 48 152
38 48 153
39 47 152
39 47 153
39 48 152
39 48 153
38 47 154
38 47 155
38 47 156
38 48 154
38 48 155
38 48 156
39 47 154
39 47 155
39 47 156
39 48 154
39 48 155
39 48 156
40 45 152
40 45 153
40 46 152
40 46 153
41 45 152
41 45 153
41 46 152
41 46 153
40 45 154
40 45 155
40 45 156
40 46 154
40 46 155
40 46 156
41 45 154
41 45 155
41 45 156
41 46 154
41 46 155
41 46 156
40 47 152
40 47 153
40 48 152
40 48 153
41 47 152
41 47 153
41 48 152
41 48 153
40 47 154
40 47 155
40 47 156
40 48 154
40 48 155
40 48 156
41 47 154
41 47 155
41 47 156
41 48 154
41 48 155
41 48 156
35 51 137
36 51 137
36 51 138
37 51 137
37 51 138
35 49 144
35 49 145
35 50 143
35 50 144
35 50 145
35 51 144
35 51 145
35 51 146
36 49 143
37 49 143
36 49 144
37 49 144
36 50 143
36 51 143
37 50 143
37 51 143
36 50 144
36 50 145
36 51 144
36 51 145
37 50 144
37 51 144
37 51 145
35 52 137
35 52 138
35 53 137
35 53 138
35 54 137
35 54 138
35 55 137
35 55 138
35 55 139
35 55 140
35 55 141
36 52 137
36 52 138
36 53 137
36 53 138
37 52 137
37 52 138
37 53 137
37 53 138
36 54 137
36 54 138
36 55 137
36 55 138
37 54 137
37 54 138
37 55 137
37 55 138
36 54 139
36 54 140
36 54 141
36 55 139
36 55 140
36 55 141
37 54 139
37 55 139
37 55 140
37 55 141
35 52 144
35 52 145
35 53 144
35 53 145
35 53 146
35 54 142
35 54 143
35 55 142
35 55 143
35 54 144
35 54 145
35 54 146
35 55 144
35 55 145
35 55 146
36 52 144
36 52 145
36 53 144
36 53 145
37 52 144
37 52 145
37 53 144
37 53 145
36 55 142
36 55 143
37 55 142
37 55 143
36 54 144
36 54 145
36 55 144
36 55 145
37 54 144
37 54 145
37 55 144
38 51 138
39 51 138
40 51 138
38 49 143
39 49 143
38 49 144
39 49 144
38 50 143
38 51 143
39 50 143
39 51 143
38 50 144
38 51 144
39 50 144
39 51 144
40 49 143
41 49 143
40 49 144
40 50 143
40 51 143
41 50 143
41 51 143
40 50 144
38 52 137
38 52 138
38 53 137
38 53 138
39 52 137
39 52 138
39 53 137
39 53 138
38 54 137
38 54 138
38 55 137
38 55 138
39 54 137
39 54 138
39 55 137
39 55 138
38 54 139
38 55 139
38 55 141
39 55 141
40 52 137
40 52 138
40 53 137
40 53 138
41 52 137
41 53 137
40 53 139
40 54 137
40 55 137
41 54 137
38 52 143
39 52 143
38 52 144
38 53 144
39 52 144
39 53 144
38 54 144
38 55 144
39 54 144
39 55 144
40 52 143
35 49 147
35 50 147
35 51 147
37 49 151
35 49 153
35 49 154
35 49 155
35 49 156
35 50 153
35 51 153
35 50 154
35 50 155
35 50 156
35 51 154
35 51 155
35 51 156
36 49 153
37 49 152
37 49 153
36 49 154
36 49 155
36 49 156
37 49 154
37 49 155
37 49 156
36 50 153
36 51 153
37 50 152
37 50 153
37 51 152
37 51 153
36 50 154
36 50 155
36 50 156
36 51 154
36 51 155
36 51 156
37 50 154
37 50 155
37 50 156
37 51 154
37 51 155
37 51 156
35 52 147
35 54 147
35 52 153
35 53 153
35 52 154
35 52 155
35 52 156
35 53 154
35 53 155
35 53 156
35 54 153
35 55 153
35 54 154
35 54 155
35 54 156
35 55 154
35 55 155
35 55 156
36 52 153
36 53 153
37 52 152
37 52 153
37 53 152
37 53 153
36 52 154
36 52 155
36 52 156
36 53 154
36 53 155
36 53 156
37 52 154
37 52 155
37 52 156
37 53 154
37 53 155
37 53 156
36 54 153
36 55 153
37 54 153
37 55 153
36 54 154
36 54 155
36 54 156
36 55 154
36 55 155
36 55 156
37 54 154
37 54 155
37 54 156
37 55 154
37 55 155
37 55 156
38 49 151
39 49 151
38 50 151
38 51 151
39 50 151
39 51 151
40 49 151
41 49 151
40 50 151
40 51 151
41 50 151
38 49 152
38 49 153
39 49 152
39 49 153
38 49 154
38 49 155
38 49 156
39 49 154
39 49 155
39 49 156
38 50 152
38 50 153
38 51 152
38 51 153
39 50 152
39 50 153
39 51 152
39 51 153
38 50 154
38 50 155
38 50 156
38 51 154
38 51 155
38 51 156
39 50 154
39 50 155
39 50 156
39 51 154
39 51 155
39 51 156
40 49 152
40 49 153
41 49 152
41 49 153
40 49 154
40 49 155
40 49 156
41 49 154
41 49 155
41 49 156
40 50 152
40 50 153
40 51 152
40 51 153
41 50 152
41 50 153
41 51 152
41 51 153
40 50 154
40 50 155
40 50 156
40 51 154
40 51 155
40 51 156
41 50 154
41 50 155
41 50 156
41 51 154
41 51 155
41 51 156
39 52 151
38 52 152
38 52 153
38 53 152
38 53 153
39 52 152
39 52 153
39 53 152
39 53 153
38 52 154
38 52 155
38 52 156
38 53 154
38 53 155
38 53 156
39 52 154
39 52 155
39 52 156
39 53 154
39 53 155
39 53 156
38 54 152
38 54 153
38 55 153
39 54 152
39 54 153
39 55 152
39 55 153
38 54 154
38 54 155
38 54 156
38 55 154
38 55 155
38 55 156
39 54 154
39 54 155
39 54 156
39 55 154
39 55 155
39 55 156
40 52 152
40 52 153
40 53 152
40 53 153
41 52 152
41 52 153
41 53 152
41 53 153
40 52 154
40 52 155
40 52 156
40 53 154
40 53 155
40 53 156
41 52 154
41 52 155
41 52 156
41 53 154
41 53 155
41 53 156
40 54 152
40 54 153
40 55 152
40 55 153
41 54 152
41 54 153
41 55 152
41 55 153
40 54 154
40 54 155
40 54 156
40 55 154
40 55 155
40 55 156
41 54 154
41 54 155
41 54 156
41 55 154
41 55 155
41 55 156
42 41 153
42 40 155
42 40 156
42 41 154
42 41 155
42 41 156
43 39 156
44 39 155
44 39 156
43 41 153
44 41 153
43 40 154
43 40 155
43 40 156
43 41 154
43 41 155
43 41 156
44 40 154
44 40 155
44 40 156
44 41 154
44 41 155
44 41 156
45 39 154
45 39 155
45 39 156
46 38 156
46 39 154
46 39 155
46 39 156
45 41 153
46 41 153
45 40 154
45 40 155
45 40 156
45 41 154
45 41 155
45 41 156
46 40 154
46 40 155
46 40 156
46 41 154
46 41 155
46 41 156
47 38 155
47 38 156
47 39 154
47 39 155
47 39 156
48 38 155
48 38 156
48 39 154
48 39 155
48 39 156
47 41 153
48 41 153
47 40 154
47 40 155
47 40 156
47 41 154
47 41 155
47 41 156
48 40 154
48 40 155
48 40 156
48 41 154
48 41 155
48 41 156
49 38 155
49 38 156
49 39 155
49 39 156
49 40 154
49 40 155
49 40 156
49 41 154
49 41 155
49 41 156
50 39 155
50 39 156
51 39 155
51 39 156
50 40 154
50 40 155
50 40 156
50 41 154
50 41 155
50 41 156
51 40 155
51 40 156
51 41 154
51 41 155
51 41 156
52 39 156
52 40 155
52 40 156
52 41 155
52 41 156
53 40 156
53 41 155
53 41 156
42 53 117
42 53 118
42 53 119
42 53 120
42 53 121
42 54 117
42 54 118
42 55 117
42 55 118
42 54 119
42 54 120
42 54 121
42 55 119
42 55 120
42 55 121
43 53 117
43 53 118
43 54 117
43 54 118
43 55 117
43 55 118
43 54 119
43 55 119
42 54 122
42 54 123
42 55 122
42 55 123
42 54 124
42 55 124
42 55 125
42 47 142
42 48 142
42 42 153
42 42 154
42 42 155
42 42 156
42 43 152
42 43 153
42 44 152
42 44 153
42 43 154
42 43 155
42 43 156
42 44 154
42 44 155
42 44 156
43 42 153
44 42 153
43 42 154
43 42 155
43 42 156
44 42 154
44 42 155
44 42 156
43 43 152
43 43 153
43 44 152
43 44 153
44 43 152
44 43 153
44 44 152
44 44 153
43 43 154
43 43 155
43 43 156
43 44 154
43 44 155
43 44 156
44 43 154
44 43 155
44 43 156
44 44 154
44 44 155
44 44 156
42 46 151
42 48 151
42 45 152
42 45 153
42 46 152
42 46 153
42 45 154
42 45 155
42 45 156
42 46 154
42 46 155
42 46 156
42 47 152
42 47 153
42 48 152
42 48 153
42 47 154
42 47 155
42 47 156
42 48 154
42 48 155
42 48 156
43 45 152
43 45 153
43 46 152
43 46 153
44 45 152
44 45 153
44 46 152
44 46 153
43 45 154
43 45 155
43 45 156
43 46 154
43 46 155
43 46 156
44 45 154
44 45 155
44 45 156
44 46 154
44 46 155
44 46 156
43 47 152
43 47 153
43 48 152
43 48 153
44 47 152
44 47 153
44 48 152
44 48 153
43 47 154
43 47 155
43 47 156
43 48 154
43 48 155
43 48 156
44 47 154
44 47 155
44 47 156
44 48 154
44 48 155
44 48 156
45 42 153
46 42 153
45 42 154
45 42 155
45 42 156
46 42 154
46 42 155
46 42 156
45 43 152
45 43 153
45 44 152
45 44 153
46 43 153
46 44 152
46 44 153
45 43 154
45 43 155
45 43 156
45 44 154
45 44 155
45 44 156
46 43 154
46 43 155
46 43 156
46 44 154
46 44 155
46 44 156
47 42 153
48 42 153
47 42 154
47 42 155
47 42 156
48 42 154
48 42 155
48 42 156
47 43 153
47 44 153
48 43 153
48 44 153
47 43 154
47 43 155
47 43 156
47 44 154
47 44 155
47 44 156
48 43 154
48 43 155
48 43 156
48 44 154
48 44 155
48 44 156
45 45 152
45 45 153
45 46 152
45 46 153
46 45 152
46 45 153
46 46 152
46 46 153
45 45 154
45 45 155
45 45 156
45 46 154
45 46 155
45 46 156
46 45 154
46 45 155
46 45 156
46 46 154
46 46 155
46 46 156
45 47 152
45 47 153
45 48 152
45 48 153
46 47 152
46 47 153
46 48 152
46 48 153
45 47 154
45 47 155
45 47 156
45 48 154
45 48 155
45 48 156
46 47 154
46 47 155
46 47 156
46 48 154
46 48 155
46 48 156
47 45 152
47 45 153
47 46 152
47 46 153
48 45 153
48 46 152
48 46 153
47 45 154
47 45 155
47 45 156
47 46 154
47 46 155
47 46 156
48 45 154
48 45 155
48 45 156
48 46 154
48 46 155
48 46 156
47 47 152
47 47 153
47 48 152
47 48 153
48 47 153
48 48 153
47 47 154
47 47 155
47 47 156
47 48 154
47 48 155
47 48 156
48 47 154
48 47 155
48 47 156
48 48 154
48 48 155
48 48 156
42 51 143
42 49 151
42 50 151
43 49 151
42 49 152
42 49 153
42 49 154
42 49 155
42 49 156
42 50 152
42 50 153
42 51 152
42 51 153
42 50 154
42 50 155
42 50 156
42 51 154
42 51 155
42 51 156
43 49 152
43 49 153
44 49 152
44 49 153
43 49 154
43 49 155
43 49 156
44 49 154
44 49 155
44 49 156
43 50 152
43 50 153
43 51 152
43 51 153
44 50 152
44 50 153
44 51 152
44 51 153
43 50 154
43 50 155
43 50 156
43 51 154
43 51 155
43 51 156
44 50 154
44 50 155
44 50 156
44 51 154
44 51 155
44 51 156
42 52 152
42 52 153
42 53 152
42 53 153
42 52 154
42 52 155
42 52 156
42 53 154
42 53 155
42 53 156
42 54 152
42 54 153
42 55 152
42 55 153
42 54 154
42 54 155
42 54 156
42 55 154
42 55 155
42 55 156
43 52 152
43 52 153
43 53 152
43 53 153
44 52 152
44 52 153
44 53 152
44 53 153
43 52 154
43 52 155
43 52 156
43 53 154
43 53 155
43 53 156
44 52 154
44 52 155
44 52 156
44 53 154
44 53 155
44 53 156
43 54 152
43 54 153
43 55 153
44 54 152
44 54 153
43 54 154
43 54 155
43 54 156
43 55 154
43 55 155
43 55 156
44 54 154
44 54 155
44 54 156
44 55 154
44 55 155
44 55 156
45 49 152
45 49 153
46 49 152
46 49 153
45 49 154
45 49 155
45 49 156
46 49 154
46 49 155
46 49 156
45 50 152
45 50 153
45 51 152
45 51 153
46 50 152
46 50 153
46 51 152
46 51 153
45 50 154
45 50 155
45 50 156
45 51 154
45 51 155
45 51 156
46 50 154
46 50 155
46 50 156
46 51 154
46 51 155
46 51 156
47 49 152
47 49 153
48 49 153
47 49 154
47 49 155
47 49 156
48 49 154
48 49 155
48 49 156
47 50 152
47 50 153
47 51 152
47 51 153
48 50 153
48 51 153
47 50 154
47 50 155
47 50 156
47 51 154
47 51 155
47 51 156
48 50 154
48 50 155
48 50 156
48 51 154
48 51 155
48 51 156
45 52 152
45 52 153
45 53 152
45 53 153
46 52 152
46 52 153
46 53 153
45 52 154
45 52 155
45 52 156
45 53 154
45 53 155
45 53 156
46 52 154
46 52 155
46 52 156
46 53 154
46 53 155
46 53 156
45 54 153
45 54 154
45 54 155
45 54 156
45 55 155
45 55 156
46 54 154
46 54 155
46 54 156
46 55 155
46 55 156
47 52 153
47 53 153
48 52 153
47 52 154
47 52 155
47 52 156
47 53 154
47 53 155
47 53 156
48 52 154
48 52 155
48 52 156
48 53 154
48 53 155
48 53 156
47 54 155
47 54 156
47 55 154
47 55 155
48 54 155
49 42 154
49 42 155
49 42 156
49 43 153
49 44 153
49 43 154
49 43 155
49 43 156
49 44 154
49 44 155
49 44 156
50 42 154
50 42 155
50 42 156
51 42 154
51 42 155
51 42 156
50 44 153
50 43 154
50 43 155
50 43 156
50 44 154
50 44 155
50 44 156
51 43 154
51 43 155
51 43 156
51 44 154
51 44 155
51 44 156
49 45 153
49 46 153
49 45 154
49 45 155
49 45 156
49 46 154
49 46 155
49 46 156
49 47 153
49 48 153
49 47 154
49 47 155
49 47 156
49 48 154
49 48 155
49 48 156
50 45 153
50 46 153
51 46 153
50 45 154
50 45 155
50 45 156
50 46 154
50 46 155
50 46 156
51 45 154
51 45 155
51 45 156
51 46 154
51 46 155
51 46 156
50 47 153
50 48 153
50 47 154
50 47 155
50 47 156
50 48 154
50 48 155
50 48 156
51 47 154
51 47 155
51 47 156
51 48 154
51 48 155
51 48 156
52 42 155
52 42 156
53 42 155
53 42 156
52 43 154
52 43 155
52 43 156
52 44 154
52 44 155
52 44 156
53 43 155
53 43 156
53 44 155
53 44 156
54 42 155
54 42 156
54 43 155
54 43 156
54 44 155
54 44 156
52 45 154
52 45 155
52 45 156
52 46 154
52 46 155
52 46 156
53 45 154
53 45 155
53 45 156
53 46 154
53 46 155
53 46 156
52 47 154
52 47 155
52 47 156
52 48 154
52 48 155
52 48 156
53 47 154
53 47 155
53 47 156
53 48 154
53 48 155
53 48 156
54 45 155
54 45 156
54 46 155
54 46 156
54 47 155
54 47 156
54 48 155
54 48 156
49 49 153
49 49 154
49 49 155
49 49 156
49 50 153
49 51 153
49 50 154
49 50 155
49 50 156
49 51 154
49 51 155
49 51 156
50 49 153
50 49 154
50 49 155
50 49 156
51 49 154
51 49 155
51 49 156
50 50 153
50 50 154
50 50 155
50 50 156
50 51 154
50 51 155
50 51 156
51 50 154
51 50 155
51 50 156
51 51 154
51 51 155
51 51 156
49 52 154
49 52 155
49 52 156
49 53 154
49 53 155
49 53 156
49 54 154
50 52 155
50 52 156
50 53 154
51 54 154
52 49 154
52 49 155
52 49 156
53 49 155
53 49 156
52 50 154
52 50 155
52 50 156
52 51 156
53 50 156
54 49 156
52 55 155
55 60 9
55 60 10
55 59 13
55 60 11
55 60 12
55 60 13
55 61 9
55 61 10
55 61 11
55 61 12
55 61 13
55 62 11
55 59 14
55 60 14
55 60 15
54 59 18
54 60 17
54 60 18
55 59 16
55 59 17
55 59 18
55 60 16
55 60 17
55 60 18
55 61 14
55 61 15
54 61 17
54 61 18
55 61 16
55 61 17
55 61 18
53 58 25
53 58 26
53 58 27
53 58 28
54 58 27
54 58 28
55 58 27
55 58 28
53 59 23
53 60 23
54 59 19
54 59 20
54 60 19
54 60 20
55 59 19
55 59 20
55 60 19
55 60 20
54 59 21
54 59 22
54 59 23
54 60 21
54 60 22
54 60 23
55 59 21
55 59 22
55 59 23
55 60 21
55 60 22
55 60 23
54 61 19
54 61 20
55 61 19
55 61 20
54 61 21
54 61 22
54 61 23
55 61 21
55 61 22
53 59 24
53 59 25
53 60 24
53 60 25
53 59 26
53 59 27
53 59 28
53 60 26
53 60 27
53 60 28
54 59 24
54 59 25
54 60 24
54 60 25
55 59 24
55 59 25
55 60 24
55 60 25
54 59 26
54 59 27
54 59 28
54 60 26
54 60 27
54 60 28
55 59 26
55 59 27
55 59 28
55 60 26
55 60 27
55 60 28
53 58 29
53 58 30
52 58 31
52 58 32
52 58 33
53 57 33
53 58 31
53 58 32
53 58 33
54 58 29
54 58 30
55 58 29
55 58 30
54 58 31
54 58 32
54 58 33
55 58 31
55 58 32
55 58 33
52 57 34
52 57 35
52 58 34
52 58 35
53 57 34
53 57 35
53 58 34
53 58 35
52 57 36
52 57 37
52 57 38
52 58 36
52 58 37
52 58 38
53 57 36
53 57 37
53 57 38
53 58 36
53 58 37
53 58 38
54 57 35
54 58 34
54 58 35
55 58 34
55 58 35
54 57 36
54 57 37
54 57 38
54 58 36
54 58 37
54 58 38
55 58 36
55 58 37
55 58 38
53 59 29
53 59 30
53 60 29
53 60 30
52 59 31
52 59 32
52 59 33
53 59 31
53 59 32
53 59 33
53 60 31
53 60 32
53 60 33
54 59 29
54 59 30
54 60 29
54 60 30
55 59 29
55 59 30
55 60 29
55 60 30
54 59 31
54 59 32
54 59 33
54 60 31
54 60 32
55 59 31
55 59 32
55 59 33
52 59 34
52 59 35
53 59 34
53 59 35
53 60 34
52 59 36
52 59 37
52 59 38
53 59 36
53 59 37
53 59 38
53 60 36
53 60 37
54 59 34
54 59 35
55 59 34
54 59 36
54 59 37
54 59 38
55 59 36
51 56 47
51 57 46
51 57 47
51 58 46
51 58 47
53 56 40
52 56 41
52 56 42
53 56 41
53 56 42
52 57 39
52 57 40
52 58 39
52 58 40
53 57 39
53 57 40
53 58 39
53 58 40
52 57 41
52 57 42
52 58 41
52 58 42
53 57 41
53 57 42
53 58 41
53 58 42
54 57 39
54 57 40
54 58 39
54 58 40
55 58 39
55 58 40
54 57 41
54 57 42
54 58 41
54 58 42
55 57 41
55 58 41
52 56 43
52 56 44
53 56 43
53 56 44
52 56 45
52 56 46
52 56 47
53 56 45
53 56 46
53 56 47
52 57 43
52 57 44
52 58 43
52 58 44
53 57 43
53 57 44
53 58 43
53 58 44
52 57 45
52 57 46
52 57 47
52 58 45
52 58 46
52 58 47
53 57 45
53 57 46
53 57 47
53 58 45
53 58 46
53 58 47
54 56 46
54 56 47
54 57 43
54 57 44
54 58 43
54 58 44
54 57 45
54 57 46
54 57 47
54 58 45
54 58 46
54 58 47
52 59 39
52 59 40
53 59 39
53 59 40
52 59 41
52 59 42
53 59 41
53 59 42
54 59 39
54 59 40
54 59 41
54 59 42
52 59 43
52 59 44
53 59 43
53 59 44
52 59 45
53 59 45
51 56 48
51 56 49
51 56 50
51 56 51
51 56 52
51 57 48
51 57 49
51 58 48
51 58 49
51 57 50
51 57 51
51 57 52
51 58 50
51 58 51
51 58 52
51 56 53
51 56 54
50 56 56
50 56 57
51 56 55
51 56 56
51 56 57
51 57 53
51 57 54
51 58 53
51 58 54
50 57 56
50 57 57
51 57 55
51 57 56
51 57 57
51 58 55
51 58 56
51 58 57
52 56 48
52 56 49
53 56 48
53 56 49
52 56 50
52 56 51
52 56 52
53 56 50
53 56 51
53 56 52
52 57 48
52 57 49
52 58 48
52 58 49
53 57 48
53 57 49
53 58 48
53 58 49
52 57 50
52 57 51
52 57 52
52 58 50
52 58 51
52 58 52
53 57 50
53 57 51
53 57 52
53 58 50
53 58 51
53 58 52
54 57 48
54 57 49
54 57 50
54 57 51
54 57 52
52 56 53
52 56 54
53 56 53
53 56 54
52 56 55
52 56 56
52 56 57
53 56 55
53 56 56
53 56 57
52 57 53
52 57 54
52 58 53
52 58 54
53 57 53
53 57 54
53 58 53
53 58 54
52 57 55
52 57 56
52 57 57
52 58 55
52 58 56
52 58 57
53 57 55
53 57 56
53 57 57
53 58 55
53 58 56
53 58 57
48 56 74
48 56 75
48 56 76
48 56 77
50 56 58
50 56 59
51 56 58
51 56 59
50 56 60
50 56 61
50 56 62
51 56 60
51 56 61
51 56 62
50 57 58
50 57 59
50 58 59
51 57 58
51 57 59
51 58 58
51 58 59
50 57 60
50 57 61
50 57 62
50 58 60
50 58 61
50 58 62
51 57 60
51 57 61
51 57 62
51 58 60
51 58 61
51 58 62
49 56 64
49 56 65
49 56 66
49 56 67
49 57 64
49 57 65
49 57 66
49 57 67
50 56 63
50 56 64
51 56 63
51 56 64
50 56 65
50 56 66
50 56 67
51 56 65
51 56 66
51 56 67
50 57 63
50 57 64
50 58 63
50 58 64
51 57 63
51 57 64
51 58 63
51 58 64
50 57 65
50 57 66
50 57 67
50 58 65
50 58 66
50 58 67
51 57 65
51 57 66
51 57 67
51 58 65
51 58 66
51 58 67
52 56 58
52 56 59
53 56 58
53 56 59
52 56 60
52 56 61
52 56 62
53 56 60
53 56 61
52 57 58
52 57 59
52 58 58
52 58 59
53 57 58
53 57 59
52 57 60
52 57 61
52 57 62
52 58 60
52 58 61
52 58 62
53 57 60
53 57 61
52 56 63
52 56 64
52 56 65
52 56 66
52 56 67
52 57 63
52 57 64
52 58 63
52 58 64
52 57 65
52 57 66
52 57 67
52 58 65
49 56 68
49 56 69
49 56 70
49 56 71
49 56 72
49 57 68
49 57 69
49 57 70
49 57 71
49 57 72
50 56 68
50 56 69
51 56 68
51 56 69
50 56 70
50 56 71
50 56 72
51 56 70
51 56 71
51 56 72
50 57 68
50 57 69
50 58 68
50 58 69
51 57 68
51 57 69
51 58 68
50 57 70
50 57 71
50 57 72
50 58 70
51 57 70
51 57 71
51 57 72
49 56 73
49 56 74
49 56 75
49 56 76
49 56 77
49 57 73
49 57 74
49 57 75
49 57 76
49 57 77
50 56 73
50 56 74
51 56 73
51 56 74
50 56 75
50 56 76
50 56 77
51 56 75
51 56 76
51 56 77
50 57 73
50 57 74
51 57 73
51 57 74
50 57 75
50 57 76
50 57 77
52 56 68
52 56 69
52 56 70
52 57 68
23 57 134
24 57 134
24 57 135
25 57 135
25 57 136
26 57 136
22 65 133
23 65 133
22 65 134
23 65 134
22 66 132
22 66 133
22 67 132
23 66 133
23 67 133
23 66 134
25 63 136
24 64 134
24 64 135
24 64 136
24 65 134
24 65 135
25 64 135
25 64 136
26 63 136
24 66 134
20 59 146
20 60 146
19 61 146
19 62 146
20 61 146
20 62 146
16 64 144
16 65 144
16 66 143
16 66 144
20 63 138
19 65 138
20 64 138
20 65 137
20 65 138
19 65 139
20 64 139
20 65 139
18 63 145
17 65 143
17 64 145
17 65 144
17 65 145
18 64 144
18 64 145
18 65 144
18 65 145
19 63 145
19 63 146
20 63 145
20 63 146
19 64 144
19 64 145
19 64 146
19 65 144
19 65 145
19 65 146
20 64 145
20 64 146
20 65 145
20 65 146
20 66 137
20 66 138
17 66 143
17 66 144
17 67 144
18 66 144
18 66 145
18 67 144
19 66 145
19 67 145
20 66 145
20 67 145
20 63 147
21 57 139
22 56 140
23 56 141
22 56 144
23 57 144
23 58 144
23 59 141
23 60 141
22 61 141
22 62 139
22 62 140
22 62 141
23 61 141
23 62 139
23 62 140
23 62 141
21 60 146
21 61 146
21 62 146
23 59 142
23 60 142
23 61 142
23 62 142
23 62 143
22 61 146
22 62 146
25 56 141
25 57 137
25 58 140
27 56 138
27 56 139
26 57 137
26 57 138
27 57 138
26 57 139
27 57 139
27 57 140
27 57 141
27 58 141
24 56 145
25 56 145
25 56 146
24 57 142
24 58 142
25 57 142
25 57 143
25 58 142
25 58 143
24 57 145
24 58 145
25 57 145
25 58 145
26 56 143
27 56 142
27 56 143
26 56 145
26 56 146
27 56 144
27 56 145
27 56 146
26 57 143
26 58 143
27 57 142
27 58 142
27 58 143
26 57 144
26 57 145
26 57 146
26 58 144
26 58 145
26 58 146
27 57 144
27 57 145
27 57 146
27 58 144
27 58 145
27 58 146
24 61 141
24 62 140
24 62 141
25 61 141
25 62 141
27 59 141
27 60 140
26 62 137
26 62 138
27 62 137
27 62 138
27 61 139
27 61 140
27 62 139
24 59 143
24 60 142
24 60 143
25 59 142
25 59 143
25 60 142
25 60 143
25 59 144
25 59 145
25 60 144
24 61 142
24 61 143
24 62 142
24 62 143
25 61 142
25 61 143
25 62 142
25 62 143
25 61 144
25 62 144
26 59 143
26 60 142
26 60 143
27 59 143
27 60 143
26 59 144
26 59 145
26 60 144
26 60 145
27 59 144
27 59 145
27 59 146
27 60 144
27 60 145
26 61 142
26 61 143
26 62 142
26 62 143
27 61 143
27 62 142
27 62 143
26 61 144
26 61 145
26 62 144
27 61 144
27 61 145
27 62 144
21 61 147
21 62 147
22 59 147
22 60 147
23 60 147
23 60 148
22 61 148
22 62 147
22 62 148
23 61 148
23 62 147
23 62 148
25 58 149
27 56 147
27 57 147
26 58 149
26 58 150
27 57 150
27 58 149
27 58 150
27 58 151
24 59 148
24 60 148
25 59 148
25 60 148
24 60 149
25 59 149
25 60 149
24 61 148
24 62 147
24 62 148
25 61 148
25 62 148
24 61 149
25 61 149
26 59 148
26 60 148
26 59 149
26 59 150
26 60 149
27 59 149
27 59 150
27 60 149
27 60 150
26 61 149
27 61 149
21 63 138
21 63 139
21 64 137
21 64 138
21 65 137
21 65 138
21 64 139
21 64 140
21 65 139
21 65 140
22 63 138
22 63 139
22 63 140
22 63 141
23 63 139
23 63 140
23 63 141
22 64 138
22 65 138
22 64 139
22 64 140
22 64 141
22 65 139
22 65 140
23 64 139
23 64 140
23 64 141
23 65 139
23 65 140
23 65 141
21 63 146
21 64 146
21 65 146
23 63 142
22 63 146
22 64 146
22 65 146
21 66 138
25 63 137
24 63 140
24 63 141
25 63 141
24 64 140
24 64 141
25 64 140
25 64 141
26 63 137
26 63 138
27 63 138
26 64 141
24 63 142
24 63 143
25 63 142
25 63 143
24 64 142
25 64 142
26 63 142
26 63 143
27 63 142
27 63 143
26 64 142
27 64 143
27 65 142
21 63 147
21 64 147
22 63 147
23 63 147
22 64 147
24 63 147
48 56 78
48 56 79
48 56 80
48 56 81
48 56 82
48 56 83
48 56 84
48 56 85
48 56 86
47 56 87
47 56 88
48 56 87
48 56 88
47 56 89
47 56 90
47 56 91
48 56 89
48 56 90
48 56 91
47 56 92
47 56 93
48 56 92
48 56 93
47 56 94
47 56 95
49 56 78
49 56 79
49 56 80
49 56 81
49 57 78
49 57 79
49 57 80
50 56 78
50 56 79
50 56 80
50 56 81
50 57 78
50 57 79
49 56 82
49 56 83
49 56 84
49 56 85
49 56 86
50 56 82
50 56 83
50 56 84
50 56 85
49 56 87
49 56 88
49 56 89
42 56 113
42 56 114
43 56 112
43 56 113
43 56 114
41 56 118
41 56 119
41 56 120
41 56 121
39 56 124
39 56 125
39 56 126
40 56 122
40 56 123
41 56 122
41 56 123
40 56 124
40 56 125
40 56 126
41 56 124
41 56 125
41 56 126
37 56 132
37 56 133
36 56 136
37 56 134
37 56 135
37 56 136
37 57 134
38 56 128
39 56 127
39 56 128
38 56 129
38 56 130
38 56 131
39 56 129
39 56 130
39 56 131
40 56 127
40 56 128
41 56 127
41 56 128
40 56 129
40 56 130
40 56 131
41 56 130
41 56 131
40 57 127
40 57 128
41 57 128
40 57 129
38 56 132
38 56 133
39 56 132
39 56 133
38 56 134
38 56 135
38 56 136
39 56 134
39 56 135
39 56 136
38 57 134
38 57 135
38 58 134
39 57 134
39 57 135
39 58 134
39 59 134
28 56 139
28 56 140
28 56 141
28 57 139
28 57 140
28 57 141
28 58 141
29 56 140
29 56 141
30 56 141
29 57 140
29 57 141
29 58 140
30 57 141
30 58 141
28 56 142
28 56 143
28 56 144
28 56 145
28 56 146
28 57 142
28 57 143
28 58 142
28 57 144
28 57 145
28 57 146
28 58 144
28 58 145
28 58 146
29 56 142
29 56 143
30 56 142
30 56 143
29 56 144
29 56 145
29 56 146
30 56 144
30 56 145
30 56 146
29 57 142
29 57 143
29 58 142
29 58 143
30 57 142
30 57 143
30 58 142
30 58 143
29 57 144
29 57 145
29 57 146
29 58 144
29 58 145
29 58 146
30 57 144
30 57 145
30 57 146
30 58 144
30 58 145
30 58 146
28 59 141
28 60 140
28 60 141
28 61 139
28 61 140
28 62 139
29 59 141
29 60 140
29 60 141
30 59 141
30 60 141
29 61 140
29 61 141
28 59 142
28 60 143
28 59 144
28 59 145
28 59 146
28 60 144
28 60 145
28 60 146
28 61 143
28 62 143
28 61 144
28 61 145
28 61 146
28 62 144
29 59 142
29 59 143
30 59 142
30 59 143
30 60 142
30 60 143
29 59 144
29 59 145
29 59 146
29 60 144
29 60 145
29 60 146
30 59 144
30 59 145
30 59 146
30 60 145
30 60 146
29 61 142
29 62 143
30 62 142
29 61 144
29 61 145
29 61 146
29 62 144
29 62 146
30 61 144
30 61 145
30 62 144
34 56 141
31 56 143
31 56 144
31 56 145
31 56 146
32 56 144
32 56 145
32 56 146
31 57 142
31 57 143
31 58 142
31 58 143
32 57 143
32 58 143
31 57 144
31 57 145
31 57 146
31 58 144
31 58 145
31 58 146
32 57 144
32 57 145
32 57 146
32 58 144
32 58 145
32 58 146
33 56 143
34 56 142
34 56 143
33 56 144
33 56 145
33 56 146
34 56 144
34 56 145
34 56 146
34 57 142
34 57 143
33 57 144
33 57 145
33 57 146
33 58 144
33 58 145
33 58 146
34 57 144
34 57 145
34 57 146
34 58 144
34 58 145
34 58 146
31 59 142
31 59 143
31 60 143
32 59 143
31 59 144
31 59 145
31 59 146
31 60 144
31 60 145
31 60 146
32 59 144
32 59 145
32 59 146
32 60 144
32 60 145
32 60 146
31 61 143
31 62 143
32 61 143
31 61 144
31 61 145
31 62 144
32 61 144
32 61 145
32 62 144
33 59 143
33 60 143
33 59 144
33 59 145
33 59 146
33 60 144
33 60 145
33 60 146
34 59 144
34 59 145
34 59 146
34 60 144
34 60 145
34 60 146
33 61 143
34 61 143
34 62 143
33 61 144
33 61 145
33 62 144
34 61 144
34 61 145
34 62 144
28 56 147
28 56 150
28 57 147
28 58 147
28 57 150
28 57 151
28 58 150
28 58 151
29 56 147
29 56 148
30 56 147
30 56 148
29 56 150
29 56 151
30 56 150
30 56 151
29 57 147
29 58 147
30 57 147
30 57 148
30 58 147
29 57 150
29 57 151
29 58 150
29 58 151
30 57 150
30 57 151
30 58 150
30 58 151
28 59 150
28 60 150
29 59 147
29 60 147
30 59 147
30 60 147
29 59 150
30 59 150
30 61 147
31 56 147
31 56 148
32 56 147
32 56 148
31 56 149
31 56 150
31 56 151
32 56 149
32 56 150
32 56 151
31 57 147
31 57 148
31 58 147
32 57 147
32 57 148
32 58 147
31 57 150
31 57 151
31 58 150
31 58 151
32 57 150
32 57 151
32 58 150
33 56 147
33 56 148
34 56 147
34 56 148
33 56 149
33 56 150
33 56 151
33 57 147
33 57 148
33 58 147
33 58 148
34 57 147
34 57 148
34 58 147
34 58 148
31 56 152
32 56 152
32 56 153
32 56 154
32 57 152
33 56 152
33 56 153
34 56 153
33 56 154
33 56 155
34 56 154
34 56 155
34 56 156
33 57 152
31 59 147
31 60 147
32 59 147
32 60 147
31 61 147
31 62 147
32 61 147
32 62 147
33 59 147
33 60 147
34 59 147
34 60 147
33 61 147
33 62 147
34 61 147
34 61 148
34 62 147
28 63 143
28 64 143
28 65 142
28 65 143
29 63 143
29 63 144
29 63 146
30 63 144
29 64 143
29 65 143
30 64 143
31 63 144
32 63 144
34 63 143
33 63 144
34 63 144
34 64 142
34 64 143
34 65 142
34 65 143
34 64 144
34 68 141
34 69 141
34 66 142
34 66 143
34 67 142
34 67 143
34 66 146
34 67 146
34 68 142
34 68 146
34 69 146
32 63 147
32 64 147
33 63 147
34 63 147
33 64 147
33 65 147
34 64 147
34 65 147
33 66 147
34 66 147
34 67 147
35 56 138
35 56 139
35 56 140
35 56 141
35 57 139
35 57 140
35 57 141
36 56 137
36 56 138
37 56 137
37 56 138
36 56 139
36 56 140
36 56 141
37 56 139
37 56 140
37 56 141
37 57 137
37 57 138
36 57 139
36 57 140
36 57 141
36 58 140
36 58 141
37 57 139
37 57 140
37 57 141
37 58 140
37 58 141
35 56 142
35 56 143
35 56 144
35 56 145
35 56 146
35 57 142
35 57 143
35 58 143
35 57 144
35 57 145
35 58 144
35 58 145
36 56 142
36 56 143
37 56 142
37 56 143
36 56 144
36 56 145
37 56 144
36 57 142
36 57 143
36 58 142
36 58 143
37 57 142
37 57 143
37 58 142
37 58 143
36 57 144
36 57 145
36 58 144
36 58 145
37 57 144
37 58 144
36 59 140
37 59 140
37 59 141
37 60 140
35 59 144
35 59 145
35 60 144
35 60 145
35 61 144
35 61 145
35 62 144
36 59 143
37 59 142
37 59 143
37 60 143
36 59 144
36 60 144
37 59 144
37 60 144
37 61 143
36 61 144
36 62 144
37 61 144
37 62 144
38 56 137
38 56 138
39 56 137
39 56 138
38 56 139
38 56 140
38 56 141
39 56 141
38 57 137
38 57 138
38 57 140
38 57 141
38 58 140
38 58 141
39 57 141
39 58 140
39 58 141
40 56 141
41 56 140
41 56 141
40 57 141
40 58 141
41 57 140
41 57 141
41 58 141
38 56 142
38 56 143
39 56 142
38 56 144
39 56 144
38 57 142
38 57 143
38 58 142
38 58 143
39 57 142
39 57 143
39 58 142
39 58 143
38 57 144
38 58 144
39 57 144
39 58 144
40 57 142
40 58 142
40 58 143
41 58 142
38 59 140
38 59 141
38 60 140
38 60 141
39 59 140
39 59 141
39 60 139
39 60 140
39 60 141
38 61 139
38 61 140
39 61 139
39 61 140
39 62 139
39 62 140
40 59 141
40 60 139
41 59 141
40 61 139
40 62 139
38 59 142
38 59 143
38 60 142
38 60 143
39 59 142
39 59 143
39 60 142
39 60 143
38 59 144
38 60 144
38 61 143
38 62 143
39 61 142
39 61 143
39 62 143
38 61 144
40 59 142
40 59 143
40 60 142
40 60 143
41 59 142
41 59 143
41 60 142
41 60 143
40 61 142
40 61 143
40 62 143
41 61 142
41 61 143
41 62 142
41 62 143
35 56 147
35 57 147
35 58 147
35 56 153
35 56 154
35 56 155
35 56 156
36 56 153
37 56 153
36 56 154
36 56 155
36 56 156
37 56 154
37 56 155
37 56 156
35 59 147
35 60 147
35 61 147
35 62 147
38 56 153
39 56 152
39 56 153
38 56 154
38 56 155
38 56 156
39 56 154
39 56 155
39 56 156
40 56 153
40 56 154
40 56 155
40 56 156
41 56 154
41 56 155
41 56 156
35 63 143
35 63 144
35 64 143
35 65 142
35 65 143
35 64 144
36 63 144
37 63 144
36 64 144
36 65 146
35 68 141
35 69 141
35 66 142
35 66 143
35 67 142
35 67 143
35 66 146
35 67 146
35 68 142
35 69 142
35 68 146
35 69 146
36 66 143
36 67 143
36 66 146
36 69 142
40 63 139
39 63 143
39 65 143
40 63 142
40 63 143
41 63 143
41 64 143
41 65 143
40 66 143
35 63 147
35 64 147
35 65 147
35 66 147
35 67 147
34 70 141
35 70 140
35 70 141
35 71 140
35 71 141
35 72 139
35 72 140
36 70 141
36 71 141
36 72 140
36 72 141
35 70 146
35 73 139
35 73 140
36 73 140
42 56 117
42 56 118
42 56 119
42 56 120
42 56 121
43 56 118
43 56 119
42 56 122
42 56 124
42 56 140
42 56 141
42 57 140
42 57 141
42 58 140
42 58 141
43 57 140
43 57 141
43 58 140
43 58 141
42 58 142
43 62 141
44 62 141
42 59 142
42 60 142
42 60 143
42 61 142
42 61 143
42 62 142
42 62 143
43 59 142
43 60 142
43 61 142
43 61 143
43 62 142
44 61 142
44 62 142
45 62 141
42 56 155
42 56 156
43 56 155
43 56 156
44 56 155
44 56 156
45 56 155
45 56 156
46 56 155
42 63 141
43 63 141
44 63 141
42 63 142
42 63 143
43 63 142
44 63 142
44 64 142
45 63 141
45 63 142
53 56 156
53 57 156
53 58 156
54 56 156
55 56 155
54 57 155
83 28 113
82 28 116
83 28 114
83 28 115
83 28 116
82 29 116
82 30 116
83 29 114
83 29 115
83 29 116
83 30 115
83 30 116
62 35 151
60 36 155
60 37 155
60 37 156
61 35 153
62 35 152
62 35 153
61 36 153
61 37 153
62 36 152
62 36 153
62 37 153
61 36 154
61 36 155
61 37 154
61 37 155
61 37 156
62 36 154
62 36 155
62 36 156
62 37 154
62 37 155
62 37 156
60 38 155
60 38 156
60 39 156
61 38 154
61 38 155
61 38 156
61 39 156
62 38 154
62 38 155
69 32 140
69 32 141
69 33 140
69 33 141
69 34 141
67 32 144
66 33 145
66 33 146
66 34 145
66 34 146
67 33 144
67 33 145
67 33 146
67 34 144
67 34 145
67 34 146
68 32 142
68 32 143
69 32 142
69 32 143
68 32 144
68 32 145
69 32 144
69 32 145
68 33 142
68 33 143
68 34 142
68 34 143
69 33 142
69 33 143
69 34 142
69 34 143
68 33 144
68 33 145
68 33 146
68 34 144
68 34 145
68 34 146
69 33 144
69 33 145
69 34 144
69 34 145
63 34 150
64 34 148
65 33 147
65 33 148
65 34 147
65 34 148
64 34 149
64 34 150
64 34 151
65 34 149
65 34 150
65 34 151
66 33 147
66 33 148
66 34 147
66 34 148
67 33 147
67 33 148
67 34 147
67 34 148
66 34 149
66 34 150
68 33 147
66 35 146
67 35 145
67 35 146
63 35 150
63 35 151
63 36 150
63 36 151
65 35 147
65 35 148
64 35 149
64 35 150
64 35 151
65 35 149
65 35 150
65 35 151
64 36 150
64 36 151
65 36 149
65 36 150
65 36 151
63 35 152
63 35 153
63 36 152
63 36 153
63 37 152
63 37 153
63 36 154
63 37 154
64 35 152
64 36 152
64 37 152
65 37 153
66 35 147
66 35 148
67 35 147
67 35 148
66 35 149
66 38 154
67 38 154
66 41 155
67 40 154
67 41 155
68 39 154
56 55 156
58 53 156
57 55 155
58 54 156
59 53 156
60 54 155
61 54 156
62 54 155
62 54 156
65 46 155
64 48 155
64 48 156
65 47 155
65 47 156
65 48 155
65 48 156
67 42 155
67 43 155
67 44 155
66 45 155
67 46 154
66 47 154
66 47 155
66 47 156
66 48 154
66 48 155
66 48 156
67 47 154
67 47 155
67 47 156
67 48 154
67 48 155
67 48 156
68 46 154
68 47 153
68 48 153
69 47 152
69 47 153
69 48 152
69 48 153
68 47 154
68 47 155
68 48 154
68 48 155
69 47 154
69 48 154
69 48 155
63 49 156
63 50 155
63 51 155
64 49 156
65 49 155
65 49 156
64 50 156
65 50 156
63 52 155
63 53 155
66 49 155
66 49 156
67 49 154
67 49 155
67 49 156
66 50 155
67 50 155
68 49 153
69 49 153
68 49 154
68 49 155
69 49 154
68 50 155
69 50 154
72 31 135
72 31 136
72 32 135
72 32 136
72 33 136
76 30 127
76 30 128
75 30 129
75 30 130
75 30 131
76 30 129
76 30 130
76 30 131
75 30 132
75 30 133
74 31 131
74 32 131
76 31 127
76 31 128
76 32 128
75 31 129
75 31 130
75 31 131
75 32 130
75 32 131
76 31 129
76 31 130
76 31 131
76 32 129
76 32 130
76 32 131
73 31 133
73 32 133
74 31 132
74 31 133
74 32 132
74 32 133
73 31 134
73 31 135
73 31 136
73 32 134
73 32 135
73 32 136
74 31 134
74 31 135
74 31 136
74 32 134
74 32 135
73 33 134
73 33 135
73 33 136
74 33 134
75 31 132
75 31 133
75 32 132
75 32 133
76 31 132
75 31 134
77 30 125
77 30 126
78 30 123
79 29 122
79 29 123
79 30 122
79 30 123
78 29 124
78 29 125
78 29 126
78 30 124
78 30 125
78 30 126
79 29 124
79 29 125
79 30 124
79 30 125
79 30 126
77 31 125
77 31 126
79 31 122
79 31 123
78 31 124
78 31 125
78 31 126
79 31 124
79 31 125
79 31 126
81 28 118
81 28 119
81 28 120
81 29 118
81 30 118
80 29 120
80 29 121
80 30 120
80 30 121
81 29 119
81 29 120
81 29 121
81 30 119
81 30 120
81 30 121
82 28 117
82 28 118
83 28 117
83 28 118
82 28 119
82 28 120
83 28 119
82 29 117
82 29 118
82 30 117
82 30 118
83 29 117
83 29 118
83 30 117
83 30 118
82 29 119
82 29 120
82 29 121
82 30 119
82 30 120
82 30 121
83 29 119
80 29 122
80 29 123
80 30 122
80 30 123
81 29 122
81 29 123
81 30 122
81 30 123
80 29 124
80 30 124
80 30 125
81 31 121
80 31 122
80 31 123
80 31 124
77 30 127
77 30 128
77 30 129
77 30 130
78 30 127
78 30 128
77 31 127
77 31 128
77 32 127
77 32 128
77 31 129
77 31 130
77 32 129
78 31 127
78 31 128
70 32 139
70 32 140
70 32 141
70 33 139
70 33 140
70 33 141
70 34 141
71 31 137
71 31 138
71 32 137
71 32 138
72 31 137
72 31 138
72 32 137
72 32 138
71 31 139
71 32 139
71 32 140
71 32 141
72 31 139
72 32 139
72 32 140
71 33 137
71 33 138
72 33 137
72 33 138
71 33 139
71 33 140
71 33 141
71 34 141
72 33 139
72 33 140
70 32 142
70 32 143
70 33 142
70 33 143
70 34 142
71 32 142
71 33 142
73 31 137
73 31 138
73 32 137
73 32 138
73 33 137
76 46 146
76 47 146
76 48 146
70 47 151
70 48 151
71 47 150
71 47 151
71 48 150
71 48 151
72 47 149
72 47 150
72 47 151
72 48 150
72 48 151
70 47 152
70 47 153
70 48 152
70 48 153
70 47 154
70 48 154
71 47 152
71 47 153
71 48 152
71 48 153
72 47 152
72 48 152
72 48 153
73 46 150
74 46 149
73 47 148
74 47 148
74 48 148
73 47 149
73 47 150
73 47 151
73 48 149
73 48 150
73 48 151
74 47 149
74 47 150
74 47 151
74 48 149
74 48 150
74 48 151
75 46 147
76 46 147
76 46 148
75 46 149
76 46 149
75 47 147
75 47 148
75 48 147
75 48 148
76 47 147
76 47 148
76 48 147
76 48 148
75 47 149
75 47 150
75 48 149
75 48 150
76 47 149
76 48 149
73 47 152
73 48 152
71 49 151
72 49 151
70 49 152
70 49 153
70 49 154
71 49 153
73 49 150
73 49 151
74 49 149
74 49 150
75 49 149
77 46 145
77 46 146
77 47 145
77 47 146
77 48 146
79 45 143
79 46 143
78 45 145
78 46 144
78 46 145
78 46 146
79 45 144
79 46 144
79 46 145
79 46 146
79 47 143
78 47 144
78 47 145
78 47 146
78 48 145
78 48 146
79 47 144
79 47 145
79 47 146
79 48 144
79 48 145
79 48 146
81 45 141
81 46 141
81 47 141
82 45 140
82 45 141
82 46 140
82 46 141
83 45 139
83 45 140
83 45 141
83 46 139
83 46 140
83 46 141
82 47 141
83 47 141
80 45 142
80 45 143
80 46 142
80 46 143
81 45 142
81 45 143
81 46 142
81 46 143
80 45 144
80 46 144
80 46 145
81 45 144
81 46 144
80 47 142
80 47 143
81 47 142
81 47 143
80 47 144
80 47 145
80 48 144
81 47 144
82 45 142
82 45 143
82 46 142
82 46 143
83 45 142
83 46 142
82 47 142
82 47 143
83 47 142
77 46 147
77 46 148
77 47 147
77 47 148
77 48 147
77 48 148
78 46 147
78 47 147
78 48 147
87 27 105
87 27 106
88 27 105
88 27 106
89 27 106
84 27 111
86 27 107
86 27 108
85 27 109
85 27 110
85 27 111
86 27 109
86 27 110
86 27 111
84 27 112
84 27 113
85 27 112
87 27 107
87 27 108
88 27 107
88 27 108
87 27 109
87 27 110
87 28 105
87 28 106
88 28 105
88 28 106
87 29 106
84 28 111
86 28 107
86 28 108
85 28 109
85 28 110
85 28 111
86 28 109
86 28 110
86 28 111
86 29 108
85 29 110
85 29 111
86 29 109
86 29 110
86 29 111
84 28 112
84 28 113
84 28 114
84 28 115
84 28 116
84 29 112
84 29 113
84 29 114
84 29 115
84 29 116
85 28 112
85 28 113
86 28 112
85 28 114
85 29 112
85 29 113
85 29 114
87 28 107
87 28 108
88 28 107
88 28 108
87 28 109
87 28 110
87 29 107
87 29 108
87 29 109
84 28 117
97 41 126
86 44 136
86 45 136
87 44 135
87 44 136
88 44 134
88 44 135
88 44 136
89 44 133
90 43 133
90 44 132
90 44 133
89 44 134
89 44 135
89 44 136
90 43 134
90 44 134
90 44 135
87 45 135
87 45 136
87 46 136
88 45 134
88 45 135
88 45 136
88 46 136
89 45 133
90 45 132
90 45 133
89 45 134
89 45 135
89 45 136
90 45 134
90 45 135
96 42 125
96 42 126
97 42 124
97 42 125
97 42 126
96 43 125
96 43 126
97 43 125
97 43 126
91 43 131
91 44 131
92 43 130
92 43 131
92 44 130
92 44 131
93 43 129
93 43 130
93 43 131
93 44 129
93 44 130
93 44 131
91 43 132
91 43 133
91 44 132
91 44 133
91 44 134
92 43 132
92 43 133
92 44 132
92 44 133
93 43 132
93 44 132
91 45 131
92 45 131
93 45 130
93 45 131
91 45 132
91 45 133
91 45 134
92 45 132
92 45 133
94 42 128
95 42 127
95 42 128
94 42 129
94 42 130
95 42 129
94 43 128
94 44 128
95 43 127
95 43 128
95 44 127
95 44 128
94 43 129
94 43 130
94 43 131
94 44 129
94 44 130
94 44 131
95 43 129
95 43 130
95 44 129
95 44 130
96 42 127
96 42 128
97 42 127
97 42 128
96 43 127
96 43 128
96 44 127
96 44 128
97 43 127
96 43 129
84 44 140
85 44 138
86 44 137
86 44 138
85 44 139
86 44 139
84 45 138
84 46 138
84 45 139
84 45 140
84 45 141
84 46 139
84 46 140
84 46 141
85 45 137
85 45 138
85 46 138
86 45 137
86 45 138
86 46 137
86 46 138
85 45 139
85 45 140
85 46 139
85 46 140
86 45 139
86 46 139
84 45 142
87 44 137
87 44 138
88 44 137
87 45 137
87 45 138
87 46 137
87 46 138
88 45 137
88 45 138
88 46 137
100 41 121
98 41 123
98 41 124
98 41 125
98 41 126
99 41 122
99 41 123
100 41 122
100 41 123
99 41 124
99 41 125
100 41 124
101 40 120
101 40 121
101 41 120
101 41 121
102 40 120
102 40 121
102 41 119
102 41 120
102 41 121
104 39 118
103 40 118
103 41 118
104 40 117
104 40 118
104 41 118
103 40 119
103 40 120
103 40 121
103 41 119
103 41 120
103 41 121
104 40 119
104 40 120
104 41 119
104 41 120
101 40 122
101 41 122
101 41 123
102 41 122
105 39 118
105 40 117
105 40 118
105 41 117
105 41 118
105 40 119
105 41 119
106 40 117
106 40 118
100 42 121
98 42 123
98 42 124
98 42 125
98 42 126
98 43 124
98 43 125
98 43 126
99 42 122
99 42 123
100 42 122
100 42 123
99 42 124
99 42 125
100 42 124
99 43 123
99 43 124
99 43 125
101 42 121
102 42 120
102 42 121
103 42 119
103 42 120
101 42 122
101 42 123
102 42 122
98 42 127
56 60 3
56 61 3
57 60 2
57 60 3
58 60 2
58 60 3
57 61 2
57 61 3
58 61 2
58 61 3
56 60 4
56 60 5
56 60 6
56 60 7
56 60 8
56 61 4
56 61 5
56 62 4
56 61 6
56 61 7
56 61 8
56 62 7
57 60 4
57 60 5
58 60 4
58 60 5
57 60 6
57 60 7
57 60 8
58 60 6
58 60 7
58 60 8
57 61 4
57 61 5
58 61 4
58 61 5
57 61 6
57 61 7
57 61 8
58 61 6
58 61 7
58 61 8
56 60 9
56 60 10
56 59 13
56 60 11
56 60 12
56 60 13
56 61 9
56 61 10
56 61 11
56 61 12
56 61 13
57 60 9
57 60 10
58 60 9
58 60 10
57 60 11
57 60 12
57 60 13
57 61 9
57 61 10
58 61 9
58 61 10
57 61 11
57 61 12
57 61 13
56 60 14
56 60 15
56 59 17
56 59 18
56 60 16
56 60 17
56 60 18
56 61 14
56 61 15
56 61 16
56 61 17
56 61 18
57 60 14
57 60 15
57 60 16
57 60 17
57 60 18
57 61 14
57 61 15
57 61 16
56 59 19
56 59 20
56 60 19
56 60 20
56 59 21
56 59 22
56 59 23
56 60 21
56 60 22
56 60 23
56 61 19
56 61 20
56 61 21
56 60 24
