0.15
4960
85 85 54
85 85 55
76 90 6
77 90 5
78 90 5
77 90 6
77 90 7
77 90 8
78 90 6
78 90 7
78 90 8
79 90 7
79 90 8
76 91 5
76 91 6
77 91 4
77 91 5
78 91 4
78 91 5
77 91 6
77 91 7
77 91 8
78 91 6
79 91 6
78 91 7
78 91 8
79 91 7
79 91 8
77 89 9
77 90 9
77 89 10
77 90 10
78 89 9
78 90 9
79 89 9
79 90 9
78 89 10
78 90 10
79 89 10
79 90 10
77 89 11
77 90 11
77 89 12
77 89 13
77 90 12
77 90 13
78 89 11
78 90 11
79 89 11
79 90 11
78 89 12
78 89 13
78 90 12
78 90 13
79 89 12
79 89 13
79 90 12
79 90 13
77 89 14
78 89 14
78 90 14
79 89 14
79 90 14
78 89 15
78 90 15
79 89 15
79 90 15
78 88 17
78 88 18
79 88 17
79 88 18
78 89 16
78 90 16
79 89 16
79 90 16
78 89 17
78 89 18
78 90 17
78 90 18
79 89 17
79 89 18
79 90 17
79 90 18
77 91 9
77 91 10
78 91 9
79 91 9
78 91 10
77 91 11
77 91 12
78 91 11
78 91 12
80 90 10
80 90 11
80 89 12
80 89 13
80 90 12
80 90 13
80 89 14
80 90 14
80 89 15
80 90 15
80 88 17
80 88 18
80 89 16
80 90 16
80 89 17
80 89 18
80 90 17
80 90 18
81 89 17
81 89 18
78 88 19
79 88 19
78 88 20
79 88 20
78 89 19
78 90 19
79 89 19
79 90 19
78 89 20
79 89 20
79 90 20
78 88 21
79 88 21
79 88 22
79 88 23
78 89 21
79 89 21
79 90 21
79 89 22
79 89 23
79 90 22
79 87 25
79 88 24
79 88 25
79 89 24
79 89 25
79 88 26
79 88 27
79 89 26
80 88 19
80 88 20
80 89 19
80 90 19
80 89 20
81 88 19
81 88 20
81 89 19
81 89 20
80 88 21
80 88 22
80 88 23
80 89 21
80 89 22
80 89 23
81 88 21
81 88 22
81 88 23
82 88 23
81 89 21
81 89 22
81 89 23
80 87 25
80 87 26
80 87 27
80 87 28
81 87 27
81 87 28
82 87 27
82 87 28
80 88 24
80 88 25
80 89 24
80 89 25
81 88 24
82 88 24
81 88 25
82 88 25
81 89 24
81 89 25
82 89 25
80 88 26
80 88 27
80 88 28
80 89 26
80 89 27
80 89 28
81 88 26
82 88 26
81 88 27
81 88 28
82 88 27
82 88 28
81 89 26
81 89 27
81 89 28
80 87 29
80 87 30
81 87 29
82 87 29
81 87 30
82 87 30
80 87 31
80 87 32
80 87 33
81 87 31
82 87 31
81 87 32
81 87 33
82 87 32
82 87 33
80 88 29
80 88 30
80 89 29
80 89 30
81 88 29
82 88 29
81 88 30
82 88 30
80 88 31
80 88 32
80 88 33
80 89 31
80 89 32
81 88 31
82 88 31
81 88 32
81 88 33
82 88 32
82 88 33
83 87 31
83 87 32
83 87 33
83 88 31
83 88 32
83 88 33
80 87 34
81 87 34
82 87 34
81 87 35
82 87 35
81 86 36
82 86 36
81 86 37
81 86 38
82 86 37
82 86 38
81 87 36
82 87 36
81 87 37
81 87 38
82 87 37
82 87 38
80 88 34
81 88 34
82 88 34
81 88 35
82 88 35
81 88 36
82 88 36
81 88 37
81 88 38
82 88 37
82 88 38
83 87 34
83 87 35
83 86 36
83 86 37
83 86 38
83 87 36
83 87 37
83 87 38
84 86 38
84 87 37
84 87 38
83 88 34
83 88 35
83 88 36
83 88 37
83 88 38
82 86 39
82 86 40
81 87 39
82 87 39
82 87 40
82 86 41
82 86 42
82 87 41
82 87 42
81 88 39
82 88 39
82 88 40
82 88 41
82 88 42
83 86 39
83 86 40
83 87 39
83 87 40
84 86 40
84 87 39
84 87 40
83 86 41
83 86 42
83 87 41
83 87 42
84 86 41
84 86 42
85 86 42
84 87 41
85 87 41
84 87 42
85 87 42
83 88 39
83 88 40
84 88 40
83 88 41
83 88 42
84 88 41
84 88 42
83 86 43
83 86 44
83 87 43
83 87 44
84 86 43
85 86 43
84 86 44
85 86 44
84 87 43
85 87 43
84 87 44
85 87 44
83 86 45
83 86 46
83 87 45
83 87 46
83 87 47
84 86 45
85 86 45
84 86 46
84 86 47
85 86 46
85 86 47
84 87 45
85 87 45
84 87 46
84 87 47
85 87 46
85 87 47
83 88 43
83 88 44
83 88 45
83 88 46
84 88 47
85 88 47
84 86 48
85 86 48
84 86 49
85 86 49
84 87 48
85 87 48
84 87 49
85 87 49
84 86 50
85 86 50
85 86 51
85 86 52
84 87 50
85 87 50
85 87 51
85 87 52
84 88 48
85 88 48
84 88 49
85 88 49
85 88 51
85 86 53
85 86 54
85 87 53
85 87 54
85 86 55
85 86 56
85 87 55
85 87 56
86 85 54
86 85 55
86 85 56
86 85 57
87 85 55
87 85 56
87 85 57
88 85 57
86 85 58
86 85 59
87 85 58
87 85 59
86 85 60
87 85 60
87 85 61
87 85 62
88 85 58
88 85 59
89 85 59
88 85 60
88 85 61
88 85 62
89 85 60
89 85 61
89 85 62
87 85 63
87 85 64
87 85 65
87 85 66
88 85 63
88 85 64
89 85 63
89 85 64
90 85 64
88 85 65
88 85 66
88 85 67
89 85 65
90 85 65
89 85 66
89 85 67
90 85 66
90 85 67
88 84 68
88 85 68
88 84 69
88 85 69
89 84 68
89 85 68
90 85 68
89 84 69
89 85 69
90 84 69
90 85 69
88 85 70
88 85 71
89 85 70
90 85 70
89 84 71
89 84 72
89 85 71
89 85 72
90 84 71
90 84 72
90 85 71
90 85 72
89 84 73
89 85 73
90 84 73
90 85 73
89 84 74
89 85 74
90 84 74
90 85 74
89 84 75
89 85 75
90 84 75
90 85 75
89 84 76
89 84 77
89 85 76
89 85 77
90 84 76
90 84 77
90 85 76
90 85 77
91 85 69
91 85 70
91 84 71
91 84 72
91 85 71
91 85 72
91 84 73
91 85 73
91 84 74
91 85 74
91 84 75
91 85 75
91 84 76
91 84 77
91 85 76
91 85 77
92 84 76
92 84 77
92 85 76
92 85 77
117 8 124
117 8 125
117 9 124
117 9 125
117 9 126
117 10 124
117 10 125
116 11 125
117 11 125
116 10 126
117 10 126
116 10 127
117 10 127
116 11 126
117 11 126
116 11 127
117 11 127
116 11 128
116 12 126
117 12 126
116 12 127
117 12 127
117 13 126
116 13 127
116 14 127
117 13 127
115 13 128
115 14 128
115 13 129
115 14 129
115 14 130
116 12 128
117 12 128
116 12 129
116 13 128
116 14 128
117 13 128
117 14 128
116 13 129
116 14 129
116 14 130
117 13 129
117 14 129
117 14 130
114 17 130
115 15 128
115 15 129
115 15 130
115 16 129
115 16 130
115 17 130
116 15 128
117 15 128
116 15 129
116 15 130
117 15 129
117 15 130
116 16 129
116 16 130
116 17 130
114 16 131
114 17 131
114 16 132
114 17 132
114 17 133
114 18 131
114 18 132
114 19 132
114 18 133
114 18 134
113 20 133
114 19 133
114 20 133
113 19 134
113 20 134
113 20 135
114 19 134
114 19 135
114 20 134
114 20 135
115 15 131
115 16 131
115 17 131
115 16 132
115 17 132
116 15 131
116 16 131
116 17 131
116 16 132
116 17 132
115 17 133
115 18 131
115 18 132
115 19 132
116 18 131
116 18 132
115 18 133
115 19 133
115 20 133
115 19 134
115 20 134
115 20 135
118 8 123
118 8 124
118 9 124
118 9 125
119 9 124
118 9 126
118 10 124
118 10 125
118 11 125
118 10 126
118 11 126
118 11 127
118 12 126
118 12 127
113 21 133
114 21 133
113 21 134
113 21 135
114 21 134
114 21 135
113 22 134
113 22 135
114 22 134
114 22 135
113 23 135
114 23 135
115 21 134
115 21 135
115 22 135
111 28 141
111 29 141
111 29 142
111 30 141
111 31 141
111 30 142
111 31 142
111 29 143
111 30 143
111 31 143
111 31 144
113 21 136
114 21 136
113 22 136
114 22 136
113 22 137
114 22 137
112 24 136
112 24 137
112 25 137
113 23 136
114 23 136
113 23 137
114 23 137
113 24 136
114 24 136
113 24 137
113 25 137
114 24 137
114 25 137
112 24 138
112 25 138
112 24 139
112 25 139
112 25 140
113 23 138
114 23 138
113 24 138
113 25 138
114 24 138
114 25 138
113 24 139
113 25 139
114 25 139
112 26 137
112 26 138
112 26 139
112 26 140
112 27 138
112 27 139
112 27 140
112 28 139
112 28 140
113 26 138
114 26 138
113 26 139
113 26 140
114 26 139
113 27 138
113 27 139
113 27 140
113 28 139
113 28 140
112 29 140
113 29 140
112 27 141
112 28 141
112 28 142
113 27 141
113 28 141
112 29 141
112 29 142
112 30 141
112 31 141
112 30 142
112 31 142
113 29 141
113 29 142
113 30 141
113 30 142
113 31 142
112 30 143
112 31 143
112 31 144
111 32 142
110 32 143
111 32 143
111 32 144
111 32 145
111 33 143
110 33 144
111 33 144
111 33 145
110 34 144
110 34 145
111 34 144
111 34 145
110 35 144
110 35 145
110 36 145
111 35 144
111 35 145
111 36 145
110 37 145
112 32 142
112 32 143
112 32 144
112 32 145
112 33 143
112 33 144
112 33 145
112 34 144
112 34 145
112 35 144
112 35 145
112 36 145
110 34 146
111 34 146
110 35 146
110 36 146
111 35 146
111 36 146
110 35 147
110 36 147
111 35 147
111 36 147
109 38 147
109 39 147
110 37 146
111 37 146
110 37 147
111 37 147
110 38 146
111 38 146
110 38 147
110 39 147
111 38 147
111 39 147
109 38 148
109 39 148
109 39 149
110 37 148
111 37 148
110 38 148
110 39 148
111 38 148
111 39 148
110 38 149
110 39 149
111 39 149
110 40 147
109 40 148
109 40 149
109 41 148
109 41 149
109 41 150
109 42 149
109 42 150
110 40 148
111 40 148
110 40 149
110 40 150
111 40 149
110 41 148
111 41 148
110 41 149
110 41 150
110 42 149
110 42 150
111 41 149
111 41 150
111 42 149
111 42 150
109 42 151
110 42 151
112 35 146
112 36 146
112 37 146
112 37 147
112 38 147
89 85 78
90 84 78
90 85 78
90 84 79
90 85 79
90 84 80
90 85 80
90 84 81
90 85 81
90 84 82
90 85 82
90 84 83
90 85 83
90 84 84
90 85 84
90 84 85
90 85 85
91 84 78
91 85 78
91 84 79
91 85 79
92 84 78
92 85 78
92 84 79
92 85 79
91 84 80
91 85 80
91 84 81
91 85 81
92 84 80
92 85 80
92 84 81
92 85 81
91 83 83
91 84 82
91 85 82
91 84 83
91 85 83
92 83 83
92 84 82
92 85 82
92 84 83
92 85 83
91 83 84
91 83 85
91 83 86
91 84 84
91 85 84
91 84 85
91 84 86
91 85 85
91 85 86
92 83 84
92 83 85
92 83 86
92 84 84
92 85 84
92 84 85
92 84 86
92 85 85
92 85 86
93 84 82
93 85 82
93 84 83
93 85 83
93 83 86
93 84 84
93 85 84
93 84 85
93 84 86
93 85 85
93 85 86
91 83 87
91 83 88
91 84 87
91 85 87
91 84 88
91 85 88
92 83 87
92 83 88
92 84 87
92 85 87
92 84 88
92 85 88
91 83 89
91 83 90
91 83 91
91 84 89
91 85 89
91 84 90
91 84 91
91 85 90
91 85 91
92 83 89
92 83 90
92 83 91
92 84 89
92 85 89
92 84 90
92 84 91
92 85 90
92 85 91
93 83 87
93 83 88
93 84 87
93 85 87
93 84 88
93 85 88
94 84 88
93 83 89
93 83 90
93 83 91
93 84 89
93 85 89
93 84 90
93 84 91
93 85 90
93 85 91
94 83 89
94 83 90
94 83 91
94 84 89
94 85 89
94 84 90
94 84 91
92 82 93
92 82 94
92 82 95
91 84 92
92 83 92
92 83 93
92 84 92
92 85 92
92 84 93
92 85 93
92 83 94
92 83 95
92 83 96
92 84 94
92 85 94
92 84 95
92 84 96
92 85 95
93 82 93
94 82 93
93 82 94
93 82 95
93 82 96
94 82 94
94 82 95
94 82 96
93 83 92
93 83 93
93 84 92
93 85 92
93 84 93
93 85 93
94 83 92
94 83 93
94 84 92
94 84 93
93 83 94
93 83 95
93 83 96
93 84 94
93 84 95
93 84 96
94 83 94
95 83 94
94 83 95
94 83 96
95 83 95
95 83 96
94 84 94
95 84 94
94 84 95
94 84 96
95 84 95
95 84 96
92 83 97
92 83 98
92 84 97
92 83 99
93 82 97
93 82 98
94 82 97
95 82 97
94 82 98
95 82 98
93 82 99
93 82 100
93 82 101
94 82 99
95 82 99
94 82 100
94 82 101
95 82 100
95 82 101
93 83 97
93 83 98
93 84 97
93 84 98
94 83 97
95 83 97
94 83 98
95 83 98
94 84 97
95 84 97
94 84 98
95 84 98
93 83 99
93 83 100
93 83 101
93 84 99
93 84 100
93 84 101
94 83 99
95 83 99
94 83 100
94 83 101
95 83 100
95 83 101
94 84 99
95 84 99
94 84 100
94 84 101
95 84 100
95 84 101
93 82 102
93 81 103
93 82 103
94 82 102
95 82 102
94 81 103
94 82 103
95 81 103
95 82 103
93 81 104
93 82 104
93 81 105
93 81 106
93 82 105
93 82 106
94 81 104
94 82 104
95 81 104
95 82 104
94 81 105
94 81 106
94 82 105
94 82 106
95 81 105
95 81 106
95 82 105
95 82 106
93 83 102
93 83 103
93 84 102
93 84 103
94 83 102
95 83 102
94 83 103
95 83 103
94 84 102
95 84 102
94 84 103
93 83 104
93 83 105
93 83 106
93 84 104
94 83 104
95 83 104
94 83 105
94 83 106
95 83 105
95 83 106
94 84 104
94 84 105
94 79 111
95 79 111
94 79 112
95 79 112
94 79 113
95 79 113
94 77 116
95 77 116
94 78 114
94 79 114
95 78 114
95 79 114
94 78 115
94 78 116
94 79 115
94 79 116
95 78 115
95 78 116
95 79 115
95 79 116
93 81 107
93 82 107
93 82 108
94 80 108
95 80 108
94 81 107
94 82 107
95 81 107
95 82 107
94 81 108
94 82 108
95 81 108
95 82 108
93 81 109
93 82 109
93 81 110
93 81 111
93 82 110
93 82 111
94 80 109
95 80 109
94 80 110
94 80 111
95 80 110
95 80 111
94 81 109
94 82 109
95 81 109
95 82 109
94 81 110
94 81 111
94 82 110
94 82 111
95 81 110
95 81 111
95 82 110
95 82 111
94 83 107
95 83 107
94 83 108
95 83 108
94 83 109
95 83 109
94 83 110
93 81 112
94 80 112
95 80 112
94 80 113
95 80 113
94 81 112
94 82 112
95 81 112
95 82 112
94 81 113
94 82 113
95 81 113
94 80 114
95 80 114
94 80 115
94 80 116
95 80 115
95 80 116
94 81 114
95 81 114
94 81 115
94 81 116
95 81 115
95 81 116
96 83 101
96 82 102
96 82 103
96 82 104
96 81 106
96 82 105
96 82 106
96 83 102
96 83 103
96 83 104
96 83 105
96 83 106
96 79 112
96 79 113
96 79 114
96 78 115
96 78 116
96 79 115
96 79 116
97 79 114
97 78 116
97 79 115
97 79 116
96 81 107
96 82 107
96 81 108
96 82 108
96 80 109
96 80 110
96 80 111
96 81 109
96 82 109
96 81 110
96 81 111
96 82 110
96 82 111
96 83 107
96 80 112
96 80 113
96 81 112
96 81 113
96 80 114
96 80 115
96 80 116
96 81 114
96 81 115
97 80 114
97 80 115
93 74 122
94 74 122
95 74 122
93 74 123
93 73 124
93 73 125
93 74 124
93 74 125
94 74 123
95 74 123
94 73 124
94 73 125
94 74 124
94 74 125
95 73 124
95 73 125
95 74 124
95 74 125
94 71 129
94 71 130
95 71 129
95 71 130
93 72 126
93 72 127
93 73 126
93 74 126
93 73 127
93 74 127
94 72 126
95 72 126
94 72 127
95 72 127
94 73 126
94 74 126
95 73 126
95 74 126
94 73 127
94 74 127
95 73 127
95 74 127
93 72 128
93 72 129
93 72 130
93 73 128
93 74 128
93 73 129
93 73 130
93 74 129
94 72 128
95 72 128
94 72 129
94 72 130
95 72 129
95 72 130
94 73 128
94 74 128
95 73 128
95 74 128
94 73 129
94 73 130
94 74 129
94 74 130
95 73 129
95 73 130
95 74 129
95 74 130
94 71 131
95 71 131
94 71 132
95 71 132
95 71 133
95 71 134
95 71 135
93 73 131
94 72 131
95 72 131
94 72 132
95 72 132
94 73 131
94 74 131
95 73 131
95 74 131
94 73 132
94 74 132
95 73 132
95 74 132
94 72 133
95 72 133
94 72 134
95 72 134
95 72 135
94 73 133
94 74 133
95 73 133
95 74 133
94 73 134
95 73 134
95 73 135
95 74 134
95 74 135
94 76 118
95 76 118
93 76 120
94 75 120
95 75 120
94 76 119
95 76 119
94 76 120
95 76 120
94 77 117
95 77 117
94 77 118
95 77 118
94 78 117
94 79 117
95 78 117
95 79 117
94 78 118
94 79 118
95 78 118
95 79 118
93 77 120
94 77 119
95 77 119
94 77 120
95 77 120
94 78 119
94 79 119
95 78 119
95 79 119
94 78 120
94 79 120
95 78 120
95 79 120
93 75 121
93 75 122
93 76 121
93 76 122
94 75 121
95 75 121
94 75 122
95 75 122
94 76 121
95 76 121
94 76 122
95 76 122
93 75 123
93 75 124
93 75 125
93 76 123
93 76 124
93 76 125
94 75 123
95 75 123
94 75 124
94 75 125
95 75 124
95 75 125
94 76 123
95 76 123
94 76 124
94 76 125
95 76 124
93 77 121
93 77 122
94 77 121
95 77 121
94 77 122
95 77 122
94 78 121
95 78 121
94 77 123
94 80 117
95 80 117
94 80 118
95 80 118
93 75 126
93 75 127
94 75 126
95 75 126
94 75 127
95 75 127
94 75 128
95 75 133
96 74 123
96 74 124
96 74 125
96 72 127
96 73 126
96 74 126
96 73 127
96 74 127
96 72 128
96 72 129
96 72 130
96 73 128
96 74 128
96 73 129
96 73 130
96 74 129
96 74 130
96 72 131
96 72 132
96 73 131
96 74 131
96 73 132
96 74 132
97 72 132
97 73 131
97 73 132
97 74 132
96 72 133
96 72 134
96 72 135
96 73 133
96 74 133
96 73 134
96 73 135
96 74 134
96 74 135
97 72 133
97 72 134
97 72 135
97 73 133
97 74 133
97 73 134
97 73 135
97 74 134
97 74 135
98 72 135
98 73 135
96 76 118
96 76 119
96 76 120
96 77 117
96 77 118
96 78 117
96 79 117
96 78 118
96 79 118
97 78 117
97 79 117
97 78 118
97 79 118
96 77 119
96 77 120
96 78 119
96 79 119
96 78 120
97 77 119
97 78 119
96 75 121
96 75 122
96 76 121
96 76 122
96 75 123
96 75 124
96 75 125
96 76 123
96 77 121
96 77 122
96 80 117
96 80 118
96 75 133
95 71 136
95 72 136
95 72 137
95 73 136
95 74 136
95 73 137
95 74 137
95 72 138
95 72 139
95 73 138
96 72 136
96 72 137
96 73 136
96 74 136
96 73 137
96 74 137
97 72 136
97 72 137
97 73 136
97 74 136
97 73 137
97 74 137
96 72 138
96 72 139
96 72 140
96 73 138
96 74 138
96 73 139
96 73 140
96 74 139
96 74 140
97 72 138
97 72 139
97 72 140
97 73 138
97 74 138
97 73 139
97 73 140
97 74 139
97 74 140
98 72 136
98 72 137
98 73 136
98 73 137
98 72 138
98 72 139
98 72 140
98 73 138
98 74 138
98 73 139
98 73 140
98 74 139
98 74 140
99 72 139
99 72 140
99 73 139
99 73 140
99 74 140
97 71 145
96 72 141
96 72 142
96 73 141
96 74 141
96 73 142
96 74 142
97 72 141
97 72 142
97 73 141
97 74 141
97 73 142
97 74 142
97 72 143
97 72 144
97 72 145
97 73 143
97 74 143
97 73 144
97 73 145
97 74 144
97 74 145
98 71 145
99 71 145
100 71 145
98 72 141
98 72 142
98 73 141
98 74 141
98 73 142
98 74 142
99 72 141
99 72 142
100 72 142
99 73 141
99 74 141
99 73 142
99 74 142
100 73 142
98 72 143
98 72 144
98 72 145
98 73 143
98 74 143
98 73 144
98 73 145
98 74 144
98 74 145
99 72 143
100 72 143
99 72 144
99 72 145
100 72 144
100 72 145
99 73 143
99 74 143
100 73 143
100 74 143
99 73 144
99 73 145
99 74 144
99 74 145
100 73 144
100 73 145
100 74 144
100 74 145
101 72 145
101 73 143
101 74 143
101 73 144
101 73 145
101 74 144
101 74 145
102 72 145
103 72 145
102 74 143
102 73 144
102 73 145
102 74 144
102 74 145
103 73 145
103 74 144
103 74 145
104 72 145
104 74 145
105 72 145
97 71 146
97 72 146
97 72 147
97 73 146
97 74 146
97 73 147
97 74 147
98 71 146
98 71 147
99 71 146
100 71 146
98 72 146
98 72 147
98 73 146
98 74 146
98 73 147
98 74 147
99 72 146
100 72 146
99 72 147
100 72 147
99 73 146
99 74 146
100 73 146
100 74 146
99 73 147
99 74 147
100 73 147
100 74 147
98 72 148
98 73 148
98 74 148
98 74 149
99 72 148
100 72 148
99 72 149
100 72 149
100 72 150
99 73 148
99 74 148
100 73 148
100 74 148
99 73 149
99 73 150
99 74 149
99 74 150
100 73 149
100 73 150
100 74 149
100 74 150
99 74 151
100 73 151
100 74 151
100 74 152
100 74 153
100 74 154
101 72 146
101 72 147
101 73 146
101 74 146
101 73 147
101 74 147
102 72 146
102 72 147
103 72 147
102 73 146
102 74 146
103 73 146
103 74 146
102 73 147
102 74 147
103 73 147
103 74 147
101 72 148
101 72 149
101 72 150
101 73 148
101 74 148
101 73 149
101 73 150
101 74 149
101 74 150
102 72 148
103 72 148
102 72 149
102 72 150
103 72 149
103 72 150
102 73 148
102 74 148
103 73 148
103 74 148
102 73 149
102 73 150
102 74 149
102 74 150
103 73 149
103 73 150
103 74 149
103 74 150
104 74 146
104 73 147
104 74 147
106 72 146
105 74 146
105 74 147
106 74 147
104 72 149
104 72 150
104 73 148
104 74 148
104 73 149
104 73 150
104 74 149
104 74 150
105 73 148
105 74 148
106 74 148
105 73 149
105 73 150
105 74 149
105 74 150
106 73 150
106 74 149
106 74 150
101 72 151
101 73 151
101 74 151
101 73 152
101 74 152
102 72 151
103 72 151
102 72 152
103 72 152
102 73 151
102 74 151
103 73 151
103 74 151
102 73 152
102 74 152
103 73 152
103 74 152
101 73 153
101 74 153
101 74 154
101 74 155
102 73 153
102 74 153
103 73 153
103 74 153
102 73 154
102 74 154
102 74 155
103 73 154
103 73 155
103 74 154
103 74 155
104 72 151
104 72 152
104 73 151
104 74 151
104 73 152
104 74 152
105 73 151
105 74 151
106 73 151
106 74 151
105 73 152
105 74 152
106 73 152
106 74 152
104 73 153
104 74 153
104 73 154
104 73 155
104 74 154
104 74 155
105 73 153
105 74 153
106 73 153
106 74 153
105 73 154
105 73 155
105 74 154
105 74 155
106 73 154
106 73 155
106 74 154
106 74 155
97 75 142
97 75 143
97 75 144
97 75 145
97 76 144
97 76 145
97 77 144
97 77 145
97 78 144
97 78 145
97 79 145
98 75 143
98 75 144
98 75 145
98 76 144
98 76 145
99 75 143
100 75 143
99 75 144
99 75 145
100 75 144
100 75 145
99 76 144
99 76 145
100 76 144
100 76 145
99 78 142
100 78 142
100 79 142
98 77 144
98 77 145
98 78 143
98 79 143
98 78 144
98 78 145
98 79 144
98 79 145
99 77 143
100 77 143
99 77 144
99 77 145
100 77 144
100 77 145
99 78 143
99 79 143
100 78 143
100 79 143
99 78 144
99 78 145
99 79 144
99 79 145
100 78 144
100 78 145
100 79 144
100 79 145
97 80 145
98 80 144
98 80 145
98 81 144
98 81 145
98 82 145
99 80 143
100 80 143
99 80 144
99 80 145
100 80 144
100 80 145
100 81 143
99 81 144
99 81 145
99 82 144
99 82 145
100 81 144
100 81 145
100 82 144
100 82 145
98 83 145
99 83 145
100 83 144
100 83 145
99 84 145
100 84 145
103 75 142
101 75 144
101 75 145
101 76 143
101 76 144
101 76 145
102 75 144
102 75 145
103 75 144
103 75 145
102 76 143
103 76 143
102 76 144
102 76 145
103 76 144
103 76 145
101 78 142
103 78 142
101 77 143
101 77 144
101 77 145
101 78 143
101 79 143
101 78 144
101 78 145
101 79 144
101 79 145
102 77 143
103 77 143
102 77 144
102 77 145
103 77 144
103 77 145
102 78 143
102 79 143
103 78 143
103 79 143
102 78 144
102 78 145
102 79 144
102 79 145
103 78 144
103 78 145
103 79 144
103 79 145
104 75 141
104 75 142
105 75 141
105 75 142
104 75 144
104 75 145
104 76 143
104 76 144
104 76 145
105 75 145
105 76 143
105 76 144
105 76 145
106 76 145
104 78 142
105 78 142
104 77 143
104 77 144
104 77 145
104 78 143
104 79 143
104 78 144
104 78 145
104 79 144
104 79 145
105 77 143
106 77 143
105 77 144
105 77 145
106 77 144
106 77 145
105 78 143
105 79 143
106 78 143
106 79 143
105 78 144
105 78 145
105 79 144
105 79 145
106 78 144
106 78 145
106 79 144
106 79 145
101 80 143
101 80 144
101 80 145
101 81 143
101 82 143
101 81 144
101 81 145
101 82 144
101 82 145
102 80 143
103 80 143
102 80 144
102 80 145
103 80 144
103 80 145
102 81 143
102 82 143
103 81 143
103 82 143
102 81 144
102 81 145
102 82 144
102 82 145
103 81 144
103 81 145
103 82 144
103 82 145
101 83 144
101 83 145
101 84 145
102 83 144
102 83 145
103 83 144
103 83 145
102 84 145
103 84 145
104 80 143
104 80 144
104 80 145
104 81 143
104 81 144
104 81 145
104 82 144
104 82 145
105 80 143
106 80 143
105 80 144
105 80 145
106 80 144
106 80 145
105 81 143
105 81 144
105 81 145
105 82 144
105 82 145
106 81 144
106 81 145
106 82 144
106 82 145
104 83 144
104 83 145
104 84 145
105 83 144
105 83 145
106 83 144
106 83 145
105 84 145
106 84 145
97 75 146
97 75 147
97 76 146
97 76 147
97 75 148
97 76 148
97 77 146
97 77 147
97 78 146
97 79 146
97 78 147
97 79 147
97 77 148
97 78 148
97 79 148
97 78 149
97 79 149
97 79 150
98 75 146
98 75 147
98 76 146
98 76 147
99 75 146
100 75 146
99 75 147
100 75 147
99 76 146
100 76 146
99 76 147
100 76 147
98 75 148
98 75 149
98 76 148
98 76 149
98 76 150
99 75 148
100 75 148
99 75 149
99 75 150
100 75 149
100 75 150
99 76 148
100 76 148
99 76 149
99 76 150
100 76 149
100 76 150
98 77 146
98 77 147
98 78 146
98 78 147
98 79 146
98 79 147
99 77 146
99 77 147
99 78 146
99 78 147
99 79 146
99 79 147
100 77 146
100 77 147
100 78 146
100 78 147
100 79 146
100 79 147
98 77 148
98 77 149
98 77 150
98 78 148
98 79 148
98 78 149
98 78 150
98 79 149
98 79 150
99 77 148
100 77 148
99 77 149
99 77 150
100 77 149
100 77 150
99 78 148
99 79 148
100 78 148
100 79 148
99 78 149
99 78 150
99 79 149
99 79 150
100 78 149
100 78 150
100 79 149
100 79 150
99 75 151
100 75 151
99 75 152
100 75 152
99 76 151
100 76 151
99 76 152
100 76 152
100 75 153
100 75 154
100 75 155
100 76 153
100 76 154
100 76 155
98 78 151
98 79 151
98 79 152
99 77 151
100 77 151
99 77 152
100 77 152
99 78 151
99 79 151
100 78 151
100 79 151
99 78 152
99 79 152
100 78 152
100 79 152
99 77 153
100 77 153
100 77 154
100 77 155
99 78 153
99 79 153
100 78 153
100 79 153
99 78 154
99 79 154
100 78 154
100 78 155
100 79 154
100 79 155
97 80 146
97 80 147
97 81 146
97 82 146
97 81 147
97 82 147
97 80 148
97 80 149
97 80 150
97 81 148
97 82 148
97 81 149
97 81 150
97 82 149
97 82 150
98 80 146
98 80 147
98 81 146
98 82 146
98 81 147
98 82 147
99 80 146
100 80 146
99 80 147
100 80 147
99 81 146
99 82 146
100 81 146
100 82 146
99 81 147
99 82 147
100 81 147
100 82 147
98 80 148
98 80 149
98 80 150
98 81 148
98 82 148
98 81 149
98 81 150
98 82 149
98 82 150
99 80 148
100 80 148
99 80 149
99 80 150
100 80 149
100 80 150
99 81 148
99 82 148
100 81 148
100 82 148
99 81 149
99 81 150
99 82 149
99 82 150
100 81 149
100 81 150
100 82 149
100 82 150
98 83 146
98 83 147
98 84 146
98 84 147
98 85 147
99 83 146
100 83 146
99 83 147
100 83 147
99 84 146
99 85 146
100 84 146
100 85 146
99 84 147
99 85 147
100 84 147
100 85 147
98 83 148
98 83 149
98 83 150
98 84 148
98 85 148
98 84 149
98 84 150
98 85 149
98 85 150
99 83 148
100 83 148
99 83 149
99 83 150
100 83 149
100 83 150
99 84 148
99 85 148
100 84 148
100 85 148
99 84 149
99 84 150
99 85 149
99 85 150
100 84 149
100 84 150
100 85 149
100 85 150
98 80 151
98 80 152
98 81 151
98 82 151
98 81 152
98 82 152
99 80 151
100 80 151
99 80 152
100 80 152
99 81 151
99 82 151
100 81 151
100 82 151
99 81 152
99 82 152
100 81 152
100 82 152
98 81 153
98 82 153
99 80 153
100 80 153
99 80 154
99 80 155
100 80 154
100 80 155
99 81 153
99 82 153
100 81 153
100 82 153
99 81 154
99 81 155
99 82 154
99 82 155
100 81 154
100 81 155
100 82 154
100 82 155
98 83 151
98 83 152
98 84 151
98 85 151
98 84 152
98 85 152
99 83 151
100 83 151
99 83 152
100 83 152
99 84 151
99 85 151
100 84 151
100 85 151
99 84 152
99 85 152
100 84 152
100 85 152
98 83 153
98 84 153
99 83 153
100 83 153
99 83 154
99 83 155
100 83 154
100 83 155
99 84 153
99 85 153
100 84 153
100 85 153
99 84 154
99 84 155
99 85 154
99 85 155
100 84 154
100 84 155
100 85 154
100 85 155
101 75 146
101 75 147
101 76 146
101 76 147
102 75 146
102 75 147
102 76 146
102 76 147
103 75 146
103 75 147
103 76 146
103 76 147
101 75 148
101 75 149
101 75 150
101 76 148
101 76 149
101 76 150
102 75 148
102 75 149
102 75 150
102 76 148
102 76 149
102 76 150
103 75 148
103 75 149
103 75 150
103 76 148
103 76 149
103 76 150
101 77 146
101 77 147
101 78 146
101 78 147
101 79 146
101 79 147
102 77 146
102 77 147
102 78 146
102 78 147
102 79 146
102 79 147
103 77 146
103 77 147
103 78 146
103 78 147
103 79 146
103 79 147
101 77 148
101 77 149
101 77 150
101 78 148
101 78 149
101 78 150
101 79 148
101 79 149
101 79 150
102 77 148
102 77 149
102 77 150
102 78 148
102 78 149
102 78 150
102 79 148
102 79 149
102 79 150
103 77 148
103 77 149
103 77 150
103 78 148
103 78 149
103 78 150
103 79 148
103 79 149
103 79 150
104 75 146
104 75 147
104 76 146
104 76 147
105 75 146
106 75 146
105 75 147
106 75 147
105 76 146
106 76 146
105 76 147
106 76 147
104 75 148
104 75 149
104 75 150
104 76 148
104 76 149
104 76 150
105 75 148
106 75 148
105 75 149
105 75 150
106 75 149
106 75 150
105 76 148
106 76 148
105 76 149
105 76 150
106 76 149
106 76 150
104 77 146
104 77 147
104 78 146
104 79 146
104 78 147
104 79 147
105 77 146
106 77 146
105 77 147
106 77 147
105 78 146
105 79 146
106 78 146
106 79 146
105 78 147
105 79 147
106 78 147
106 79 147
104 77 148
104 77 149
104 77 150
104 78 148
104 78 149
104 78 150
104 79 148
104 79 149
104 79 150
105 77 148
105 77 149
105 77 150
105 78 148
105 78 149
105 78 150
105 79 148
105 79 149
105 79 150
106 77 148
106 77 149
106 77 150
106 78 148
106 78 149
106 78 150
106 79 148
106 79 149
106 79 150
101 75 151
101 75 152
101 76 151
101 76 152
102 75 151
103 75 151
102 75 152
103 75 152
102 76 151
103 76 151
102 76 152
103 76 152
101 75 153
101 75 154
101 75 155
101 76 153
101 76 154
101 76 155
102 75 153
103 75 153
102 75 154
102 75 155
103 75 154
103 75 155
102 76 153
103 76 153
102 76 154
102 76 155
103 76 154
103 76 155
101 77 151
101 77 152
101 78 151
101 79 151
101 78 152
101 79 152
102 77 151
103 77 151
102 77 152
103 77 152
102 78 151
102 79 151
103 78 151
103 79 151
102 78 152
102 79 152
103 78 152
103 79 152
101 77 153
101 77 154
101 77 155
101 78 153
101 79 153
101 78 154
101 78 155
101 79 154
101 79 155
102 77 153
103 77 153
102 77 154
102 77 155
103 77 154
103 77 155
102 78 153
102 79 153
103 78 153
103 79 153
102 78 154
102 78 155
102 79 154
102 79 155
103 78 154
103 78 155
103 79 154
103 79 155
104 75 151
104 75 152
104 76 151
104 76 152
105 75 151
106 75 151
105 75 152
106 75 152
105 76 151
106 76 151
105 76 152
106 76 152
104 75 153
104 75 154
104 75 155
104 76 153
104 76 154
104 76 155
105 75 153
106 75 153
105 75 154
105 75 155
106 75 154
106 75 155
105 76 153
106 76 153
105 76 154
105 76 155
106 76 154
106 76 155
104 77 151
104 77 152
104 78 151
104 79 151
104 78 152
104 79 152
105 77 151
106 77 151
105 77 152
106 77 152
105 78 151
105 79 151
106 78 151
106 79 151
105 78 152
105 79 152
106 78 152
106 79 152
104 77 153
104 77 154
104 77 155
104 78 153
104 79 153
104 78 154
104 78 155
104 79 154
104 79 155
105 77 153
106 77 153
105 77 154
105 77 155
106 77 154
106 77 155
105 78 153
105 79 153
106 78 153
106 79 153
105 78 154
105 78 155
105 79 154
105 79 155
106 78 154
106 78 155
106 79 154
106 79 155
101 80 146
101 80 147
101 81 146
101 81 147
101 82 146
101 82 147
102 80 146
102 80 147
102 81 146
102 81 147
102 82 146
102 82 147
103 80 146
103 80 147
103 81 146
103 81 147
103 82 146
103 82 147
101 80 148
101 80 149
101 80 150
101 81 148
101 81 149
101 81 150
101 82 148
101 82 149
101 82 150
102 80 148
102 80 149
102 80 150
102 81 148
102 81 149
102 81 150
102 82 148
102 82 149
102 82 150
103 80 148
103 80 149
103 80 150
103 81 148
103 81 149
103 81 150
103 82 148
103 82 149
103 82 150
101 83 146
101 83 147
101 84 146
101 85 146
101 84 147
101 85 147
102 83 146
103 83 146
102 83 147
103 83 147
102 84 146
102 85 146
103 84 146
103 85 146
102 84 147
102 85 147
103 84 147
103 85 147
101 83 148
101 83 149
101 83 150
101 84 148
101 84 149
101 84 150
101 85 148
101 85 149
101 85 150
102 83 148
102 83 149
102 83 150
102 84 148
102 84 149
102 84 150
102 85 148
102 85 149
102 85 150
103 83 148
103 83 149
103 83 150
103 84 148
103 84 149
103 84 150
103 85 148
103 85 149
103 85 150
104 80 146
104 80 147
104 81 146
104 81 147
104 82 146
104 82 147
105 80 146
105 80 147
105 81 146
105 81 147
105 82 146
105 82 147
106 80 146
106 80 147
106 81 146
106 81 147
106 82 146
106 82 147
104 80 148
104 80 149
104 80 150
104 81 148
104 81 149
104 81 150
104 82 148
104 82 149
104 82 150
105 80 148
105 80 149
105 80 150
105 81 148
105 81 149
105 81 150
105 82 148
105 82 149
105 82 150
106 80 148
106 80 149
106 80 150
106 81 148
106 81 149
106 81 150
106 82 148
106 82 149
106 82 150
104 83 146
104 83 147
104 84 146
104 85 146
104 84 147
104 85 147
105 83 146
106 83 146
105 83 147
106 83 147
105 84 146
105 85 146
106 84 146
106 85 146
105 84 147
105 85 147
106 84 147
106 85 147
104 83 148
104 83 149
104 83 150
104 84 148
104 84 149
104 84 150
104 85 148
104 85 149
104 85 150
105 83 148
105 83 149
105 83 150
105 84 148
105 84 149
105 84 150
105 85 148
105 85 149
105 85 150
106 83 148
106 83 149
106 83 150
106 84 148
106 84 149
106 84 150
106 85 148
106 85 149
106 85 150
101 80 151
101 80 152
101 81 151
101 82 151
101 81 152
101 82 152
102 80 151
103 80 151
102 80 152
103 80 152
102 81 151
102 82 151
103 81 151
103 82 151
102 81 152
102 82 152
103 81 152
103 82 152
101 80 153
101 80 154
101 80 155
101 81 153
101 82 153
101 81 154
101 81 155
101 82 154
101 82 155
102 80 153
103 80 153
102 80 154
102 80 155
103 80 154
103 80 155
102 81 153
102 82 153
103 81 153
103 82 153
102 81 154
102 81 155
102 82 154
102 82 155
103 81 154
103 81 155
103 82 154
103 82 155
101 83 151
101 83 152
101 84 151
101 85 151
101 84 152
101 85 152
102 83 151
103 83 151
102 83 152
103 83 152
102 84 151
102 85 151
103 84 151
103 85 151
102 84 152
102 85 152
103 84 152
103 85 152
101 83 153
101 83 154
101 83 155
101 84 153
101 85 153
101 84 154
101 84 155
101 85 154
101 85 155
102 83 153
103 83 153
102 83 154
102 83 155
103 83 154
103 83 155
102 84 153
102 85 153
103 84 153
103 85 153
102 84 154
102 84 155
102 85 154
102 85 155
103 84 154
103 84 155
103 85 154
103 85 155
104 80 151
104 80 152
104 81 151
104 82 151
104 81 152
104 82 152
105 80 151
106 80 151
105 80 152
106 80 152
105 81 151
105 82 151
106 81 151
106 82 151
105 81 152
105 82 152
106 81 152
106 82 152
104 80 153
104 80 154
104 80 155
104 81 153
104 82 153
104 81 154
104 81 155
104 82 154
104 82 155
105 80 153
106 80 153
105 80 154
105 80 155
106 80 154
106 80 155
105 81 153
105 82 153
106 81 153
106 82 153
105 81 154
105 81 155
105 82 154
105 82 155
106 81 154
106 81 155
106 82 154
106 82 155
104 83 151
104 83 152
104 84 151
104 85 151
104 84 152
104 85 152
105 83 151
106 83 151
105 83 152
106 83 152
105 84 151
105 85 151
106 84 151
106 85 151
105 84 152
105 85 152
106 84 152
106 85 152
104 83 153
104 83 154
104 83 155
104 84 153
104 85 153
104 84 154
104 84 155
104 85 154
104 85 155
105 83 153
106 83 153
105 83 154
105 83 155
106 83 154
106 83 155
105 84 153
105 85 153
106 84 153
106 85 153
105 84 154
105 84 155
105 85 154
105 85 155
106 84 154
106 84 155
106 85 154
106 85 155
108 43 150
108 45 150
109 43 149
109 43 150
109 44 150
110 43 149
110 43 150
111 43 150
110 44 150
111 44 150
109 45 150
110 45 150
108 44 151
108 45 151
108 46 151
108 47 151
108 46 152
108 47 152
109 43 151
109 44 151
109 44 152
110 43 151
110 44 151
111 44 151
110 44 152
109 45 151
109 45 152
109 46 151
109 47 151
109 46 152
109 47 152
110 45 151
111 45 151
110 45 152
110 46 151
110 47 151
110 46 152
110 47 152
111 46 152
111 47 152
109 46 153
109 47 153
107 48 152
108 48 152
108 49 152
108 48 153
108 49 153
108 49 154
108 50 152
107 51 153
107 52 153
107 52 154
107 52 155
108 50 153
108 50 154
108 51 153
108 52 153
108 51 154
108 51 155
108 52 154
108 52 155
109 48 152
109 49 152
110 48 152
110 49 152
109 48 153
109 49 153
110 48 153
110 49 153
109 50 152
109 51 152
110 52 152
109 50 153
109 50 154
109 51 153
109 52 153
109 51 154
109 51 155
109 52 154
109 52 155
110 50 153
107 53 154
107 53 155
107 54 154
107 54 155
108 53 153
108 53 154
108 53 155
111 53 152
112 54 152
113 55 152
114 56 152
115 57 152
116 58 152
117 59 151
117 61 152
117 63 152
118 60 151
118 62 151
108 73 145
107 72 146
107 74 148
107 74 149
107 74 150
108 74 150
109 73 146
110 73 147
111 73 148
107 74 151
107 74 152
108 74 151
108 74 152
107 74 153
107 74 154
107 74 155
108 74 153
108 74 154
115 64 154
115 64 155
116 64 153
116 64 155
117 65 154
112 73 149
113 73 150
114 73 151
115 73 152
116 74 153
117 74 154
107 77 145
107 78 144
107 78 145
107 79 144
107 79 145
108 78 145
108 79 144
108 79 145
109 79 145
107 80 144
107 80 145
107 81 144
107 81 145
107 82 144
107 82 145
108 80 144
108 80 145
108 81 144
108 81 145
108 82 144
108 82 145
107 83 145
107 84 145
108 83 145
109 80 145
109 81 145
109 82 145
110 81 145
110 82 145
109 83 145
110 83 145
107 75 147
107 76 146
107 76 147
108 76 147
107 75 148
107 75 149
107 75 150
107 76 148
107 76 149
107 76 150
108 75 148
108 75 149
108 75 150
108 76 148
108 76 149
108 76 150
107 77 146
107 77 147
107 78 146
107 79 146
107 78 147
107 79 147
108 77 146
108 77 147
108 78 146
108 79 146
108 78 147
108 79 147
107 77 148
107 77 149
107 77 150
107 78 148
107 78 149
107 78 150
107 79 148
107 79 149
107 79 150
108 77 148
108 77 149
108 77 150
108 78 148
108 78 149
108 78 150
108 79 148
108 79 149
108 79 150
109 76 147
109 75 149
109 75 150
109 76 148
109 76 149
109 76 150
110 76 149
110 76 150
111 76 150
109 77 147
109 78 146
109 79 146
109 78 147
109 79 147
110 79 146
110 78 147
110 79 147
111 79 147
109 77 148
109 77 149
109 77 150
109 78 148
109 79 148
109 78 149
109 78 150
109 79 149
109 79 150
110 77 148
110 77 149
110 77 150
111 77 149
111 77 150
110 78 148
110 79 148
111 78 148
111 79 148
110 78 149
110 78 150
110 79 149
110 79 150
111 78 149
111 78 150
111 79 149
111 79 150
107 75 151
107 75 152
107 76 151
107 76 152
108 75 151
108 75 152
108 76 151
108 76 152
107 75 153
107 75 154
107 75 155
107 76 153
107 76 154
107 76 155
108 75 153
108 75 154
108 75 155
108 76 153
108 76 154
108 76 155
107 77 151
107 77 152
107 78 151
107 79 151
107 78 152
107 79 152
108 77 151
108 77 152
108 78 151
108 79 151
108 78 152
108 79 152
107 77 153
107 77 154
107 77 155
107 78 153
107 79 153
107 78 154
107 78 155
107 79 154
107 79 155
108 77 153
108 77 154
108 77 155
108 78 153
108 79 153
108 78 154
108 78 155
108 79 154
108 79 155
109 75 151
109 75 152
109 76 151
109 76 152
110 76 151
111 76 151
110 76 152
111 76 152
109 75 153
109 75 154
109 75 155
109 76 153
109 76 154
109 76 155
110 76 153
111 76 153
110 76 154
110 76 155
111 76 154
109 77 151
109 77 152
109 78 151
109 79 151
109 78 152
109 79 152
110 77 151
111 77 151
110 77 152
111 77 152
110 78 151
110 79 151
111 78 151
111 79 151
110 78 152
110 79 152
111 78 152
111 79 152
109 77 153
109 77 154
109 77 155
109 78 153
109 79 153
109 78 154
109 78 155
109 79 154
109 79 155
110 77 153
111 77 153
110 77 154
110 77 155
111 77 154
111 77 155
110 78 153
110 79 153
111 78 153
111 79 153
110 78 154
110 78 155
110 79 154
110 79 155
111 78 154
111 78 155
111 79 154
111 79 155
107 80 146
107 80 147
107 81 146
107 81 147
107 82 146
107 82 147
108 80 146
108 80 147
108 81 146
108 81 147
108 82 146
108 82 147
107 80 148
107 80 149
107 80 150
107 81 148
107 81 149
107 81 150
107 82 148
107 82 149
107 82 150
108 80 148
108 80 149
108 80 150
108 81 148
108 81 149
108 81 150
108 82 148
108 82 149
108 82 150
107 83 146
107 83 147
107 84 146
107 85 146
107 84 147
107 85 147
108 83 146
108 83 147
108 84 146
108 85 146
108 84 147
108 85 147
107 83 148
107 83 149
107 83 150
107 84 148
107 85 148
107 84 149
107 84 150
107 85 149
107 85 150
108 83 148
108 83 149
108 83 150
108 84 148
108 85 148
108 84 149
108 84 150
108 85 149
108 85 150
109 80 146
109 80 147
109 81 146
109 82 146
109 81 147
109 82 147
110 80 146
111 80 146
110 80 147
111 80 147
110 81 146
110 82 146
111 81 146
111 82 146
110 81 147
110 82 147
111 81 147
111 82 147
109 80 148
109 80 149
109 80 150
109 81 148
109 82 148
109 81 149
109 81 150
109 82 149
109 82 150
110 80 148
111 80 148
110 80 149
110 80 150
111 80 149
111 80 150
110 81 148
110 82 148
111 81 148
111 82 148
110 81 149
110 81 150
110 82 149
110 82 150
111 81 149
111 81 150
111 82 149
111 82 150
109 83 146
109 83 147
109 84 146
109 84 147
109 85 147
110 83 146
111 83 146
110 83 147
111 83 147
110 84 146
111 84 146
110 84 147
110 85 147
111 84 147
111 85 147
109 83 148
109 83 149
109 83 150
109 84 148
109 85 148
109 84 149
109 84 150
109 85 149
109 85 150
110 83 148
111 83 148
110 83 149
110 83 150
111 83 149
111 83 150
110 84 148
110 85 148
111 84 148
111 85 148
110 84 149
110 84 150
110 85 149
110 85 150
111 84 149
111 84 150
111 85 149
111 85 150
107 80 151
107 80 152
107 81 151
107 82 151
107 81 152
107 82 152
108 80 151
108 80 152
108 81 151
108 82 151
108 81 152
108 82 152
107 80 153
107 80 154
107 80 155
107 81 153
107 82 153
107 81 154
107 81 155
107 82 154
107 82 155
108 80 153
108 80 154
108 80 155
108 81 153
108 82 153
108 81 154
108 81 155
108 82 154
108 82 155
107 83 151
107 83 152
107 84 151
107 85 151
107 84 152
107 85 152
108 83 151
108 83 152
108 84 151
108 85 151
108 84 152
108 85 152
107 83 153
107 83 154
107 83 155
107 84 153
107 85 153
107 84 154
107 84 155
107 85 154
107 85 155
108 83 153
108 83 154
108 83 155
108 84 153
108 85 153
108 84 154
108 84 155
108 85 154
108 85 155
109 80 151
109 80 152
109 81 151
109 81 152
109 82 151
109 82 152
110 80 151
110 80 152
110 81 151
110 81 152
110 82 151
110 82 152
111 80 151
111 80 152
111 81 151
111 81 152
111 82 151
111 82 152
109 80 153
109 80 154
109 80 155
109 81 153
109 82 153
109 81 154
109 81 155
109 82 154
109 82 155
110 80 153
111 80 153
110 80 154
110 80 155
111 80 154
111 80 155
110 81 153
110 82 153
111 81 153
111 82 153
110 81 154
110 81 155
110 82 154
110 82 155
111 81 154
111 81 155
111 82 154
111 82 155
109 83 151
109 83 152
109 84 151
109 84 152
109 85 151
109 85 152
110 83 151
110 83 152
110 84 151
110 84 152
110 85 151
110 85 152
111 83 151
111 83 152
111 84 151
111 84 152
111 85 151
111 85 152
109 83 153
109 83 154
109 83 155
109 84 153
109 85 153
109 84 154
109 84 155
109 85 154
109 85 155
110 83 153
111 83 153
110 83 154
110 83 155
111 83 154
111 83 155
110 84 153
110 85 153
111 84 153
111 85 153
110 84 154
110 84 155
110 85 154
110 85 155
111 84 154
111 84 155
111 85 154
111 85 155
112 77 150
112 79 148
112 78 149
112 78 150
112 79 149
112 79 150
113 78 150
113 79 149
113 79 150
112 77 151
112 77 152
112 78 151
112 79 151
112 78 152
112 79 152
113 78 151
113 79 151
114 79 151
113 78 152
113 79 152
114 79 152
112 77 153
112 77 154
112 77 155
112 78 153
112 79 153
112 78 154
112 78 155
112 79 154
112 79 155
113 78 153
113 79 153
114 79 153
113 78 154
113 78 155
113 79 154
113 79 155
114 79 154
114 79 155
112 81 147
112 82 147
112 80 148
112 80 149
112 80 150
112 81 148
112 82 148
112 81 149
112 81 150
112 82 149
112 82 150
113 80 149
113 80 150
114 80 150
113 81 148
113 82 148
113 81 149
113 81 150
113 82 149
113 82 150
114 81 149
114 81 150
114 82 149
114 82 150
112 83 147
112 84 147
112 83 148
112 83 149
112 83 150
112 84 148
112 85 148
112 84 149
112 84 150
112 85 149
112 85 150
113 83 148
113 83 149
113 83 150
114 83 149
114 83 150
113 84 148
113 84 149
113 84 150
113 85 149
113 85 150
114 84 149
114 84 150
114 85 150
112 80 151
112 80 152
112 81 151
112 82 151
112 81 152
112 82 152
113 80 151
114 80 151
113 80 152
114 80 152
113 81 151
113 82 151
114 81 151
114 82 151
113 81 152
113 82 152
114 81 152
114 82 152
112 80 153
112 80 154
112 80 155
112 81 153
112 82 153
112 81 154
112 81 155
112 82 154
112 82 155
113 80 153
114 80 153
113 80 154
113 80 155
114 80 154
114 80 155
113 81 153
113 82 153
114 81 153
114 82 153
113 81 154
113 81 155
113 82 154
113 82 155
114 81 154
114 81 155
114 82 154
114 82 155
112 83 151
112 83 152
112 84 151
112 85 151
112 84 152
112 85 152
113 83 151
114 83 151
113 83 152
114 83 152
113 84 151
113 85 151
114 84 151
114 85 151
113 84 152
113 85 152
114 84 152
114 85 152
112 83 153
112 83 154
112 83 155
112 84 153
112 85 153
112 84 154
112 84 155
112 85 154
112 85 155
113 83 153
114 83 153
113 83 154
113 83 155
114 83 154
114 83 155
113 84 153
113 85 153
114 84 153
114 85 153
113 84 154
113 84 155
113 85 154
113 85 155
114 84 154
114 84 155
114 85 154
114 85 155
115 81 152
115 82 152
115 81 153
115 82 153
115 82 154
115 82 155
115 83 152
115 83 153
115 83 154
115 83 155
115 84 153
118 66 154
119 67 154
120 68 154
119 69 154
119 71 154
118 73 154
119 72 154
120 69 154
120 70 154
119 85 154
86 86 45
86 86 46
86 86 47
86 87 45
86 87 46
86 87 47
86 86 48
86 86 49
86 87 48
86 87 49
87 86 49
87 87 49
86 86 50
86 86 51
86 86 52
86 87 50
86 87 51
86 87 52
87 86 50
87 86 51
87 86 52
87 87 50
87 87 51
87 87 52
86 86 53
86 86 54
86 87 53
86 87 54
87 86 53
87 86 54
87 87 53
87 87 54
86 86 55
86 86 56
86 86 57
86 87 55
86 87 56
86 87 57
87 86 55
87 86 56
87 86 57
87 87 55
87 87 56
87 87 57
88 86 54
88 87 54
88 86 55
88 86 56
88 86 57
88 87 55
88 87 56
88 87 57
86 86 58
86 86 59
86 87 58
86 87 59
87 86 58
87 86 59
87 87 58
87 87 59
86 86 60
86 86 61
86 86 62
86 87 60
87 86 60
87 86 61
87 86 62
87 87 60
87 87 61
87 87 62
88 86 58
88 86 59
88 87 58
88 87 59
89 86 58
89 86 59
88 86 60
88 86 61
88 86 62
88 87 60
88 87 61
88 87 62
89 86 60
89 86 61
89 86 62
89 87 61
87 86 63
87 86 64
87 87 63
87 87 64
87 86 65
87 86 66
87 86 67
88 86 63
88 86 64
88 87 63
88 87 64
89 86 63
89 86 64
90 86 64
88 86 65
88 86 66
88 86 67
89 86 65
90 86 65
89 86 66
89 86 67
90 86 66
90 86 67
88 86 68
88 86 69
89 86 68
90 86 68
89 86 69
90 86 69
88 86 70
88 86 71
89 86 70
90 86 70
89 86 71
89 86 72
90 86 71
90 86 72
89 86 73
90 86 73
89 86 74
90 86 74
89 86 75
90 86 75
89 86 76
90 86 76
90 86 77
91 86 70
91 86 71
91 86 72
91 86 73
91 86 74
91 86 75
91 86 76
91 86 77
90 86 78
90 86 79
90 86 80
90 86 81
90 86 82
91 86 78
91 86 79
91 86 80
91 86 81
91 86 82
91 86 84
92 86 84
91 86 87
92 86 87
99 86 147
100 86 147
98 86 150
99 86 148
100 86 148
99 86 149
99 86 150
100 86 149
100 86 150
99 87 148
100 87 148
99 87 149
99 87 150
100 87 149
100 87 150
100 88 148
99 88 150
100 88 149
100 88 150
99 86 151
100 86 151
99 86 152
100 86 152
99 87 151
100 87 151
99 87 152
100 87 152
99 86 153
100 86 153
99 86 154
99 86 155
100 86 154
100 86 155
99 87 153
100 87 153
99 87 154
100 87 154
100 87 155
99 88 151
100 88 151
99 88 152
100 88 152
100 89 151
100 89 152
99 88 153
100 88 153
100 88 154
100 88 155
100 89 153
100 89 154
100 89 155
101 86 147
102 86 147
103 86 147
102 87 147
103 87 147
101 86 148
101 86 149
101 86 150
101 87 148
101 87 149
101 87 150
102 86 148
103 86 148
102 86 149
102 86 150
103 86 149
103 86 150
102 87 148
103 87 148
102 87 149
102 87 150
103 87 149
103 87 150
101 88 149
101 88 150
101 89 149
101 89 150
102 88 148
103 88 148
102 88 149
102 88 150
103 88 149
103 88 150
102 89 149
102 89 150
102 90 150
103 89 149
103 89 150
103 90 150
104 86 147
105 86 147
106 86 147
104 86 148
104 86 149
104 86 150
104 87 148
104 87 149
104 87 150
105 86 148
106 86 148
105 86 149
105 86 150
106 86 149
106 86 150
105 87 148
106 87 148
105 87 149
105 87 150
106 87 149
106 87 150
104 88 149
104 88 150
104 89 150
104 90 150
105 88 149
105 88 150
106 88 149
106 88 150
105 89 150
106 89 150
101 86 151
101 86 152
101 87 151
101 87 152
102 86 151
103 86 151
102 86 152
103 86 152
102 87 151
103 87 151
102 87 152
103 87 152
101 86 153
101 86 154
101 86 155
101 87 153
101 87 154
101 87 155
102 86 153
103 86 153
102 86 154
102 86 155
103 86 154
103 86 155
102 87 153
103 87 153
102 87 154
102 87 155
103 87 154
103 87 155
101 88 151
101 88 152
101 89 151
101 90 151
101 89 152
101 90 152
102 88 151
103 88 151
102 88 152
103 88 152
102 89 151
102 90 151
103 89 151
103 90 151
102 89 152
102 90 152
103 89 152
103 90 152
101 88 153
101 88 154
101 88 155
101 89 153
101 90 153
101 89 154
101 89 155
101 90 154
101 90 155
102 88 153
103 88 153
102 88 154
102 88 155
103 88 154
103 88 155
102 89 153
102 90 153
103 89 153
103 90 153
102 89 154
102 89 155
102 90 154
102 90 155
103 89 154
103 89 155
103 90 154
103 90 155
104 86 151
104 86 152
104 87 151
104 87 152
105 86 151
106 86 151
105 86 152
106 86 152
105 87 151
106 87 151
105 87 152
106 87 152
104 86 153
104 86 154
104 86 155
104 87 153
104 87 154
104 87 155
105 86 153
106 86 153
105 86 154
105 86 155
106 86 154
106 86 155
105 87 153
106 87 153
105 87 154
105 87 155
106 87 154
106 87 155
104 88 151
104 88 152
104 89 151
104 90 151
104 89 152
104 90 152
105 88 151
106 88 151
105 88 152
106 88 152
105 89 151
105 90 151
106 89 151
106 90 151
105 89 152
105 90 152
106 89 152
106 90 152
104 88 153
104 88 154
104 88 155
104 89 153
104 90 153
104 89 154
104 89 155
104 90 154
104 90 155
105 88 153
106 88 153
105 88 154
105 88 155
106 88 154
106 88 155
105 89 153
105 90 153
106 89 153
106 90 153
105 89 154
105 89 155
105 90 154
105 90 155
106 89 154
106 89 155
106 90 154
106 90 155
103 91 152
102 91 153
103 91 153
102 91 154
102 91 155
103 91 154
103 91 155
104 91 152
105 91 152
104 91 153
104 91 154
104 91 155
105 91 153
106 91 153
105 91 154
105 91 155
106 91 154
106 91 155
106 93 154
106 93 155
113 100 125
114 100 125
113 101 123
113 101 124
113 101 125
114 101 124
114 101 125
113 102 123
114 102 123
113 102 124
113 102 125
114 102 124
114 102 125
115 101 124
115 101 125
115 102 123
115 102 124
111 97 135
111 98 134
111 98 135
111 99 133
111 99 134
111 99 135
113 100 126
114 100 126
113 100 127
114 100 127
112 100 128
112 99 129
112 99 130
112 100 129
112 100 130
113 99 128
113 100 128
114 100 128
113 99 129
113 99 130
113 100 129
113 100 130
114 99 129
114 99 130
114 100 129
114 100 130
112 97 135
112 98 131
112 98 132
112 99 131
112 100 131
112 99 132
112 100 132
113 98 132
113 99 131
113 100 131
114 99 131
114 100 131
113 99 132
113 100 132
114 100 132
112 98 133
112 98 134
112 98 135
112 99 133
112 100 133
112 99 134
112 99 135
112 100 134
113 98 133
113 98 134
113 98 135
113 99 133
113 100 133
113 99 134
113 99 135
113 101 126
114 101 126
113 101 127
114 101 127
113 102 126
112 101 128
112 101 129
113 101 128
114 101 128
113 101 129
115 101 126
115 101 127
111 95 145
112 95 145
107 86 147
108 86 147
107 86 148
107 86 149
107 86 150
107 87 148
107 87 149
107 87 150
108 86 148
108 86 149
108 86 150
108 87 148
108 87 149
108 87 150
107 88 149
107 88 150
107 89 150
108 88 149
108 88 150
108 89 150
109 86 148
109 86 149
109 86 150
109 87 149
109 87 150
110 86 148
111 86 148
110 86 149
110 86 150
111 86 149
111 86 150
110 87 149
110 87 150
111 87 149
111 87 150
109 88 150
110 88 150
107 86 151
107 86 152
107 87 151
107 87 152
108 86 151
108 86 152
108 87 151
108 87 152
107 86 153
107 86 154
107 86 155
107 87 153
107 87 154
107 87 155
108 86 153
108 86 154
108 86 155
108 87 153
108 87 154
108 87 155
107 88 151
107 88 152
107 89 151
107 90 151
107 89 152
107 90 152
108 88 151
108 88 152
108 89 151
108 89 152
108 90 152
107 88 153
107 88 154
107 88 155
107 89 153
107 90 153
107 89 154
107 89 155
107 90 154
107 90 155
108 88 153
108 88 154
108 88 155
108 89 153
108 90 153
108 89 154
108 89 155
108 90 154
108 90 155
109 86 151
109 86 152
109 87 151
109 87 152
110 86 151
111 86 151
110 86 152
111 86 152
110 87 151
111 87 151
110 87 152
111 87 152
109 86 153
109 86 154
109 86 155
109 87 153
109 87 154
109 87 155
110 86 153
111 86 153
110 86 154
110 86 155
111 86 154
111 86 155
110 87 153
111 87 153
110 87 154
110 87 155
111 87 154
111 87 155
109 88 151
109 88 152
109 89 151
109 89 152
109 90 152
110 88 151
111 88 151
110 88 152
111 88 152
110 89 152
111 89 152
109 88 153
109 88 154
109 88 155
109 89 153
109 90 153
109 89 154
109 89 155
109 90 154
109 90 155
110 88 153
111 88 153
110 88 154
110 88 155
111 88 154
111 88 155
110 89 153
110 90 153
111 89 153
110 89 154
110 89 155
110 90 154
110 90 155
111 89 154
111 89 155
110 95 146
111 95 146
110 95 147
111 95 147
109 95 150
110 95 148
111 95 148
110 94 149
110 94 150
110 95 149
110 95 150
111 94 149
111 94 150
111 95 149
111 95 150
107 91 153
107 91 154
107 91 155
108 91 154
108 91 155
107 94 154
108 93 154
108 93 155
108 94 153
108 94 154
108 94 155
109 91 154
109 91 155
109 92 155
110 91 154
110 91 155
111 91 154
111 91 155
110 92 155
111 92 155
109 94 151
109 95 151
109 94 152
109 95 152
110 93 152
111 93 152
110 94 151
110 95 151
111 94 151
111 95 151
110 94 152
110 95 152
111 94 152
111 95 152
109 93 153
109 93 154
109 93 155
109 94 153
109 95 153
109 94 154
109 94 155
109 95 154
110 93 153
111 93 153
110 93 154
110 93 155
111 93 154
111 93 155
110 94 153
110 95 153
111 94 153
111 95 153
110 94 154
110 94 155
110 95 154
111 94 154
111 94 155
112 86 149
112 86 150
112 87 150
113 86 150
112 86 151
112 86 152
112 87 151
112 87 152
113 86 151
114 86 151
113 86 152
114 86 152
113 87 151
113 87 152
112 86 153
112 86 154
112 86 155
112 87 153
112 87 154
112 87 155
113 86 153
114 86 153
113 86 154
113 86 155
114 86 154
114 86 155
113 87 153
114 87 153
113 87 154
113 87 155
114 87 154
114 87 155
112 88 152
112 88 153
112 88 154
112 88 155
112 89 154
112 89 155
112 90 154
112 90 155
113 88 153
113 88 154
113 88 155
113 89 154
113 89 155
113 90 154
113 90 155
117 88 155
117 89 154
117 89 155
117 90 154
117 90 155
112 95 146
112 95 147
112 95 148
112 95 149
112 95 150
113 91 152
112 91 153
112 92 155
113 92 154
112 94 151
112 95 151
112 94 152
112 93 153
112 93 154
112 94 153
114 93 155
115 92 155
116 91 155
117 91 154
116 92 155
111 97 136
111 97 137
111 96 139
111 96 140
111 97 138
111 97 139
111 97 140
111 98 136
111 98 137
111 99 136
111 99 137
111 98 138
111 98 139
111 98 140
111 99 138
111 96 141
111 96 142
111 97 141
111 97 142
111 96 143
111 96 144
111 96 145
111 97 143
111 97 144
111 97 145
111 98 141
111 98 142
111 98 143
112 97 136
112 97 137
113 97 136
113 97 137
112 96 139
112 96 140
112 97 138
112 97 139
112 97 140
113 97 138
113 97 139
113 97 140
112 98 136
112 98 137
112 99 136
112 99 137
113 98 136
113 98 137
113 99 136
112 98 138
112 98 139
112 98 140
112 99 138
113 98 138
113 98 139
112 96 141
112 96 142
112 97 141
112 97 142
113 97 141
113 97 142
112 96 143
112 96 144
112 96 145
112 97 143
112 97 144
112 97 145
112 98 141
110 96 146
111 96 146
110 96 147
111 96 147
111 97 146
111 97 147
110 96 148
111 96 148
110 96 149
110 96 150
111 96 149
111 96 150
110 96 151
112 96 146
112 96 147
112 96 148
112 96 149
127 91 145
128 91 145
127 92 145
128 92 144
128 92 145
128 93 145
122 89 150
122 90 150
118 86 154
118 86 155
118 87 154
118 87 155
119 86 154
119 86 155
119 87 153
119 87 154
119 87 155
118 88 154
118 88 155
118 89 154
118 89 155
118 90 155
119 88 153
119 88 154
119 88 155
119 89 153
119 89 154
119 89 155
119 90 154
119 90 155
121 87 152
120 86 153
120 87 153
120 87 154
121 87 153
120 88 152
120 89 152
120 90 152
122 88 151
121 88 152
122 88 152
121 89 151
121 90 151
122 89 151
122 90 151
121 89 152
121 90 152
122 89 152
122 90 152
120 88 153
120 88 154
120 88 155
120 89 153
120 90 153
120 89 154
120 89 155
120 90 154
120 90 155
121 88 153
122 88 153
121 88 154
121 89 153
121 90 153
122 89 153
122 90 153
121 89 154
121 89 155
119 91 154
122 91 151
120 91 153
121 91 153
123 89 150
123 90 149
123 90 150
124 90 148
125 90 148
124 89 150
124 90 149
124 90 150
125 89 150
125 90 149
125 90 150
126 90 148
126 90 149
126 90 150
123 88 151
123 89 151
123 90 151
123 89 152
123 90 152
124 89 151
124 90 151
125 90 151
124 90 152
123 91 150
125 91 148
124 91 149
124 91 150
125 91 149
125 91 150
125 92 148
124 92 149
124 92 150
125 92 149
126 91 147
126 92 147
127 91 146
128 91 146
127 91 147
128 91 147
127 92 146
128 92 146
127 92 147
128 92 147
126 91 148
126 91 149
126 91 150
126 92 148
126 92 149
127 91 148
128 91 148
127 91 149
127 92 148
128 93 146
123 91 151
124 91 151
132 93 140
133 93 140
133 94 140
130 92 142
129 91 145
129 92 143
129 92 144
129 92 145
130 92 143
130 92 144
130 92 145
130 93 142
129 93 144
129 93 145
130 93 143
130 93 144
131 92 141
131 92 142
132 92 141
132 92 142
133 92 142
131 92 143
131 92 144
132 92 143
131 93 141
131 93 142
131 94 142
132 93 141
133 93 141
132 93 142
133 93 142
132 94 141
133 94 141
131 93 143
131 93 144
132 93 143
134 93 140
134 93 141
129 91 146
129 92 146
130 92 146
