0.15
2183
20 27 12
20 27 13
20 27 14
20 27 15
20 27 16
20 27 17
20 26 18
20 26 19
20 26 20
20 27 18
20 27 19
20 27 20
19 26 23
19 27 23
20 26 21
20 26 22
20 26 23
20 27 21
20 27 22
20 27 23
22 27 5
21 27 6
21 27 7
21 27 8
21 27 9
21 27 10
21 27 11
22 27 6
22 27 7
22 27 8
23 27 8
22 27 9
22 27 10
22 27 11
23 27 9
23 27 10
23 27 11
21 27 12
21 27 13
21 27 14
21 27 15
21 27 16
21 27 17
22 27 12
22 27 13
22 27 14
23 27 12
23 27 13
23 27 14
22 27 15
22 27 16
22 27 17
23 27 15
21 26 18
21 26 19
21 26 20
21 27 18
21 27 19
21 27 20
21 26 21
21 26 22
21 26 23
21 27 21
21 27 22
21 27 23
22 26 19
22 26 20
22 27 18
22 27 19
22 27 20
22 26 21
22 26 22
22 26 23
22 27 21
22 27 22
22 27 23
19 26 24
19 26 25
19 26 26
19 27 24
19 27 25
19 27 26
20 26 24
20 26 25
20 26 26
20 27 24
20 27 25
20 27 26
19 26 27
19 26 28
19 26 29
19 27 27
19 27 28
19 27 29
20 26 27
20 26 28
20 26 29
20 27 27
20 27 28
20 27 29
18 25 32
17 25 35
18 25 34
18 25 35
18 26 30
18 26 31
18 26 32
18 27 30
18 27 31
18 27 32
17 26 35
18 26 33
18 26 34
18 26 35
18 27 33
18 27 34
18 27 35
19 25 32
19 25 34
19 25 35
20 25 34
20 25 35
19 26 30
19 26 31
19 26 32
19 27 30
19 27 31
19 27 32
20 26 30
20 26 31
20 26 32
20 27 30
20 27 31
20 27 32
19 26 33
19 26 34
19 26 35
19 27 33
19 27 34
19 27 35
20 26 33
20 26 34
20 26 35
20 27 33
16 25 40
16 25 41
16 26 40
16 26 41
16 27 41
14 25 48
14 26 48
15 25 43
15 25 44
16 25 42
16 25 43
16 25 44
15 25 45
15 25 46
15 25 47
15 25 48
16 25 45
16 25 46
16 25 47
16 25 48
15 26 43
15 26 44
16 26 42
16 26 43
16 26 44
16 27 42
16 27 43
15 26 45
15 26 46
15 26 47
15 26 48
15 27 48
16 26 45
16 26 46
16 26 47
16 26 48
17 25 36
17 25 37
17 25 38
18 25 36
18 25 37
18 25 38
17 25 39
17 25 40
17 25 41
18 25 39
18 25 40
18 25 41
17 26 36
17 26 37
17 26 38
17 27 36
18 26 36
18 26 37
18 26 38
18 27 36
17 26 39
17 26 40
17 26 41
18 26 39
18 26 40
18 26 41
19 25 36
19 25 37
19 25 38
19 25 39
19 25 40
19 26 36
19 26 37
19 26 38
20 26 36
19 26 39
19 26 40
17 25 42
17 25 43
17 25 44
18 25 42
18 25 43
18 25 44
17 25 45
17 25 46
17 25 47
17 25 48
18 25 45
17 26 42
17 26 43
17 26 44
18 26 42
18 26 43
18 26 44
17 26 45
17 26 46
17 26 47
17 26 48
21 26 24
21 26 25
21 26 26
21 27 24
21 27 25
21 27 26
21 26 27
21 26 28
21 26 29
21 27 27
21 27 28
21 27 29
22 26 24
22 27 24
22 27 25
21 26 30
21 26 31
21 26 32
21 27 30
21 27 31
13 13 93
12 13 94
12 13 95
12 13 96
12 13 97
13 12 95
13 12 96
13 13 94
13 13 95
13 13 96
13 13 97
13 25 52
13 25 53
13 25 54
13 26 52
13 26 53
13 26 54
13 27 54
12 25 56
12 25 57
13 25 55
13 25 56
13 25 57
12 25 58
12 25 59
12 25 60
13 25 58
13 25 59
13 25 60
12 26 57
13 26 55
13 26 56
13 26 57
13 27 55
13 27 56
13 27 57
12 26 58
12 26 59
12 26 60
12 27 59
12 27 60
13 26 58
13 26 59
13 26 60
13 27 60
9 25 70
9 25 71
9 25 72
9 26 70
9 26 71
9 26 72
9 27 71
9 27 72
11 25 61
11 25 62
11 25 63
10 25 66
11 25 64
11 25 65
11 25 66
11 26 61
11 26 62
11 26 63
11 27 63
10 26 65
10 26 66
11 26 64
11 26 65
11 26 66
11 27 64
11 27 65
11 27 66
12 25 61
12 25 62
12 25 63
13 25 61
13 25 62
13 25 63
12 25 64
12 25 65
12 25 66
13 25 64
13 25 65
13 25 66
12 26 61
12 26 62
12 26 63
12 27 61
12 27 62
12 27 63
13 26 61
13 26 62
13 26 63
13 27 62
13 27 63
12 26 64
12 26 65
12 26 66
12 27 64
12 27 65
12 27 66
13 26 64
13 26 65
13 26 66
13 27 65
10 25 67
10 25 69
11 25 67
11 25 69
10 25 70
10 25 72
11 25 70
11 25 72
10 26 67
10 26 68
10 26 69
10 27 67
10 27 68
10 27 69
11 26 67
11 26 68
11 26 69
11 27 67
11 27 68
11 27 69
10 26 70
10 26 71
10 26 72
10 27 70
10 27 71
10 27 72
11 26 70
11 26 71
11 26 72
11 27 70
11 27 71
11 27 72
12 25 67
12 25 69
13 25 67
12 25 70
12 26 67
12 26 68
12 26 69
12 27 67
12 27 68
12 27 69
13 26 67
12 26 70
12 26 71
12 26 72
12 27 70
6 20 93
6 20 94
6 20 95
6 26 80
6 26 81
6 27 81
5 26 82
5 26 83
5 26 84
5 27 82
5 27 83
5 27 84
6 26 82
6 26 83
6 26 84
6 27 82
6 27 83
6 27 84
2 25 89
2 25 90
2 26 89
2 26 90
2 25 91
2 25 92
2 25 93
2 26 91
2 26 92
3 23 92
4 22 93
4 23 93
4 22 94
4 23 94
4 23 95
4 23 96
5 21 94
5 21 95
6 21 94
6 21 95
6 21 96
6 21 97
5 23 93
5 22 94
5 22 95
5 22 96
5 22 97
5 23 94
5 23 95
5 23 96
5 23 97
6 22 94
6 22 95
6 22 96
6 22 97
6 23 94
6 23 95
6 23 96
6 23 97
3 25 89
3 25 90
4 25 89
4 25 90
3 26 86
3 26 87
3 27 86
3 27 87
4 26 85
4 26 86
4 26 87
4 27 85
4 27 86
4 27 87
3 26 88
3 26 89
3 26 90
3 27 88
3 27 89
3 27 90
4 26 88
4 26 89
4 26 90
4 27 88
4 27 89
4 27 90
5 25 89
5 25 90
5 26 85
5 26 86
5 26 87
5 27 85
5 27 86
5 27 87
6 26 85
6 26 86
6 26 87
6 27 85
6 27 86
6 27 87
5 26 88
5 26 89
5 26 90
5 27 88
5 27 89
3 24 91
3 24 92
3 24 93
3 25 91
3 25 92
3 25 93
4 24 91
4 24 92
4 24 93
4 25 91
4 25 92
4 25 93
3 24 94
3 24 95
3 25 94
3 25 95
4 24 94
4 24 95
4 24 96
4 25 94
4 25 95
4 25 96
4 25 97
3 26 91
3 26 92
3 26 93
3 27 91
3 27 92
3 27 93
4 26 91
4 26 92
4 26 93
4 27 91
4 27 92
4 27 93
3 26 94
3 26 95
4 26 94
4 26 95
4 26 96
4 27 94
5 24 92
5 24 93
5 25 91
5 25 92
5 25 93
5 24 94
5 24 95
5 24 96
5 24 97
5 25 94
5 25 95
5 25 96
5 25 97
6 24 94
6 24 95
6 24 96
6 24 97
6 25 94
6 25 95
6 25 96
6 25 97
5 26 91
5 26 92
5 26 93
5 27 92
5 27 93
5 26 94
5 26 95
5 26 96
5 26 97
5 27 94
5 27 95
5 27 96
6 26 94
6 26 95
6 26 96
6 26 97
6 27 94
6 27 95
6 27 96
7 19 93
7 20 93
7 19 94
7 19 95
7 19 96
7 19 97
7 20 94
7 20 95
7 20 96
7 20 97
8 18 93
9 17 93
9 18 92
9 18 93
8 18 94
8 18 95
8 18 96
8 18 97
9 17 94
9 17 95
9 17 96
9 17 97
9 18 94
9 18 95
9 18 96
9 18 97
8 19 93
8 20 93
9 19 92
9 19 93
9 20 92
9 20 93
8 19 94
8 19 95
8 19 96
8 19 97
8 20 94
8 20 95
8 20 96
8 20 97
9 19 94
9 19 95
9 19 96
9 19 97
9 20 94
9 20 95
9 20 96
9 20 97
11 14 94
11 14 95
11 14 96
11 14 97
10 16 93
11 15 93
11 16 92
11 16 93
10 15 94
10 15 95
10 15 96
10 16 94
10 16 95
10 16 96
10 16 97
11 15 94
11 15 95
11 15 96
11 15 97
11 16 94
11 16 95
11 16 96
11 16 97
12 14 93
13 14 93
12 14 94
12 14 95
12 14 96
12 14 97
13 14 94
13 14 95
13 14 96
13 14 97
12 15 93
12 16 92
12 16 93
13 15 92
13 15 93
13 16 92
13 16 93
12 15 94
12 15 95
12 15 96
12 15 97
12 16 94
12 16 95
12 16 96
12 16 97
13 15 94
13 15 95
13 15 96
13 15 97
13 16 94
13 16 95
13 16 96
13 16 97
10 17 92
10 17 93
10 18 92
10 18 93
11 17 92
11 17 93
11 18 92
11 18 93
10 17 94
10 17 95
10 17 96
10 17 97
10 18 94
10 18 95
10 18 96
10 18 97
11 17 94
11 17 95
11 17 96
11 17 97
11 18 94
11 18 95
11 18 96
11 18 97
10 19 92
10 19 93
10 20 92
10 20 93
11 19 92
11 19 93
11 20 92
11 20 93
10 19 94
10 19 95
10 19 96
10 19 97
10 20 94
10 20 95
10 20 96
10 20 97
11 19 94
11 19 95
11 19 96
11 19 97
11 20 94
11 20 95
11 20 96
11 20 97
12 17 92
12 17 93
12 18 91
12 18 92
12 18 93
13 17 92
13 17 93
13 18 92
13 18 93
12 17 94
12 17 95
12 17 96
12 17 97
12 18 94
12 18 95
12 18 96
12 18 97
13 17 94
13 17 95
13 17 96
13 17 97
13 18 94
13 18 95
13 18 96
13 18 97
12 19 92
12 19 93
12 20 92
12 20 93
13 19 92
13 19 93
13 20 92
13 20 93
12 19 94
12 19 95
12 19 96
12 19 97
12 20 94
12 20 95
12 20 96
12 20 97
13 19 94
13 19 95
13 19 96
13 19 97
13 20 94
13 20 95
13 20 96
13 20 97
7 26 78
7 27 78
9 25 73
8 26 74
8 26 75
8 27 75
9 26 73
9 26 74
9 26 75
9 27 73
9 27 74
9 27 75
8 26 76
8 26 77
8 26 78
8 27 76
8 27 77
8 27 78
9 26 76
9 26 77
9 26 78
9 27 76
9 27 77
9 27 78
7 26 79
7 26 80
7 26 81
7 27 79
7 27 80
7 27 81
7 26 82
7 26 83
7 26 84
7 27 82
7 27 83
7 27 84
8 26 79
8 26 80
8 26 81
8 27 79
8 27 80
8 27 81
9 26 79
9 26 80
9 26 81
9 27 79
9 27 80
9 27 81
8 26 82
8 26 83
8 26 84
8 27 82
8 27 83
8 27 84
9 26 82
9 27 82
10 25 73
11 25 73
10 26 73
10 26 74
10 26 75
10 27 73
10 27 74
10 27 75
11 26 73
11 26 74
11 26 75
11 27 73
11 27 74
11 27 75
10 26 76
10 26 77
10 26 78
10 27 76
10 27 77
10 27 78
11 26 76
10 26 79
7 21 94
7 21 95
7 21 96
7 21 97
7 22 94
7 22 95
7 22 96
7 22 97
7 23 94
7 23 95
7 23 96
7 23 97
8 21 93
9 21 92
9 21 93
8 21 94
8 21 95
8 21 96
8 21 97
9 21 94
9 21 95
9 21 96
9 21 97
8 22 93
8 23 93
9 22 92
9 22 93
9 23 92
9 23 93
8 22 94
8 22 95
8 22 96
8 22 97
8 23 94
8 23 95
8 23 96
8 23 97
9 22 94
9 22 95
9 22 96
9 22 97
9 23 94
9 23 95
9 23 96
9 23 97
7 26 85
7 26 86
7 27 85
7 27 86
8 27 85
7 24 94
7 24 95
7 24 96
7 24 97
7 25 94
7 25 95
7 25 96
7 25 97
7 26 94
7 26 95
7 26 96
7 26 97
7 27 94
7 27 95
7 27 96
7 27 97
9 24 93
9 25 93
8 24 94
8 24 95
8 24 96
8 24 97
8 25 94
8 25 95
8 25 96
8 25 97
9 24 94
9 24 95
9 24 96
9 24 97
9 25 94
9 25 95
9 25 96
9 25 97
8 26 94
8 26 95
8 26 96
8 26 97
8 27 94
8 27 95
8 27 96
8 27 97
9 26 94
9 26 95
9 26 96
9 26 97
9 27 95
9 27 96
9 27 97
10 21 92
10 21 93
11 21 92
11 21 93
10 21 94
10 21 95
10 21 96
10 21 97
11 21 94
11 21 95
11 21 96
11 21 97
10 22 92
10 22 93
10 23 92
10 23 93
11 22 92
11 22 93
11 23 92
11 23 93
10 22 94
10 22 95
10 22 96
10 22 97
10 23 94
10 23 95
10 23 96
10 23 97
11 22 94
11 22 95
11 22 96
11 22 97
11 23 94
11 23 95
11 23 96
11 23 97
12 21 92
12 21 93
13 21 92
13 21 93
12 21 94
12 21 95
12 21 96
12 21 97
13 21 94
13 21 95
13 21 96
13 21 97
12 22 92
12 22 93
12 23 92
12 23 93
13 22 92
13 22 93
13 23 92
13 23 93
12 22 94
12 22 95
12 22 96
12 22 97
12 23 94
12 23 95
12 23 96
12 23 97
13 22 94
13 22 95
13 22 96
13 22 97
13 23 94
13 23 95
13 23 96
13 23 97
10 24 92
10 24 93
10 25 93
11 24 92
11 24 93
11 25 92
11 25 93
10 24 94
10 24 95
10 24 96
10 24 97
10 25 94
10 25 95
10 25 96
10 25 97
11 24 94
11 24 95
11 24 96
11 24 97
11 25 94
11 25 95
11 25 96
11 25 97
10 26 93
11 26 93
11 27 93
10 26 94
10 26 95
10 26 96
10 26 97
10 27 95
10 27 96
10 27 97
11 26 94
11 26 95
11 26 96
11 26 97
11 27 95
11 27 96
11 27 97
12 24 92
12 24 93
12 25 92
12 25 93
13 24 92
13 24 93
13 25 92
13 25 93
12 24 94
12 24 95
12 24 96
12 24 97
12 25 94
12 25 95
12 25 96
12 25 97
13 24 94
13 24 95
13 24 96
13 24 97
13 25 94
13 25 95
13 25 96
13 25 97
12 26 93
13 26 93
12 26 94
12 26 95
12 26 96
12 26 97
12 27 96
12 27 97
13 26 94
13 26 95
13 26 96
13 26 97
13 27 95
13 27 96
13 27 97
14 13 93
14 12 94
14 12 95
14 12 96
14 12 97
14 13 94
14 13 95
14 13 96
14 13 97
15 11 94
15 11 95
15 11 96
15 11 97
16 10 95
16 10 96
16 10 97
16 11 94
16 11 95
16 11 96
16 11 97
15 13 93
16 12 93
16 13 93
15 12 94
15 12 95
15 12 96
15 12 97
15 13 94
15 13 95
15 13 96
15 13 97
16 12 94
16 12 95
16 12 96
16 12 97
16 13 94
16 13 95
16 13 96
16 13 97
19 9 96
20 9 96
17 10 95
17 10 96
17 10 97
17 11 94
17 11 95
17 11 96
17 11 97
18 10 95
18 10 96
18 10 97
18 11 94
18 11 95
18 11 96
18 11 97
17 13 93
18 13 93
17 12 94
17 12 95
17 12 96
17 12 97
17 13 94
17 13 95
17 13 96
17 13 97
18 12 94
18 12 95
18 12 96
18 12 97
18 13 94
18 13 95
18 13 96
18 13 97
19 10 95
19 10 96
19 10 97
19 11 94
19 11 95
19 11 96
19 11 97
20 10 95
20 10 96
20 10 97
20 11 94
20 11 95
20 11 96
20 11 97
19 13 93
19 12 94
19 12 95
19 12 96
19 12 97
19 13 94
19 13 95
19 13 96
19 13 97
20 12 94
20 12 95
20 12 96
20 12 97
20 13 94
20 13 95
20 13 96
20 13 97
21 10 95
21 10 96
21 10 97
21 11 94
21 11 95
21 11 96
21 11 97
21 12 94
21 12 95
21 12 96
21 12 97
21 13 94
21 13 95
21 13 96
21 13 97
22 10 96
22 10 97
22 11 95
22 11 96
22 11 97
23 10 96
23 10 97
23 11 95
23 11 96
23 11 97
22 12 94
22 12 95
22 12 96
22 12 97
22 13 94
22 13 95
22 13 96
22 13 97
23 12 95
23 12 96
23 12 97
23 13 95
23 13 96
23 13 97
24 11 95
24 11 96
24 11 97
25 11 96
25 11 97
24 12 95
24 12 96
24 12 97
24 13 95
24 13 96
24 13 97
25 12 96
25 12 97
25 13 95
25 13 96
25 13 97
26 12 96
26 12 97
26 13 96
26 13 97
14 25 49
14 25 50
14 25 51
14 25 52
14 25 53
14 25 54
14 26 49
14 26 50
14 26 51
14 26 52
14 26 53
14 26 54
14 27 53
14 27 54
15 25 49
15 25 50
15 25 51
16 25 49
16 25 50
16 25 51
15 25 52
15 25 53
15 25 54
16 25 52
16 25 53
16 25 54
15 26 49
15 26 50
15 26 51
16 26 49
16 26 50
16 26 51
15 26 52
15 26 53
15 26 54
16 26 52
16 26 53
16 26 54
14 25 55
14 25 56
14 25 57
14 25 58
14 25 59
14 25 60
14 26 55
14 26 56
14 26 57
14 27 55
14 26 58
14 26 59
14 26 60
15 25 55
15 25 56
15 25 57
16 25 55
15 25 58
15 25 59
15 26 55
15 26 56
15 26 57
16 26 55
15 26 58
15 26 59
17 25 49
17 25 50
17 26 49
14 25 61
14 25 62
14 25 63
14 26 61
14 26 62
14 26 63
14 14 93
14 14 94
14 14 95
14 14 96
14 14 97
14 15 92
14 15 93
14 16 92
14 16 93
14 15 94
14 15 95
14 15 96
14 15 97
14 16 94
14 16 95
14 16 96
14 16 97
15 14 93
16 14 93
15 14 94
15 14 95
15 14 96
15 14 97
16 14 94
16 14 95
16 14 96
16 14 97
15 15 92
15 15 93
15 16 92
15 16 93
16 15 93
16 16 92
16 16 93
15 15 94
15 15 95
15 15 96
15 15 97
15 16 94
15 16 95
15 16 96
15 16 97
16 15 94
16 15 95
16 15 96
16 15 97
16 16 94
16 16 95
16 16 96
16 16 97
14 17 92
14 17 93
14 18 92
14 18 93
14 17 94
14 17 95
14 17 96
14 17 97
14 18 94
14 18 95
14 18 96
14 18 97
14 19 92
14 19 93
14 20 92
14 20 93
14 19 94
14 19 95
14 19 96
14 19 97
14 20 94
14 20 95
14 20 96
14 20 97
15 17 92
15 17 93
15 18 92
15 18 93
16 17 92
16 17 93
16 18 92
16 18 93
15 17 94
15 17 95
15 17 96
15 17 97
15 18 94
15 18 95
15 18 96
15 18 97
16 17 94
16 17 95
16 17 96
16 17 97
16 18 94
16 18 95
16 18 96
16 18 97
15 19 92
15 19 93
15 20 92
15 20 93
16 19 92
16 19 93
16 20 92
16 20 93
15 19 94
15 19 95
15 19 96
15 19 97
15 20 94
15 20 95
15 20 96
15 20 97
16 19 94
16 19 95
16 19 96
16 19 97
16 20 94
16 20 95
16 20 96
16 20 97
17 14 93
18 14 93
17 14 94
17 14 95
17 14 96
17 14 97
18 14 94
18 14 95
18 14 96
18 14 97
17 15 93
17 16 92
17 16 93
18 15 93
18 16 93
17 15 94
17 15 95
17 15 96
17 15 97
17 16 94
17 16 95
17 16 96
17 16 97
18 15 94
18 15 95
18 15 96
18 15 97
18 16 94
18 16 95
18 16 96
18 16 97
19 14 93
20 14 93
19 14 94
19 14 95
19 14 96
19 14 97
20 14 94
20 14 95
20 14 96
20 14 97
19 15 93
19 16 93
20 15 93
20 16 93
19 15 94
19 15 95
19 15 96
19 15 97
19 16 94
19 16 95
19 16 96
19 16 97
20 15 94
20 15 95
20 15 96
20 15 97
20 16 94
20 16 95
20 16 96
20 16 97
17 17 92
17 17 93
17 18 92
17 18 93
18 17 93
18 18 93
17 17 94
17 17 95
17 17 96
17 17 97
17 18 94
17 18 95
17 18 96
17 18 97
18 17 94
18 17 95
18 17 96
18 17 97
18 18 94
18 18 95
18 18 96
18 18 97
17 19 92
17 19 93
17 20 92
17 20 93
18 19 92
18 19 93
18 20 92
18 20 93
17 19 94
17 19 95
17 19 96
17 19 97
17 20 94
17 20 95
17 20 96
17 20 97
18 19 94
18 19 95
18 19 96
18 19 97
18 20 94
18 20 95
18 20 96
18 20 97
19 17 93
19 18 93
20 17 93
20 18 93
19 17 94
19 17 95
19 17 96
19 17 97
19 18 94
19 18 95
19 18 96
19 18 97
20 17 94
20 17 95
20 17 96
20 17 97
20 18 94
20 18 95
20 18 96
20 18 97
19 19 93
19 20 93
20 19 93
20 20 93
19 19 94
19 19 95
19 19 96
19 19 97
19 20 94
19 20 95
19 20 96
19 20 97
20 19 94
20 19 95
20 19 96
20 19 97
20 20 94
20 20 95
20 20 96
20 20 97
14 21 92
14 21 93
14 21 94
14 21 95
14 21 96
14 21 97
14 22 92
14 22 93
14 23 92
14 23 93
14 22 94
14 22 95
14 22 96
14 22 97
14 23 94
14 23 95
14 23 96
14 23 97
15 21 92
15 21 93
16 21 92
16 21 93
15 21 94
15 21 95
15 21 96
15 21 97
16 21 94
16 21 95
16 21 96
16 21 97
15 22 92
15 22 93
15 23 92
15 23 93
16 22 92
16 22 93
16 23 92
16 23 93
15 22 94
15 22 95
15 22 96
15 22 97
15 23 94
15 23 95
15 23 96
15 23 97
16 22 94
16 22 95
16 22 96
16 22 97
16 23 94
16 23 95
16 23 96
16 23 97
14 24 92
14 24 93
14 25 92
14 25 93
14 24 94
14 24 95
14 24 96
14 24 97
14 25 94
14 25 95
14 25 96
14 25 97
14 26 93
14 26 94
14 26 95
14 26 96
14 26 97
15 24 92
15 24 93
15 25 92
15 25 93
16 24 92
16 24 93
16 25 93
15 24 94
15 24 95
15 24 96
15 24 97
15 25 94
15 25 95
15 25 96
15 25 97
16 24 94
16 24 95
16 24 96
16 24 97
16 25 94
16 25 95
16 25 96
16 25 97
15 26 94
15 26 95
15 26 96
15 26 97
16 26 95
16 26 96
16 26 97
17 21 92
17 21 93
18 21 92
18 21 93
17 21 94
17 21 95
17 21 96
17 21 97
18 21 94
18 21 95
18 21 96
18 21 97
17 22 92
17 22 93
17 23 92
17 23 93
18 22 92
18 22 93
18 23 92
18 23 93
17 22 94
17 22 95
17 22 96
17 22 97
17 23 94
17 23 95
17 23 96
17 23 97
18 22 94
18 22 95
18 22 96
18 22 97
18 23 94
18 23 95
18 23 96
18 23 97
19 21 93
20 21 93
19 21 94
19 21 95
19 21 96
19 21 97
20 21 94
20 21 95
20 21 96
20 21 97
19 22 93
19 23 93
20 22 93
20 23 93
19 22 94
19 22 95
19 22 96
19 22 97
19 23 94
19 23 95
19 23 96
19 23 97
20 22 94
20 22 95
20 22 96
20 22 97
20 23 94
20 23 95
20 23 96
20 23 97
17 24 92
17 24 93
17 25 93
18 24 93
17 24 94
17 24 95
17 24 96
17 24 97
17 25 94
17 25 95
17 25 96
17 25 97
18 24 94
18 24 95
18 24 96
18 24 97
18 25 94
18 25 95
18 25 96
18 25 97
17 26 95
17 26 96
17 26 97
18 26 97
19 24 93
19 24 94
19 24 95
19 24 96
19 24 97
19 25 95
19 25 96
19 25 97
20 24 94
20 24 95
20 24 96
20 24 97
20 25 97
21 14 94
21 14 95
21 14 96
21 14 97
21 15 93
21 16 93
21 15 94
21 15 95
21 15 96
21 15 97
21 16 94
21 16 95
21 16 96
21 16 97
22 14 94
22 14 95
22 14 96
22 14 97
23 14 94
23 14 95
23 14 96
23 14 97
22 15 94
22 15 95
22 15 96
22 15 97
22 16 94
22 16 95
22 16 96
22 16 97
23 15 94
23 15 95
23 15 96
23 15 97
23 16 94
23 16 95
23 16 96
23 16 97
21 17 93
21 18 93
21 17 94
21 17 95
21 17 96
21 17 97
21 18 94
21 18 95
21 18 96
21 18 97
21 19 93
21 20 93
21 19 94
21 19 95
21 19 96
21 19 97
21 20 94
21 20 95
21 20 96
21 20 97
22 17 93
22 18 93
22 17 94
22 17 95
22 17 96
22 17 97
22 18 94
22 18 95
22 18 96
22 18 97
23 17 94
23 17 95
23 17 96
23 17 97
23 18 94
23 18 95
23 18 96
23 18 97
22 19 94
22 19 95
22 19 96
22 19 97
22 20 94
22 20 95
22 20 96
22 20 97
23 19 94
23 19 95
23 19 96
23 19 97
23 20 94
23 20 95
23 20 96
23 20 97
24 14 95
24 14 96
24 14 97
25 14 95
25 14 96
25 14 97
24 15 95
24 15 96
24 15 97
24 16 94
24 16 95
24 16 96
24 16 97
25 15 95
25 15 96
25 15 97
25 16 95
25 16 96
25 16 97
26 14 96
26 14 97
27 14 96
27 14 97
26 15 95
26 15 96
26 15 97
26 16 95
26 16 96
26 16 97
27 15 96
27 15 97
27 16 96
27 16 97
24 17 94
24 17 95
24 17 96
24 17 97
24 18 94
24 18 95
24 18 96
24 18 97
25 17 95
25 17 96
25 17 97
25 18 95
25 18 96
25 18 97
24 19 94
24 19 95
24 19 96
24 19 97
24 20 94
24 20 95
24 20 96
24 20 97
25 19 95
25 19 96
25 19 97
25 20 95
25 20 96
25 20 97
26 17 95
26 17 96
26 17 97
26 18 95
26 18 96
26 18 97
27 17 95
27 17 96
27 17 97
27 18 96
27 18 97
26 19 95
26 19 96
26 19 97
26 20 95
26 20 96
26 20 97
27 19 96
27 19 97
27 20 96
27 20 97
21 21 93
21 21 94
21 21 95
21 21 96
21 21 97
21 22 93
21 22 94
21 22 95
21 22 96
21 22 97
21 23 94
21 23 95
21 23 96
21 23 97
22 21 94
22 21 95
22 21 96
22 21 97
23 21 94
23 21 95
23 21 96
23 21 97
22 22 94
22 22 95
22 22 96
22 22 97
22 23 95
22 23 96
22 23 97
23 22 94
23 22 95
23 22 96
23 22 97
23 23 96
23 23 97
21 24 95
21 24 96
21 24 97
22 24 97
24 21 94
24 21 95
24 21 96
24 21 97
25 21 95
25 21 96
25 21 97
24 22 95
24 22 96
24 22 97
25 22 96
25 22 97
26 21 96
26 21 97
20 28 12
20 28 13
20 28 14
20 28 15
20 28 16
20 28 17
20 28 18
20 28 19
20 28 20
20 28 21
20 28 22
20 28 23
21 28 4
21 28 5
21 29 5
22 28 1
22 28 2
23 28 2
22 28 3
22 28 4
22 28 5
23 28 3
23 28 4
23 28 5
22 29 1
22 29 2
23 29 0
23 29 1
23 29 2
22 29 3
22 29 4
22 29 5
23 29 3
23 29 4
23 29 5
21 28 6
21 28 7
21 28 8
21 28 9
21 28 10
21 28 11
21 29 6
21 29 7
21 29 8
21 29 9
21 29 10
21 29 11
22 28 6
22 28 7
22 28 8
23 28 6
23 28 7
23 28 8
22 28 9
22 28 10
22 28 11
23 28 9
23 28 10
23 28 11
22 29 6
22 29 7
22 29 8
23 29 6
23 29 7
23 29 8
22 29 9
22 29 10
22 29 11
23 29 9
24 28 2
24 28 3
24 28 4
24 28 5
24 29 1
24 29 2
24 29 3
24 29 4
24 29 5
24 28 6
24 28 7
24 28 8
24 28 9
24 29 6
24 29 7
21 28 12
21 28 13
21 28 14
21 28 15
21 28 16
21 28 17
21 29 12
22 28 12
22 28 13
22 28 14
23 28 12
23 28 13
23 28 14
22 28 15
22 28 16
22 28 17
23 28 15
21 28 18
21 28 19
21 28 20
21 28 21
21 28 22
21 28 23
22 28 18
22 28 19
22 28 20
22 28 21
19 28 26
6 28 81
5 28 84
6 28 82
6 28 83
6 28 84
4 28 86
5 28 85
5 28 86
6 28 85
7 28 81
7 28 82
7 28 83
8 28 81
8 28 82
