0.15
3470
23 30 50
23 30 51
23 31 49
23 31 50
23 31 51
21 30 59
21 31 59
22 30 54
22 30 55
22 31 54
22 31 55
23 30 52
23 30 53
23 30 54
23 30 55
23 31 52
23 31 53
23 31 54
23 31 55
22 30 56
22 30 57
22 30 58
22 30 59
22 31 56
22 31 57
22 31 58
22 31 59
23 30 56
23 30 57
23 30 58
23 30 59
23 31 56
23 31 57
23 31 58
23 31 59
25 31 33
25 31 34
25 31 35
25 31 36
26 31 32
27 31 32
26 31 33
26 31 34
26 31 35
26 31 36
27 31 33
27 31 34
27 31 35
27 31 36
24 31 40
25 31 37
25 31 38
25 31 39
25 31 40
24 31 42
24 31 43
24 31 44
25 31 41
25 31 42
25 31 43
25 31 44
26 31 37
26 31 38
26 31 39
26 31 40
27 31 37
27 31 38
27 31 39
27 31 40
26 31 41
26 31 42
26 31 43
26 31 44
27 31 41
27 31 42
27 31 43
24 30 47
24 31 45
24 31 46
24 31 47
25 30 47
25 31 45
25 31 46
25 31 47
24 30 48
24 30 49
24 30 50
24 30 51
24 31 48
24 31 49
24 31 50
24 31 51
25 30 48
25 30 49
25 30 50
25 30 51
25 31 48
25 31 49
25 31 50
25 31 51
26 31 45
26 31 46
26 31 47
26 31 48
26 31 49
26 31 50
26 31 51
24 30 52
24 30 53
24 30 54
24 30 55
24 31 52
24 31 53
24 31 54
24 31 55
25 30 52
25 30 53
25 30 54
25 30 55
25 31 52
25 31 53
25 31 54
25 31 55
24 30 56
24 30 57
24 30 58
24 30 59
24 31 56
24 31 57
24 31 58
24 31 59
15 31 85
15 30 88
15 31 86
15 31 87
15 31 88
15 31 89
5 31 109
5 31 110
7 31 107
6 30 109
6 30 110
6 31 109
6 31 110
6 31 111
7 30 109
7 30 110
7 31 109
7 31 110
7 31 111
7 29 112
7 29 113
7 28 118
7 29 118
6 30 112
6 31 112
6 31 113
7 30 112
7 30 113
7 30 114
7 31 112
7 31 113
7 31 114
7 31 115
6 30 118
6 31 118
7 30 118
7 31 118
7 31 119
15 19 116
15 19 117
15 19 118
13 21 117
13 22 115
13 23 114
13 23 115
12 23 116
12 23 117
12 23 118
12 23 119
13 22 116
13 22 117
13 22 118
13 22 119
13 23 116
13 23 117
13 23 118
13 23 119
14 21 115
15 20 115
15 21 114
15 21 115
14 20 117
14 21 116
14 21 117
14 21 118
14 21 119
15 20 116
15 20 117
15 20 118
15 20 119
15 21 116
15 21 117
15 21 118
15 21 119
14 22 114
14 22 115
14 23 113
14 23 114
14 23 115
15 22 114
15 22 115
15 23 113
15 23 114
15 23 115
14 22 116
14 22 117
14 22 118
14 22 119
14 23 116
14 23 117
14 23 118
14 23 119
15 22 116
15 22 117
15 22 118
15 22 119
15 23 116
15 23 117
15 23 118
15 23 119
11 31 101
11 31 102
11 31 103
11 31 104
13 31 94
13 31 95
13 31 96
14 31 90
14 31 91
14 31 92
15 30 92
15 31 90
15 31 91
15 31 92
14 31 93
14 31 94
14 31 95
14 31 96
15 30 93
15 31 93
15 31 94
15 31 95
15 31 96
12 31 98
12 31 99
12 31 100
13 31 97
13 31 98
13 31 99
13 31 100
12 31 101
12 31 102
12 31 103
12 31 104
13 31 101
13 31 102
13 31 103
14 31 97
14 31 98
14 31 99
14 31 100
15 31 97
15 31 98
15 31 99
14 31 101
8 27 118
9 26 117
9 26 118
9 27 116
9 27 117
9 27 118
9 27 119
11 25 115
10 25 117
10 25 118
11 24 117
11 24 118
11 24 119
11 25 116
11 25 117
11 25 118
11 25 119
10 26 115
10 27 115
11 26 115
11 27 115
10 26 116
10 26 117
10 26 118
10 26 119
10 27 116
10 27 117
10 27 118
10 27 119
11 26 116
11 26 117
11 26 118
11 26 119
11 27 116
11 27 117
11 27 118
11 27 119
8 28 111
9 28 111
8 30 107
8 31 107
9 30 107
9 31 106
9 31 107
8 30 109
8 30 110
8 31 108
8 31 109
8 31 110
8 31 111
9 30 109
9 30 110
9 31 108
9 31 109
9 31 110
9 31 111
10 30 107
10 31 105
10 31 106
10 31 107
11 30 107
11 31 105
11 31 106
11 31 107
10 31 108
10 31 109
8 28 112
8 29 112
8 29 113
8 29 114
8 29 115
9 28 112
9 28 115
9 29 112
9 29 115
8 28 118
8 28 119
8 29 116
8 29 117
8 29 118
9 28 116
9 28 117
9 28 118
9 28 119
9 29 116
9 29 117
9 29 118
9 29 119
8 30 112
8 30 113
8 30 114
8 30 115
8 31 112
8 31 113
8 31 114
8 31 115
9 30 112
9 30 113
9 30 114
9 30 115
9 31 112
9 31 113
9 31 114
9 31 115
8 30 116
8 30 117
8 30 118
8 31 116
8 31 117
8 31 118
9 30 116
9 30 117
9 30 118
9 30 119
9 31 116
9 31 117
9 31 118
10 28 115
10 29 115
11 28 115
11 29 115
10 28 116
10 28 117
10 28 118
10 28 119
10 29 116
10 29 117
10 29 118
10 29 119
11 28 116
11 28 117
11 28 118
11 28 119
11 29 116
11 29 117
11 29 118
11 29 119
10 30 115
10 31 114
10 31 115
11 30 115
11 31 115
10 30 116
10 30 117
10 30 118
10 30 119
10 31 116
10 31 117
10 31 118
10 31 119
11 30 116
11 30 117
11 30 118
11 30 119
11 31 116
11 31 117
11 31 118
11 31 119
12 24 115
12 25 115
13 24 113
13 24 114
13 24 115
13 25 113
13 25 114
13 25 115
12 24 116
12 24 117
12 24 118
12 24 119
12 25 116
12 25 117
12 25 118
12 25 119
13 24 116
13 24 117
13 24 118
13 24 119
13 25 116
13 25 117
13 25 118
13 25 119
12 26 115
12 27 115
13 26 113
13 26 114
13 26 115
13 27 113
13 27 114
13 27 115
12 26 116
12 26 117
12 26 118
12 26 119
12 27 116
12 27 117
12 27 118
12 27 119
13 26 116
13 26 117
13 26 118
13 26 119
13 27 116
13 27 117
13 27 118
13 27 119
14 24 113
14 24 114
14 24 115
14 25 113
14 25 114
14 25 115
15 24 113
15 24 114
15 24 115
15 25 113
15 25 114
15 25 115
14 24 116
14 24 117
14 24 118
14 24 119
14 25 116
14 25 117
14 25 118
14 25 119
15 24 116
15 24 117
15 24 118
15 24 119
15 25 116
15 25 117
15 25 118
15 25 119
14 26 113
14 26 114
14 26 115
14 27 113
14 27 114
14 27 115
15 26 113
15 26 114
15 26 115
15 27 113
15 27 114
15 27 115
14 26 116
14 26 117
14 26 118
14 26 119
14 27 116
14 27 117
14 27 118
14 27 119
15 26 116
15 26 117
15 26 118
15 26 119
15 27 116
15 27 117
15 27 118
15 27 119
12 31 105
12 31 106
12 31 107
12 28 115
12 29 115
13 28 114
13 28 115
13 29 114
13 29 115
12 28 116
12 28 117
12 28 118
12 28 119
12 29 116
12 29 117
12 29 118
12 29 119
13 28 116
13 28 117
13 28 118
13 28 119
13 29 116
13 29 117
13 29 118
13 29 119
12 30 115
12 31 115
13 30 114
13 30 115
13 31 115
12 30 116
12 30 117
12 30 118
12 30 119
12 31 116
12 31 117
12 31 118
12 31 119
13 30 116
13 30 117
13 30 118
13 30 119
13 31 116
13 31 117
13 31 118
13 31 119
14 28 113
14 28 114
14 28 115
14 29 113
14 29 114
14 29 115
15 28 113
15 28 114
15 28 115
15 29 113
15 29 114
15 29 115
14 28 116
14 28 117
14 28 118
14 28 119
14 29 116
14 29 117
14 29 118
14 29 119
15 28 116
15 28 117
15 28 118
15 28 119
15 29 116
15 29 117
15 29 118
15 29 119
14 30 114
14 30 115
14 31 114
14 31 115
15 30 113
15 30 114
15 30 115
15 31 114
15 31 115
14 30 116
14 30 117
14 30 118
14 30 119
14 31 116
14 31 117
14 31 118
14 31 119
15 30 116
15 30 117
15 30 118
15 30 119
15 31 116
15 31 117
15 31 118
15 31 119
21 15 117
21 15 118
21 15 119
22 15 116
22 15 117
22 15 118
22 15 119
23 15 116
23 15 117
23 15 118
23 15 119
24 15 116
24 15 117
24 15 118
24 15 119
25 14 117
25 14 118
25 14 119
25 15 116
25 15 117
25 15 118
25 15 119
26 14 117
26 14 118
26 14 119
26 15 117
26 15 118
26 15 119
27 14 117
27 15 117
27 15 118
27 15 119
28 13 118
29 13 118
28 15 119
30 13 118
31 13 118
19 29 70
19 29 71
19 29 72
19 29 73
19 29 74
19 30 67
19 30 68
19 30 69
19 30 70
19 31 67
19 31 68
19 31 69
19 31 70
18 30 71
18 30 72
18 30 73
18 30 74
18 31 71
18 31 72
18 31 73
18 31 74
19 30 71
19 30 72
19 30 73
19 30 74
19 31 71
19 31 72
19 31 73
19 31 74
21 29 64
21 30 60
21 30 61
21 30 62
21 31 60
21 31 61
21 31 62
20 30 63
20 30 64
20 30 65
20 30 66
20 31 63
20 31 64
20 31 65
20 31 66
21 30 63
21 30 64
21 30 65
21 30 66
21 31 63
21 31 64
21 31 65
21 31 66
22 29 63
22 29 64
22 30 60
22 30 61
22 30 62
22 31 60
22 31 61
22 31 62
23 30 60
23 30 61
23 30 62
23 31 60
23 31 61
23 31 62
22 30 63
22 30 64
22 30 65
22 30 66
22 31 63
22 31 64
22 31 65
22 31 66
23 30 63
23 30 64
23 31 63
23 31 64
20 29 68
20 29 69
20 29 70
21 29 68
21 29 69
20 29 71
20 29 72
20 29 73
20 29 74
20 30 67
20 30 68
20 30 69
20 30 70
20 31 67
20 31 68
20 31 69
20 31 70
21 30 67
21 30 68
21 30 69
21 30 70
21 31 67
21 31 68
21 31 69
21 31 70
20 30 71
20 30 72
20 30 73
20 30 74
20 31 71
20 31 72
20 31 73
20 31 74
21 30 71
21 30 72
21 30 73
21 30 74
21 31 71
21 31 72
21 31 73
21 31 74
22 30 67
22 30 68
22 30 69
22 31 67
22 31 68
22 31 69
17 30 75
17 30 76
17 30 77
17 31 75
17 31 76
17 31 77
16 30 81
16 31 80
16 31 81
17 30 78
17 30 79
17 30 80
17 30 81
17 31 78
17 31 79
17 31 80
17 31 81
18 29 75
19 29 75
18 29 78
19 29 78
18 30 75
18 30 76
18 30 77
18 31 75
18 31 76
18 31 77
19 30 75
19 30 76
19 30 77
19 31 75
19 31 76
19 31 77
18 30 78
18 30 79
18 30 80
18 30 81
18 31 78
18 31 79
18 31 80
18 31 81
19 30 78
19 30 79
19 30 80
19 30 81
19 31 78
19 31 79
19 31 80
19 31 81
16 30 82
16 30 83
16 30 84
16 30 85
16 31 82
16 31 83
16 31 84
16 31 85
17 30 82
17 30 83
17 30 84
17 30 85
17 31 82
17 31 83
17 31 84
17 31 85
16 30 86
16 30 87
16 30 88
16 30 89
16 31 86
16 31 87
16 31 88
16 31 89
17 30 86
17 30 87
17 30 88
17 31 86
17 31 87
17 31 88
17 31 89
18 30 82
18 30 83
18 30 84
18 30 85
18 31 82
18 31 83
18 31 84
18 31 85
19 31 82
19 31 83
18 31 86
18 31 87
20 30 75
20 30 76
20 30 77
20 31 75
20 31 76
20 31 77
21 31 75
20 30 78
20 31 78
24 31 60
17 17 117
16 19 115
17 18 115
17 19 114
17 19 115
16 18 117
16 18 118
16 19 116
16 19 117
16 19 118
16 19 119
17 18 116
17 18 117
17 18 118
17 18 119
17 19 116
17 19 117
17 19 118
17 19 119
19 17 115
18 17 116
18 17 117
18 17 118
18 17 119
19 16 116
19 16 117
19 16 118
19 16 119
19 17 116
19 17 117
19 17 118
19 17 119
18 18 115
18 19 114
18 19 115
19 18 115
19 19 114
19 19 115
18 18 116
18 18 117
18 18 118
18 18 119
18 19 116
18 19 117
18 19 118
18 19 119
19 18 116
19 18 117
19 18 118
19 18 119
19 19 116
19 19 117
19 19 118
19 19 119
16 20 114
16 20 115
16 21 114
16 21 115
17 20 114
17 20 115
17 21 114
17 21 115
16 20 116
16 20 117
16 20 118
16 20 119
16 21 116
16 21 117
16 21 118
16 21 119
17 20 116
17 20 117
17 20 118
17 20 119
17 21 116
17 21 117
17 21 118
17 21 119
16 22 113
16 22 114
16 22 115
16 23 113
16 23 114
16 23 115
17 22 113
17 22 114
17 22 115
17 23 113
17 23 114
17 23 115
16 22 116
16 22 117
16 22 118
16 22 119
16 23 116
16 23 117
16 23 118
16 23 119
17 22 116
17 22 117
17 22 118
17 22 119
17 23 116
17 23 117
17 23 118
17 23 119
18 20 114
18 20 115
18 21 114
18 21 115
19 20 114
19 20 115
19 21 113
19 21 114
19 21 115
18 20 116
18 20 117
18 20 118
18 20 119
18 21 116
18 21 117
18 21 118
18 21 119
19 20 116
19 20 117
19 20 118
19 20 119
19 21 116
19 21 117
19 21 118
19 21 119
18 22 113
18 22 114
18 22 115
18 23 113
18 23 114
18 23 115
19 22 113
19 22 114
19 22 115
19 23 113
19 23 114
19 23 115
18 22 116
18 22 117
18 22 118
18 22 119
18 23 116
18 23 117
18 23 118
18 23 119
19 22 116
19 22 117
19 22 118
19 22 119
19 23 116
19 23 117
19 23 118
19 23 119
20 17 115
21 17 115
20 16 116
20 16 117
20 16 118
20 16 119
20 17 116
20 17 117
20 17 118
20 17 119
21 16 116
21 16 117
21 16 118
21 16 119
21 17 116
21 17 117
21 17 118
21 17 119
20 18 115
20 19 114
20 19 115
21 18 114
21 18 115
21 19 114
21 19 115
20 18 116
20 18 117
20 18 118
20 18 119
20 19 116
20 19 117
20 19 118
20 19 119
21 18 116
21 18 117
21 18 118
21 18 119
21 19 116
21 19 117
21 19 118
21 19 119
22 16 115
22 17 115
23 16 115
23 17 115
22 16 116
22 16 117
22 16 118
22 16 119
22 17 116
22 17 117
22 17 118
22 17 119
23 16 116
23 16 117
23 16 118
23 16 119
23 17 116
23 17 117
23 17 118
23 17 119
22 18 115
22 19 114
22 19 115
23 18 115
23 19 115
22 18 116
22 18 117
22 18 118
22 18 119
22 19 116
22 19 117
22 19 118
22 19 119
23 18 116
23 18 117
23 18 118
23 18 119
23 19 116
23 19 117
23 19 118
23 19 119
20 20 114
20 20 115
20 21 114
20 21 115
21 20 114
21 20 115
21 21 114
21 21 115
20 20 116
20 20 117
20 20 118
20 20 119
20 21 116
20 21 117
20 21 118
20 21 119
21 20 116
21 20 117
21 20 118
21 20 119
21 21 116
21 21 117
21 21 118
21 21 119
20 22 114
20 22 115
20 23 114
20 23 115
21 22 114
21 22 115
21 23 114
21 23 115
20 22 116
20 22 117
20 22 118
20 22 119
20 23 116
20 23 117
20 23 118
20 23 119
21 22 116
21 22 117
21 22 118
21 22 119
21 23 116
21 23 117
21 23 118
21 23 119
22 20 114
22 20 115
22 21 114
22 21 115
23 20 114
23 20 115
23 21 114
23 21 115
22 20 116
22 20 117
22 20 118
22 20 119
22 21 116
22 21 117
22 21 118
22 21 119
23 20 116
23 20 117
23 20 118
23 20 119
23 21 116
23 21 117
23 21 118
23 21 119
22 22 114
22 22 115
22 23 114
22 23 115
23 22 114
23 22 115
23 23 114
23 23 115
22 22 116
22 22 117
22 22 118
22 22 119
22 23 116
22 23 117
22 23 118
22 23 119
23 22 116
23 22 117
23 22 118
23 22 119
23 23 116
23 23 117
23 23 118
23 23 119
16 30 90
16 30 91
16 30 92
16 31 90
16 31 91
16 31 92
17 31 90
17 31 91
16 31 93
16 31 94
16 31 95
16 24 113
16 24 114
16 24 115
16 25 113
16 25 114
16 25 115
17 24 113
17 24 114
17 24 115
17 25 113
17 25 114
17 25 115
16 24 116
16 24 117
16 24 118
16 24 119
16 25 116
16 25 117
16 25 118
16 25 119
17 24 116
17 24 117
17 24 118
17 24 119
17 25 116
17 25 117
17 25 118
17 25 119
16 26 113
16 26 114
16 26 115
16 27 113
16 27 114
16 27 115
17 26 113
17 26 114
17 26 115
17 27 113
17 27 114
17 27 115
16 26 116
16 26 117
16 26 118
16 26 119
16 27 116
16 27 117
16 27 118
16 27 119
17 26 116
17 26 117
17 26 118
17 26 119
17 27 116
17 27 117
17 27 118
17 27 119
18 24 113
18 24 114
18 24 115
18 25 113
18 25 114
18 25 115
19 24 113
19 24 114
19 24 115
19 25 113
19 25 114
19 25 115
18 24 116
18 24 117
18 24 118
18 24 119
18 25 116
18 25 117
18 25 118
18 25 119
19 24 116
19 24 117
19 24 118
19 24 119
19 25 116
19 25 117
19 25 118
19 25 119
18 26 113
18 26 114
18 26 115
18 27 113
18 27 114
18 27 115
19 26 113
19 26 114
19 26 115
19 27 113
19 27 114
19 27 115
18 26 116
18 26 117
18 26 118
18 26 119
18 27 116
18 27 117
18 27 118
18 27 119
19 26 116
19 26 117
19 26 118
19 26 119
19 27 116
19 27 117
19 27 118
19 27 119
16 28 113
16 28 114
16 28 115
16 29 113
16 29 114
16 29 115
17 28 113
17 28 114
17 28 115
17 29 113
17 29 114
17 29 115
16 28 116
16 28 117
16 28 118
16 28 119
16 29 116
16 29 117
16 29 118
16 29 119
17 28 116
17 28 117
17 28 118
17 28 119
17 29 116
17 29 117
17 29 118
17 29 119
16 30 113
16 30 114
16 30 115
16 31 114
16 31 115
17 30 113
17 30 114
17 30 115
17 31 114
17 31 115
16 30 116
16 30 117
16 30 118
16 30 119
16 31 116
16 31 117
16 31 118
16 31 119
17 30 116
17 30 117
17 30 118
17 30 119
17 31 116
17 31 117
17 31 118
17 31 119
18 28 113
18 28 114
18 28 115
18 29 113
18 29 114
18 29 115
19 28 113
19 28 114
19 28 115
19 29 113
19 29 114
19 29 115
18 28 116
18 28 117
18 28 118
18 28 119
18 29 116
18 29 117
18 29 118
18 29 119
19 28 116
19 28 117
19 28 118
19 28 119
19 29 116
19 29 117
19 29 118
19 29 119
18 30 113
18 30 114
18 30 115
18 31 113
18 31 114
18 31 115
19 30 113
19 30 114
19 30 115
19 31 114
19 31 115
18 30 116
18 30 117
18 30 118
18 30 119
18 31 116
18 31 117
18 31 118
18 31 119
19 30 116
19 30 117
19 30 118
19 30 119
19 31 116
19 31 117
19 31 118
19 31 119
20 24 113
20 24 114
20 24 115
20 25 113
20 25 114
20 25 115
21 24 114
21 24 115
21 25 113
21 25 114
21 25 115
20 24 116
20 24 117
20 24 118
20 24 119
20 25 116
20 25 117
20 25 118
20 25 119
21 24 116
21 24 117
21 24 118
21 24 119
21 25 116
21 25 117
21 25 118
21 25 119
20 26 113
20 26 114
20 26 115
20 27 113
20 27 114
20 27 115
21 26 113
21 26 114
21 26 115
21 27 113
21 27 114
21 27 115
20 26 116
20 26 117
20 26 118
20 26 119
20 27 116
20 27 117
20 27 118
20 27 119
21 26 116
21 26 117
21 26 118
21 26 119
21 27 116
21 27 117
21 27 118
21 27 119
22 24 114
22 24 115
22 25 114
22 25 115
23 24 114
23 24 115
23 25 114
23 25 115
22 24 116
22 24 117
22 24 118
22 24 119
22 25 116
22 25 117
22 25 118
22 25 119
23 24 116
23 24 117
23 24 118
23 24 119
23 25 116
23 25 117
23 25 118
23 25 119
22 26 114
22 26 115
22 27 114
22 27 115
23 26 114
23 26 115
23 27 114
23 27 115
22 26 116
22 26 117
22 26 118
22 26 119
22 27 116
22 27 117
22 27 118
22 27 119
23 26 116
23 26 117
23 26 118
23 26 119
23 27 116
23 27 117
23 27 118
23 27 119
20 28 113
20 28 114
20 28 115
20 29 113
20 29 114
20 29 115
21 28 113
21 28 114
21 28 115
21 29 113
21 29 114
21 29 115
20 28 116
20 28 117
20 28 118
20 28 119
20 29 116
20 29 117
20 29 118
20 29 119
21 28 116
21 28 117
21 28 118
21 28 119
21 29 116
21 29 117
21 29 118
21 29 119
20 30 113
20 30 114
20 30 115
20 31 114
20 31 115
21 30 114
21 30 115
21 31 115
20 30 116
20 30 117
20 30 118
20 30 119
20 31 116
20 31 117
20 31 118
20 31 119
21 30 116
21 30 117
21 30 118
21 30 119
21 31 116
21 31 117
21 31 118
21 31 119
22 28 114
22 28 115
22 29 114
22 29 115
23 28 114
23 28 115
23 29 114
23 29 115
22 28 116
22 28 117
22 28 118
22 28 119
22 29 116
22 29 117
22 29 118
22 29 119
23 28 116
23 28 117
23 28 118
23 28 119
23 29 116
23 29 117
23 29 118
23 29 119
22 30 114
22 30 115
22 31 115
23 30 115
22 30 116
22 30 117
22 30 118
22 30 119
22 31 116
22 31 117
22 31 118
22 31 119
23 30 116
23 30 117
23 30 118
23 30 119
23 31 118
23 31 119
24 17 115
24 16 116
24 16 117
24 16 118
24 16 119
24 17 116
24 17 117
24 17 118
24 17 119
25 16 116
25 16 117
25 16 118
25 16 119
25 17 116
25 17 117
25 17 118
25 17 119
24 18 115
24 19 115
25 18 115
25 19 115
24 18 116
24 18 117
24 18 118
24 18 119
24 19 116
24 19 117
24 19 118
24 19 119
25 18 116
25 18 117
25 18 118
25 18 119
25 19 116
25 19 117
25 19 118
25 19 119
26 16 116
26 16 117
26 16 118
26 16 119
26 17 116
26 17 117
26 17 118
26 17 119
27 16 116
27 16 117
27 16 118
27 16 119
27 17 116
27 17 117
27 17 118
27 17 119
26 19 115
26 18 116
26 18 117
26 18 118
26 18 119
26 19 116
26 19 117
26 19 118
26 19 119
27 18 116
27 18 117
27 18 118
27 18 119
27 19 116
27 19 117
27 19 118
27 19 119
24 20 115
24 21 114
24 21 115
25 20 115
25 21 115
24 20 116
24 20 117
24 20 118
24 20 119
24 21 116
24 21 117
24 21 118
24 21 119
25 20 116
25 20 117
25 20 118
25 20 119
25 21 116
25 21 117
25 21 118
25 21 119
24 22 114
24 22 115
24 23 114
24 23 115
25 22 114
25 22 115
25 23 114
25 23 115
24 22 116
24 22 117
24 22 118
24 22 119
24 23 116
24 23 117
24 23 118
24 23 119
25 22 116
25 22 117
25 22 118
25 22 119
25 23 116
25 23 117
25 23 118
25 23 119
26 20 115
26 21 115
27 21 115
26 20 116
26 20 117
26 20 118
26 20 119
26 21 116
26 21 117
26 21 118
26 21 119
27 20 116
27 20 117
27 20 118
27 20 119
27 21 116
27 21 117
27 21 118
27 21 119
26 22 115
26 23 115
27 22 115
27 23 115
26 22 116
26 22 117
26 22 118
26 22 119
26 23 116
26 23 117
26 23 118
26 23 119
27 22 116
27 22 117
27 22 118
27 22 119
27 23 116
27 23 117
27 23 118
27 23 119
28 16 117
28 16 118
28 16 119
28 17 117
28 17 118
28 17 119
29 16 118
29 16 119
29 17 117
29 17 118
29 17 119
28 18 116
28 18 117
28 18 118
28 18 119
28 19 116
28 19 117
28 19 118
28 19 119
29 18 117
29 18 118
29 18 119
29 19 116
29 19 117
29 19 118
29 19 119
30 17 118
30 17 119
30 18 117
30 18 118
30 18 119
30 19 117
30 19 118
30 19 119
31 19 118
31 19 119
28 20 116
28 20 117
28 20 118
28 20 119
28 21 116
28 21 117
28 21 118
28 21 119
29 20 116
29 20 117
29 20 118
29 20 119
29 21 116
29 21 117
29 21 118
29 21 119
28 22 116
28 22 117
28 22 118
28 22 119
28 23 116
28 23 117
28 23 118
28 23 119
29 22 116
29 22 117
29 22 118
29 22 119
29 23 116
29 23 117
29 23 118
29 23 119
30 20 117
30 20 118
30 20 119
30 21 116
30 21 117
30 21 118
30 21 119
31 20 117
31 20 118
31 20 119
31 21 117
31 21 118
31 21 119
30 22 116
30 22 117
30 22 118
30 22 119
30 23 116
30 23 117
30 23 118
30 23 119
31 22 117
31 22 118
31 22 119
31 23 117
31 23 118
31 23 119
24 24 114
24 24 115
24 25 114
24 25 115
25 24 114
25 24 115
25 25 114
25 25 115
24 24 116
24 24 117
24 24 118
24 24 119
24 25 116
24 25 117
24 25 118
24 25 119
25 24 116
25 24 117
25 24 118
25 24 119
25 25 116
25 25 117
25 25 118
25 25 119
24 26 114
24 26 115
24 27 114
24 27 115
25 26 114
25 26 115
25 27 115
24 26 116
24 26 117
24 26 118
24 26 119
24 27 116
24 27 117
24 27 118
24 27 119
25 26 116
25 26 117
25 26 118
25 26 119
25 27 116
25 27 117
25 27 118
25 27 119
26 24 115
26 25 115
27 24 115
27 25 115
26 24 116
26 24 117
26 24 118
26 24 119
26 25 116
26 25 117
26 25 118
26 25 119
27 24 116
27 24 117
27 24 118
27 24 119
27 25 116
27 25 117
27 25 118
27 25 119
26 26 115
26 27 115
27 26 115
26 26 116
26 26 117
26 26 118
26 26 119
26 27 116
26 27 117
26 27 118
26 27 119
27 26 116
27 26 117
27 26 118
27 26 119
27 27 116
27 27 117
27 27 118
27 27 119
24 28 114
24 28 115
24 29 115
25 28 115
24 28 116
24 28 117
24 28 118
24 28 119
24 29 116
24 29 117
24 29 118
24 29 119
25 28 116
25 28 117
25 28 118
25 28 119
25 29 116
25 29 117
25 29 118
25 29 119
24 30 116
24 30 117
24 30 118
24 30 119
25 30 118
25 30 119
26 28 116
26 28 117
26 28 118
26 28 119
26 29 117
26 29 118
26 29 119
27 28 117
27 28 118
27 28 119
27 29 119
28 24 116
28 24 117
28 24 118
28 24 119
28 25 116
28 25 117
28 25 118
28 25 119
29 24 116
29 24 117
29 24 118
29 24 119
29 25 116
29 25 117
29 25 118
29 25 119
28 26 116
28 26 117
28 26 118
28 26 119
28 27 116
28 27 117
28 27 118
28 27 119
29 26 116
29 26 117
29 26 118
29 26 119
29 27 118
29 27 119
30 24 116
30 24 117
30 24 118
30 24 119
30 25 117
30 25 118
30 25 119
31 24 118
31 24 119
31 25 118
31 25 119
30 26 117
30 26 118
30 26 119
28 28 118
28 28 119
30 28 119
31 29 119
27 33 10
27 32 13
27 32 14
27 33 11
27 33 12
27 33 13
27 33 14
27 34 10
27 34 11
27 34 12
27 34 13
27 34 14
28 33 6
29 33 4
29 33 5
29 33 6
28 34 4
28 34 5
28 34 6
28 35 5
28 35 6
29 34 3
29 34 4
29 34 5
29 34 6
29 35 3
29 35 4
29 35 5
29 35 6
30 33 5
30 33 6
30 34 3
30 34 4
30 34 5
30 34 6
30 35 3
30 35 4
30 35 5
30 35 6
31 34 4
31 34 5
31 35 4
31 35 5
31 35 6
28 32 10
28 33 7
28 33 8
28 33 9
28 33 10
29 33 7
29 33 8
29 33 9
29 33 10
28 32 11
28 32 12
28 32 13
28 32 14
28 33 11
28 33 12
28 33 13
28 33 14
29 32 12
29 32 13
29 32 14
29 33 11
29 33 12
29 33 13
29 33 14
28 34 7
28 34 8
28 34 9
28 34 10
28 35 7
28 35 8
28 35 9
28 35 10
29 34 7
29 34 8
29 34 9
29 34 10
29 35 7
29 35 8
29 35 9
29 35 10
28 34 11
28 34 12
28 34 13
28 34 14
28 35 11
28 35 12
28 35 13
29 34 11
29 34 12
29 34 13
29 34 14
29 35 11
29 35 12
30 33 7
30 33 8
30 33 9
30 33 10
30 33 11
30 33 12
30 34 7
30 34 8
30 34 9
30 34 10
30 35 7
30 35 8
30 35 9
30 35 10
30 34 11
30 34 12
30 34 13
27 32 15
27 32 16
27 32 17
27 33 15
27 33 16
27 33 17
26 33 20
26 33 21
27 32 18
27 32 19
27 32 20
27 32 21
27 33 18
27 33 19
27 33 20
27 33 21
27 34 15
27 34 16
27 34 17
26 34 20
26 34 21
27 34 18
27 34 19
27 34 20
27 34 21
27 35 20
27 35 21
26 32 23
26 32 25
26 33 22
26 33 23
26 33 24
26 33 25
27 32 22
27 32 23
27 32 24
27 32 25
27 33 22
27 33 23
27 33 24
27 33 25
26 32 26
26 32 27
26 32 28
26 32 29
26 33 26
26 33 27
26 33 28
26 33 29
27 32 26
27 32 27
27 32 28
27 32 29
27 33 26
27 33 27
27 33 28
27 33 29
26 34 22
26 34 23
26 34 24
26 34 25
27 34 22
27 34 23
27 34 24
27 34 25
27 35 22
27 35 23
27 35 24
26 34 26
26 34 27
26 34 28
26 34 29
26 35 26
26 35 27
27 34 26
27 34 27
27 34 28
27 34 29
28 32 15
28 32 16
28 32 17
28 33 15
28 33 16
28 33 17
29 32 15
29 32 16
29 32 17
29 33 15
29 33 16
29 33 17
28 32 18
28 32 19
28 32 20
28 32 21
28 33 18
28 33 19
28 33 20
28 33 21
29 32 18
29 32 19
29 32 20
29 32 21
29 33 18
29 33 19
29 33 20
29 33 21
28 34 15
28 34 16
28 34 17
29 34 15
29 34 16
29 34 17
28 34 18
28 34 19
28 34 20
28 34 21
28 35 20
28 35 21
29 34 18
29 34 19
29 34 20
29 34 21
28 32 22
28 32 23
28 32 24
28 32 25
28 33 22
28 33 23
28 33 24
28 33 25
29 33 22
29 33 23
29 33 24
29 33 25
28 32 26
28 32 27
28 32 28
28 32 29
28 33 26
28 33 27
28 33 28
28 33 29
28 34 22
28 34 23
28 34 24
28 34 25
28 35 22
28 35 23
28 35 24
29 34 22
29 34 23
29 34 24
29 34 25
28 34 26
28 34 27
28 34 28
28 34 29
23 32 49
23 32 50
23 32 51
21 32 59
22 32 54
22 32 55
23 32 52
23 32 53
23 32 54
23 32 55
22 32 56
22 32 57
22 32 58
22 32 59
23 32 56
23 32 57
23 32 58
23 32 59
25 32 30
25 32 32
25 33 30
25 33 31
25 33 32
25 32 33
25 32 34
25 32 35
25 32 36
25 33 33
25 33 34
25 33 35
25 33 36
25 34 35
25 34 36
26 32 30
26 32 31
26 32 32
26 33 30
26 33 31
26 33 32
27 32 30
27 32 31
27 32 32
27 33 30
27 33 31
27 33 32
26 32 33
26 32 34
26 32 35
26 32 36
26 33 33
26 33 34
26 33 35
26 33 36
27 32 33
27 32 34
27 32 35
27 32 36
27 33 33
27 33 34
27 33 35
27 33 36
26 34 30
26 34 31
26 34 32
27 34 30
27 34 31
27 34 32
26 34 33
26 34 34
26 34 35
27 34 33
27 34 34
24 32 40
25 32 37
25 32 38
25 32 39
25 32 40
25 33 37
25 33 38
25 33 39
25 33 40
24 32 42
24 32 43
24 32 44
24 33 42
24 33 43
24 33 44
25 32 41
25 32 42
25 32 43
25 32 44
25 33 41
25 33 42
25 33 43
25 33 44
26 32 37
26 32 38
26 32 39
26 32 40
26 33 37
26 33 38
26 33 39
26 33 40
27 32 37
27 32 38
27 32 39
27 32 40
27 33 37
27 33 38
27 33 39
27 33 40
26 32 41
26 32 42
26 32 43
26 32 44
26 33 41
26 33 42
26 33 43
26 33 44
27 32 41
27 32 42
27 32 43
27 32 44
27 33 41
27 33 42
28 32 30
28 32 31
28 32 32
28 33 30
28 33 31
28 33 32
28 32 33
28 32 34
28 32 35
28 32 36
28 33 33
28 33 34
28 34 30
28 34 31
24 32 45
24 32 46
24 32 47
24 33 45
24 33 46
24 33 47
25 32 45
25 32 46
25 32 47
25 33 45
25 33 46
25 33 47
24 32 48
24 32 49
24 32 50
24 32 51
24 33 48
24 33 49
25 32 48
25 32 49
25 32 50
25 32 51
25 33 48
25 33 49
25 33 50
26 32 45
26 32 46
26 32 47
26 33 45
26 33 46
26 33 47
27 32 45
27 32 46
26 32 48
26 32 49
26 32 50
24 32 52
24 32 53
24 32 54
24 32 55
25 32 52
25 32 53
25 32 54
24 32 56
24 32 57
24 32 58
24 32 59
15 32 86
15 32 87
15 32 88
15 32 89
15 33 88
15 33 89
5 32 109
5 32 110
5 33 109
6 33 106
7 32 106
7 32 107
7 33 105
7 33 106
7 33 107
6 32 109
6 32 110
6 32 111
6 33 108
6 33 109
6 33 110
7 32 108
7 32 109
7 32 110
7 32 111
7 33 108
7 33 109
7 33 110
7 33 111
6 34 105
6 35 105
7 34 105
7 34 106
7 35 105
6 34 108
6 34 109
7 34 108
7 34 109
7 35 108
7 35 109
5 32 112
5 32 113
5 33 112
5 33 113
4 34 112
4 34 113
5 34 112
5 34 113
6 32 112
6 32 113
6 33 112
6 33 113
7 32 112
7 32 113
7 32 114
7 32 115
7 33 112
7 33 113
7 33 114
6 32 118
6 32 119
6 33 118
6 33 119
7 32 118
7 32 119
7 33 118
7 33 119
6 34 112
6 34 113
7 34 112
7 34 113
6 34 118
7 34 118
11 32 100
11 33 100
10 32 103
10 32 104
10 33 103
10 33 104
11 32 101
11 32 102
11 32 103
11 32 104
11 33 101
11 33 102
11 33 103
11 33 104
11 34 103
11 34 104
13 32 94
13 32 95
13 32 96
13 33 94
13 33 95
13 33 96
14 32 90
14 32 91
14 32 92
14 33 91
14 33 92
15 32 90
15 32 91
15 32 92
15 33 90
15 33 91
15 33 92
14 32 93
14 32 94
14 32 95
14 32 96
14 33 93
14 33 94
14 33 95
14 33 96
15 32 93
15 32 94
15 32 95
15 32 96
15 33 93
15 33 94
15 33 95
15 33 96
12 32 97
12 32 98
12 32 99
12 32 100
12 33 98
12 33 99
12 33 100
13 32 97
13 32 98
13 32 99
13 32 100
13 33 97
13 33 98
13 33 99
13 33 100
12 32 101
12 32 102
12 32 103
12 32 104
12 33 101
12 33 102
12 33 103
12 33 104
13 32 101
13 32 102
13 32 103
13 32 104
13 33 101
13 33 102
13 33 103
13 33 104
12 34 102
12 34 103
12 34 104
13 34 102
13 34 103
13 34 104
14 32 97
14 32 98
14 32 99
14 32 100
14 33 97
14 33 98
14 33 99
14 33 100
15 32 97
15 32 98
15 32 99
15 33 97
15 33 98
14 32 101
14 32 102
14 33 101
8 32 106
8 32 107
8 33 105
8 33 106
8 33 107
9 32 105
9 32 106
9 32 107
9 33 105
9 33 106
9 33 107
8 32 108
8 32 109
8 32 110
8 32 111
8 33 108
8 33 109
8 33 110
8 33 111
9 32 108
9 32 109
9 32 110
9 32 111
9 33 108
9 33 109
9 33 110
9 33 111
8 34 105
8 34 106
8 34 107
8 35 105
9 34 106
9 34 107
9 35 106
9 35 107
8 34 108
8 34 109
8 35 108
8 35 109
9 34 108
9 34 109
9 35 108
9 35 109
10 32 105
10 32 106
10 32 107
10 33 105
10 33 106
10 33 107
11 32 105
11 32 106
11 32 107
11 33 105
11 33 106
11 33 107
10 32 108
10 32 109
10 33 108
10 33 109
11 32 108
11 33 108
10 34 105
10 34 106
10 34 107
10 35 105
10 35 106
10 35 107
11 34 105
11 34 106
11 34 107
10 34 108
10 34 109
8 32 112
8 32 113
8 32 114
8 32 115
8 33 112
8 33 113
8 33 114
9 32 112
9 32 113
9 32 114
9 32 115
9 33 112
9 33 113
9 33 114
9 33 115
8 32 116
8 32 117
8 32 118
8 33 118
8 33 119
9 32 116
9 32 117
9 32 118
9 33 118
8 34 112
8 34 113
8 34 118
8 34 119
9 34 118
9 34 119
10 32 114
10 32 115
10 33 115
11 32 115
11 33 115
10 32 116
10 32 117
10 32 118
10 33 118
11 32 116
11 32 117
11 32 118
11 32 119
11 33 118
11 33 119
10 34 118
10 34 119
11 34 118
11 34 119
12 32 105
12 32 106
12 32 107
12 33 105
12 33 106
12 33 107
12 34 105
12 34 106
12 32 115
12 33 115
13 32 115
13 33 115
12 32 116
12 32 117
12 32 118
12 32 119
12 33 118
12 33 119
13 32 116
13 32 117
13 32 118
13 32 119
13 33 118
13 33 119
12 34 118
12 34 119
13 34 118
13 34 119
14 32 115
15 32 115
14 32 116
14 32 117
14 32 118
14 32 119
14 33 118
14 33 119
15 32 116
15 32 117
15 32 118
15 32 119
15 33 118
15 33 119
14 34 118
15 34 118
19 32 69
19 32 70
18 32 73
18 32 74
19 32 71
19 32 72
19 32 73
19 32 74
21 32 60
21 32 61
21 32 62
20 32 64
20 32 65
20 32 66
21 32 63
21 32 64
21 32 65
21 32 66
22 32 60
22 32 61
22 32 62
23 32 60
23 32 61
23 32 62
22 32 63
22 32 64
22 32 65
22 32 66
20 32 67
20 32 68
20 32 69
20 32 70
21 32 67
21 32 68
21 32 69
21 32 70
20 32 71
20 32 72
20 32 73
20 32 74
22 32 67
17 32 76
17 32 77
16 32 80
16 32 81
17 32 78
17 32 79
17 32 80
17 32 81
18 32 75
18 32 76
18 32 77
19 32 75
19 32 76
19 32 77
18 32 78
18 32 79
18 32 80
18 32 81
19 32 78
19 32 79
19 32 80
19 32 81
16 32 82
16 32 83
16 32 84
16 32 85
17 32 82
17 32 83
17 32 84
17 32 85
16 32 86
16 32 87
16 32 88
16 32 89
16 33 87
16 33 88
16 33 89
17 32 86
17 32 87
17 32 88
17 32 89
17 33 87
17 33 88
17 33 89
18 32 82
18 32 83
18 32 84
18 32 85
19 32 82
18 32 86
20 32 75
20 32 76
20 32 77
16 32 90
16 32 91
16 32 92
16 33 90
16 33 91
16 33 92
17 32 90
17 32 91
17 33 90
16 32 93
16 32 94
16 32 95
16 33 93
16 33 94
16 32 114
16 32 115
17 32 114
17 32 115
16 32 116
16 32 117
16 32 118
16 32 119
16 33 118
16 33 119
17 32 116
17 32 117
17 32 118
17 32 119
17 33 118
17 33 119
18 32 115
19 32 115
18 32 116
18 32 117
18 32 118
18 32 119
18 33 118
18 33 119
19 32 116
19 32 117
19 32 118
19 32 119
20 32 117
20 32 118
20 32 119
21 32 117
21 32 118
21 32 119
32 13 118
33 14 118
34 13 118
35 13 118
34 14 118
34 15 118
35 14 118
35 14 119
35 15 118
35 15 119
39 11 112
39 11 113
37 13 115
36 13 117
36 13 118
37 12 116
37 13 116
37 13 117
37 13 118
37 14 115
36 14 117
36 14 118
36 14 119
36 15 117
36 15 118
36 15 119
37 14 116
37 14 117
37 14 118
37 14 119
37 15 117
37 15 118
37 15 119
38 12 113
38 12 114
38 12 115
38 13 114
38 13 115
39 12 112
39 12 113
39 12 114
39 12 115
39 13 113
39 13 114
39 13 115
38 12 116
38 13 116
38 13 117
38 13 118
39 12 116
39 13 116
39 13 117
38 14 115
39 14 115
38 14 116
38 14 117
38 14 118
38 15 117
38 15 118
39 14 116
39 14 117
45 9 103
45 9 104
45 10 103
45 10 104
47 8 100
47 9 100
46 9 101
46 9 102
46 9 103
46 9 104
47 8 101
47 8 102
47 8 103
47 9 101
47 9 102
47 9 103
47 9 104
47 10 100
46 10 102
46 10 103
46 10 104
46 11 104
47 10 101
47 10 102
47 10 103
47 10 104
40 11 111
41 10 109
41 10 110
41 10 111
41 11 109
41 11 110
41 11 111
43 9 107
43 10 106
43 10 107
43 11 106
43 11 107
42 10 108
42 10 109
42 10 110
42 10 111
42 11 108
42 11 109
42 11 110
42 11 111
43 10 108
43 10 109
43 10 110
43 10 111
43 11 108
43 11 109
43 11 110
43 11 111
40 11 112
40 11 113
41 11 112
41 11 113
42 11 112
40 12 111
41 12 110
41 12 111
42 12 109
42 12 110
42 12 111
43 12 109
43 12 110
40 12 112
40 12 113
40 12 114
40 12 115
40 13 113
40 13 114
40 13 115
41 12 112
41 12 113
41 12 114
41 13 113
42 12 112
44 9 105
44 9 106
44 9 107
45 9 105
45 9 106
45 9 107
44 9 108
44 10 105
44 10 106
44 10 107
44 11 105
44 11 106
44 11 107
45 10 105
45 10 106
45 10 107
45 11 105
45 11 106
45 11 107
44 10 108
44 10 109
44 11 108
44 11 109
45 10 108
45 11 108
46 9 105
46 9 106
46 10 105
46 10 106
46 11 105
46 11 106
47 10 105
34 16 119
35 16 118
35 16 119
36 16 118
36 16 119
36 17 119
37 16 118
37 16 119
34 27 119
32 29 119
33 29 119
34 28 118
35 28 118
37 24 118
37 24 119
37 25 118
37 25 119
37 26 118
37 26 119
37 27 118
38 24 119
38 25 118
38 25 119
39 24 118
39 24 119
39 25 118
39 25 119
38 26 119
38 27 119
39 26 118
39 26 119
36 28 119
40 23 118
40 23 119
41 23 118
42 23 117
42 23 118
43 23 117
45 23 115
44 23 116
45 23 116
46 23 115
47 23 114
40 24 117
40 24 118
40 24 119
40 25 117
40 25 118
40 25 119
41 24 117
41 24 118
41 24 119
41 25 117
41 25 118
41 25 119
40 26 118
40 26 119
40 27 118
41 26 117
41 26 118
41 26 119
43 24 115
43 25 115
42 24 116
42 24 117
42 24 118
42 25 116
42 25 117
42 25 118
42 25 119
43 24 116
43 24 117
43 24 118
43 25 116
43 25 117
43 25 118
42 26 117
42 26 118
43 26 116
43 26 117
43 26 118
44 24 115
44 25 115
45 24 114
45 24 115
45 25 114
45 25 115
44 24 116
44 24 117
44 25 116
44 25 117
45 24 116
45 24 117
45 25 116
45 25 117
45 26 115
44 26 116
44 26 117
45 26 116
46 24 113
46 24 114
46 24 115
46 25 113
46 25 114
46 25 115
47 24 112
47 24 113
47 24 114
47 24 115
47 25 113
47 25 114
47 25 115
46 24 116
46 25 116
46 26 115
47 26 115
48 8 98
48 8 99
48 8 100
48 9 98
48 9 99
48 9 100
49 8 97
49 8 98
49 8 99
49 8 100
49 9 97
49 9 98
49 9 99
49 9 100
48 8 101
48 8 102
48 9 101
48 9 102
48 9 103
49 8 101
49 9 101
48 10 99
48 10 100
49 10 99
49 10 100
48 10 101
48 10 102
48 10 103
49 10 101
50 8 97
50 8 98
50 8 99
50 9 97
50 9 98
50 9 99
50 23 110
50 23 111
51 23 109
51 23 110
51 23 111
48 23 113
49 23 112
49 23 113
50 23 112
51 23 112
53 23 107
52 23 108
52 23 109
52 23 110
52 23 111
53 23 108
53 23 109
53 23 110
54 23 106
54 23 107
55 23 106
55 23 107
54 23 108
54 23 109
55 23 108
55 23 109
49 24 111
49 25 111
50 24 110
50 24 111
50 25 110
50 25 111
51 24 109
51 24 110
51 24 111
51 25 110
51 25 111
48 24 112
48 24 113
48 24 114
48 24 115
48 25 112
48 25 113
48 25 114
48 25 115
49 24 112
49 24 113
49 24 114
49 25 112
49 25 113
49 25 114
50 24 112
50 24 113
50 25 112
50 25 113
51 24 112
51 25 112
53 24 107
52 24 108
52 24 109
52 24 110
52 24 111
52 25 109
52 25 110
52 25 111
53 24 108
53 24 109
53 24 110
53 25 109
53 25 110
54 24 107
55 24 106
55 24 107
54 24 108
54 24 109
54 25 109
55 24 108
55 24 109
57 22 104
57 23 104
58 22 103
58 22 104
58 23 103
58 23 104
59 22 102
59 22 103
59 22 104
59 23 102
59 23 103
59 23 104
60 22 102
60 22 103
60 22 104
60 23 102
60 23 103
60 23 104
56 22 105
56 22 106
56 23 105
56 23 106
56 23 107
57 22 105
57 22 106
57 23 105
57 23 106
57 23 107
56 23 108
58 22 105
58 23 105
58 23 106
59 22 105
59 23 105
58 24 104
56 24 105
56 24 106
56 24 107
57 24 105
57 24 106
57 24 107
58 24 105
58 24 106
