0.15
4111
35 41 48
35 41 49
35 41 50
36 41 41
36 41 43
36 41 46
36 41 47
36 41 48
36 41 49
36 41 50
37 41 47
37 41 48
37 41 49
37 41 50
35 41 51
35 41 52
35 41 53
35 41 54
34 41 55
34 41 56
35 40 55
35 41 55
35 41 56
34 40 58
34 40 59
34 41 57
34 41 58
34 41 59
35 40 57
35 40 58
35 40 59
35 41 57
35 41 58
35 41 59
34 40 60
34 40 61
34 41 60
34 41 61
35 40 60
35 40 61
35 41 60
35 41 61
34 40 62
34 40 63
34 41 62
34 41 63
35 40 62
35 40 63
35 41 62
35 41 63
33 40 65
33 41 64
33 41 65
33 40 66
33 40 67
33 40 68
33 41 66
33 41 67
33 41 68
34 40 64
34 40 65
34 41 64
34 41 65
35 40 64
35 40 65
35 41 64
35 41 65
34 40 66
34 40 67
34 40 68
34 41 66
34 41 67
34 41 68
35 40 66
35 40 67
35 40 68
35 41 66
35 41 67
35 41 68
36 41 51
36 41 52
36 41 53
36 41 54
37 41 51
37 41 52
37 41 53
37 41 54
36 40 55
36 41 55
36 41 56
36 40 57
36 40 58
36 40 59
36 41 57
36 41 58
36 41 59
37 41 55
37 41 56
37 41 57
37 41 58
37 41 59
36 40 60
36 40 61
36 41 60
36 41 61
36 40 62
36 40 63
36 41 62
36 41 63
36 40 64
36 40 65
36 41 64
36 41 65
36 41 66
36 41 67
36 41 68
9 38 126
8 39 125
8 39 126
9 39 125
9 39 126
9 39 127
8 40 125
8 40 126
9 40 126
9 41 126
9 40 127
14 35 138
10 38 126
11 37 126
11 38 126
11 38 127
11 40 122
11 41 122
11 40 123
10 39 126
10 39 127
10 40 126
10 41 126
10 40 127
10 41 127
11 39 126
11 39 127
11 39 128
11 40 126
11 40 127
11 40 128
11 41 127
11 41 128
12 37 126
12 38 127
13 37 127
13 38 127
14 37 127
14 37 128
14 38 127
14 38 129
12 39 122
12 39 123
12 40 122
12 41 122
12 40 123
12 40 124
12 41 123
12 41 124
13 39 122
13 39 123
14 39 123
13 40 122
13 40 123
13 40 124
13 41 123
13 41 124
14 40 123
14 40 124
14 41 123
14 41 124
12 39 127
12 39 128
12 40 127
12 40 128
12 41 127
12 41 128
13 39 127
13 39 128
13 39 129
14 39 127
14 39 129
13 40 125
13 41 125
14 40 125
14 40 126
14 41 125
14 41 126
13 40 127
13 40 128
13 40 129
13 41 128
13 41 129
14 40 128
14 40 129
14 41 128
14 41 129
13 36 137
13 36 138
14 36 138
13 37 137
13 37 138
14 37 138
14 38 138
14 39 130
14 40 130
14 41 130
14 41 132
18 33 129
18 35 126
18 34 129
18 35 128
19 33 129
19 35 125
19 35 126
20 35 126
19 34 129
19 35 127
17 35 130
15 35 138
16 34 137
16 34 138
16 35 138
17 34 137
17 34 138
17 35 137
17 35 138
20 31 138
19 32 137
19 32 138
20 32 137
20 32 138
18 34 130
18 35 130
18 35 131
19 33 130
19 34 130
19 34 131
19 35 130
19 35 131
18 33 137
18 33 138
18 34 137
18 34 138
18 35 137
18 35 138
19 33 137
19 33 138
20 33 137
20 33 138
20 35 135
19 34 137
19 34 138
19 35 137
19 35 138
20 34 137
20 34 138
20 35 136
20 35 137
20 35 138
15 36 127
15 36 128
15 37 127
15 37 129
15 38 128
15 38 129
17 36 126
16 36 128
16 36 129
17 36 128
17 36 129
16 38 126
17 37 126
17 38 126
16 37 127
16 37 128
16 37 129
16 38 127
16 38 129
17 37 127
17 37 128
17 37 129
17 38 127
17 38 129
15 40 123
15 40 124
15 41 124
16 41 124
15 39 126
15 39 128
15 39 129
15 40 125
15 40 126
15 41 125
15 41 126
15 40 127
15 40 128
15 40 129
15 41 127
15 41 128
15 41 129
16 39 126
17 39 126
16 39 127
16 39 128
16 39 129
17 39 127
17 39 129
16 40 125
16 40 126
16 41 125
16 41 126
17 40 125
17 40 126
17 41 125
17 41 126
16 40 127
16 40 128
16 40 129
16 41 127
16 41 128
16 41 129
17 40 127
17 40 128
17 40 129
17 41 127
17 41 128
17 41 129
18 36 126
18 36 127
18 36 128
18 36 129
18 37 126
18 38 126
18 37 127
18 37 128
18 37 129
18 38 127
18 38 128
18 38 129
19 36 126
20 36 126
19 36 127
20 36 127
19 37 126
19 38 126
20 37 125
20 37 126
20 38 126
19 37 127
19 37 128
19 38 127
19 38 128
19 38 129
20 37 127
20 38 127
20 41 122
19 40 124
19 41 124
20 40 124
20 41 123
20 41 124
18 39 126
18 39 127
18 39 129
18 40 125
18 40 126
18 41 125
18 41 126
18 40 127
18 40 128
18 40 129
18 41 127
18 41 128
18 41 129
19 39 126
20 39 126
19 39 127
19 39 129
20 39 127
20 39 128
19 40 125
19 40 126
19 41 125
19 41 126
20 40 125
20 40 126
20 41 125
20 41 126
19 40 127
19 40 128
19 40 129
19 41 127
19 41 128
19 41 129
20 40 127
20 40 128
20 40 129
20 41 127
20 41 128
20 41 129
17 36 131
16 37 131
16 38 130
17 37 131
17 38 130
17 38 131
16 38 132
17 37 132
17 38 132
17 38 133
15 36 138
15 37 138
15 38 138
16 36 138
17 36 138
16 37 138
16 38 138
17 37 138
17 38 138
15 39 130
15 39 132
15 40 130
15 41 130
15 40 132
15 41 132
15 41 133
16 39 130
17 39 130
16 39 132
16 39 133
17 39 132
17 39 133
16 40 130
16 41 130
16 41 131
17 40 130
17 41 130
17 41 131
16 40 132
16 40 133
16 41 132
16 41 133
17 40 132
17 40 133
17 41 132
17 41 133
15 39 138
17 39 134
16 39 138
17 39 138
16 41 134
17 40 134
17 40 135
17 41 134
17 41 135
16 40 138
17 40 136
17 40 138
17 41 136
17 41 138
18 36 130
18 36 131
18 36 132
18 37 131
18 38 130
18 38 131
18 37 132
18 38 132
18 38 133
19 36 130
19 36 131
19 37 131
19 38 130
19 38 131
19 38 132
18 36 137
18 36 138
18 38 135
18 37 138
18 38 136
18 38 137
18 38 138
20 36 135
19 36 136
19 36 137
19 36 138
20 36 136
20 36 137
20 36 138
19 37 135
19 38 135
20 37 135
20 38 135
19 37 136
19 37 137
19 37 138
19 38 136
19 38 137
19 38 138
20 37 136
20 37 137
20 37 138
20 38 136
20 38 137
20 38 138
18 39 130
18 39 132
18 39 133
18 40 130
18 40 131
18 41 130
18 41 131
18 40 132
18 40 133
18 41 132
18 41 133
19 39 130
19 39 132
19 39 133
19 40 130
19 40 131
19 41 130
19 41 131
19 40 132
19 40 133
19 41 132
19 41 133
18 39 134
18 39 135
18 39 136
18 39 137
18 39 138
18 40 134
18 40 135
18 41 134
18 41 135
18 40 136
18 40 137
18 40 138
18 41 136
18 41 137
18 41 138
19 39 134
19 39 135
20 39 135
19 39 136
19 39 137
19 39 138
20 39 136
20 39 137
20 39 138
19 40 134
19 40 135
19 41 134
19 41 135
20 40 135
20 41 135
19 40 136
19 40 137
19 40 138
19 41 136
19 41 137
19 41 138
20 40 136
20 40 137
20 40 138
20 41 136
20 41 137
20 41 138
30 40 80
30 39 81
30 39 82
29 39 85
30 39 83
30 39 84
30 39 85
30 40 81
30 40 82
30 41 81
30 41 82
29 40 84
29 40 85
29 41 85
30 40 83
30 40 84
30 40 85
30 41 83
30 41 84
30 41 85
25 40 102
25 40 103
25 41 103
27 39 94
27 40 93
27 40 94
27 41 94
28 39 89
28 40 89
28 41 89
29 39 86
29 39 87
30 39 86
30 39 87
29 39 88
29 39 89
30 39 88
30 39 89
29 40 86
29 40 87
29 41 86
29 41 87
30 40 86
30 40 87
30 41 86
30 41 87
29 40 88
29 40 89
29 41 88
29 41 89
30 40 88
30 40 89
30 41 88
30 41 89
28 39 90
28 39 91
28 39 92
28 39 93
28 39 94
28 40 90
28 40 91
28 41 90
28 41 91
28 40 92
28 40 93
28 40 94
28 41 92
28 41 93
28 41 94
29 39 90
29 39 91
30 39 90
30 39 91
29 39 92
29 39 93
29 39 94
30 39 92
30 39 93
30 39 94
29 40 90
29 40 91
29 41 90
29 41 91
30 40 90
30 40 91
30 41 90
30 41 91
29 40 92
29 40 93
29 40 94
29 41 92
29 41 93
29 41 94
30 40 92
30 40 93
30 40 94
30 41 92
30 41 93
30 41 94
26 40 97
26 40 98
27 39 95
27 39 96
27 39 97
27 39 98
27 40 95
27 40 96
27 41 95
27 41 96
27 40 97
27 40 98
27 41 97
27 41 98
26 39 100
26 39 101
26 39 102
26 39 103
26 40 99
26 40 100
26 41 99
26 41 100
26 40 101
26 40 102
26 40 103
26 41 101
26 41 102
26 41 103
27 39 99
27 39 100
27 39 101
27 39 102
27 39 103
27 40 99
27 40 100
27 41 99
27 41 100
27 40 101
27 40 102
27 40 103
27 41 101
27 41 102
27 41 103
28 39 95
28 39 96
28 39 97
28 39 98
28 40 95
28 40 96
28 41 95
28 41 96
28 40 97
28 40 98
28 41 97
28 41 98
29 39 95
29 39 96
30 39 95
29 39 97
29 39 98
29 40 95
29 40 96
29 41 95
29 41 96
30 40 95
30 40 96
30 41 95
30 41 96
29 40 97
29 40 98
29 41 97
29 41 98
28 39 99
28 39 100
28 39 101
28 39 102
28 39 103
28 40 99
28 40 100
28 41 99
28 41 100
28 40 101
28 40 102
28 40 103
28 41 101
28 41 102
28 41 103
29 39 99
29 40 99
29 40 100
29 41 99
29 41 100
32 40 72
32 41 71
32 41 72
31 40 76
31 41 76
32 39 74
32 39 75
32 39 76
32 40 73
32 40 74
32 41 73
32 41 74
32 40 75
32 40 76
32 41 75
32 41 76
33 39 71
33 39 72
33 40 69
33 40 70
33 41 69
33 41 70
33 40 71
33 40 72
33 41 71
33 41 72
34 39 72
34 40 69
34 40 70
34 41 69
34 41 70
35 40 69
35 40 70
35 41 69
35 41 70
34 40 71
34 40 72
34 41 71
34 41 72
35 40 71
35 40 72
35 41 71
35 41 72
33 39 73
33 39 74
33 39 75
33 39 76
33 40 73
33 40 74
33 41 73
33 41 74
33 40 75
33 40 76
33 41 75
33 41 76
34 39 73
34 39 74
34 39 75
34 40 73
34 40 74
34 41 73
34 41 74
35 40 73
35 41 73
34 40 75
34 40 76
34 41 75
34 41 76
31 39 77
31 39 78
31 39 79
31 39 80
31 40 77
31 40 78
31 41 77
31 41 78
31 40 79
31 40 80
31 41 79
31 41 80
32 39 77
32 39 78
32 39 79
32 39 80
32 40 77
32 40 78
32 41 77
32 41 78
32 40 79
32 40 80
32 41 79
32 41 80
31 39 81
31 39 82
31 39 83
31 39 84
31 39 85
31 40 81
31 40 82
31 41 81
31 41 82
31 40 83
31 40 84
31 40 85
31 41 83
31 41 84
31 41 85
32 39 81
32 39 82
32 39 83
32 39 84
32 40 81
32 40 82
32 41 81
32 41 82
32 40 83
32 40 84
32 40 85
32 41 83
32 41 84
32 41 85
33 39 77
33 39 78
33 39 79
33 39 80
33 40 77
33 40 78
33 41 77
33 41 78
33 40 79
33 40 80
33 41 79
33 41 80
34 40 77
34 41 77
33 40 81
33 41 81
33 41 82
31 39 86
31 39 87
31 39 88
31 39 89
31 40 86
31 40 87
31 41 86
31 41 87
31 40 88
31 40 89
31 41 88
31 41 89
32 40 86
31 39 90
31 40 90
31 41 90
22 30 137
23 29 137
23 30 137
23 30 138
25 28 136
25 28 137
25 28 138
24 30 135
25 29 135
25 30 134
25 30 135
24 29 137
24 29 138
24 30 136
24 30 137
24 30 138
25 29 136
25 29 137
25 29 138
25 30 136
25 30 137
25 30 138
29 25 137
29 25 138
30 25 136
30 25 137
30 25 138
26 27 136
26 27 137
26 27 138
27 27 135
27 27 136
27 27 137
27 27 138
26 28 135
26 28 136
26 28 137
26 28 138
26 29 134
26 29 135
26 30 134
26 30 135
26 29 136
26 29 137
26 29 138
26 30 136
26 30 137
26 30 138
27 28 135
27 28 136
27 28 137
27 28 138
27 29 134
27 29 135
27 30 134
27 30 135
27 29 136
27 29 137
27 29 138
27 30 136
27 30 137
27 30 138
28 26 136
28 26 137
28 26 138
28 27 135
28 27 136
28 27 137
28 27 138
30 26 135
29 26 136
29 26 137
29 26 138
30 26 136
30 26 137
30 26 138
29 27 135
30 27 135
29 27 136
29 27 137
29 27 138
30 27 136
30 27 137
30 27 138
28 28 135
28 28 136
28 28 137
28 28 138
28 29 134
28 29 135
28 30 134
28 30 135
28 29 136
28 29 137
28 29 138
28 30 136
28 30 137
28 30 138
29 28 134
29 28 135
30 28 134
30 28 135
29 28 136
29 28 137
29 28 138
30 28 136
30 28 137
30 28 138
29 29 134
29 29 135
29 30 134
29 30 135
30 29 134
30 29 135
30 30 134
30 30 135
29 29 136
29 29 137
29 29 138
29 30 136
29 30 137
29 30 138
30 29 136
30 29 137
30 29 138
30 30 136
30 30 137
30 30 138
25 40 104
25 40 105
25 41 104
25 41 105
24 41 107
25 40 106
25 40 107
25 41 106
25 41 107
23 41 111
24 40 108
24 40 109
24 41 108
24 41 109
25 40 108
25 40 109
25 41 108
25 41 109
24 40 110
24 40 111
24 41 110
24 41 111
25 40 110
25 40 111
25 41 110
25 41 111
21 40 120
21 41 119
21 41 120
22 41 116
22 41 117
22 40 119
22 40 120
22 41 118
22 41 119
22 41 120
23 41 112
23 41 113
23 40 114
23 40 115
23 41 114
23 41 115
24 40 112
24 40 113
24 41 112
24 41 113
25 40 112
25 40 113
25 41 112
25 41 113
24 40 114
24 40 115
24 41 114
24 41 115
25 40 114
25 40 115
25 41 114
25 41 115
23 40 116
23 41 116
23 41 117
23 40 118
23 40 119
23 40 120
23 41 118
23 41 119
23 41 120
24 40 116
24 40 117
24 41 116
24 41 117
25 41 116
25 41 117
24 40 118
24 40 119
24 40 120
24 41 118
24 41 119
24 41 120
25 41 118
26 39 104
26 39 105
26 39 106
26 40 104
26 40 105
26 41 104
26 41 105
26 40 106
26 40 107
26 41 106
26 41 107
27 39 104
27 39 105
27 39 106
27 40 104
27 40 105
27 41 104
27 41 105
27 40 106
27 40 107
27 41 106
27 41 107
26 40 108
26 40 109
26 41 108
26 41 109
26 40 110
26 40 111
26 41 110
26 41 111
27 40 108
27 41 108
27 41 109
28 40 104
28 41 104
28 41 105
26 40 112
26 41 112
26 41 113
26 41 114
21 34 125
21 34 126
21 35 126
22 35 125
22 35 126
23 35 125
23 35 126
21 31 137
21 32 137
21 32 138
22 31 137
22 31 138
22 32 136
22 32 137
22 32 138
21 33 137
21 33 138
21 34 135
21 35 135
21 34 136
21 34 137
21 34 138
21 35 136
21 35 137
21 35 138
22 33 134
22 33 135
22 33 136
22 33 137
22 33 138
22 34 134
22 34 135
22 35 134
22 35 135
22 34 136
22 34 137
22 34 138
22 35 136
22 35 137
22 35 138
24 32 133
25 32 133
23 31 135
23 31 136
23 31 137
23 31 138
23 32 134
23 32 135
23 32 136
23 32 137
23 32 138
24 31 134
24 31 135
25 31 134
25 31 135
24 31 136
24 31 137
24 31 138
25 31 136
25 31 137
25 31 138
24 32 134
24 32 135
25 32 134
25 32 135
24 32 136
24 32 137
24 32 138
25 32 136
25 32 137
25 32 138
23 33 133
23 34 133
23 35 133
24 33 133
25 33 133
24 34 133
24 35 133
25 34 133
25 35 133
23 33 134
23 33 135
23 33 136
23 33 137
23 33 138
23 34 134
23 34 135
23 35 134
23 35 135
23 34 136
23 34 137
23 34 138
23 35 136
23 35 137
23 35 138
24 33 134
24 33 135
25 33 134
25 33 135
24 33 136
24 33 137
24 33 138
25 33 136
25 33 137
25 33 138
24 34 134
24 34 135
24 35 134
24 35 135
25 34 134
25 34 135
25 35 134
25 35 135
24 34 136
24 34 137
24 34 138
24 35 136
24 35 137
24 35 138
25 34 136
25 34 137
25 34 138
25 35 136
25 35 137
25 35 138
21 36 126
21 37 125
21 37 126
21 38 126
21 37 127
21 38 127
22 36 125
22 36 126
22 37 125
22 37 126
22 38 125
22 38 126
22 38 127
21 40 122
21 41 121
21 41 122
21 40 123
21 40 124
21 41 123
21 41 124
22 40 121
22 40 122
22 41 121
22 41 122
22 40 123
22 41 123
22 41 124
21 39 126
21 39 127
21 40 125
21 40 126
21 41 125
21 41 126
21 40 127
21 41 127
22 39 126
22 39 127
22 40 126
22 41 125
22 41 126
22 40 127
22 41 127
23 36 125
23 36 126
23 37 125
23 37 126
23 38 125
23 38 126
24 36 125
24 36 126
24 37 125
24 37 126
24 38 125
24 38 126
23 40 121
23 41 121
23 41 122
23 41 123
23 39 126
23 40 126
23 41 126
24 39 126
24 40 126
24 41 126
21 36 135
21 36 136
21 36 137
21 36 138
21 37 135
21 38 135
21 37 136
21 37 137
21 37 138
21 38 136
21 38 137
21 38 138
22 36 134
22 36 135
22 36 136
22 36 137
22 36 138
22 37 134
22 37 135
22 38 134
22 38 135
22 37 136
22 37 137
22 37 138
22 38 136
22 38 137
22 38 138
21 39 135
21 39 136
21 39 137
21 39 138
21 40 135
21 41 135
21 40 136
21 40 137
21 40 138
21 41 136
21 41 137
21 41 138
22 39 135
22 39 136
22 39 137
22 39 138
22 40 135
22 41 135
22 40 136
22 40 137
22 40 138
22 41 136
22 41 137
22 41 138
23 36 133
23 37 133
24 36 133
25 36 133
24 37 133
24 38 133
25 37 133
25 38 133
23 36 134
23 36 135
23 36 136
23 36 137
23 36 138
23 37 134
23 37 135
23 38 134
23 38 135
23 37 136
23 37 137
23 37 138
23 38 136
23 38 137
23 38 138
24 36 134
24 36 135
25 36 134
25 36 135
24 36 136
24 36 137
24 36 138
25 36 136
25 36 137
25 36 138
24 37 134
24 37 135
24 38 134
24 38 135
25 37 134
25 37 135
25 38 134
25 38 135
24 37 136
24 37 137
24 37 138
24 38 136
24 38 137
24 38 138
25 37 136
25 37 137
25 37 138
25 38 136
25 38 137
25 38 138
25 39 133
23 39 134
23 39 135
23 39 136
23 39 137
23 39 138
23 40 134
23 40 135
23 41 135
23 40 136
23 40 137
23 40 138
23 41 136
23 41 137
23 41 138
24 39 134
24 39 135
25 39 134
25 39 135
24 39 136
24 39 137
24 39 138
25 39 136
25 39 137
25 39 138
24 40 134
24 40 135
24 41 134
24 41 135
25 40 134
25 40 135
25 41 134
25 41 135
24 40 136
24 40 137
24 40 138
24 41 136
24 41 137
24 41 138
25 40 136
25 40 137
25 40 138
25 41 136
25 41 137
25 41 138
26 32 133
27 32 133
26 31 134
26 31 135
26 31 136
26 31 137
26 31 138
26 32 134
26 32 135
26 32 136
26 32 137
26 32 138
27 31 134
27 31 135
27 31 136
27 31 137
27 31 138
27 32 134
27 32 135
27 32 136
27 32 137
27 32 138
26 33 133
26 34 133
26 35 133
27 33 133
27 34 133
27 35 133
26 33 134
26 33 135
26 33 136
26 33 137
26 33 138
26 34 134
26 34 135
26 35 134
26 35 135
26 34 136
26 34 137
26 34 138
26 35 136
26 35 137
26 35 138
27 33 134
27 33 135
27 33 136
27 33 137
27 33 138
27 34 134
27 34 135
27 35 134
27 35 135
27 34 136
27 34 137
27 34 138
27 35 136
27 35 137
27 35 138
28 31 133
28 32 133
29 32 133
28 31 134
28 31 135
28 31 136
28 31 137
28 31 138
28 32 134
28 32 135
28 32 136
28 32 137
28 32 138
29 31 134
29 31 135
30 31 134
30 31 135
29 31 136
29 31 137
29 31 138
30 31 136
30 31 137
30 31 138
29 32 134
29 32 135
30 32 134
30 32 135
29 32 136
29 32 137
29 32 138
30 32 136
30 32 137
30 32 138
28 33 133
28 34 133
28 35 133
29 33 133
29 34 133
29 35 133
30 34 133
30 35 133
28 33 134
28 33 135
28 33 136
28 33 137
28 33 138
28 34 134
28 34 135
28 35 134
28 35 135
28 34 136
28 34 137
28 34 138
28 35 136
28 35 137
28 35 138
29 33 134
29 33 135
30 33 134
30 33 135
29 33 136
29 33 137
29 33 138
30 33 136
30 33 137
30 33 138
29 34 134
29 34 135
29 35 134
29 35 135
30 34 134
30 34 135
30 35 134
30 35 135
29 34 136
29 34 137
29 34 138
29 35 136
29 35 137
29 35 138
30 34 136
30 34 137
30 34 138
30 35 136
30 35 137
30 35 138
26 36 133
26 37 133
26 38 133
27 36 133
27 37 133
27 38 133
26 36 134
26 36 135
26 36 136
26 36 137
26 36 138
26 37 134
26 37 135
26 38 134
26 38 135
26 37 136
26 37 137
26 37 138
26 38 136
26 38 137
26 38 138
27 36 134
27 36 135
27 36 136
27 36 137
27 36 138
27 37 134
27 37 135
27 38 134
27 38 135
27 37 136
27 37 137
27 37 138
27 38 136
27 38 137
27 38 138
26 39 133
27 39 133
27 40 133
26 39 134
26 39 135
26 39 136
26 39 137
26 39 138
26 40 134
26 40 135
26 41 134
26 41 135
26 40 136
26 40 137
26 40 138
26 41 136
26 41 137
26 41 138
27 39 134
27 39 135
27 39 136
27 39 137
27 39 138
27 40 134
27 40 135
27 41 134
27 41 135
27 40 136
27 40 137
27 40 138
27 41 136
27 41 137
27 41 138
28 36 133
28 37 133
28 38 133
29 36 133
30 36 133
29 37 133
29 38 133
28 36 134
28 36 135
28 36 136
28 36 137
28 36 138
28 37 134
28 37 135
28 38 134
28 38 135
28 37 136
28 37 137
28 37 138
28 38 136
28 38 137
28 38 138
29 36 134
29 36 135
30 36 134
30 36 135
29 36 136
29 36 137
29 36 138
30 36 136
30 36 137
30 36 138
29 37 134
29 37 135
29 38 134
29 38 135
30 37 134
30 37 135
30 38 134
30 38 135
29 37 136
29 37 137
29 37 138
29 38 136
29 38 137
29 38 138
30 37 136
30 37 137
30 37 138
30 38 136
30 38 137
30 38 138
28 39 133
28 40 133
29 39 133
28 39 134
28 39 135
28 39 136
28 39 137
28 39 138
28 40 134
28 40 135
28 41 134
28 41 135
28 40 136
28 40 137
28 40 138
28 41 136
28 41 137
28 41 138
29 39 134
29 39 135
30 39 134
30 39 135
29 39 136
29 39 137
29 39 138
30 39 136
30 39 137
30 39 138
29 40 134
29 40 135
29 41 135
30 40 134
30 40 135
29 40 136
29 40 137
29 40 138
29 41 136
29 41 137
29 41 138
30 40 136
30 40 137
30 40 138
30 41 136
30 41 137
30 41 138
31 24 138
31 25 136
31 25 137
31 25 138
32 24 137
32 24 138
32 25 136
32 25 137
32 25 138
33 24 137
33 24 138
33 25 136
33 25 137
33 25 138
34 24 137
34 24 138
34 25 136
34 25 137
34 25 138
35 24 137
35 24 138
35 25 136
35 25 137
35 25 138
31 26 135
31 26 136
31 26 137
31 26 138
31 27 135
31 27 136
31 27 137
31 27 138
32 26 135
32 26 136
32 26 137
32 26 138
32 27 135
32 27 136
32 27 137
32 27 138
31 28 134
31 28 135
31 28 136
31 28 137
31 28 138
31 29 134
31 29 135
31 30 134
31 30 135
31 29 136
31 29 137
31 29 138
31 30 136
31 30 137
31 30 138
32 28 135
32 28 136
32 28 137
32 28 138
32 29 134
32 29 135
32 30 134
32 30 135
32 29 136
32 29 137
32 29 138
32 30 136
32 30 137
32 30 138
33 26 135
33 26 136
33 26 137
33 26 138
33 27 135
33 27 136
33 27 137
33 27 138
34 26 135
34 26 136
34 26 137
34 26 138
35 26 136
35 26 137
35 26 138
34 27 135
34 27 136
34 27 137
34 27 138
35 27 136
35 27 137
35 27 138
33 28 135
33 28 136
33 28 137
33 28 138
33 29 135
33 30 134
33 30 135
33 29 136
33 29 137
33 29 138
33 30 136
33 30 137
33 30 138
34 28 135
35 28 135
34 28 136
34 28 137
34 28 138
35 28 136
35 28 137
35 28 138
34 29 135
34 30 135
35 29 135
35 30 135
34 29 136
34 29 137
34 29 138
34 30 136
34 30 137
34 30 138
35 29 136
35 29 137
35 29 138
35 30 136
35 30 137
35 30 138
36 25 136
36 25 137
36 25 138
37 25 137
37 25 138
38 25 137
38 25 138
36 26 136
36 26 137
36 26 138
36 27 136
36 27 137
36 27 138
37 26 137
37 26 138
38 26 137
38 26 138
37 27 136
37 27 137
37 27 138
38 27 137
38 27 138
36 28 136
36 28 137
36 28 138
36 29 135
36 30 135
36 29 136
36 29 137
36 29 138
36 30 136
36 30 137
36 30 138
37 28 136
37 28 137
37 28 138
38 28 136
38 28 137
38 28 138
37 29 136
37 29 137
37 29 138
37 30 136
37 30 137
37 30 138
38 29 136
38 29 137
38 29 138
38 30 136
38 30 137
38 30 138
39 26 136
39 26 138
39 27 137
39 27 138
40 27 136
39 28 137
39 28 138
39 29 137
39 29 138
39 30 136
39 30 137
39 30 138
40 28 137
40 28 138
41 28 136
40 29 137
40 29 138
40 30 137
40 30 138
31 31 134
31 31 135
31 31 136
31 31 137
31 31 138
31 32 134
31 32 135
31 32 136
31 32 137
31 32 138
32 31 134
32 31 135
32 31 136
32 31 137
32 31 138
32 32 134
32 32 135
32 32 136
32 32 137
32 32 138
31 33 134
31 33 135
31 33 136
31 33 137
31 33 138
31 34 134
31 34 135
31 35 134
31 35 135
31 34 136
31 34 137
31 34 138
31 35 136
31 35 137
31 35 138
32 33 134
32 33 135
32 33 136
32 33 137
32 33 138
32 34 134
32 34 135
32 35 134
32 35 135
32 34 136
32 34 137
32 34 138
32 35 136
32 35 137
32 35 138
33 31 134
33 31 135
33 31 136
33 31 137
33 31 138
33 32 134
33 32 135
33 32 136
33 32 137
33 32 138
34 31 134
34 31 135
35 31 135
34 31 136
34 31 137
34 31 138
35 31 136
35 31 137
35 31 138
34 32 134
34 32 135
35 32 135
34 32 136
34 32 137
34 32 138
35 32 136
35 32 137
35 32 138
33 33 134
33 33 135
33 33 136
33 33 137
33 33 138
33 34 134
33 34 135
33 35 134
33 35 135
33 34 136
33 34 137
33 34 138
33 35 136
33 35 137
33 35 138
34 33 134
34 33 135
35 33 135
34 33 136
34 33 137
34 33 138
35 33 136
35 33 137
35 33 138
34 34 134
34 34 135
34 35 134
34 35 135
35 34 135
35 35 135
34 34 136
34 34 137
34 34 138
34 35 136
34 35 137
34 35 138
35 34 136
35 34 137
35 34 138
35 35 136
35 35 137
35 35 138
31 36 134
31 36 135
31 36 136
31 36 137
31 36 138
31 37 134
31 37 135
31 38 134
31 38 135
31 37 136
31 37 137
31 37 138
31 38 136
31 38 137
31 38 138
32 36 134
32 36 135
32 36 136
32 36 137
32 36 138
32 37 134
32 37 135
32 38 134
32 38 135
32 37 136
32 37 137
32 37 138
32 38 136
32 38 137
32 38 138
31 39 134
31 39 135
31 39 136
31 39 137
31 39 138
31 40 135
31 40 136
31 40 137
31 40 138
31 41 136
31 41 137
31 41 138
32 39 135
32 39 136
32 39 137
32 39 138
32 40 136
32 40 137
32 40 138
32 41 137
33 36 134
33 36 135
33 36 136
33 36 137
33 36 138
33 37 134
33 37 135
33 38 134
33 38 135
33 37 136
33 37 137
33 37 138
33 38 136
33 38 137
33 38 138
34 36 135
35 36 135
34 36 136
34 36 137
34 36 138
35 36 136
35 36 137
35 36 138
34 37 135
34 38 135
35 37 135
34 37 136
34 37 137
34 37 138
34 38 136
34 38 137
34 38 138
35 37 136
35 37 137
35 37 138
35 38 136
35 38 137
35 38 138
33 39 135
33 39 136
33 39 137
33 39 138
33 40 136
33 40 137
33 40 138
33 41 137
34 39 136
34 39 137
34 39 138
35 39 136
35 39 137
35 39 138
34 40 136
34 40 137
35 40 136
36 31 135
36 31 136
36 31 137
36 31 138
36 32 135
36 32 136
36 32 137
36 32 138
37 31 135
37 31 136
37 31 137
37 31 138
38 31 136
38 31 137
38 31 138
37 32 135
37 32 136
37 32 137
37 32 138
38 32 136
38 32 137
38 32 138
36 33 135
36 33 136
36 33 137
36 33 138
36 34 135
36 35 135
36 34 136
36 34 137
36 34 138
36 35 136
36 35 137
36 35 138
37 33 135
37 33 136
37 33 137
37 33 138
38 33 136
38 33 137
38 33 138
37 34 135
37 35 135
37 34 136
37 34 137
37 34 138
37 35 136
37 35 137
37 35 138
38 34 136
38 34 137
38 34 138
38 35 136
38 35 137
38 35 138
39 31 136
39 31 137
39 31 138
39 32 136
39 32 137
39 32 138
40 31 137
40 31 138
40 32 137
40 32 138
39 33 136
39 33 137
39 33 138
39 34 136
39 34 137
39 34 138
39 35 137
39 35 138
40 33 137
40 33 138
40 34 137
40 34 138
40 35 138
36 36 135
36 36 136
36 36 137
36 36 138
36 37 136
36 37 137
36 37 138
36 38 136
36 38 137
36 38 138
37 36 136
37 36 137
37 36 138
38 36 136
38 36 137
38 36 138
37 37 136
37 37 137
37 37 138
39 36 138
40 46 1
41 46 1
40 45 2
40 45 3
40 46 2
40 46 3
41 45 2
41 45 3
41 46 2
41 46 3
39 44 7
39 45 4
39 45 5
39 46 4
39 46 5
39 45 6
39 45 7
39 46 6
39 46 7
40 44 7
40 45 4
40 45 5
40 46 4
40 46 5
41 45 4
41 45 5
41 46 4
41 46 5
40 45 6
40 45 7
40 46 6
40 46 7
41 45 6
41 45 7
41 46 6
41 46 7
38 44 12
38 44 13
38 44 14
38 44 15
38 44 16
38 45 12
38 45 13
38 46 13
38 45 14
38 45 15
38 45 16
38 46 14
38 46 15
39 44 8
39 44 9
39 44 10
39 44 11
39 45 8
39 45 9
39 46 8
39 46 9
39 45 10
39 45 11
39 46 10
39 46 11
40 44 9
41 44 9
40 44 10
40 44 11
41 44 10
41 44 11
40 45 8
40 45 9
40 46 8
40 46 9
41 45 8
41 45 9
41 46 8
41 46 9
40 45 10
40 45 11
40 46 10
40 46 11
41 45 10
41 45 11
41 46 10
41 46 11
39 44 12
39 44 13
39 44 14
39 44 15
39 44 16
39 45 12
39 45 13
39 46 12
39 46 13
39 45 14
39 45 15
39 45 16
39 46 14
39 46 15
40 44 12
40 44 13
41 44 12
41 44 13
40 44 14
40 44 15
40 44 16
41 44 14
40 45 12
40 45 13
40 46 12
40 46 13
41 45 12
41 45 13
41 46 12
40 45 14
40 45 15
40 45 16
41 45 14
39 47 5
39 47 6
39 47 7
40 47 6
40 47 7
38 43 17
38 43 18
38 43 19
38 43 20
38 42 24
38 43 21
38 43 22
38 43 23
38 43 24
38 44 17
38 44 18
38 44 19
38 44 20
38 45 17
38 45 18
38 45 19
38 45 20
38 44 21
38 44 22
38 44 23
38 44 24
38 45 21
38 45 22
38 45 23
39 43 17
39 43 18
39 43 19
39 43 20
40 43 18
40 43 19
40 43 20
39 42 24
39 43 21
39 43 22
39 43 23
39 43 24
40 43 21
40 43 22
40 43 23
40 43 24
39 44 17
39 44 18
39 44 19
39 44 20
39 45 17
39 45 18
39 45 19
39 45 20
40 44 17
40 44 18
40 44 19
40 44 20
40 45 17
40 45 18
40 45 19
40 45 20
39 44 21
39 44 22
39 44 23
39 44 24
39 45 21
39 45 22
39 45 23
40 44 21
40 44 22
40 44 23
40 44 24
40 45 21
40 45 22
38 42 25
38 42 26
37 42 27
37 42 28
38 42 27
38 42 28
37 43 26
38 43 25
38 43 26
37 43 27
37 43 28
38 43 27
38 43 28
37 42 29
37 42 30
38 42 29
38 42 30
37 42 31
37 42 32
37 42 33
38 42 31
38 42 32
38 42 33
37 43 29
37 43 30
38 43 29
38 43 30
37 43 31
37 43 32
37 43 33
38 43 31
38 43 32
38 43 33
37 44 26
38 44 25
38 44 26
37 44 27
37 44 28
38 44 27
38 44 28
37 44 29
37 44 30
38 44 29
38 44 30
37 44 31
37 44 32
37 44 33
38 44 31
38 44 32
38 44 33
39 42 25
39 42 26
39 42 27
39 42 28
39 43 25
39 43 26
39 43 27
39 43 28
40 42 26
40 43 25
40 43 26
40 43 27
40 43 28
39 42 29
39 42 30
39 42 31
39 42 32
39 42 33
39 43 29
39 43 30
39 43 31
39 43 32
39 43 33
40 43 29
40 43 30
40 43 32
39 44 25
39 44 26
39 44 27
39 44 28
40 44 25
40 44 26
40 44 27
40 44 28
39 44 29
39 44 30
39 44 31
39 44 32
39 44 33
35 42 45
35 43 44
35 43 45
35 42 46
35 42 47
35 42 48
35 42 49
35 42 50
35 43 46
35 43 47
35 43 48
35 43 49
35 43 50
35 44 48
36 42 37
36 43 36
36 43 37
37 42 34
37 42 35
38 42 34
38 42 35
37 42 36
37 42 37
38 42 36
38 42 37
37 43 34
37 43 35
38 43 34
38 43 35
37 43 36
37 43 37
38 43 36
38 43 37
36 42 38
36 42 39
36 42 40
36 42 41
36 43 38
36 43 39
36 43 40
36 43 41
37 42 38
37 42 39
38 42 38
38 42 39
37 42 40
37 42 41
38 42 40
38 42 41
37 43 38
37 43 39
38 43 38
38 43 39
37 43 40
37 43 41
38 43 40
38 43 41
37 44 34
37 44 35
38 44 34
38 44 35
37 44 36
37 44 37
38 44 36
38 44 37
36 44 39
36 44 40
36 44 41
37 44 38
37 44 39
38 44 38
38 44 39
37 44 40
37 44 41
38 44 40
38 44 41
39 42 34
39 42 35
39 42 36
39 42 37
39 43 34
39 43 35
39 43 36
39 43 37
39 42 38
39 42 39
39 42 40
39 42 41
39 43 38
39 43 39
39 43 40
39 43 41
39 44 34
39 44 35
36 42 42
36 42 43
36 42 44
36 42 45
36 43 42
36 43 43
36 43 44
36 43 45
37 42 42
37 42 43
38 42 42
38 42 43
37 42 44
37 42 45
38 42 44
38 42 45
37 43 42
37 43 43
38 43 42
38 43 43
37 43 44
37 43 45
38 43 44
38 43 45
36 42 46
36 42 47
36 42 48
36 42 49
36 42 50
36 43 46
36 43 47
36 43 48
36 43 49
36 43 50
37 42 46
37 42 47
38 42 46
38 42 47
37 42 48
37 42 49
37 42 50
38 42 48
38 42 49
38 42 50
37 43 46
37 43 47
38 43 46
38 43 47
37 43 48
37 43 49
37 43 50
38 43 48
38 43 49
36 44 42
36 44 43
36 44 44
36 44 45
37 44 42
37 44 43
38 44 42
38 44 43
37 44 44
37 44 45
38 44 44
38 44 45
36 44 46
36 44 47
36 44 48
36 44 49
37 44 46
37 44 47
39 42 42
39 43 42
39 43 43
35 42 51
35 42 52
34 42 54
35 42 53
35 42 54
35 43 51
35 43 52
35 43 53
35 43 54
34 42 55
34 42 56
35 42 55
35 42 56
34 42 57
34 42 58
34 42 59
35 42 57
35 42 58
35 42 59
35 43 55
35 43 56
35 43 57
35 43 58
35 43 59
34 42 60
34 42 61
35 42 60
35 42 61
34 42 62
34 42 63
35 42 62
35 42 63
34 43 61
35 43 60
35 43 61
35 43 62
33 42 67
33 42 68
34 42 64
34 42 65
35 42 64
35 42 65
34 42 66
34 42 67
34 42 68
35 42 66
35 42 67
35 42 68
36 42 51
36 42 52
36 42 53
36 42 54
36 43 51
36 43 52
36 43 53
36 43 54
37 42 51
37 42 52
37 42 53
37 42 54
37 43 51
37 43 52
37 43 53
37 43 54
36 42 55
36 42 56
36 42 57
36 42 58
36 42 59
36 43 55
36 43 56
36 43 57
36 43 58
37 42 55
37 42 56
37 42 57
37 42 58
37 42 59
36 42 60
36 42 61
36 42 62
36 42 63
36 42 64
36 42 65
9 45 129
9 46 129
9 46 130
8 47 129
9 47 129
9 48 129
9 47 130
12 47 120
12 48 120
13 47 120
14 47 120
13 48 120
14 48 120
10 42 127
11 42 127
11 43 127
11 44 124
11 46 124
10 45 129
10 46 129
11 45 125
11 46 125
11 46 126
13 42 121
13 42 122
14 42 121
14 42 122
13 42 123
13 42 124
14 42 123
14 42 124
13 43 121
14 43 121
14 43 122
13 43 123
13 43 124
14 43 124
12 42 125
12 42 127
12 42 128
12 43 125
12 43 126
12 43 128
13 42 126
14 42 125
14 42 126
13 42 128
13 42 129
14 42 127
14 42 128
14 42 129
13 43 126
14 43 125
14 43 126
13 43 127
13 43 128
14 43 127
14 43 128
14 43 129
12 46 124
13 44 123
14 44 123
14 44 124
14 46 121
14 46 122
14 45 124
14 46 123
12 44 125
12 44 126
12 45 125
12 45 126
12 46 125
12 46 126
12 45 127
12 46 127
13 44 125
13 44 126
14 44 126
13 44 127
13 44 128
14 44 127
14 44 128
13 45 125
13 45 126
13 46 125
13 46 126
14 45 126
14 46 126
13 45 127
13 45 128
13 46 127
14 45 127
14 45 128
14 46 127
14 46 128
10 44 130
10 45 130
10 46 130
10 46 131
11 44 130
11 44 131
11 45 130
11 45 131
11 46 130
11 46 131
12 43 131
14 42 132
14 42 133
13 43 131
14 43 131
13 43 132
14 43 132
14 43 133
12 44 131
12 44 132
12 45 130
12 45 131
12 46 130
12 46 131
12 45 132
13 44 131
14 44 131
13 44 132
14 44 132
14 44 133
13 45 131
13 46 131
13 45 132
14 45 132
11 47 124
10 47 129
10 48 129
11 47 125
11 47 126
11 48 125
12 47 124
13 47 121
14 47 121
14 47 122
13 48 121
12 47 125
12 47 126
12 48 125
12 48 126
13 47 125
13 47 126
14 47 125
14 47 126
13 48 125
13 48 126
14 48 126
10 47 130
10 48 130
11 47 130
11 47 131
11 48 130
15 42 122
15 42 123
15 42 124
15 43 122
15 43 123
15 43 124
16 42 124
16 43 124
17 43 124
15 42 125
15 42 126
15 42 127
15 42 128
15 42 129
15 43 125
15 43 126
15 43 127
15 43 128
15 43 129
16 42 125
16 42 126
17 42 125
17 42 126
16 42 127
16 42 128
16 42 129
17 42 127
17 42 128
17 42 129
16 43 125
16 43 126
17 43 125
17 43 126
16 43 127
16 43 128
16 43 129
17 43 127
17 43 128
17 43 129
15 44 124
15 46 122
15 45 123
15 45 124
15 46 123
16 44 123
16 44 124
17 44 124
16 45 123
16 45 124
16 46 123
17 45 124
15 44 125
15 44 126
15 44 127
15 44 128
15 44 129
15 45 126
15 46 126
15 45 127
15 45 128
15 46 127
15 46 128
16 44 125
16 44 126
17 44 125
17 44 126
16 44 127
16 44 128
16 44 129
17 44 127
17 44 128
17 44 129
16 45 125
16 45 126
16 46 125
16 46 126
17 45 125
17 45 126
17 46 125
17 46 126
16 45 127
16 45 128
16 45 129
16 46 127
16 46 128
16 46 129
17 45 127
17 45 128
17 45 129
17 46 127
17 46 128
17 46 129
20 42 122
19 42 124
20 42 123
20 42 124
20 43 123
20 43 124
18 42 126
18 42 127
18 42 128
18 42 129
18 43 125
18 43 126
18 43 127
18 43 128
18 43 129
19 42 125
19 42 126
20 42 125
20 42 126
19 42 127
19 42 128
19 42 129
20 42 127
20 42 128
20 42 129
19 43 125
19 43 126
20 43 125
20 43 126
19 43 127
19 43 128
19 43 129
20 43 127
20 43 128
20 43 129
18 44 125
18 44 126
18 44 127
18 44 128
18 44 129
18 45 126
18 46 126
18 45 127
18 45 128
18 45 129
18 46 127
18 46 129
19 44 125
19 44 126
20 44 125
20 44 126
19 44 127
19 44 128
19 44 129
20 44 127
20 44 128
20 44 129
19 45 125
19 45 126
19 46 125
19 46 126
20 45 126
20 46 126
19 45 127
19 45 128
19 45 129
19 46 127
19 46 129
20 45 127
20 45 129
20 46 127
20 46 129
15 42 132
15 42 133
15 43 132
15 43 133
16 42 130
16 42 131
17 42 130
17 42 131
16 42 132
16 42 133
17 42 132
17 42 133
17 43 130
16 43 132
16 43 133
17 43 132
17 43 133
17 42 134
17 42 135
15 44 132
15 44 133
15 45 132
16 44 132
16 44 133
18 42 130
18 42 131
18 42 132
18 42 133
18 43 130
18 43 132
18 43 133
19 42 130
19 42 131
19 42 132
19 42 133
19 43 130
18 42 134
18 42 135
18 42 136
19 42 134
19 42 135
20 42 135
19 42 136
19 42 137
19 42 138
20 42 136
20 42 137
20 42 138
15 47 122
15 47 126
15 47 127
15 47 128
15 48 126
16 47 126
17 47 125
17 47 126
16 47 127
16 47 128
17 47 127
17 47 129
16 48 126
17 48 126
16 49 126
17 49 126
18 47 126
18 47 127
18 47 129
18 48 126
18 48 129
19 47 126
20 47 126
19 47 127
19 47 129
20 47 127
20 47 129
19 48 126
20 48 126
19 48 129
20 48 128
20 48 129
18 49 126
19 49 126
20 49 125
20 49 126
19 49 128
19 49 129
20 49 128
20 49 129
20 50 125
20 50 126
20 51 125
26 42 102
26 42 103
27 42 99
27 42 101
27 42 102
27 42 103
28 42 97
29 42 97
28 42 99
28 42 101
28 42 102
32 42 76
33 42 69
33 42 70
33 42 71
33 42 72
34 42 69
34 42 70
35 42 69
34 42 71
34 42 72
33 42 73
33 42 74
33 42 75
33 42 76
34 42 73
33 42 77
25 42 105
25 42 106
25 42 107
24 42 109
25 42 108
25 42 109
24 42 110
24 42 111
25 42 110
25 42 111
21 42 120
22 42 117
22 42 118
22 42 119
22 42 120
23 42 113
23 42 114
23 42 115
24 42 112
24 42 113
25 42 112
25 42 113
24 42 114
24 42 115
25 42 114
25 42 115
23 42 116
23 42 117
23 42 118
23 42 119
23 42 120
24 42 116
24 42 117
25 42 116
25 42 117
24 42 118
24 42 119
24 42 120
26 42 104
26 42 105
26 42 106
26 42 107
27 42 104
27 42 105
27 42 106
27 42 107
26 42 108
26 42 109
26 42 110
26 42 111
27 42 108
27 42 109
26 42 112
26 42 113
26 42 114
21 42 121
21 42 122
21 42 123
21 42 124
21 43 122
21 43 123
21 43 124
22 42 121
22 42 122
22 42 123
22 42 124
22 43 121
22 43 122
22 43 123
22 43 124
21 42 125
21 42 126
21 42 127
21 42 128
21 43 125
21 43 126
21 43 127
21 43 128
22 42 125
22 42 126
22 42 127
22 43 125
22 43 126
22 43 127
21 44 124
21 44 125
21 44 126
21 44 127
21 45 125
21 45 126
21 46 126
21 45 127
21 46 127
22 44 125
22 44 126
22 44 127
22 45 125
22 45 126
22 46 125
22 46 126
23 42 121
23 42 122
23 42 123
23 42 124
23 43 121
23 43 122
23 43 123
23 43 124
23 42 125
23 42 126
23 43 125
23 43 126
24 42 126
24 43 125
24 43 126
23 44 125
23 44 126
23 45 125
23 45 126
23 46 126
24 44 125
24 44 126
24 45 125
24 45 126
21 42 135
21 42 136
21 42 137
21 42 138
22 42 135
22 42 136
22 42 137
22 42 138
23 42 135
23 42 136
23 42 137
23 42 138
24 42 135
24 42 136
24 42 137
24 42 138
25 42 136
25 42 137
25 42 138
21 47 126
21 48 126
22 47 126
22 48 126
21 49 125
21 49 126
21 50 125
21 50 126
21 51 125
22 49 126
23 47 125
26 42 136
26 42 137
26 42 138
27 42 137
27 42 138
28 42 138
29 42 138
30 42 138
32 42 137
51 19 128
51 19 129
51 20 128
51 20 129
49 20 132
49 20 133
50 20 130
50 20 131
51 19 130
51 20 130
51 20 131
50 20 132
50 20 133
51 20 132
51 20 133
56 18 120
56 19 120
62 16 109
62 17 109
61 17 111
62 16 110
62 16 111
62 17 110
62 17 111
61 18 111
62 18 110
62 18 111
59 17 114
59 17 115
57 17 118
57 17 119
57 17 120
58 17 116
58 17 117
59 17 116
59 17 117
58 17 118
58 17 119
58 17 120
59 17 118
59 17 119
59 18 115
57 18 118
57 18 119
57 18 120
57 19 119
57 19 120
58 18 116
58 18 117
59 18 116
59 18 117
58 18 118
58 18 119
58 18 120
59 18 118
59 18 119
58 19 117
59 19 117
58 19 118
58 19 119
58 19 120
59 19 118
59 19 119
60 17 113
60 17 114
60 17 115
61 16 112
61 16 113
61 17 112
61 17 113
62 16 112
62 16 113
62 17 112
62 17 113
61 16 114
61 17 114
61 17 115
62 17 114
60 17 116
60 17 117
61 17 116
60 18 113
60 18 114
60 18 115
61 18 112
61 18 113
62 18 112
62 18 113
61 18 114
61 18 115
62 18 114
60 18 116
60 18 117
60 19 117
61 18 116
52 19 127
52 19 128
52 19 129
52 20 127
52 20 128
52 20 129
53 19 125
53 19 126
53 20 125
53 20 126
53 19 127
53 19 128
53 19 129
53 20 127
53 20 128
53 20 129
54 18 124
54 19 123
54 19 124
54 20 124
55 18 122
56 18 121
56 18 122
55 18 123
55 18 124
56 18 123
56 18 124
55 19 122
56 19 121
56 19 122
56 20 122
55 19 123
55 19 124
55 20 123
55 20 124
56 19 123
56 19 124
56 20 123
56 20 124
54 18 125
54 18 126
54 18 127
54 19 125
54 19 126
54 20 125
54 20 126
54 19 127
54 19 128
54 20 127
54 20 128
55 18 125
55 18 126
56 18 125
55 19 125
55 19 126
55 20 125
55 20 126
56 19 125
56 20 125
52 19 130
52 20 130
52 20 131
53 19 130
53 20 130
57 17 121
57 17 122
58 17 121
57 18 121
57 18 122
57 18 123
57 19 121
57 19 122
57 20 121
57 20 122
57 19 123
57 20 123
58 18 121
58 19 121
46 22 136
46 22 137
45 23 137
45 23 138
46 23 136
46 23 137
46 23 138
45 24 137
45 24 138
45 25 137
45 25 138
46 24 136
46 24 137
46 24 138
46 25 138
42 29 137
43 30 138
44 27 137
45 26 137
44 28 137
44 29 137
51 21 128
51 21 129
48 21 133
48 22 133
47 21 135
47 22 134
47 22 135
47 22 136
47 22 137
48 21 134
48 21 135
48 22 134
48 22 135
48 22 136
48 22 137
47 23 135
47 23 136
47 23 137
47 23 138
47 24 137
47 24 138
47 25 138
48 23 134
48 23 135
48 23 136
48 23 137
48 24 137
49 21 131
49 21 132
49 21 133
49 22 132
49 22 133
50 21 130
50 21 131
51 21 130
51 21 131
50 21 132
50 21 133
51 21 132
51 21 133
50 22 131
51 22 131
50 22 132
50 22 133
51 22 132
49 21 134
49 21 135
49 22 134
49 22 135
49 22 136
50 21 134
50 22 134
49 23 134
49 23 135
49 23 136
50 24 136
51 25 137
51 28 138
51 29 138
51 30 137
50 31 137
50 32 137
49 33 138
49 34 137
49 34 138
49 35 138
50 33 137
50 33 138
51 33 137
51 33 138
50 34 137
50 34 138
50 35 137
50 35 138
51 34 136
51 34 137
51 34 138
51 35 137
51 35 138
49 36 138
50 36 138
51 36 137
51 36 138
52 21 127
52 21 128
52 21 129
53 21 127
53 21 128
53 21 129
54 21 126
54 21 127
52 21 130
52 21 131
53 21 130
52 26 137
52 27 137
52 33 136
52 33 137
52 33 138
52 34 136
52 34 137
52 34 138
52 35 136
52 35 137
52 35 138
53 33 135
53 33 136
53 33 137
53 34 135
53 35 135
53 34 136
53 34 137
53 34 138
53 35 136
53 35 137
53 35 138
56 33 133
56 34 133
56 35 133
54 33 134
54 33 135
54 33 136
54 33 137
54 34 134
54 34 135
54 35 135
54 34 136
54 34 137
54 35 136
54 35 137
55 33 134
55 33 135
56 33 134
56 33 135
55 33 136
55 34 134
55 34 135
55 35 134
55 35 135
56 34 134
56 34 135
56 35 134
56 35 135
55 34 136
55 35 136
56 34 136
52 36 137
54 36 136
61 32 129
62 32 128
62 32 129
60 33 129
60 34 129
61 33 128
61 33 129
62 33 128
62 33 129
61 34 129
62 34 128
62 34 129
57 33 132
57 33 133
57 34 132
57 34 133
57 35 133
58 33 131
59 33 130
59 33 131
58 33 132
58 33 133
59 33 132
59 33 133
58 34 131
59 34 130
59 34 131
58 34 132
58 34 133
58 35 133
59 34 132
59 34 133
59 35 132
59 35 133
57 33 134
57 33 135
57 34 134
57 34 135
57 35 134
57 35 135
58 33 134
58 34 134
58 35 134
60 32 130
60 32 131
61 32 130
61 32 131
62 32 130
60 33 130
60 33 131
60 33 132
60 33 133
60 34 130
60 34 131
60 34 132
60 34 133
60 35 132
61 33 130
61 33 131
62 33 130
62 33 131
61 33 132
61 34 130
61 34 131
61 35 131
62 34 130
62 34 131
61 34 132
63 16 107
63 17 107
64 16 105
64 17 105
64 16 106
64 16 107
64 17 106
64 17 107
63 16 108
63 16 109
63 17 108
63 17 109
63 16 110
63 16 111
63 17 110
63 17 111
64 16 108
64 16 109
64 17 108
64 17 109
64 16 110
64 17 110
64 18 107
63 18 108
63 18 109
63 18 110
63 18 111
64 18 108
64 18 109
65 15 104
65 15 105
65 15 106
65 16 104
65 16 105
65 17 104
65 17 105
65 16 106
65 16 107
65 17 106
65 17 107
66 16 104
66 16 105
66 17 104
66 17 105
66 16 106
66 17 106
65 16 108
65 17 108
63 16 112
63 17 112
71 30 120
72 30 118
72 30 119
72 30 120
70 30 121
71 30 121
70 31 120
70 32 120
71 31 119
71 31 120
72 31 118
72 31 119
72 31 120
71 32 119
71 32 120
72 32 118
72 32 119
72 32 120
63 32 127
63 32 128
63 32 129
64 32 126
64 32 127
64 32 128
63 33 127
63 33 128
63 33 129
63 34 127
63 34 128
63 34 129
64 33 126
64 33 127
64 33 128
64 33 129
64 34 126
64 34 127
64 34 128
64 34 129
66 31 124
67 31 123
67 31 124
66 32 124
67 32 123
67 32 124
65 31 125
65 31 126
65 32 125
65 32 126
65 32 127
65 32 128
66 31 125
67 31 125
66 32 125
66 32 126
67 32 125
67 32 126
66 32 127
66 33 124
67 33 123
67 33 124
65 33 125
65 33 126
65 33 127
65 33 128
65 34 126
65 34 127
66 33 125
66 33 126
67 33 125
67 33 126
66 33 127
66 34 126
63 33 130
63 34 130
68 31 122
68 31 123
68 31 124
68 32 122
68 32 123
68 32 124
69 31 121
69 31 122
69 31 123
69 31 124
69 32 121
69 32 122
69 32 123
69 32 124
68 31 125
68 32 125
68 33 122
68 33 123
68 33 124
69 33 123
69 33 124
68 33 125
70 31 121
70 31 122
70 31 123
70 32 121
70 32 122
70 32 123
71 31 121
71 31 122
72 31 121
71 32 121
71 32 122
72 32 121
73 30 117
73 30 118
73 30 119
73 30 120
74 30 116
74 30 117
74 30 118
74 30 119
75 30 115
77 29 113
77 30 113
76 30 114
76 30 115
77 29 114
77 29 115
77 30 114
77 30 115
75 30 116
75 30 117
75 30 118
76 30 116
76 30 117
77 30 116
78 29 113
78 30 112
78 30 113
78 29 114
78 30 114
78 30 115
79 30 112
79 30 113
80 30 112
80 30 113
79 30 114
73 31 117
73 31 118
73 31 119
73 31 120
73 32 117
73 32 118
73 32 119
73 32 120
74 31 116
74 31 117
74 31 118
74 31 119
74 32 117
74 32 118
74 32 119
75 31 115
77 31 113
76 31 114
76 31 115
77 31 114
77 31 115
75 31 116
75 31 117
75 31 118
76 31 116
76 31 117
77 31 116
78 31 112
78 31 113
78 31 114
78 31 115
79 31 112
79 31 113
79 31 114
42 45 3
42 46 2
42 46 3
42 45 4
42 46 4
