0.15
4580
41 47 58
41 47 59
41 47 60
40 47 62
40 47 63
41 47 61
41 47 62
41 47 63
40 47 64
40 47 65
41 47 64
41 47 65
40 47 66
40 47 67
40 47 68
41 47 66
41 47 67
41 47 68
39 46 73
39 47 71
39 47 72
39 47 73
40 46 70
40 47 69
40 47 70
41 46 70
41 47 69
41 47 70
40 46 71
40 46 73
40 47 71
40 47 72
40 47 73
41 46 71
41 46 73
41 47 71
41 47 72
41 47 73
42 47 58
42 47 59
42 47 60
42 47 61
42 47 62
42 47 63
43 47 61
43 47 62
43 47 63
42 47 64
42 47 65
42 47 66
42 47 67
42 47 68
43 47 64
43 47 65
42 47 69
42 47 70
42 47 71
42 47 72
42 47 73
10 44 133
11 44 133
10 44 134
11 44 134
11 44 135
11 45 133
11 45 134
13 44 129
14 44 129
13 45 129
14 45 129
15 44 129
15 45 129
12 44 134
12 44 135
13 43 135
13 44 134
13 44 135
14 43 135
14 44 135
13 44 136
14 44 136
14 45 130
14 45 131
14 46 130
12 45 134
12 45 135
12 46 135
13 45 134
13 45 135
14 45 135
13 45 136
14 45 136
13 46 136
13 47 136
14 46 136
14 47 136
15 44 130
15 43 135
15 44 135
15 43 136
15 44 136
15 44 137
16 42 136
17 42 136
17 42 137
16 43 136
16 43 137
16 44 136
16 44 137
17 43 136
17 43 137
17 44 136
17 44 137
15 45 130
15 45 131
15 45 132
15 46 131
15 46 132
16 45 130
16 45 131
17 45 131
16 45 132
16 45 133
17 45 132
17 45 133
16 46 131
16 46 132
16 47 132
17 46 132
17 46 133
17 47 133
15 45 136
15 45 137
15 46 136
15 46 137
15 47 136
15 47 137
16 45 136
16 45 137
16 45 138
17 45 136
17 45 137
16 46 136
16 46 137
16 46 138
16 47 137
17 46 137
17 46 138
17 47 137
17 47 138
18 41 136
19 41 136
19 41 137
20 40 137
20 41 137
20 41 138
21 40 137
21 40 138
21 41 137
21 41 138
23 39 135
22 39 137
22 39 138
23 39 137
23 39 138
23 40 135
22 40 137
22 40 138
22 41 136
22 41 137
22 41 138
23 40 136
23 40 137
23 40 138
23 41 136
23 41 137
23 41 138
19 40 147
20 41 148
22 38 147
23 38 147
21 41 139
23 39 139
22 40 139
22 41 139
22 41 140
23 40 140
23 41 139
23 41 140
23 41 141
21 40 148
21 41 148
23 39 148
22 40 148
22 41 148
23 40 148
23 41 148
18 42 136
18 42 137
18 43 137
18 43 138
18 44 137
19 42 137
19 42 138
20 42 137
20 42 138
20 43 135
19 43 137
19 44 137
20 43 137
20 43 138
20 44 137
18 45 132
18 45 133
18 46 132
18 46 133
18 47 133
19 45 133
19 46 133
20 46 133
20 47 132
18 45 134
18 45 137
18 46 134
18 46 135
18 47 134
18 46 137
18 46 138
18 47 137
18 47 138
19 45 134
20 45 134
20 45 136
20 45 137
19 46 134
19 46 135
19 47 134
19 47 135
20 46 134
20 46 135
20 47 134
20 47 135
19 46 136
19 46 137
19 46 138
19 47 136
19 47 137
19 47 138
20 46 136
20 46 137
20 46 138
20 47 136
20 47 137
20 47 138
21 42 135
21 42 137
21 42 138
21 43 136
21 43 137
21 43 138
21 44 136
21 44 137
22 42 136
22 42 137
22 42 138
23 42 136
23 42 137
23 42 138
22 43 136
22 43 137
22 43 138
22 44 136
22 44 137
22 44 138
23 43 136
23 43 137
23 43 138
23 44 136
23 44 137
21 47 133
21 45 136
21 45 137
21 46 134
21 46 135
21 47 134
21 47 135
21 46 136
21 46 137
21 46 138
21 47 136
21 47 137
21 47 138
22 45 136
22 45 137
23 45 136
23 45 137
23 45 138
22 46 135
22 47 134
22 47 135
23 46 135
22 46 136
22 46 137
22 46 138
22 47 136
22 47 137
22 47 138
23 46 136
23 46 137
23 46 138
23 47 136
23 47 137
23 47 138
19 44 139
20 43 139
20 44 139
20 42 148
18 45 139
18 46 139
18 47 139
19 45 139
20 45 139
20 45 140
19 46 139
19 47 139
20 46 139
20 46 140
20 47 139
20 47 140
20 46 142
20 47 142
21 43 139
21 44 139
21 43 141
21 44 141
21 44 142
23 42 139
23 42 140
22 42 141
23 42 141
22 43 139
22 44 139
23 43 139
23 44 139
23 44 140
22 43 141
22 43 142
22 44 141
22 44 142
23 43 141
23 43 142
23 44 142
23 44 143
21 42 148
21 43 148
22 42 148
23 42 148
23 44 144
22 43 148
22 44 148
23 43 148
23 44 148
21 45 139
21 45 140
21 45 142
21 46 139
21 46 140
21 47 139
21 47 140
21 46 142
21 46 143
21 47 142
21 47 143
22 45 139
22 45 140
23 45 139
23 45 140
22 45 142
22 45 143
23 45 142
23 45 143
22 46 139
22 46 140
22 47 139
22 47 140
23 46 139
23 46 140
23 47 139
23 47 140
22 46 141
22 46 142
22 46 143
22 47 141
22 47 142
22 47 143
23 46 141
23 46 142
23 46 143
23 47 141
23 47 142
23 47 143
23 45 144
23 45 145
22 45 148
23 45 146
23 45 148
22 46 144
22 47 144
22 47 145
23 46 144
23 46 145
23 47 144
23 47 145
23 46 146
23 46 147
23 46 148
23 47 146
23 47 148
35 45 93
35 45 94
35 45 95
35 46 93
35 46 94
35 46 95
35 47 94
35 47 95
34 45 97
35 45 96
35 45 97
34 45 98
34 45 99
34 45 100
35 45 98
35 45 99
35 45 100
34 46 97
34 47 97
35 46 96
35 46 97
35 47 96
35 47 97
34 46 98
34 46 99
34 46 100
34 47 98
34 47 99
34 47 100
35 46 98
35 46 99
35 46 100
35 47 98
35 47 99
35 47 100
32 45 106
32 45 107
32 45 108
32 45 109
32 45 110
32 46 106
32 46 107
32 47 106
32 47 107
32 46 108
32 46 109
32 46 110
32 47 108
32 47 109
32 47 110
33 45 102
33 45 103
33 45 104
33 45 105
33 46 102
33 46 103
33 46 104
33 46 105
33 47 103
33 47 104
33 47 105
34 45 101
34 45 102
35 45 101
35 45 102
34 45 103
34 45 104
34 45 105
35 45 103
35 45 104
35 45 105
34 46 101
34 46 102
34 47 101
34 47 102
35 46 101
35 46 102
35 47 101
35 47 102
34 46 103
34 46 104
34 46 105
34 47 103
34 47 104
34 47 105
35 46 103
35 46 104
35 46 105
35 47 103
35 47 104
35 47 105
33 45 106
33 45 107
33 45 108
33 45 109
33 45 110
33 46 106
33 46 107
33 47 106
33 47 107
33 46 108
33 46 109
33 46 110
33 47 108
33 47 109
33 47 110
34 45 106
34 45 107
35 45 106
34 45 108
34 45 109
34 45 110
34 46 106
34 46 107
34 47 106
34 47 107
35 46 106
35 46 107
35 47 106
35 47 107
34 46 108
34 46 109
34 46 110
34 47 108
34 47 109
34 47 110
35 46 108
35 46 109
35 47 108
38 47 79
38 46 80
38 46 81
38 46 82
38 47 80
38 47 81
38 47 82
39 46 74
39 46 75
39 47 74
39 47 75
39 46 76
39 46 77
39 47 76
39 47 77
40 46 74
40 46 75
40 47 74
40 47 75
41 46 74
41 46 75
41 47 74
41 47 75
40 46 76
40 46 77
40 47 76
40 47 77
41 46 76
41 46 77
41 47 76
41 47 77
39 46 78
39 46 79
39 47 78
39 47 79
39 46 80
39 46 81
39 46 82
39 47 80
39 47 81
39 47 82
40 46 78
40 46 79
40 47 78
40 47 79
41 46 78
41 46 79
41 47 78
41 47 79
40 46 80
40 46 81
40 46 82
40 47 80
40 47 81
40 47 82
41 46 80
41 46 81
41 47 80
41 47 81
38 45 83
37 45 85
37 45 86
38 45 85
38 45 86
37 46 84
37 47 84
38 46 83
38 46 84
38 47 83
38 47 84
37 46 85
37 46 86
37 47 85
37 47 86
38 46 85
38 46 86
38 47 85
38 47 86
36 45 90
36 45 91
36 46 89
36 46 90
36 46 91
36 47 89
36 47 90
36 47 91
37 45 87
37 45 90
37 45 91
38 45 91
37 46 87
37 46 88
37 47 87
37 47 88
38 46 87
38 46 88
38 47 87
38 47 88
37 46 89
37 46 90
37 46 91
37 47 89
37 47 90
37 47 91
38 46 89
38 46 90
38 46 91
38 47 89
38 47 90
38 47 91
39 45 83
39 45 85
39 45 86
39 46 83
39 46 84
39 47 83
39 47 84
39 46 85
39 46 86
39 47 85
39 47 86
40 46 83
40 46 84
40 47 83
40 47 84
40 46 85
40 46 86
40 47 85
39 46 87
39 46 88
39 47 87
39 47 88
39 46 89
39 46 90
39 47 89
39 47 90
42 47 74
42 47 75
36 45 92
36 45 93
36 45 94
36 45 95
36 46 92
36 46 93
36 47 92
36 47 93
36 46 94
36 46 95
36 47 94
36 47 95
37 45 92
37 45 93
37 45 94
37 45 95
37 46 92
37 46 93
37 47 92
37 47 93
38 46 92
38 46 93
38 47 92
38 47 93
37 46 94
37 46 95
37 47 94
37 47 95
38 46 94
38 46 95
36 45 96
36 45 97
36 45 98
36 45 99
36 45 100
36 46 96
36 46 97
36 47 96
36 47 97
36 46 98
36 46 99
36 46 100
36 47 98
36 47 99
36 47 100
37 45 96
37 45 97
37 45 98
37 45 99
37 46 96
37 46 97
37 47 96
37 47 97
37 46 98
37 46 99
36 45 101
36 45 102
36 45 103
36 45 104
36 46 101
36 46 102
36 47 101
36 47 102
36 46 103
36 46 104
36 46 105
36 47 103
36 47 105
36 46 106
27 35 147
28 35 147
28 35 148
29 34 147
29 35 147
29 35 148
32 32 147
30 35 145
30 34 147
30 34 148
30 35 146
30 35 147
30 35 148
31 33 147
31 33 148
32 33 146
32 33 147
32 33 148
31 35 144
31 35 145
32 34 145
32 35 144
32 35 145
31 34 146
31 34 147
31 34 148
31 35 146
31 35 147
31 35 148
32 34 146
32 34 147
32 34 148
32 35 146
32 35 147
32 35 148
33 32 146
33 32 147
33 32 148
35 32 145
34 31 147
34 31 148
34 32 146
34 32 147
34 32 148
35 31 146
35 31 147
35 31 148
35 32 146
35 32 147
35 32 148
33 33 145
33 33 146
33 33 147
33 33 148
33 34 144
33 34 145
33 35 144
33 35 145
33 34 146
33 34 147
33 34 148
33 35 146
33 35 147
33 35 148
34 33 145
35 33 145
34 33 146
34 33 147
34 33 148
35 33 146
35 33 147
35 33 148
34 34 144
34 34 145
34 35 144
34 35 145
35 34 144
35 34 145
35 35 144
35 35 145
34 34 146
34 34 147
34 34 148
34 35 146
34 35 147
34 35 148
35 34 146
35 34 147
35 34 148
35 35 146
35 35 147
35 35 148
29 46 121
29 47 120
29 47 121
29 46 122
29 46 123
29 46 124
29 47 122
29 47 123
29 47 124
27 46 129
27 47 128
27 47 129
28 46 126
28 47 125
28 47 126
29 46 125
29 46 126
29 47 125
29 47 126
28 46 128
28 46 129
28 47 127
28 47 128
28 47 129
29 46 128
29 46 129
29 47 127
29 47 128
29 47 129
31 45 111
32 45 111
32 45 112
31 45 113
32 45 113
31 46 111
31 46 112
31 47 111
31 47 112
32 46 111
32 46 112
32 47 111
32 47 112
31 46 113
31 46 114
31 47 113
31 47 114
32 46 113
32 46 114
32 47 113
32 47 114
30 46 116
30 47 116
30 46 117
30 46 118
30 46 119
30 47 117
30 47 118
30 47 119
31 46 115
31 46 116
31 47 115
31 47 116
32 46 115
32 46 116
32 47 115
32 47 116
31 46 117
31 46 118
31 46 119
31 47 117
31 47 118
31 47 119
32 46 117
32 46 118
32 46 119
32 47 117
32 47 118
32 47 119
33 45 111
33 45 112
33 45 113
33 46 111
33 46 112
33 47 111
33 47 112
33 46 113
33 46 114
33 47 113
33 47 114
34 46 111
34 46 112
34 47 111
34 47 112
34 46 113
34 47 113
33 46 115
33 46 116
33 47 115
33 47 116
33 46 117
33 46 118
33 47 117
33 47 118
30 46 120
30 46 121
30 47 120
30 47 121
30 46 122
30 46 123
30 46 124
30 47 122
30 47 123
30 47 124
31 46 120
31 46 121
31 47 120
31 47 121
32 46 120
32 46 121
32 47 120
32 47 121
31 46 122
31 46 123
31 46 124
31 47 122
31 47 123
31 47 124
32 46 122
32 47 122
30 46 125
30 47 125
30 47 126
30 46 128
30 46 129
30 47 127
30 47 128
30 47 129
31 47 125
24 38 135
24 37 138
24 38 138
25 38 135
26 38 135
25 37 138
25 38 138
26 37 138
26 38 138
24 39 135
24 39 136
24 39 137
24 40 135
24 40 136
24 40 137
24 41 136
24 41 137
24 41 138
25 39 135
26 39 135
25 39 136
25 39 138
26 39 136
26 39 138
25 40 135
26 40 135
25 40 136
25 40 137
25 41 136
25 41 137
26 40 136
26 40 138
26 41 136
26 41 137
27 39 135
27 41 135
27 40 136
27 41 136
28 39 135
28 41 135
29 40 135
29 41 135
28 40 136
28 41 136
29 40 136
29 41 136
24 38 139
25 37 139
25 38 139
26 38 139
24 37 147
24 38 147
24 38 148
25 36 147
26 36 147
25 37 147
25 37 148
25 38 147
25 38 148
26 37 147
26 37 148
26 38 147
26 38 148
24 39 139
24 39 140
24 40 139
24 40 140
24 41 140
24 40 141
24 41 141
25 39 139
25 39 140
26 39 139
25 40 139
25 40 140
25 41 139
25 41 140
26 40 139
25 41 141
24 39 147
24 39 148
24 40 148
24 41 148
25 39 148
26 39 147
26 39 148
26 40 145
26 41 145
25 40 147
25 40 148
25 41 148
26 40 146
26 40 147
26 40 148
26 41 146
26 41 147
26 41 148
27 36 147
27 36 148
27 37 147
27 37 148
27 38 147
27 38 148
28 36 147
28 36 148
29 36 146
29 36 147
29 36 148
28 38 144
28 38 145
29 37 145
29 38 144
29 38 145
28 37 147
28 37 148
28 38 146
28 38 147
28 38 148
29 37 146
29 37 147
29 37 148
29 38 146
29 38 147
29 38 148
29 39 143
29 40 143
29 41 143
27 39 145
27 39 146
27 39 147
27 39 148
27 40 145
27 41 145
27 40 146
27 40 147
27 40 148
27 41 146
27 41 147
27 41 148
28 39 144
28 39 145
29 39 144
29 39 145
28 39 146
28 39 147
28 39 148
29 39 146
29 39 147
29 39 148
28 40 144
28 40 145
28 41 144
28 41 145
29 40 144
29 40 145
29 41 144
29 41 145
28 40 146
28 40 147
28 40 148
28 41 146
28 41 147
28 41 148
29 40 146
29 40 147
29 40 148
29 41 146
29 41 147
29 41 148
24 42 136
24 42 137
24 42 138
24 43 136
24 43 137
24 43 138
24 44 136
24 44 137
24 44 138
26 42 135
25 42 136
25 42 137
26 42 136
26 42 137
25 43 136
25 43 137
25 44 136
25 44 137
25 44 138
26 43 136
26 43 137
26 44 136
26 44 137
26 47 131
25 47 133
26 46 132
26 46 133
26 47 132
26 47 133
24 45 136
24 45 137
24 45 138
24 46 135
24 47 135
24 46 136
24 46 137
24 46 138
24 47 136
24 47 137
24 47 138
25 45 136
25 45 137
26 45 136
26 45 137
25 46 134
25 46 135
25 47 134
25 47 135
26 47 134
26 47 135
25 46 136
25 46 137
25 46 138
25 47 136
25 47 137
25 47 138
26 46 136
26 46 137
26 46 138
26 47 136
26 47 137
26 47 138
27 42 135
27 42 136
27 42 137
27 43 135
27 43 136
27 43 137
27 44 136
27 44 137
28 42 135
29 42 135
28 42 136
29 42 136
28 43 135
28 44 135
29 43 135
29 44 135
28 43 136
28 44 136
28 44 137
29 43 136
29 44 136
27 46 130
27 46 131
27 47 130
27 47 131
27 46 132
27 47 132
27 47 133
28 45 130
29 45 130
28 46 130
28 46 131
28 47 130
28 47 131
29 46 130
29 47 130
29 47 131
28 47 132
28 47 133
29 47 132
29 47 133
27 45 136
27 45 137
27 47 134
27 47 135
27 46 136
27 46 137
27 47 136
27 47 137
28 45 136
28 45 137
29 45 136
28 47 134
28 47 135
29 47 134
28 46 136
28 46 137
28 47 136
28 47 137
29 46 136
29 47 136
24 42 139
24 42 140
24 42 141
24 42 142
24 43 139
24 44 139
24 44 140
24 43 141
24 43 142
24 44 142
24 44 143
25 42 139
25 42 140
26 42 139
25 42 141
25 44 139
26 43 139
26 44 139
25 43 141
24 42 148
24 43 145
24 44 145
24 43 146
24 43 147
24 43 148
24 44 146
24 44 147
24 44 148
25 42 145
26 42 145
25 42 146
25 42 147
25 42 148
26 42 146
26 42 147
26 42 148
25 43 145
25 44 145
26 43 145
26 44 145
25 43 146
25 43 147
25 43 148
25 44 146
25 44 147
25 44 148
26 43 146
26 43 147
26 43 148
26 44 146
26 44 147
26 44 148
24 45 139
24 45 140
24 45 142
24 45 143
24 46 139
24 46 140
24 47 139
24 47 140
24 46 142
24 46 143
24 47 141
24 47 142
24 47 143
25 45 139
25 45 140
26 45 139
25 46 139
25 46 140
25 47 139
25 47 140
26 46 139
25 47 141
24 45 144
24 45 145
24 45 146
24 45 147
24 45 148
24 46 144
24 46 145
24 47 144
24 47 145
24 46 146
24 46 147
24 46 148
24 47 146
24 47 147
24 47 148
25 45 145
26 45 145
25 45 146
25 45 147
25 45 148
26 45 146
26 45 147
26 45 148
25 46 144
25 46 145
25 47 144
25 47 145
26 46 145
26 47 145
25 46 146
25 46 147
25 46 148
25 47 146
25 47 147
25 47 148
26 46 146
26 46 147
26 46 148
26 47 146
26 47 147
26 47 148
29 42 143
29 43 143
27 42 145
27 42 146
27 42 147
27 42 148
27 43 145
27 44 145
27 43 146
27 43 147
27 43 148
27 44 146
27 44 147
27 44 148
28 42 144
28 42 145
29 42 144
29 42 145
28 42 146
28 42 147
28 42 148
29 42 146
29 42 147
29 42 148
28 43 144
28 43 145
28 44 144
28 44 145
29 43 144
29 43 145
29 44 144
29 44 145
28 43 146
28 43 147
28 43 148
28 44 146
28 44 147
28 44 148
29 43 146
29 43 147
29 43 148
29 44 146
29 44 147
29 44 148
27 45 145
27 45 146
27 45 147
27 45 148
27 46 145
27 47 145
27 46 146
27 46 147
27 46 148
27 47 146
27 47 147
27 47 148
28 45 144
28 45 145
29 45 144
29 45 145
28 45 146
28 45 147
28 45 148
29 45 146
29 45 147
29 45 148
28 46 145
28 47 145
29 46 144
29 46 145
29 47 145
28 46 146
28 46 147
28 46 148
28 47 146
28 47 147
28 47 148
29 46 146
29 46 147
29 46 148
29 47 146
29 47 147
29 47 148
30 40 135
30 41 135
30 40 136
30 41 136
31 40 135
31 41 134
31 41 135
31 41 136
30 38 143
31 38 143
32 38 143
30 36 145
30 36 146
30 36 147
30 36 148
30 37 144
30 37 145
30 38 144
30 38 145
30 37 146
30 37 147
30 37 148
30 38 146
30 38 147
30 38 148
31 36 144
31 36 145
32 36 144
32 36 145
31 36 146
31 36 147
31 36 148
32 36 146
32 36 147
32 36 148
31 37 144
31 37 145
31 38 144
31 38 145
32 37 144
32 37 145
32 38 144
32 38 145
31 37 146
31 37 147
31 37 148
31 38 146
31 38 147
31 38 148
32 37 146
32 37 147
32 37 148
32 38 146
32 38 147
32 38 148
30 39 143
30 40 143
30 41 143
31 39 143
32 39 143
31 40 143
31 41 143
32 40 143
32 41 143
30 39 144
30 39 145
30 39 146
30 39 147
30 39 148
30 40 144
30 40 145
30 41 144
30 41 145
30 40 146
30 40 147
30 40 148
30 41 146
30 41 147
30 41 148
31 39 144
31 39 145
32 39 144
32 39 145
31 39 146
31 39 147
31 39 148
32 39 146
32 39 147
32 39 148
31 40 144
31 40 145
31 41 144
31 41 145
32 40 144
32 40 145
32 41 144
32 41 145
31 40 146
31 40 147
31 40 148
31 41 146
31 41 147
31 41 148
32 40 146
32 40 147
32 40 148
32 41 146
32 41 147
32 41 148
33 38 143
34 38 143
33 36 144
33 36 145
33 36 146
33 36 147
33 36 148
33 37 144
33 37 145
33 38 144
33 38 145
33 37 146
33 37 147
33 37 148
33 38 146
33 38 147
33 38 148
34 36 144
34 36 145
35 36 144
35 36 145
34 36 146
34 36 147
34 36 148
35 36 146
35 36 147
35 36 148
34 37 144
34 37 145
34 38 144
34 38 145
35 37 144
35 37 145
35 38 144
35 38 145
34 37 146
34 37 147
34 37 148
34 38 146
34 38 147
34 38 148
35 37 146
35 37 147
35 37 148
35 38 146
35 38 147
35 38 148
33 39 143
33 40 143
33 41 143
34 39 143
35 39 143
34 40 143
34 41 143
35 40 143
35 41 143
33 39 144
33 39 145
33 39 146
33 39 147
33 39 148
33 40 144
33 40 145
33 41 144
33 41 145
33 40 146
33 40 147
33 40 148
33 41 146
33 41 147
33 41 148
34 39 144
34 39 145
35 39 144
35 39 145
34 39 146
34 39 147
34 39 148
35 39 146
35 39 147
35 39 148
34 40 144
34 40 145
34 41 144
34 41 145
35 40 144
35 40 145
35 41 144
35 41 145
34 40 146
34 40 147
34 40 148
34 41 146
34 41 147
34 41 148
35 40 146
35 40 147
35 40 148
35 41 146
35 41 147
35 41 148
30 42 135
30 42 136
30 43 135
30 44 135
30 43 136
30 44 136
31 42 135
31 42 136
31 43 135
31 44 135
32 43 135
32 44 135
30 45 130
30 46 130
30 47 130
30 45 136
30 46 136
30 47 136
30 42 143
30 43 143
30 44 143
31 42 143
32 42 143
31 43 143
31 44 143
32 43 143
30 42 144
30 42 145
30 42 146
30 42 147
30 42 148
30 43 144
30 43 145
30 44 144
30 44 145
30 43 146
30 43 147
30 43 148
30 44 146
30 44 147
30 44 148
31 42 144
31 42 145
32 42 144
32 42 145
31 42 146
31 42 147
31 42 148
32 42 146
32 42 147
32 42 148
31 43 144
31 43 145
31 44 144
31 44 145
32 43 144
32 43 145
32 44 144
32 44 145
31 43 146
31 43 147
31 43 148
31 44 146
31 44 147
31 44 148
32 43 146
32 43 147
32 43 148
32 44 146
32 44 147
32 44 148
30 45 144
30 45 145
30 45 146
30 45 147
30 45 148
30 46 144
30 46 145
30 47 144
30 47 145
30 46 146
30 46 147
30 46 148
30 47 146
30 47 147
30 47 148
31 45 144
31 45 145
32 45 144
32 45 145
31 45 146
31 45 147
31 45 148
32 45 146
32 45 147
32 45 148
31 46 144
31 46 145
31 47 144
31 47 145
32 46 144
32 46 145
32 47 144
32 47 145
31 46 146
31 46 147
31 46 148
31 47 146
31 47 147
31 47 148
32 46 146
32 46 147
32 46 148
32 47 146
32 47 147
32 47 148
33 42 143
33 43 143
33 44 143
34 42 143
35 42 143
33 42 144
33 42 145
33 42 146
33 42 147
33 42 148
33 43 144
33 43 145
33 44 144
33 44 145
33 43 146
33 43 147
33 43 148
33 44 146
33 44 147
33 44 148
34 42 144
34 42 145
35 42 144
35 42 145
34 42 146
34 42 147
34 42 148
35 42 146
35 42 147
35 42 148
34 43 144
34 43 145
34 44 144
34 44 145
35 43 144
35 43 145
35 44 144
35 44 145
34 43 146
34 43 147
34 43 148
34 44 146
34 44 147
34 44 148
35 43 146
35 43 147
35 43 148
35 44 146
35 44 147
35 44 148
33 45 144
33 45 145
33 45 146
33 45 147
33 45 148
33 46 144
33 46 145
33 47 144
33 47 145
33 46 146
33 46 147
33 46 148
33 47 146
33 47 147
33 47 148
34 45 144
34 45 145
35 45 144
35 45 145
34 45 146
34 45 147
34 45 148
35 45 146
35 45 147
35 45 148
34 46 144
34 46 145
35 46 144
35 46 145
34 46 146
34 46 147
34 46 148
34 47 146
34 47 147
34 47 148
35 46 146
35 46 147
35 46 148
35 47 147
35 47 148
38 29 147
39 29 147
40 29 147
41 29 147
36 30 147
36 30 148
36 32 145
36 31 146
36 31 147
36 31 148
36 32 146
36 32 147
36 32 148
37 30 146
37 30 147
37 30 148
38 30 147
38 30 148
37 32 145
38 32 145
37 31 146
37 31 147
37 31 148
37 32 146
37 32 147
37 32 148
38 31 146
38 31 147
38 31 148
38 32 146
38 32 147
38 32 148
36 33 145
36 33 146
36 33 147
36 33 148
36 34 145
36 35 144
36 35 145
36 34 146
36 34 147
36 34 148
36 35 146
36 35 147
36 35 148
37 33 145
38 33 145
37 33 146
37 33 147
37 33 148
38 33 146
38 33 147
38 33 148
37 34 145
37 35 144
37 35 145
38 34 145
38 35 145
37 34 146
37 34 147
37 34 148
37 35 146
37 35 147
37 35 148
38 34 146
38 34 147
38 34 148
38 35 146
38 35 147
38 35 148
39 30 147
39 30 148
39 31 146
39 31 147
39 31 148
39 32 146
39 32 147
39 32 148
40 30 147
40 30 148
41 30 148
40 31 146
40 31 147
40 31 148
40 32 146
40 32 147
40 32 148
41 31 147
41 31 148
41 32 146
41 32 147
41 32 148
39 33 145
39 33 146
39 33 147
39 33 148
39 34 145
39 35 145
39 34 146
39 34 147
39 34 148
39 35 146
39 35 147
39 35 148
40 33 146
40 33 147
40 33 148
41 33 146
41 33 147
41 33 148
40 34 145
40 35 145
41 35 145
40 34 146
40 34 147
40 34 148
40 35 146
40 35 147
40 35 148
41 34 146
41 34 147
41 34 148
41 35 146
41 35 147
41 35 148
42 28 147
43 28 146
44 28 146
45 28 146
46 28 146
47 28 146
42 31 147
42 31 148
42 32 146
42 32 147
42 32 148
43 31 147
43 31 148
43 32 147
43 32 148
44 32 147
44 32 148
42 33 146
42 33 147
42 33 148
42 34 146
42 34 147
42 34 148
42 35 146
42 35 147
42 35 148
43 33 146
43 33 147
43 33 148
44 33 147
44 33 148
43 34 146
43 34 147
43 34 148
43 35 146
43 35 147
43 35 148
44 34 147
44 34 148
44 35 146
44 35 147
44 35 148
45 33 147
45 33 148
45 34 147
45 34 148
45 35 147
45 35 148
46 35 147
46 35 148
36 36 144
36 36 145
36 36 146
36 36 147
36 36 148
36 37 144
36 37 145
36 38 144
36 38 145
36 37 146
36 37 147
36 37 148
36 38 146
36 38 147
36 38 148
37 36 144
37 36 145
38 36 144
38 36 145
37 36 146
37 36 147
37 36 148
38 36 146
38 36 147
38 36 148
37 37 144
37 37 145
37 38 144
37 38 145
38 37 144
38 37 145
38 38 144
38 38 145
37 37 146
37 37 147
37 37 148
37 38 146
37 38 147
37 38 148
38 37 146
38 37 147
38 37 148
38 38 146
38 38 147
38 38 148
36 39 144
36 39 145
36 39 146
36 39 147
36 39 148
36 40 144
36 40 145
36 41 144
36 41 145
36 40 146
36 40 147
36 40 148
36 41 146
36 41 147
36 41 148
37 39 144
37 39 145
38 39 144
38 39 145
37 39 146
37 39 147
37 39 148
38 39 146
38 39 147
38 39 148
37 40 144
37 40 145
37 41 144
37 41 145
38 40 144
38 40 145
38 41 144
38 41 145
37 40 146
37 40 147
37 40 148
37 41 146
37 41 147
37 41 148
38 40 146
38 40 147
38 40 148
38 41 146
38 41 147
38 41 148
39 36 145
39 36 146
39 36 147
39 36 148
39 37 144
39 37 145
39 38 144
39 38 145
39 37 146
39 37 147
39 37 148
39 38 146
39 38 147
39 38 148
40 36 145
41 36 145
40 36 146
40 36 147
40 36 148
41 36 146
41 36 147
41 36 148
40 37 145
40 38 144
40 38 145
41 37 145
41 38 145
40 37 146
40 37 147
40 37 148
40 38 146
40 38 147
40 38 148
41 37 146
41 37 147
41 37 148
41 38 146
41 38 147
41 38 148
39 39 144
39 39 145
39 39 146
39 39 147
39 39 148
39 40 144
39 40 145
39 41 144
39 41 145
39 40 146
39 40 147
39 40 148
39 41 146
39 41 147
39 41 148
40 39 145
41 39 145
40 39 146
40 39 147
40 39 148
41 39 146
41 39 147
41 39 148
40 40 145
40 41 145
41 40 145
41 41 145
40 40 146
40 40 147
40 40 148
40 41 146
40 41 147
40 41 148
41 40 146
41 40 147
41 40 148
41 41 146
41 41 147
41 41 148
36 42 144
36 42 145
36 42 146
36 42 147
36 42 148
36 43 144
36 43 145
36 44 144
36 44 145
36 43 146
36 43 147
36 43 148
36 44 146
36 44 147
36 44 148
37 42 144
37 42 145
38 42 144
38 42 145
37 42 146
37 42 147
37 42 148
38 42 146
38 42 147
38 42 148
37 43 144
37 43 145
37 44 144
37 44 145
38 43 144
38 43 145
38 44 144
38 44 145
37 43 146
37 43 147
37 43 148
37 44 146
37 44 147
37 44 148
38 43 146
38 43 147
38 43 148
38 44 146
38 44 147
38 44 148
36 45 144
36 45 145
36 45 146
36 45 147
36 45 148
36 46 145
36 46 146
36 46 147
36 46 148
36 47 147
36 47 148
37 45 144
37 45 145
38 45 145
37 45 146
37 45 147
37 45 148
38 45 146
38 45 147
38 45 148
37 46 146
37 46 147
37 46 148
37 47 147
37 47 148
38 46 147
38 46 148
38 47 147
39 42 144
39 42 145
39 42 146
39 42 147
39 42 148
39 43 145
39 44 145
39 43 146
39 43 147
39 43 148
39 44 146
39 44 147
39 44 148
40 42 145
41 42 145
40 42 146
40 42 147
40 42 148
41 42 146
41 42 147
41 42 148
40 43 145
41 43 145
40 43 146
40 43 147
40 43 148
40 44 146
40 44 147
40 44 148
41 43 146
41 43 147
41 43 148
41 44 146
41 44 147
41 44 148
39 45 146
39 45 147
39 45 148
39 46 146
39 46 147
39 46 148
40 45 146
40 45 147
40 45 148
41 45 146
40 46 146
42 36 145
42 36 146
42 36 147
42 36 148
42 37 145
42 38 145
42 37 146
42 37 147
42 37 148
42 38 146
42 38 147
42 38 148
43 36 146
43 36 147
43 36 148
44 36 146
44 36 147
44 36 148
43 37 146
43 37 147
43 37 148
43 38 146
43 38 147
43 38 148
44 37 146
44 37 147
44 37 148
44 38 146
44 38 147
44 38 148
42 39 145
42 39 146
42 39 147
42 39 148
42 40 145
42 41 145
42 40 146
42 40 147
42 40 148
42 41 146
42 41 147
42 41 148
43 39 146
43 39 147
43 39 148
44 39 146
44 39 147
44 39 148
43 40 146
43 40 147
43 40 148
43 41 146
43 41 147
43 41 148
44 40 146
44 40 147
44 40 148
44 41 147
44 41 148
45 36 147
45 36 148
45 37 147
45 37 148
45 38 146
45 38 147
45 38 148
46 36 147
46 36 148
46 37 147
46 37 148
46 38 147
46 38 148
45 39 147
45 39 148
45 40 147
45 40 148
45 41 147
45 41 148
46 39 147
46 39 148
42 42 146
42 42 147
42 42 148
42 43 146
42 43 147
42 43 148
42 44 146
43 42 146
43 42 147
43 42 148
44 42 147
44 42 148
43 43 146
43 43 147
43 43 148
47 52 2
47 52 3
47 53 2
47 53 3
47 51 5
46 51 7
47 51 6
47 51 7
47 52 4
47 52 5
47 53 4
47 53 5
46 52 6
46 52 7
46 52 8
46 53 6
46 53 7
46 53 8
47 52 6
47 52 7
47 52 8
47 53 6
47 53 7
47 53 8
45 52 12
46 51 11
46 51 12
47 51 11
47 51 12
46 52 9
46 52 10
46 53 9
46 53 10
47 52 9
47 52 10
47 53 9
47 53 10
46 52 11
46 52 12
46 53 11
47 52 11
47 52 12
47 53 11
45 51 13
45 51 14
45 51 15
45 51 16
45 51 17
45 52 13
45 52 14
45 53 13
45 52 15
45 52 16
45 52 17
45 53 15
46 51 13
46 51 14
47 51 13
47 51 14
46 51 15
46 51 16
46 51 17
47 51 15
47 51 16
47 51 17
46 52 13
46 52 14
47 52 13
47 52 14
46 52 15
46 52 16
46 52 17
47 52 15
47 52 16
47 52 17
44 50 19
44 50 20
44 50 21
44 50 22
44 50 23
44 50 24
44 50 25
44 50 26
44 51 18
44 51 19
44 51 20
44 51 21
44 52 18
44 52 19
44 52 20
44 52 21
44 51 22
44 51 23
44 51 24
44 51 25
44 51 26
45 50 18
45 50 19
45 50 20
45 50 21
46 50 20
46 50 21
45 50 22
45 50 23
45 50 24
45 50 25
45 50 26
46 50 22
46 50 23
46 50 24
46 50 25
46 50 26
45 51 18
45 51 19
45 51 20
45 51 21
45 52 18
45 52 19
45 52 20
45 52 21
46 51 18
46 51 19
47 51 18
47 51 19
46 51 20
46 51 21
47 51 20
46 52 18
46 52 19
46 52 20
45 51 22
45 51 23
45 51 24
45 51 25
45 51 26
46 51 22
46 51 23
46 51 24
46 51 25
46 51 26
44 49 27
44 49 28
44 50 27
44 50 28
43 49 30
43 49 31
43 50 30
44 49 29
44 49 30
44 49 31
44 50 29
44 50 30
44 50 31
43 48 35
43 48 36
44 48 35
44 48 36
43 50 32
44 49 32
44 49 33
44 50 32
44 50 33
43 49 34
43 49 35
43 49 36
43 50 34
43 50 35
43 50 36
44 49 34
44 49 35
44 49 36
44 50 34
44 50 35
44 50 36
44 51 27
44 51 28
44 51 29
44 51 30
44 51 31
44 51 32
45 49 27
45 49 28
45 50 27
45 50 28
45 49 29
45 49 30
45 49 31
45 50 29
45 50 30
45 50 31
46 49 28
46 50 27
46 50 28
46 49 29
46 49 30
46 49 31
46 50 29
46 50 30
46 50 31
45 49 32
45 49 33
45 50 32
45 50 33
45 49 34
45 49 35
45 49 36
45 50 34
45 50 35
45 50 36
46 49 32
46 49 33
46 50 32
46 50 33
46 49 34
46 49 35
46 49 36
46 50 34
46 50 35
46 50 36
45 51 27
45 51 28
45 51 29
45 51 30
45 51 31
46 51 27
46 51 28
46 51 29
45 51 32
41 48 53
41 48 54
41 49 53
41 49 54
41 50 54
43 48 37
43 48 38
44 48 37
44 48 38
43 48 39
43 48 40
44 48 39
44 48 40
43 49 37
43 49 38
43 50 37
43 50 38
44 49 37
44 49 38
44 50 37
44 50 38
43 49 39
43 49 40
43 50 39
43 50 40
44 49 39
44 49 40
44 50 39
44 50 40
42 48 44
42 48 45
42 49 44
42 49 45
42 50 44
42 50 45
43 48 41
43 48 42
44 48 41
44 48 42
43 48 43
43 48 44
43 48 45
44 48 43
44 48 44
44 48 45
43 49 41
43 49 42
43 50 41
43 50 42
44 49 41
44 49 42
44 50 41
44 50 42
43 49 43
43 49 44
43 49 45
43 50 43
43 50 45
44 49 43
44 49 44
44 49 45
44 50 43
45 48 39
45 48 40
45 49 37
45 49 38
45 50 37
45 50 38
45 49 39
45 49 40
45 50 39
45 50 40
46 49 37
46 49 38
45 48 41
45 48 42
45 48 43
45 48 44
45 48 45
45 49 41
45 49 42
45 49 43
45 49 44
45 49 45
42 48 46
42 48 47
42 48 48
42 48 49
42 49 46
42 49 47
42 50 46
42 50 47
42 49 48
42 49 49
42 50 48
42 50 49
43 48 46
43 48 47
44 48 46
44 48 47
43 48 48
43 48 49
44 48 48
44 48 49
43 49 46
43 49 47
43 50 47
44 49 46
44 49 47
43 49 48
43 49 49
43 50 48
43 50 49
44 49 48
44 49 49
42 48 50
42 48 51
42 48 52
42 48 53
42 48 54
42 49 50
42 49 51
42 50 50
42 50 51
42 49 52
42 49 53
42 49 54
42 50 52
42 50 53
42 50 54
43 48 50
43 48 51
44 48 50
44 48 51
43 48 52
43 48 53
43 48 54
44 48 52
44 48 53
44 48 54
43 49 50
43 49 51
43 50 50
44 49 50
44 49 51
43 49 52
43 49 53
43 49 54
43 50 53
44 49 52
44 49 53
44 49 54
45 48 46
45 48 47
45 48 48
45 49 46
45 49 47
45 49 48
45 49 49
41 48 55
41 48 56
41 48 57
41 48 58
41 49 55
41 49 56
41 50 55
41 50 56
41 49 57
41 49 58
41 50 57
40 48 60
41 48 59
41 48 60
40 48 63
41 48 61
41 48 62
41 48 63
41 49 59
41 49 60
40 49 63
41 49 61
41 49 62
41 49 63
40 48 64
40 48 65
41 48 64
41 48 65
40 48 66
40 48 67
40 48 68
41 48 66
41 48 67
41 48 68
40 49 64
40 49 65
41 49 64
41 49 65
40 49 66
41 49 66
40 48 69
40 48 70
41 48 69
41 48 70
40 48 71
40 48 72
40 48 73
41 48 71
41 48 72
41 48 73
42 48 55
42 48 56
42 48 57
42 48 58
42 49 55
42 49 56
42 50 55
42 50 56
42 49 57
42 49 58
42 50 57
43 48 55
43 48 56
44 48 55
44 48 56
43 48 57
43 48 58
43 49 55
43 49 56
43 50 55
43 50 56
44 49 55
44 49 56
43 49 57
43 49 58
42 48 59
42 48 60
42 48 61
42 48 62
42 48 63
42 49 59
42 49 60
42 49 61
42 49 62
42 49 63
43 48 59
43 48 60
43 48 61
43 48 62
43 48 63
43 49 59
43 49 60
43 49 61
43 49 62
42 48 64
42 48 65
42 48 66
42 48 67
42 48 68
42 49 64
42 49 65
43 48 64
43 48 65
42 48 69
42 48 70
42 48 71
42 48 72
42 48 73
11 53 138
11 54 138
11 55 137
11 55 138
11 56 137
11 56 138
17 48 128
17 48 129
17 49 128
17 49 129
15 56 127
16 54 128
17 54 128
17 54 129
16 55 127
16 55 128
16 55 129
16 56 127
16 56 128
17 55 127
17 55 128
17 55 129
17 56 127
17 56 128
18 48 129
18 49 129
18 54 129
18 55 129
14 48 136
14 53 133
12 52 138
12 53 138
14 53 134
13 52 138
13 53 138
17 48 130
17 48 133
17 49 130
15 48 136
15 50 134
16 48 134
17 48 135
16 48 137
17 48 137
17 48 138
16 49 134
16 50 134
16 50 135
17 49 135
17 50 134
17 50 135
16 49 137
16 50 137
17 49 138
17 50 136
15 52 133
15 53 133
16 53 133
17 53 133
15 51 134
15 52 134
15 52 135
15 53 134
15 53 135
16 51 134
16 51 135
17 51 134
17 51 135
17 51 136
17 51 137
16 52 134
16 52 135
16 53 134
16 53 135
17 52 134
17 52 135
17 53 134
17 53 135
16 52 136
16 53 136
17 52 136
17 52 137
17 53 136
12 53 139
14 51 139
13 52 139
13 53 139
14 52 139
14 52 140
14 53 139
14 53 140
17 49 141
17 50 141
15 51 140
15 52 139
15 52 140
15 53 139
15 53 140
15 52 141
15 53 141
16 51 140
17 51 140
16 51 141
17 51 141
17 51 142
16 52 140
16 53 140
17 52 140
17 53 140
16 52 141
16 53 141
17 52 141
17 53 141
14 54 133
13 55 132
13 55 133
14 55 132
14 55 133
14 56 132
14 56 133
12 54 138
12 55 137
12 55 138
12 56 138
14 54 134
13 54 138
14 55 134
13 55 138
13 56 138
15 54 132
15 54 133
15 55 132
15 55 133
17 54 130
16 54 133
16 55 132
16 55 133
17 55 133
15 54 134
15 54 135
15 55 134
16 54 134
16 54 135
17 54 134
17 54 135
17 54 136
16 55 134
17 55 134
17 55 135
12 54 139
12 55 139
13 54 139
14 54 139
14 54 140
13 55 139
13 56 139
14 55 139
14 56 139
15 54 139
15 54 140
15 55 139
15 56 139
16 54 140
17 54 140
18 48 130
18 48 131
18 48 132
18 49 130
18 49 131
18 49 133
18 50 132
18 50 133
19 48 130
19 48 131
19 48 132
19 48 133
20 48 132
20 48 133
19 49 131
19 49 132
19 49 133
19 50 133
20 49 132
20 49 133
20 50 133
18 48 134
18 48 135
18 48 136
18 48 138
18 49 135
18 50 135
18 49 136
18 49 137
18 49 138
18 50 136
18 50 137
18 50 138
19 48 134
19 48 135
20 48 134
20 48 135
19 48 136
19 48 137
19 48 138
20 48 136
20 48 137
20 48 138
19 49 134
19 50 134
19 50 135
20 49 134
20 49 135
20 50 134
19 49 136
19 49 137
19 49 138
19 50 136
19 50 137
19 50 138
20 49 136
20 49 137
20 49 138
20 50 136
20 50 137
20 50 138
18 52 131
18 53 130
18 53 131
18 52 132
19 51 133
20 51 132
20 51 133
19 52 131
19 53 130
19 53 131
20 52 131
20 53 131
19 52 132
19 53 132
20 52 132
20 52 133
20 53 132
18 51 135
18 51 136
18 51 137
18 52 134
18 52 135
18 53 134
18 53 135
18 52 136
18 52 137
18 53 136
18 53 137
19 51 135
20 51 134
19 51 136
19 51 137
19 51 138
20 51 136
20 51 137
20 51 138
19 52 135
19 53 135
20 53 135
19 52 136
19 52 137
19 52 138
19 53 136
19 53 137
20 52 136
20 52 137
20 52 138
20 53 136
20 53 137
20 53 138
21 48 133
21 49 132
21 49 133
21 50 133
21 48 134
21 48 135
21 48 136
21 48 137
21 48 138
21 49 134
21 49 135
21 50 134
21 50 135
21 49 136
21 49 137
21 49 138
21 50 136
21 50 137
21 50 138
22 48 134
22 48 135
23 48 135
22 48 136
22 48 137
22 48 138
23 48 136
23 48 137
23 48 138
22 49 134
22 49 135
22 50 134
22 50 135
23 49 135
23 50 135
22 49 136
22 49 137
22 49 138
22 50 136
22 50 137
22 50 138
23 49 136
23 49 137
23 49 138
23 50 136
23 50 137
23 50 138
21 51 133
21 52 132
21 52 133
21 53 133
21 51 134
21 51 135
21 51 136
21 51 137
21 51 138
21 52 134
21 52 136
21 52 137
21 52 138
21 53 136
21 53 137
21 53 138
22 51 134
22 51 135
23 51 135
22 51 136
22 51 137
22 51 138
23 51 136
23 51 137
23 51 138
22 52 134
22 52 135
23 52 135
23 53 135
22 52 136
22 52 137
22 52 138
22 53 136
22 53 137
23 52 136
23 52 137
23 52 138
23 53 137
18 49 142
18 50 141
18 50 142
19 48 139
20 48 139
19 48 142
20 48 142
20 48 143
20 49 139
20 50 139
19 49 142
19 49 143
19 50 141
19 50 142
19 50 143
20 49 142
20 49 143
20 50 142
20 50 143
18 51 141
18 51 142
18 52 141
18 52 142
19 51 141
19 51 142
20 51 142
19 52 141
19 52 142
21 48 139
21 48 140
21 48 142
21 48 143
21 49 139
21 50 139
21 49 142
21 49 143
21 50 142
21 50 143
22 48 139
22 48 140
23 48 139
23 48 140
22 48 141
22 48 142
22 48 143
23 48 141
23 48 142
23 48 143
22 49 139
22 49 140
22 50 139
23 49 139
23 49 140
23 50 139
22 49 142
22 49 143
22 50 142
23 49 141
23 49 142
23 49 143
22 48 144
23 48 144
23 48 145
23 48 146
21 51 139
21 52 139
22 51 139
23 51 139
22 52 139
22 53 139
23 52 139
23 53 139
18 54 130
18 54 131
19 54 130
19 54 131
18 54 134
18 54 135
18 54 136
18 55 135
18 56 135
19 54 135
20 54 135
19 54 136
20 54 136
19 55 135
19 56 135
20 55 135
20 56 135
21 54 136
21 54 138
21 56 135
21 55 136
23 54 135
22 54 136
23 54 136
23 56 135
22 55 136
23 55 136
21 57 135
23 54 139
23 55 139
32 48 109
33 48 105
34 48 105
33 48 106
33 48 107
33 48 108
33 48 109
39 48 74
39 48 75
39 48 76
39 48 77
40 48 74
40 48 75
41 48 74
41 48 75
40 48 76
40 48 77
41 48 76
41 48 77
39 48 78
39 48 79
39 48 80
39 48 81
39 48 82
40 48 78
38 48 83
38 48 84
39 48 83
29 48 122
29 48 123
29 48 124
27 48 129
28 48 126
29 48 125
29 48 126
28 48 127
28 48 128
28 48 129
29 48 127
29 48 128
29 48 129
29 49 126
29 49 127
32 48 111
32 48 112
31 48 114
32 48 113
32 48 114
30 48 117
30 48 118
30 48 119
31 48 115
31 48 116
32 48 115
32 48 116
31 48 117
31 48 118
31 48 119
32 48 117
32 48 118
32 48 119
33 48 111
33 48 112
33 48 113
30 48 120
30 48 121
30 48 122
30 48 123
30 48 124
31 48 120
31 48 121
32 48 120
31 48 122
31 48 123
31 48 124
30 48 125
30 48 126
30 48 127
30 48 128
30 48 129
30 49 126
31 48 125
31 48 126
26 48 132
26 48 133
26 49 132
26 49 133
24 48 136
24 48 137
24 48 138
24 49 135
24 50 135
24 49 136
24 49 137
24 49 138
24 50 136
24 50 137
24 50 138
25 48 134
25 48 135
26 48 134
26 48 135
25 48 136
25 48 137
25 48 138
26 48 136
26 48 137
26 48 138
25 49 135
26 49 134
26 49 135
26 50 135
25 49 136
25 49 137
25 49 138
25 50 136
25 50 137
25 50 138
26 49 136
26 49 137
26 49 138
26 50 136
26 50 137
24 51 135
24 51 136
24 51 137
24 51 138
24 52 136
24 52 137
24 52 138
24 53 136
24 53 137
25 51 135
25 51 136
25 51 137
25 51 138
26 51 136
26 51 137
25 52 135
25 53 135
25 52 136
25 52 137
25 53 136
25 53 137
26 52 136
26 52 137
26 53 136
26 53 137
27 48 130
27 48 131
27 48 132
27 48 133
27 49 131
27 49 132
27 49 133
27 50 132
27 50 133
28 48 130
28 48 131
29 48 130
29 48 131
28 48 132
28 48 133
29 48 132
29 48 133
28 49 132
28 49 133
28 50 132
28 50 133
29 49 132
29 49 133
29 50 132
29 50 133
27 48 134
27 48 135
27 48 136
27 48 137
27 48 138
27 49 134
27 49 135
27 50 134
27 50 135
27 49 136
27 49 137
27 50 136
27 50 137
28 48 134
28 48 135
29 48 134
29 48 135
28 48 136
28 48 137
29 48 136
28 49 134
28 49 135
28 50 134
28 50 135
29 49 134
29 49 135
29 50 134
29 50 135
28 49 136
28 50 136
29 49 136
29 50 136
28 51 132
28 51 133
29 51 132
29 51 133
27 51 135
27 51 136
27 53 135
27 52 136
27 53 136
27 53 138
28 51 135
29 51 135
28 51 136
29 51 136
28 52 135
28 53 135
29 52 134
29 52 135
29 53 135
28 52 136
28 53 136
29 52 136
29 53 136
24 48 139
24 48 140
24 48 141
24 48 142
24 48 143
24 49 139
24 49 140
24 50 139
24 49 141
24 49 142
24 49 143
25 48 139
25 48 140
26 48 139
25 49 139
25 49 140
25 50 139
26 49 139
26 50 139
24 48 144
24 48 145
24 48 146
24 48 147
25 48 145
26 48 145
25 48 146
25 48 147
25 48 148
26 48 146
26 48 147
26 48 148
24 51 139
24 52 139
24 53 139
25 51 139
26 51 139
25 52 139
25 53 139
26 52 139
26 53 139
27 48 145
27 48 146
27 48 147
27 48 148
28 48 145
29 48 145
28 48 148
29 48 148
24 54 135
24 54 136
24 55 135
25 54 135
26 54 135
25 54 136
26 54 136
25 55 135
25 56 135
26 55 135
26 56 134
26 56 135
25 55 136
26 55 136
26 56 138
26 59 133
24 58 135
26 57 134
26 57 135
25 57 138
26 57 138
25 58 135
26 58 134
26 58 135
26 59 134
25 58 138
25 59 138
26 58 138
26 59 138
27 54 136
27 56 135
27 55 136
29 54 135
28 54 136
28 55 135
29 55 135
27 59 133
27 57 135
27 57 138
27 58 134
27 58 135
27 59 134
29 57 135
28 58 135
24 54 139
24 55 139
24 56 139
25 54 139
26 54 139
25 55 139
25 56 139
26 55 139
26 56 139
25 57 139
26 57 139
25 58 139
26 58 139
30 48 130
30 48 133
30 49 133
30 50 133
31 48 133
31 49 133
31 50 133
30 48 134
30 48 136
30 49 134
30 49 135
30 50 135
30 49 136
30 50 136
31 49 134
31 50 134
31 50 135
32 50 134
30 51 133
30 51 135
30 51 136
30 52 134
30 52 135
30 53 134
30 53 135
31 51 134
31 51 135
32 51 134
32 51 135
31 52 134
31 52 135
31 53 134
31 53 135
32 52 134
32 52 135
32 53 134
32 53 135
33 51 134
33 52 134
33 52 135
33 53 134
33 53 135
30 48 148
31 48 148
32 48 148
33 48 147
33 48 148
34 48 147
34 48 148
35 48 147
35 48 148
30 54 135
30 55 135
30 56 135
31 54 135
32 54 135
31 55 135
26 60 133
26 61 133
26 60 134
26 61 134
27 60 133
27 60 134
36 48 147
37 48 147
65 23 124
63 23 128
63 23 129
64 23 126
65 23 125
65 23 126
64 23 127
64 23 128
64 23 129
65 23 127
65 23 128
65 23 129
68 22 119
68 23 119
71 21 113
71 21 114
71 22 114
71 23 114
69 21 116
69 21 117
69 21 118
69 22 116
69 22 117
69 22 118
69 22 119
69 23 117
69 23 118
69 23 119
70 21 115
70 21 116
71 21 115
71 21 116
70 21 117
71 21 117
70 22 115
70 22 116
70 23 115
70 23 116
71 22 115
71 22 116
71 23 115
71 23 116
70 22 117
70 22 118
70 22 119
70 23 117
70 23 118
70 23 119
71 22 117
71 22 118
71 23 117
66 22 122
66 22 123
66 23 122
66 23 123
66 23 124
67 22 120
67 22 121
67 23 120
67 23 121
68 22 120
68 22 121
68 23 120
68 23 121
67 22 122
67 22 123
67 23 122
67 23 123
67 23 124
68 22 122
68 23 122
68 23 123
66 23 125
66 23 126
66 23 127
67 23 125
69 22 120
69 22 121
69 23 120
69 23 121
69 23 122
70 23 120
62 23 130
62 23 131
61 23 132
63 23 130
63 23 131
64 23 130
48 28 147
49 27 146
49 27 147
50 27 146
50 27 147
49 28 147
50 28 147
51 27 146
51 27 147
51 28 146
51 28 147
51 29 147
51 29 148
53 27 144
53 27 145
53 27 146
53 28 144
53 28 145
53 29 145
52 28 146
52 28 147
52 29 146
52 29 147
52 29 148
53 28 146
53 28 147
53 29 146
53 29 147
53 29 148
51 30 147
51 30 148
51 31 148
52 30 146
52 30 147
52 30 148
53 30 146
53 30 147
53 30 148
52 31 148
57 25 138
57 26 138
59 24 135
59 24 136
59 24 137
59 25 135
59 26 135
58 25 136
58 25 137
58 25 138
58 26 137
58 26 138
59 25 136
59 25 137
59 25 138
59 26 136
59 26 137
59 26 138
57 27 138
58 27 137
58 27 138
59 27 137
59 27 138
54 26 143
56 25 140
56 26 140
55 26 141
55 26 142
55 26 143
56 26 141
56 26 142
56 26 143
54 27 143
54 28 143
56 27 140
55 27 141
55 27 142
55 27 143
56 27 141
56 27 142
56 27 143
55 28 141
55 28 142
55 28 143
56 28 141
56 28 142
56 28 143
54 27 144
54 27 145
54 27 146
54 28 144
54 28 145
54 29 144
54 29 145
54 28 146
54 28 147
54 29 146
54 29 147
55 27 144
55 27 145
56 27 144
55 28 144
55 28 145
55 29 144
55 29 145
56 28 144
55 28 146
57 25 139
57 25 140
57 26 139
57 26 140
57 26 141
57 26 142
58 25 139
58 25 140
58 26 139
58 26 140
59 25 139
59 26 139
59 26 140
58 26 141
57 27 139
57 27 140
57 27 141
57 27 142
57 27 143
58 27 139
58 27 140
58 27 141
54 30 146
56 30 146
57 31 147
58 32 147
58 33 147
58 34 147
58 35 147
56 38 147
55 39 148
56 39 147
56 39 148
55 40 148
55 41 148
56 40 147
56 40 148
56 41 147
56 41 148
57 37 147
57 38 147
58 36 148
58 38 146
58 38 147
57 39 146
57 39 147
57 39 148
57 40 146
57 40 147
57 40 148
57 41 147
57 41 148
59 39 145
58 39 146
58 39 147
58 39 148
59 39 146
59 39 147
59 40 145
59 41 145
58 40 146
58 40 147
58 40 148
58 41 146
58 41 147
58 41 148
59 40 146
59 40 147
59 40 148
59 41 146
59 41 147
55 42 148
56 42 148
57 42 147
58 42 147
59 42 146
65 24 124
63 24 128
63 24 129
63 25 128
63 25 129
64 24 126
65 24 125
65 24 126
64 24 127
64 24 128
64 24 129
65 24 127
65 24 128
65 24 129
65 25 125
65 25 126
64 25 127
64 25 128
64 25 129
65 25 127
68 24 119
69 24 119
66 24 123
66 24 124
67 24 121
68 24 120
68 24 121
67 24 122
67 24 123
67 24 124
68 24 122
68 24 123
66 24 125
66 24 126
66 24 127
67 24 125
67 24 126
60 24 133
60 25 133
61 24 131
62 24 130
62 24 131
61 24 132
61 24 133
62 24 132
62 24 133
62 25 130
62 25 131
61 25 132
61 25 133
61 26 132
61 26 133
62 25 132
62 25 133
62 26 132
62 26 133
60 24 134
60 24 135
60 24 136
60 24 137
60 25 134
60 25 135
60 26 134
60 26 135
60 25 136
60 25 137
60 25 138
60 26 136
60 26 137
60 26 138
61 24 134
61 24 135
62 24 134
62 24 135
61 24 136
61 25 134
61 25 135
61 26 134
61 26 135
62 25 134
62 25 135
61 25 136
61 26 136
63 24 130
63 24 131
63 24 132
63 24 133
63 25 130
63 25 131
63 25 132
63 25 133
64 24 130
64 24 131
64 25 130
64 25 131
62 39 143
62 40 143
62 41 143
60 39 144
60 39 145
60 39 146
60 39 147
60 40 144
60 40 145
60 41 145
60 40 146
60 40 147
60 41 146
61 39 144
61 39 145
62 39 144
62 39 145
61 39 146
61 40 144
61 40 145
61 41 144
61 41 145
62 40 144
62 40 145
62 41 144
62 41 145
61 40 146
61 41 146
62 40 146
65 38 141
63 39 142
63 39 143
63 40 142
63 40 143
63 41 142
63 41 143
65 39 140
64 39 141
64 39 142
64 39 143
65 39 141
65 39 142
65 39 143
65 40 140
64 40 141
64 40 142
64 40 143
64 41 142
64 41 143
65 40 141
65 40 142
65 40 143
65 41 141
65 41 142
63 39 144
63 39 145
63 40 144
63 40 145
63 41 144
64 39 144
64 40 144
67 38 138
68 38 137
68 38 138
67 39 138
68 39 137
68 39 138
67 40 138
68 40 138
69 38 137
69 38 138
71 37 135
71 38 135
70 38 136
70 38 137
70 38 138
71 38 136
71 38 137
71 38 138
69 39 137
69 39 138
69 40 137
69 40 138
71 39 135
70 39 136
70 39 137
70 39 138
71 39 136
71 39 137
71 39 138
70 40 136
70 40 137
70 40 138
71 40 136
66 38 139
66 38 140
67 38 139
68 38 139
68 38 140
66 39 139
66 39 140
66 39 141
66 39 142
66 40 139
66 40 140
66 40 141
66 40 142
66 40 143
67 39 139
67 39 140
68 39 139
68 39 140
67 39 141
67 39 142
68 39 141
67 40 139
67 40 140
68 40 139
68 40 140
67 40 141
67 40 142
68 40 141
69 38 139
70 38 139
69 39 139
69 39 140
69 40 139
70 39 139
74 20 107
73 20 110
74 20 108
74 20 109
74 20 110
74 21 107
73 21 110
74 21 108
74 21 109
74 21 110
73 22 110
74 22 108
74 22 109
74 22 110
75 20 106
75 20 107
75 20 108
75 20 109
75 20 110
76 20 106
76 20 107
77 20 106
76 20 108
75 21 106
75 21 107
75 21 108
75 21 109
75 21 110
75 22 108
76 21 106
76 21 107
76 21 108
76 21 109
73 20 112
74 20 112
72 21 111
72 21 112
72 21 113
72 21 114
72 22 112
72 22 113
72 22 114
72 23 113
73 21 111
73 21 112
74 21 111
74 21 112
73 21 113
73 21 114
74 21 113
73 22 111
73 22 112
74 22 111
74 22 112
73 22 113
73 22 114
72 21 115
72 21 116
72 22 115
72 22 116
73 22 115
75 21 111
82 35 123
83 35 122
83 35 123
83 35 124
83 35 125
77 36 129
77 37 129
77 38 129
78 36 128
78 36 129
78 37 128
78 37 129
78 38 128
78 38 129
80 36 126
79 36 127
79 36 128
79 36 129
80 36 127
80 36 128
80 36 129
80 37 126
80 38 126
79 37 127
79 37 128
79 37 129
79 38 128
79 38 129
80 37 127
80 37 128
80 37 129
80 38 127
82 36 124
83 36 123
83 36 124
82 37 124
83 37 123
83 37 124
81 36 125
81 36 126
81 36 127
81 36 128
81 37 125
81 37 126
81 37 127
81 37 128
82 36 125
82 36 126
83 36 125
83 36 126
82 36 127
82 37 125
82 37 126
83 37 125
82 37 127
73 37 133
73 38 133
74 37 132
74 37 133
74 38 132
74 38 133
72 37 134
72 37 135
72 38 134
72 38 135
72 38 136
72 38 137
73 37 134
73 37 135
73 38 134
73 38 135
74 37 134
74 38 134
74 38 135
73 38 136
73 39 133
74 39 132
74 39 133
72 39 134
72 39 135
72 39 136
72 39 137
73 39 134
73 39 135
74 39 134
73 39 136
75 37 131
75 38 131
75 37 132
75 37 133
75 38 132
75 38 133
77 36 130
77 36 131
76 37 130
76 37 131
76 38 130
76 38 131
77 37 130
77 37 131
77 38 130
77 38 131
76 37 132
76 37 133
76 38 132
76 38 133
77 37 132
77 38 132
75 37 134
75 38 134
75 39 132
75 39 133
76 39 131
78 36 130
78 36 131
78 37 130
78 37 131
78 38 130
78 38 131
79 36 130
79 37 130
86 35 119
87 34 119
87 35 118
87 35 119
89 34 116
88 34 117
88 34 118
88 34 119
88 35 117
88 35 118
88 35 119
89 34 117
89 34 118
89 34 119
89 35 117
89 35 118
89 35 119
84 35 122
84 35 123
84 35 124
85 35 120
85 35 121
86 35 120
86 35 121
85 35 122
85 35 123
86 35 122
87 34 120
87 35 120
87 35 121
87 35 122
88 34 120
88 35 120
88 35 121
89 35 120
90 34 116
90 35 116
90 34 117
90 34 118
90 35 117
90 35 118
90 35 119
91 34 115
91 34 116
91 35 116
92 34 115
92 34 116
91 34 117
91 35 117
86 36 119
87 36 119
88 36 118
88 36 119
89 36 117
89 36 118
89 36 119
84 36 122
84 36 123
84 36 124
84 37 122
84 37 123
84 37 124
85 36 121
86 36 120
86 36 121
85 36 122
85 36 123
85 36 124
86 36 122
86 36 123
86 37 121
85 37 122
84 36 125
87 36 120
87 36 121
87 36 122
88 36 120
48 52 2
48 52 3
48 53 3
49 52 2
49 52 3
48 52 4
48 52 5
48 53 4
48 53 5
48 52 6
48 52 7
48 52 8
48 53 6
48 53 7
48 53 8
49 52 4
49 52 5
49 53 4
49 52 6
49 52 7
48 52 9
48 52 10
48 53 9
48 52 11
48 52 12
48 52 13
