0.15
7613
62 68 82
63 68 82
62 68 84
62 68 85
63 68 84
63 68 85
22 63 150
23 63 150
24 63 150
23 64 144
23 65 144
24 64 144
24 65 144
22 64 150
22 65 150
23 64 145
23 65 145
24 64 145
24 64 146
24 65 145
24 65 146
23 64 150
23 65 150
24 64 150
25 63 150
25 64 145
25 64 146
25 64 147
25 65 145
25 65 146
26 64 146
26 64 147
26 65 146
26 65 147
27 64 147
27 65 147
27 64 149
27 65 148
28 64 149
28 64 150
28 65 148
28 65 149
29 64 150
29 65 148
29 65 149
29 65 150
30 64 150
30 65 149
30 65 150
29 66 150
30 66 150
31 65 150
22 63 151
24 61 151
24 61 152
23 62 151
23 63 151
24 62 151
24 63 151
23 64 151
24 64 151
26 59 153
27 59 153
27 59 154
28 59 153
28 59 154
28 59 155
29 59 154
29 59 155
30 59 155
29 59 156
30 59 156
30 59 157
31 59 156
31 59 157
31 59 158
32 59 157
32 59 158
32 59 159
33 58 159
33 59 159
25 60 152
25 61 151
25 61 152
26 60 152
26 61 151
26 61 152
26 60 153
26 61 153
25 62 151
25 62 152
25 63 151
25 63 152
26 62 151
26 62 152
26 63 151
26 63 152
27 60 152
27 61 151
27 61 152
28 60 152
27 60 153
27 60 154
27 61 153
28 60 153
28 60 154
28 60 155
27 62 152
25 64 151
29 60 155
29 60 156
30 60 156
30 60 157
30 60 158
31 60 157
31 60 158
31 61 158
32 60 157
32 60 158
33 60 158
32 61 158
33 61 158
32 60 159
33 60 159
33 60 160
32 61 159
33 61 159
33 61 160
32 62 159
33 62 159
33 62 160
32 63 159
33 63 159
33 63 160
30 64 151
30 65 151
29 66 151
30 66 151
31 64 151
31 65 151
31 65 152
32 64 151
32 64 152
33 64 152
32 65 151
33 65 151
32 65 152
33 65 152
33 65 153
31 66 151
31 66 152
32 66 151
32 66 152
33 66 152
33 67 152
32 66 153
33 66 153
33 67 153
32 64 159
33 64 159
59 67 104
59 68 104
59 67 105
59 67 106
59 68 105
59 68 106
61 68 87
61 68 88
61 68 89
61 68 90
62 68 86
62 68 87
63 68 86
63 68 87
62 68 88
62 68 89
62 68 90
63 68 88
63 68 89
63 68 90
61 68 91
61 68 92
61 68 93
61 68 94
61 68 95
62 68 91
62 68 92
63 68 91
63 68 92
62 68 93
62 68 94
62 68 95
63 68 93
63 68 94
63 68 95
64 68 86
64 68 87
64 68 88
64 68 89
64 68 90
60 68 96
60 68 97
61 68 96
61 68 97
60 68 98
60 67 100
60 68 99
60 68 100
61 67 98
61 68 98
61 67 100
61 68 99
61 68 100
62 68 96
62 68 97
63 68 96
63 68 97
62 67 98
62 68 98
62 67 100
62 68 99
62 68 100
63 68 98
63 68 99
60 67 101
60 68 101
60 67 102
60 67 103
60 68 102
60 68 103
61 67 101
61 68 101
61 67 102
61 67 103
61 68 102
61 68 103
60 67 104
60 68 104
60 67 105
60 67 106
60 68 105
60 68 106
61 67 104
61 68 104
61 67 105
61 67 106
61 68 105
61 68 106
62 67 101
62 68 101
62 67 102
62 67 103
62 68 102
62 68 103
62 67 104
62 68 104
62 67 105
62 68 105
62 68 106
59 67 107
59 68 107
59 67 108
59 68 108
58 67 109
58 68 109
59 67 109
59 68 109
58 67 110
58 67 111
58 68 110
58 68 111
59 67 110
59 67 111
59 68 110
59 68 111
57 67 113
57 67 114
57 68 113
57 68 114
58 67 112
58 68 112
59 67 112
59 68 112
58 67 113
58 67 114
58 68 113
58 68 114
59 67 113
59 67 114
59 68 113
59 68 114
57 67 115
57 68 115
57 67 116
57 67 117
57 68 116
57 68 117
58 67 115
58 68 115
59 67 115
59 68 115
58 67 116
58 67 117
58 68 116
58 68 117
59 67 116
59 67 117
59 68 116
59 68 117
53 67 128
53 68 128
54 67 126
54 68 126
54 67 127
54 67 128
54 68 127
54 68 128
56 66 119
56 67 118
56 68 118
56 67 119
56 68 119
55 66 122
55 67 122
55 68 122
56 66 121
56 66 122
56 67 120
56 68 120
56 67 121
56 67 122
56 68 121
56 68 122
57 66 118
57 66 119
57 67 118
57 68 118
57 67 119
57 68 119
58 66 118
58 66 119
58 67 118
58 68 118
59 67 118
59 68 118
58 67 119
58 68 119
59 67 119
57 66 121
57 66 122
57 67 120
57 68 120
57 67 121
57 67 122
57 68 121
57 68 122
58 67 120
58 68 120
58 67 121
58 67 122
58 68 121
58 68 122
55 65 125
56 65 125
55 65 126
56 65 126
55 66 123
55 66 124
55 66 125
55 67 123
55 68 123
55 67 124
55 67 125
55 68 124
55 68 125
56 66 123
56 66 124
56 66 125
56 67 123
56 68 123
56 67 124
56 67 125
56 68 124
56 68 125
55 66 126
55 67 126
55 68 126
55 67 127
55 67 128
55 68 127
55 68 128
56 66 126
56 67 126
56 68 126
56 67 127
56 67 128
56 68 127
56 68 128
57 65 123
57 65 125
58 65 123
57 65 126
57 66 123
57 66 124
57 66 125
57 67 123
57 68 123
57 67 124
57 67 125
57 68 124
57 68 125
58 66 123
58 66 124
58 66 125
58 67 123
58 68 123
58 67 124
58 67 125
58 68 124
58 68 125
57 66 126
57 67 126
57 68 126
57 67 127
57 67 128
57 68 127
57 68 128
58 66 126
58 67 126
58 68 126
60 67 107
60 68 107
60 67 108
60 68 108
61 67 107
61 68 107
61 67 108
61 68 108
60 67 109
60 68 109
60 67 110
60 67 111
60 68 110
60 68 111
61 67 109
61 68 109
61 67 110
61 68 110
60 67 112
60 68 112
60 67 113
60 67 114
60 68 113
60 68 114
60 67 115
46 58 150
46 59 150
47 58 150
47 59 150
49 63 134
50 63 134
49 63 138
49 63 139
50 63 138
50 63 139
49 65 131
50 65 131
49 66 131
50 66 131
50 66 132
50 67 132
50 68 132
48 64 134
48 65 134
49 64 134
50 64 134
49 65 134
50 65 134
49 64 139
50 64 138
50 64 139
50 65 138
50 65 139
49 66 134
50 66 134
49 66 135
50 66 135
49 67 134
50 67 134
50 68 134
50 67 135
50 66 138
50 66 139
50 61 143
50 61 144
50 62 144
50 63 144
46 60 150
50 63 145
50 64 144
50 65 144
50 66 144
50 67 144
50 68 144
50 64 145
50 65 145
50 66 145
50 67 145
50 68 145
50 67 146
50 68 146
50 68 147
50 68 148
49 68 150
50 68 149
50 68 150
34 58 159
34 59 159
35 57 159
35 58 159
35 59 159
36 57 159
36 58 159
36 59 160
37 58 160
37 59 160
38 58 160
38 59 160
39 57 160
39 58 160
39 59 160
40 57 160
40 58 160
40 59 161
41 59 159
41 59 161
34 60 159
34 60 160
34 61 159
34 61 160
35 60 159
35 60 160
35 61 159
35 61 160
34 62 159
34 62 160
34 63 159
34 63 160
35 62 159
35 62 160
35 62 161
35 63 159
35 63 160
35 63 161
36 60 160
36 61 160
36 61 161
37 60 160
37 61 160
37 61 161
36 62 160
36 62 161
36 63 160
36 63 161
37 62 160
37 62 161
37 63 160
37 63 161
34 65 152
34 64 153
34 65 153
35 64 153
35 65 153
34 66 152
34 66 153
34 66 154
34 67 153
34 67 154
34 68 154
35 66 153
35 66 154
35 67 153
35 67 154
35 67 155
36 66 154
36 67 154
36 67 155
36 68 155
37 66 154
37 66 155
37 67 155
37 68 155
34 64 159
34 64 160
34 65 160
35 64 160
35 64 161
35 65 160
35 65 161
34 66 160
35 66 160
35 67 160
35 68 160
36 64 160
36 64 161
36 65 160
36 65 161
37 64 160
37 64 161
37 65 160
37 65 161
36 67 156
37 67 156
37 68 156
37 67 157
36 66 160
36 66 161
36 67 160
36 67 161
36 68 160
36 68 161
37 66 160
37 66 161
37 67 161
37 68 161
38 60 160
38 60 161
38 61 160
38 61 161
39 60 160
39 60 161
39 61 161
38 62 160
38 62 161
38 63 160
38 63 161
39 62 161
39 63 161
40 60 161
40 61 161
41 60 159
41 60 161
41 61 159
41 61 160
41 61 161
40 62 159
40 62 161
40 63 159
40 63 161
41 62 159
41 62 160
41 62 161
41 63 159
41 63 160
41 63 161
38 68 152
38 67 155
38 64 161
38 65 161
39 64 161
39 65 161
38 67 156
38 68 156
38 67 157
38 68 157
39 67 156
39 68 156
39 67 157
39 68 157
39 68 158
38 66 161
38 68 159
38 67 161
38 68 161
39 66 161
39 68 159
39 67 160
39 67 161
39 68 160
39 68 161
40 64 159
40 64 160
40 64 161
40 65 160
40 65 161
41 64 159
41 64 160
41 64 161
41 65 159
41 65 160
41 65 161
40 67 156
40 67 157
40 68 157
40 68 158
41 67 157
41 68 157
41 68 158
40 66 160
40 66 161
40 67 159
40 68 159
40 67 160
40 67 161
40 68 160
40 68 161
41 66 160
41 66 161
41 67 159
41 68 159
41 67 160
41 67 161
41 68 160
41 68 161
37 63 171
37 64 162
37 65 162
37 66 162
37 67 162
36 64 171
37 64 171
37 65 171
37 65 172
38 63 162
39 62 162
39 63 162
40 61 162
41 61 162
40 62 162
40 63 162
41 62 162
41 63 162
38 63 171
39 62 171
39 63 171
40 61 171
41 61 171
40 62 171
40 63 171
41 62 171
41 63 171
41 63 172
38 64 162
38 65 162
39 64 162
39 65 162
38 66 162
38 67 162
38 68 162
39 66 162
39 66 163
39 67 162
39 68 162
39 67 163
40 64 162
40 65 162
40 65 163
41 64 162
41 65 162
41 65 163
40 66 162
40 66 163
40 67 162
40 68 162
40 67 163
40 68 163
41 66 162
41 66 163
41 67 162
41 68 162
41 67 163
41 68 163
41 68 166
38 64 171
38 65 171
38 65 172
39 64 171
39 65 171
39 65 172
39 66 171
39 66 172
40 64 171
40 64 172
40 65 171
40 65 172
41 64 171
41 64 172
41 65 171
41 65 172
40 66 171
40 66 172
40 67 171
40 67 172
41 66 171
41 66 172
41 67 171
41 67 172
43 53 158
43 54 158
43 54 159
45 52 158
44 53 158
44 54 158
45 53 158
44 53 159
44 54 159
45 53 159
45 54 159
42 55 158
42 56 158
43 55 158
43 56 158
42 56 159
43 55 159
43 56 159
43 56 160
42 57 158
43 58 158
42 57 159
42 58 159
42 59 159
42 58 160
42 58 161
42 59 160
42 59 161
43 57 159
43 57 160
43 58 159
43 59 159
43 58 160
43 58 161
43 59 160
43 59 161
44 55 158
44 55 159
44 55 160
44 56 159
44 56 160
45 55 159
45 55 160
45 56 159
45 56 160
45 56 161
44 57 158
44 58 158
44 59 158
44 57 159
44 57 160
44 58 159
44 59 159
44 58 160
44 59 160
44 59 161
45 57 159
45 57 160
45 57 161
45 58 159
45 59 159
45 58 160
45 59 160
46 52 155
46 53 155
46 54 155
47 53 155
47 54 155
46 52 158
47 52 158
46 53 156
46 53 158
46 54 156
46 54 158
47 53 156
47 53 158
47 54 156
47 54 158
46 53 159
46 54 159
46 54 160
47 53 159
47 54 159
47 54 160
48 51 158
48 52 158
49 51 157
49 51 158
50 51 157
50 51 158
49 52 157
49 52 158
50 52 157
50 52 158
48 53 158
48 54 158
49 53 158
50 53 158
49 54 158
50 54 158
48 53 159
48 54 159
49 53 159
50 53 159
49 54 159
50 54 159
46 58 151
46 59 151
47 58 151
47 59 151
48 59 151
46 55 156
46 55 157
46 55 158
46 56 156
46 56 157
46 56 158
47 55 156
47 55 157
47 55 158
47 56 156
47 56 157
47 56 158
46 55 159
46 55 160
46 56 159
46 56 160
46 56 161
47 55 159
47 55 160
47 56 159
47 56 160
47 56 161
46 57 157
46 57 158
46 58 157
46 58 158
46 59 158
47 57 157
47 57 158
47 58 157
47 58 158
47 59 158
46 57 159
46 57 160
46 57 161
46 58 159
46 59 159
46 58 160
46 58 161
46 59 160
46 59 161
47 57 159
47 57 160
47 57 161
47 58 159
47 59 159
47 58 160
47 58 161
47 59 160
47 59 161
48 55 158
48 56 157
48 56 158
49 55 158
50 55 158
49 56 158
50 56 158
48 55 159
48 55 160
48 56 159
48 56 160
48 56 161
49 55 159
50 55 159
49 55 160
49 56 159
50 56 159
49 56 160
48 57 157
48 59 158
49 57 158
50 57 158
50 58 158
48 57 159
48 57 160
48 57 161
48 58 159
48 59 159
48 58 160
48 58 161
48 59 160
48 59 161
49 57 159
50 57 159
49 57 160
50 57 160
49 58 159
49 59 159
50 58 159
50 59 159
49 58 160
49 59 160
50 58 160
50 59 160
43 59 162
44 59 162
45 58 162
45 59 162
45 59 163
45 59 171
46 58 162
46 59 162
46 59 163
47 58 162
47 59 162
47 59 163
46 58 171
46 59 171
47 58 171
47 59 171
47 59 172
50 56 171
49 59 169
50 58 169
50 59 168
50 59 169
48 58 171
48 59 171
48 59 172
49 57 171
50 57 171
50 57 172
49 59 170
50 58 170
50 59 170
49 58 171
49 58 172
49 59 171
49 59 172
50 58 171
50 58 172
50 59 171
50 59 172
42 60 159
42 60 160
42 60 161
42 61 159
42 61 160
42 61 161
43 60 159
43 60 160
43 60 161
43 61 159
43 61 160
43 61 161
42 62 159
42 62 160
42 62 161
42 63 159
42 63 160
42 63 161
43 62 159
43 62 160
43 62 161
43 63 160
43 63 161
44 60 159
44 60 160
44 60 161
44 61 159
44 61 160
44 61 161
45 60 159
45 60 160
45 60 161
45 61 159
45 61 160
45 61 161
44 62 159
44 62 160
44 62 161
44 63 159
44 63 160
44 63 161
45 62 159
45 62 160
45 62 161
45 63 159
45 63 160
45 63 161
42 64 160
42 64 161
42 65 159
42 65 160
42 65 161
43 64 159
43 64 160
43 64 161
43 65 159
43 65 160
43 65 161
42 68 157
42 68 158
43 68 158
42 66 160
42 66 161
42 67 159
42 68 159
42 67 160
42 67 161
42 68 160
42 68 161
43 66 160
43 66 161
43 68 159
43 67 160
43 67 161
43 68 160
43 68 161
44 64 160
44 64 161
44 65 160
44 65 161
45 64 159
45 64 160
45 64 161
45 65 159
45 65 160
45 65 161
44 66 160
44 66 161
44 68 159
44 67 160
44 67 161
44 68 160
44 68 161
45 66 160
45 66 161
45 68 159
45 67 160
45 67 161
45 68 160
45 68 161
46 60 151
46 61 151
46 61 152
47 60 151
47 61 151
47 61 152
47 62 151
47 62 152
47 63 152
47 63 153
48 60 151
48 61 151
48 61 152
49 61 152
50 61 152
48 62 152
48 63 152
49 62 152
50 62 152
49 63 152
50 63 152
48 63 153
49 62 153
49 63 153
50 63 153
46 60 158
47 60 158
46 60 159
46 60 160
46 61 159
46 61 160
46 61 161
47 60 159
47 60 160
47 60 161
47 61 159
47 61 160
46 62 159
46 62 160
46 62 161
46 63 159
46 63 160
46 63 161
47 62 159
47 62 160
47 63 159
47 63 160
47 63 161
48 60 159
48 60 160
48 60 161
48 61 159
48 61 160
48 61 161
49 60 159
50 60 159
49 60 160
50 60 160
49 61 159
50 61 159
49 61 160
50 61 160
48 62 159
48 62 160
48 63 159
48 63 160
49 62 159
50 62 159
49 62 160
50 62 160
49 63 159
50 63 159
49 63 160
50 63 160
47 64 152
47 65 152
47 64 153
47 65 153
47 66 153
48 64 152
48 65 152
49 64 152
49 65 152
50 65 152
48 64 153
48 65 153
48 65 154
49 64 153
50 64 153
49 64 154
50 64 154
49 65 153
50 65 153
49 65 154
50 65 154
48 66 152
49 68 151
50 68 151
49 67 152
49 68 152
50 67 152
50 68 152
48 66 153
48 66 154
48 67 153
48 68 153
48 67 154
48 68 154
48 68 155
49 66 153
50 66 153
49 66 154
50 66 154
49 67 153
49 68 153
50 67 153
50 68 153
49 67 154
49 68 154
49 68 155
50 67 154
50 68 154
50 68 155
46 64 159
46 64 160
46 64 161
46 65 160
46 65 161
47 64 159
47 64 160
47 64 161
47 65 160
47 65 161
46 68 158
47 68 156
47 68 157
47 68 158
46 66 160
46 66 161
46 68 159
46 67 160
46 67 161
46 68 160
46 68 161
47 66 160
47 66 161
47 68 159
47 67 160
47 67 161
47 68 160
47 68 161
48 64 159
48 64 160
48 64 161
48 65 159
48 65 160
48 65 161
49 64 159
50 64 159
49 64 160
50 64 160
49 65 159
50 65 159
49 65 160
50 65 160
48 68 156
48 68 157
48 68 158
49 68 156
50 68 156
49 68 157
49 68 158
50 68 157
48 66 160
48 66 161
48 68 159
48 67 160
48 67 161
48 68 160
48 68 161
49 66 160
49 66 161
50 66 160
49 67 160
49 67 161
49 68 160
49 68 161
50 67 160
50 68 160
42 60 162
42 61 162
43 61 162
42 62 162
42 63 162
43 62 162
43 62 163
43 63 162
43 63 163
43 63 164
44 61 162
44 61 163
45 60 162
45 60 163
45 61 163
45 61 164
44 62 162
44 62 163
44 63 162
44 63 163
45 62 162
45 62 163
45 63 162
44 62 164
44 63 164
44 63 165
45 62 164
45 62 165
45 63 164
45 63 165
42 60 171
42 61 171
43 60 171
43 61 171
42 62 171
42 63 171
42 63 172
43 62 171
43 62 172
43 63 171
43 63 172
44 60 171
44 61 171
45 60 171
45 61 171
45 61 172
44 62 171
44 62 172
44 63 171
44 63 172
45 62 171
45 62 172
45 63 171
45 63 172
42 64 162
42 65 162
42 65 163
43 64 162
43 65 162
43 65 163
43 64 165
43 65 165
42 66 162
42 66 163
42 67 162
42 68 162
42 67 163
42 68 163
43 66 163
43 67 162
43 68 162
43 67 163
43 68 163
42 68 164
42 67 166
42 68 166
43 66 166
43 68 164
43 67 166
43 68 165
43 68 166
44 64 162
44 64 163
44 65 162
44 65 163
45 64 162
45 64 163
45 65 162
45 65 163
44 64 165
44 64 166
44 65 165
44 65 166
45 64 164
45 64 165
45 64 166
45 65 165
45 65 166
44 66 163
44 67 162
44 68 162
44 67 163
44 68 163
45 66 162
45 66 163
45 67 162
45 68 162
45 67 163
45 68 163
44 66 165
44 66 166
44 67 164
44 68 164
44 67 166
44 68 165
44 68 166
45 66 166
45 67 164
45 68 164
45 67 166
45 68 165
45 68 166
42 64 171
42 64 172
42 65 171
42 65 172
43 64 171
43 64 172
43 65 171
43 65 172
42 68 167
43 67 167
43 68 167
43 68 168
42 66 171
42 66 172
42 67 172
42 68 172
43 66 171
43 66 172
43 67 172
43 68 172
45 65 168
45 65 169
44 64 171
44 64 172
44 65 171
44 65 172
45 64 171
45 64 172
45 65 170
45 65 171
45 65 172
44 66 167
44 66 168
44 66 169
44 67 167
44 68 167
44 67 168
44 67 169
44 68 168
44 68 169
45 66 167
45 66 168
45 66 169
45 67 167
45 68 167
45 67 168
45 67 169
45 68 168
45 68 169
44 66 171
44 66 172
44 67 170
44 68 170
44 67 171
44 67 172
44 68 171
44 68 172
45 66 170
45 66 171
45 66 172
45 67 170
45 68 170
45 67 171
45 67 172
45 68 171
45 68 172
46 60 162
46 60 163
46 61 162
46 61 163
47 60 162
47 60 163
47 61 162
47 61 163
46 61 164
46 62 162
46 62 163
46 63 163
47 62 162
47 62 163
47 63 162
46 62 164
46 63 164
46 63 165
46 60 171
46 60 172
46 61 171
46 61 172
47 60 171
47 60 172
47 61 171
47 61 172
46 63 168
46 63 169
47 62 168
47 62 169
47 63 168
47 63 169
46 62 171
46 62 172
46 63 170
46 63 171
46 63 172
47 62 170
47 62 171
47 62 172
47 63 170
47 63 171
47 63 172
48 61 168
48 61 169
50 60 167
49 60 168
49 60 169
50 60 168
50 60 169
50 61 167
49 61 168
49 61 169
50 61 168
50 61 169
48 60 171
48 60 172
48 61 170
48 61 171
48 61 172
49 60 170
50 60 170
49 60 171
49 60 172
50 60 171
50 60 172
49 61 170
50 61 170
49 61 171
49 61 172
50 61 171
50 61 172
48 62 168
48 62 169
48 63 169
50 62 167
49 62 168
49 62 169
50 62 168
50 62 169
50 63 167
49 63 168
49 63 169
50 63 168
50 63 169
48 62 170
48 62 171
48 62 172
48 63 170
48 63 171
48 63 172
49 62 170
50 62 170
49 62 171
49 62 172
50 62 171
50 62 172
49 63 170
50 63 170
49 63 171
49 63 172
50 63 171
50 63 172
46 64 162
46 64 163
46 65 162
46 65 163
47 65 163
46 64 164
46 64 165
46 65 165
46 65 166
46 66 162
46 66 163
46 68 162
46 67 163
46 68 163
47 66 163
47 67 162
47 68 162
47 67 163
47 68 163
46 66 166
46 67 164
46 68 164
46 67 166
46 68 165
46 68 166
46 64 168
46 64 169
46 65 168
46 65 169
47 64 168
47 64 169
47 65 168
47 65 169
46 64 170
46 64 171
46 64 172
46 65 170
46 65 171
46 65 172
47 64 170
47 64 171
47 64 172
47 65 170
47 65 171
47 65 172
46 66 168
46 66 169
46 67 167
46 68 167
46 67 168
46 67 169
46 68 168
46 68 169
47 66 169
47 67 169
47 68 169
46 66 170
46 66 171
46 66 172
46 67 170
46 68 170
46 67 171
46 67 172
46 68 171
46 68 172
47 66 170
47 66 171
47 66 172
47 67 170
47 68 170
47 67 171
47 67 172
47 68 171
47 68 172
48 64 168
48 64 169
48 65 168
48 65 169
50 64 167
49 64 168
49 64 169
50 64 168
50 64 169
50 65 167
49 65 168
49 65 169
50 65 168
50 65 169
48 64 170
48 64 171
48 64 172
48 65 170
48 65 171
48 65 172
49 64 170
50 64 170
49 64 171
49 64 172
50 64 171
50 64 172
49 65 170
50 65 170
49 65 171
49 65 172
50 65 171
50 65 172
48 66 169
48 67 169
48 68 169
50 66 167
49 66 169
50 66 168
50 66 169
49 67 169
49 68 169
50 67 168
50 67 169
50 68 168
50 68 169
48 66 170
48 66 171
48 66 172
48 67 170
48 68 170
48 67 171
48 67 172
48 68 171
48 68 172
49 66 170
50 66 170
49 66 171
49 66 172
50 66 171
50 66 172
49 67 170
49 68 170
50 67 170
50 68 170
49 67 171
49 67 172
49 68 171
49 68 172
50 67 171
50 67 172
50 68 171
50 68 172
51 63 133
52 63 133
53 63 133
51 63 134
52 63 134
53 63 134
51 64 131
51 65 131
52 64 131
52 65 131
52 68 129
51 66 131
51 66 132
51 67 131
51 67 132
51 68 132
52 66 131
52 66 132
52 67 131
52 68 131
52 67 132
52 67 133
52 68 132
52 68 133
53 64 130
53 65 130
54 64 130
54 65 130
53 64 131
53 65 131
54 64 131
54 65 131
53 66 130
53 67 129
53 68 129
53 67 130
53 68 130
54 66 129
54 66 130
54 67 129
54 68 129
54 67 130
54 68 130
53 66 131
53 66 132
53 66 133
53 67 131
53 68 131
53 67 132
53 67 133
53 68 132
53 68 133
54 66 131
54 66 132
54 66 133
54 67 131
54 68 131
54 67 132
54 67 133
54 68 132
54 68 133
51 64 134
51 65 134
52 64 134
52 65 134
51 64 138
51 64 139
51 65 138
51 65 139
52 64 138
52 64 139
52 65 138
52 65 139
51 66 134
51 66 135
51 67 134
51 68 134
51 67 135
51 68 135
52 66 134
52 66 135
52 67 134
52 68 134
52 67 135
52 67 136
52 68 135
52 68 136
51 66 138
51 66 139
51 67 138
51 67 139
51 68 138
51 68 139
52 66 138
52 66 139
52 67 137
52 68 137
52 67 138
52 67 139
52 68 138
52 68 139
53 64 134
53 65 134
54 65 134
53 65 138
53 65 139
53 66 134
53 66 135
53 67 134
53 68 134
53 67 135
53 67 136
53 68 135
53 68 136
54 66 134
54 66 135
54 67 134
54 68 134
54 67 135
54 67 136
54 68 135
54 68 136
53 66 138
53 66 139
53 67 137
53 68 137
53 67 138
53 67 139
53 68 138
53 68 139
54 66 138
54 66 139
54 67 137
54 68 137
54 67 138
54 67 139
54 68 138
54 68 139
55 65 130
55 64 131
55 65 131
56 64 131
56 65 131
55 66 129
55 66 130
55 67 129
55 68 129
55 67 130
55 68 130
56 66 130
56 67 129
56 68 129
56 67 130
56 68 130
55 66 131
55 66 132
55 66 133
55 67 131
55 68 131
55 67 132
55 67 133
55 68 132
55 68 133
56 66 131
56 66 132
56 67 131
56 68 131
56 67 132
56 67 133
56 68 132
57 67 129
57 68 129
57 68 130
55 66 134
55 66 135
55 67 134
55 68 134
55 67 135
55 67 136
55 68 135
55 68 136
56 68 134
56 67 136
56 68 135
56 68 136
55 66 139
55 67 137
55 68 137
55 67 138
55 67 139
55 68 138
55 68 139
56 67 137
56 68 137
57 67 136
57 68 136
58 67 136
58 68 136
59 67 136
59 68 136
57 67 137
57 68 137
58 67 137
59 67 137
51 61 143
51 61 144
52 61 144
51 62 144
51 63 144
52 62 144
52 63 144
53 61 144
54 61 143
54 61 144
53 62 142
53 62 143
53 62 144
53 63 142
53 63 143
53 63 144
54 62 142
54 62 143
54 62 144
54 63 142
54 63 143
54 63 144
51 62 145
51 63 145
52 62 145
52 63 145
53 62 145
53 63 145
54 62 145
54 63 145
51 64 144
51 65 144
52 64 143
52 64 144
52 65 143
52 65 144
51 68 140
51 67 141
51 68 141
52 67 140
52 68 140
52 67 141
52 68 141
51 66 143
51 66 144
51 68 142
51 67 143
51 67 144
51 68 143
51 68 144
52 66 143
52 66 144
52 68 142
52 67 143
52 67 144
52 68 143
52 68 144
53 64 142
53 64 143
53 64 144
53 65 143
53 65 144
54 64 142
54 64 143
54 64 144
54 65 143
54 65 144
53 67 140
53 68 140
53 67 141
53 68 141
54 67 140
54 68 140
54 68 141
53 66 143
53 66 144
53 68 142
53 67 143
53 67 144
53 68 143
53 68 144
54 66 143
54 66 144
54 68 142
54 67 143
54 67 144
54 68 143
54 68 144
51 64 145
51 65 145
52 64 145
52 65 145
51 66 145
51 67 145
51 68 145
51 67 146
51 68 146
51 68 147
52 66 145
52 66 146
52 67 145
52 68 145
52 67 146
52 68 146
52 68 147
51 68 148
51 68 149
51 68 150
52 68 148
52 68 149
52 68 150
53 64 145
53 65 145
54 64 145
54 65 145
53 66 145
53 66 146
53 67 145
53 68 145
53 67 146
53 68 146
53 68 147
54 66 145
54 66 146
54 67 145
54 68 145
54 67 146
54 68 146
55 62 142
55 62 144
55 63 142
55 63 143
55 63 144
55 62 145
55 63 145
56 62 145
56 63 145
58 63 150
59 63 150
55 64 143
55 65 143
56 65 142
55 68 140
56 68 140
55 66 143
55 67 143
55 68 143
56 66 143
56 67 143
56 68 143
57 68 140
55 64 145
55 65 145
56 64 145
56 65 145
55 66 145
55 67 145
55 68 145
55 67 146
55 68 146
56 66 145
56 67 145
56 68 145
56 68 146
57 64 145
57 65 145
58 64 150
59 64 150
57 66 145
57 67 145
57 68 145
58 67 145
58 68 145
60 63 150
51 52 157
51 52 158
52 52 158
51 53 158
51 54 158
52 53 158
52 54 158
51 53 159
51 54 159
52 54 159
53 53 158
53 54 158
54 53 158
54 54 158
53 54 159
54 54 159
51 55 158
51 56 158
52 55 158
52 56 158
51 55 159
51 56 159
52 55 159
52 56 159
51 57 158
51 58 158
52 57 158
52 59 158
51 57 159
51 58 159
51 59 159
51 58 160
51 59 160
52 57 159
52 58 159
52 59 159
53 55 158
53 56 158
54 55 158
54 56 158
53 55 159
53 56 159
54 55 159
54 56 159
53 58 158
53 59 158
54 57 158
54 58 158
54 59 158
53 57 159
53 58 159
53 59 159
54 57 159
54 58 159
54 59 159
55 54 158
55 55 158
56 55 158
56 56 158
55 55 159
55 56 159
56 56 159
55 57 158
55 58 158
55 59 158
56 57 158
56 58 158
56 59 158
55 57 159
55 58 159
55 59 159
56 57 159
56 58 159
56 59 159
57 56 158
57 56 159
57 57 158
57 58 158
57 59 158
57 57 159
54 54 169
53 54 170
53 54 171
54 54 170
54 54 171
54 54 172
52 56 169
51 56 171
51 56 172
52 55 170
52 55 171
52 56 170
52 56 171
52 56 172
51 57 168
51 57 169
51 59 167
51 58 168
51 58 169
51 59 168
51 59 169
52 57 168
52 57 169
52 58 167
52 59 167
52 58 168
52 58 169
52 59 168
52 59 169
51 57 170
51 57 171
51 57 172
51 58 170
51 59 170
51 58 171
51 58 172
51 59 171
51 59 172
52 57 170
52 57 171
52 57 172
52 58 170
52 59 170
52 58 171
52 58 172
52 59 171
52 59 172
53 55 169
53 56 168
53 56 169
54 55 168
54 55 169
54 56 168
54 56 169
53 55 170
53 55 171
53 55 172
53 56 170
53 56 171
53 56 172
54 55 170
54 55 171
54 55 172
54 56 170
54 56 171
54 56 172
53 57 168
53 57 169
53 58 167
53 59 167
53 58 168
53 58 169
53 59 168
53 59 169
54 57 168
54 57 169
54 58 167
54 59 167
54 58 168
54 58 169
54 59 168
54 59 169
53 57 170
53 57 171
53 57 172
53 58 170
53 59 170
53 58 171
53 58 172
53 59 171
53 59 172
54 57 170
54 57 171
54 57 172
54 58 170
54 59 170
54 58 171
54 58 172
54 59 171
54 59 172
56 52 170
56 52 171
56 52 172
55 54 169
56 53 169
56 54 168
56 54 169
55 53 170
55 53 171
55 53 172
55 54 170
55 54 171
55 54 172
56 53 170
56 53 171
56 53 172
56 54 170
56 54 171
56 54 172
57 52 170
57 52 171
57 52 172
58 51 170
59 51 170
58 51 171
58 51 172
59 51 171
59 51 172
58 52 170
59 52 170
58 52 171
58 52 172
59 52 171
59 52 172
57 53 169
57 54 169
58 53 169
59 53 169
58 54 169
59 54 169
57 53 170
57 53 171
57 53 172
57 54 170
57 54 171
57 54 172
58 53 170
59 53 170
58 53 171
58 53 172
59 53 171
59 53 172
58 54 170
59 54 170
58 54 171
58 54 172
59 54 171
59 54 172
55 55 168
55 55 169
55 56 168
55 56 169
56 55 168
56 55 169
56 56 168
56 56 169
55 55 170
55 55 171
55 55 172
55 56 170
55 56 171
55 56 172
56 55 170
56 55 171
56 55 172
56 56 170
56 56 171
56 56 172
55 57 168
55 57 169
55 58 167
55 59 167
55 58 168
55 58 169
55 59 168
55 59 169
56 57 168
56 57 169
56 58 167
56 59 167
56 58 168
56 58 169
56 59 168
56 59 169
55 57 170
55 57 171
55 57 172
55 58 170
55 59 170
55 58 171
55 58 172
55 59 171
55 59 172
56 57 170
56 57 171
56 57 172
56 58 170
56 59 170
56 58 171
56 58 172
56 59 171
56 59 172
57 55 168
57 55 169
57 56 168
57 56 169
58 55 168
58 55 169
59 55 169
58 56 168
58 56 169
59 56 168
59 56 169
57 55 170
57 55 171
57 55 172
57 56 170
57 56 171
57 56 172
58 55 170
59 55 170
58 55 171
58 55 172
59 55 171
59 55 172
58 56 170
59 56 170
58 56 171
58 56 172
59 56 171
59 56 172
57 57 168
57 57 169
57 58 167
57 58 168
57 58 169
57 59 168
57 59 169
58 57 168
58 57 169
59 57 168
59 57 169
58 58 168
58 58 169
58 59 168
58 59 169
59 58 168
59 58 169
59 59 168
59 59 169
57 57 170
57 57 171
57 57 172
57 58 170
57 59 170
57 58 171
57 58 172
57 59 171
57 59 172
58 57 170
59 57 170
58 57 171
58 57 172
59 57 171
59 57 172
58 58 170
58 59 170
59 58 170
59 59 170
58 58 171
58 58 172
58 59 171
58 59 172
59 58 171
59 58 172
59 59 171
59 59 172
51 62 152
51 63 152
52 62 152
52 63 152
51 63 153
52 62 153
52 63 153
52 63 154
53 63 152
54 62 152
54 63 152
53 62 153
53 62 154
53 63 153
53 63 154
54 62 154
54 63 154
51 60 159
51 60 160
51 61 159
51 61 160
52 60 159
52 60 160
52 61 159
52 61 160
51 62 159
51 62 160
51 63 159
51 63 160
52 62 159
52 62 160
52 63 159
52 63 160
53 60 159
53 61 159
54 60 159
54 61 159
53 62 159
53 63 159
53 63 160
54 62 159
54 63 159
51 64 152
51 65 152
52 64 151
52 64 152
51 64 153
51 64 154
51 65 153
51 65 154
52 64 153
52 64 154
52 65 153
52 65 154
51 66 151
51 66 152
51 67 151
51 68 151
51 67 152
51 68 152
52 66 151
52 66 152
52 67 151
52 68 151
52 67 152
52 68 152
51 66 153
51 66 154
51 67 153
51 68 153
51 67 154
51 68 154
52 66 153
52 66 154
52 67 153
52 68 153
52 67 154
53 64 151
53 64 152
53 65 151
53 65 152
54 64 152
54 65 151
54 65 152
53 64 153
53 64 154
53 65 153
53 65 154
54 64 154
54 65 153
53 66 151
53 66 152
53 68 151
53 67 152
53 68 152
54 66 151
54 66 152
54 67 151
54 68 151
54 67 152
54 68 152
53 66 153
53 67 153
54 66 153
51 64 159
51 64 160
51 65 159
51 65 160
52 64 159
52 64 160
52 65 159
52 65 160
51 68 156
51 66 160
51 67 160
51 68 160
52 66 159
52 66 160
53 64 159
53 64 160
53 65 159
54 64 159
54 64 160
54 65 159
53 66 159
55 61 151
56 61 151
55 62 152
55 63 152
56 63 152
57 62 151
57 63 151
57 63 152
58 63 151
59 63 151
55 60 158
56 60 158
56 61 158
55 60 159
55 61 159
56 60 159
55 62 159
55 63 159
57 60 158
55 64 151
55 64 152
55 65 151
55 65 152
56 64 151
56 64 152
56 65 151
56 65 152
55 66 151
55 66 152
55 67 151
55 68 151
55 67 152
55 68 152
56 66 151
56 66 152
56 67 151
56 68 151
56 67 152
56 68 152
57 64 151
57 64 152
57 65 151
57 65 152
58 64 151
59 64 151
58 65 151
59 65 151
57 66 151
57 66 152
57 67 151
57 68 151
57 67 152
57 68 152
58 66 151
58 66 152
55 64 159
51 60 167
51 60 168
51 60 169
51 61 167
51 61 168
51 61 169
52 60 167
52 60 168
52 60 169
52 61 167
52 61 168
52 61 169
51 60 170
51 60 171
51 60 172
51 61 170
51 61 171
51 61 172
52 60 170
52 60 171
52 60 172
52 61 170
52 61 171
52 61 172
51 62 167
51 62 168
51 62 169
51 63 167
51 63 168
51 63 169
52 62 167
52 62 168
52 62 169
52 63 167
52 63 168
52 63 169
51 62 170
51 62 171
51 62 172
51 63 170
51 63 171
51 63 172
52 62 170
52 62 171
52 62 172
52 63 170
52 63 171
52 63 172
53 60 167
53 60 168
53 60 169
53 61 167
53 61 168
53 61 169
54 60 167
54 60 168
54 60 169
54 61 167
54 61 168
54 61 169
53 60 170
53 60 171
53 60 172
53 61 170
53 61 171
53 61 172
54 60 170
54 60 171
54 60 172
54 61 170
54 61 171
54 61 172
53 62 167
53 62 168
53 62 169
53 63 167
53 63 168
53 63 169
54 62 167
54 62 168
54 62 169
54 63 167
54 63 168
54 63 169
53 62 170
53 62 171
53 62 172
53 63 170
53 63 171
53 63 172
54 62 170
54 62 171
54 62 172
54 63 170
54 63 171
54 63 172
51 64 167
51 64 168
51 64 169
51 65 167
51 65 168
51 65 169
52 64 167
52 64 168
52 64 169
52 65 167
52 65 168
52 65 169
51 64 170
51 64 171
51 64 172
51 65 170
51 65 171
51 65 172
52 64 170
52 64 171
52 64 172
52 65 170
52 65 171
52 65 172
51 66 167
51 66 168
51 66 169
51 67 167
51 67 168
51 67 169
51 68 168
51 68 169
52 66 167
52 66 168
52 66 169
52 67 167
52 67 168
52 67 169
52 68 168
52 68 169
51 66 170
51 66 171
51 66 172
51 67 170
51 68 170
51 67 171
51 67 172
51 68 171
51 68 172
52 66 170
52 66 171
52 66 172
52 67 170
52 68 170
52 67 171
52 67 172
52 68 171
52 68 172
53 64 167
53 64 168
53 64 169
53 65 167
53 65 168
53 65 169
54 64 167
54 64 168
54 64 169
54 65 167
54 65 168
54 65 169
53 64 170
53 64 171
53 64 172
53 65 170
53 65 171
53 65 172
54 64 170
54 64 171
54 64 172
54 65 170
54 65 171
54 65 172
53 66 167
53 66 168
53 66 169
53 67 167
53 67 168
53 67 169
53 68 168
53 68 169
54 66 167
54 66 168
54 66 169
54 67 167
54 67 168
54 67 169
54 68 168
54 68 169
53 66 170
53 66 171
53 66 172
53 67 170
53 68 170
53 67 171
53 67 172
53 68 171
53 68 172
54 66 170
54 66 171
54 66 172
54 67 170
54 68 170
54 67 171
54 67 172
54 68 171
54 68 172
55 60 167
55 60 168
55 60 169
55 61 167
55 61 168
55 61 169
56 60 167
56 60 168
56 60 169
56 61 167
56 61 168
56 61 169
55 60 170
55 60 171
55 60 172
55 61 170
55 61 171
55 61 172
56 60 170
56 60 171
56 60 172
56 61 170
56 61 171
56 61 172
55 62 167
55 62 168
55 62 169
55 63 167
55 63 168
55 63 169
56 62 167
56 62 168
56 62 169
56 63 167
56 63 168
56 63 169
55 62 170
55 62 171
55 62 172
55 63 170
55 63 171
55 63 172
56 62 170
56 62 171
56 62 172
56 63 170
56 63 171
56 63 172
57 60 168
57 60 169
57 61 167
57 61 168
57 61 169
58 60 168
58 60 169
59 60 168
59 60 169
58 61 168
58 61 169
59 61 168
59 61 169
57 60 170
57 60 171
57 60 172
57 61 170
57 61 171
57 61 172
58 60 170
59 60 170
58 60 171
58 60 172
59 60 171
59 60 172
58 61 170
59 61 170
58 61 171
58 61 172
59 61 171
59 61 172
57 62 167
57 62 168
57 62 169
57 63 167
57 63 168
57 63 169
58 62 168
58 62 169
59 62 168
59 62 169
58 63 168
58 63 169
59 63 168
59 63 169
57 62 170
57 62 171
57 62 172
57 63 170
57 63 171
57 63 172
58 62 170
59 62 170
58 62 171
58 62 172
59 62 171
59 62 172
58 63 170
59 63 170
58 63 171
58 63 172
59 63 171
59 63 172
55 64 167
55 64 168
55 64 169
55 65 167
55 65 168
55 65 169
56 64 167
56 64 168
56 64 169
56 65 167
56 65 168
56 65 169
55 64 170
55 64 171
55 64 172
55 65 170
55 65 171
55 65 172
56 64 170
56 64 171
56 64 172
56 65 170
56 65 171
56 65 172
55 66 167
55 66 168
55 66 169
55 67 167
55 67 168
55 67 169
55 68 168
55 68 169
56 66 167
56 66 168
56 66 169
56 67 167
56 67 168
56 67 169
56 68 169
55 66 170
55 66 171
55 66 172
55 67 170
55 68 170
55 67 171
55 67 172
55 68 171
55 68 172
56 66 170
56 66 171
56 66 172
56 67 170
56 68 170
56 67 171
56 67 172
56 68 171
56 68 172
57 64 167
57 64 168
57 64 169
57 65 167
57 65 168
57 65 169
58 64 167
58 64 168
58 64 169
59 64 168
59 64 169
58 65 168
58 65 169
59 65 168
59 65 169
57 64 170
57 64 171
57 64 172
57 65 170
57 65 171
57 65 172
58 64 170
59 64 170
58 64 171
58 64 172
59 64 171
59 64 172
58 65 170
59 65 170
58 65 171
58 65 172
59 65 171
59 65 172
57 66 167
57 66 168
57 66 169
57 67 168
57 67 169
58 66 168
58 66 169
59 66 168
59 66 169
58 67 168
58 67 169
59 68 169
57 66 170
57 66 171
57 66 172
57 67 170
57 68 170
57 67 171
57 67 172
57 68 171
57 68 172
58 66 170
59 66 170
58 66 171
58 66 172
59 66 171
59 66 172
58 67 170
58 68 170
59 67 170
58 67 171
58 67 172
58 68 171
58 68 172
59 67 171
59 67 172
59 68 171
60 51 171
60 51 172
60 52 170
60 52 171
60 52 172
61 51 171
61 51 172
61 52 170
61 52 171
61 52 172
60 53 169
60 54 169
61 53 169
61 54 169
60 53 170
60 53 171
60 53 172
60 54 170
60 54 171
60 54 172
61 53 170
61 53 171
61 53 172
61 54 170
61 54 171
61 54 172
62 51 171
62 51 172
62 52 170
62 52 171
62 52 172
63 52 171
63 52 172
62 54 169
62 53 170
62 53 171
62 53 172
62 54 170
62 54 171
62 54 172
63 53 170
63 53 171
63 53 172
63 54 170
63 54 171
63 54 172
60 55 169
60 56 168
60 56 169
61 55 169
61 56 169
60 55 170
60 55 171
60 55 172
60 56 170
60 56 171
60 56 172
61 55 170
61 55 171
61 55 172
61 56 170
61 56 171
61 56 172
60 57 168
60 57 169
60 58 168
60 58 169
60 59 168
60 59 169
61 57 168
61 57 169
61 58 168
61 58 169
61 59 168
61 59 169
60 57 170
60 57 171
60 57 172
60 58 170
60 59 170
60 58 171
60 58 172
60 59 171
60 59 172
61 57 170
61 57 171
61 57 172
61 58 170
61 59 170
61 58 171
61 58 172
61 59 171
61 59 172
62 55 169
62 56 169
63 56 169
62 55 170
62 55 171
62 55 172
62 56 170
62 56 171
62 56 172
63 55 170
63 55 171
63 55 172
63 56 170
63 56 171
63 56 172
62 57 169
62 58 168
62 58 169
62 59 168
62 59 169
63 57 169
63 58 169
63 59 169
62 57 170
62 57 171
62 57 172
62 58 170
62 59 170
62 58 171
62 58 172
62 59 171
62 59 172
63 57 170
63 57 171
63 57 172
63 58 170
63 59 170
63 58 171
63 58 172
63 59 171
63 59 172
64 52 171
64 52 172
64 53 170
64 53 171
64 53 172
64 54 170
64 54 171
64 54 172
65 53 171
65 53 172
65 54 170
65 54 171
65 54 172
66 53 172
66 54 171
66 54 172
64 55 170
64 55 171
64 55 172
64 56 170
64 56 171
64 56 172
65 55 170
65 55 171
65 55 172
65 56 170
65 56 171
65 56 172
64 57 169
64 58 169
64 59 169
65 59 169
64 57 170
64 57 171
64 57 172
64 58 170
64 59 170
64 58 171
64 58 172
64 59 171
64 59 172
65 57 170
65 57 171
65 57 172
65 58 170
65 59 170
65 58 171
65 58 172
65 59 171
65 59 172
66 55 171
66 55 172
66 56 170
66 56 171
66 56 172
67 55 171
67 55 172
67 56 171
67 56 172
66 57 170
66 57 171
66 57 172
66 58 170
66 59 170
66 58 171
66 58 172
66 59 171
66 59 172
67 57 171
67 57 172
68 57 172
67 58 170
67 58 171
67 58 172
67 59 171
67 59 172
68 58 172
60 63 151
60 64 151
60 60 168
60 60 169
60 61 168
60 61 169
61 60 168
61 60 169
61 61 168
61 61 169
60 60 170
60 60 171
60 60 172
60 61 170
60 61 171
60 61 172
61 60 170
61 60 171
61 60 172
61 61 170
61 61 171
61 61 172
60 62 168
60 62 169
60 63 168
60 63 169
61 62 168
61 62 169
61 63 168
61 63 169
60 62 170
60 62 171
60 62 172
60 63 170
60 63 171
60 63 172
61 62 170
61 62 171
61 62 172
61 63 170
61 63 171
61 63 172
62 60 169
62 61 169
63 60 169
63 61 169
62 60 170
62 60 171
62 60 172
62 61 170
62 61 171
62 61 172
63 60 170
63 60 171
63 60 172
63 61 170
63 61 171
63 61 172
62 62 169
62 63 169
63 62 169
63 63 169
62 62 170
62 62 171
62 62 172
62 63 170
62 63 171
62 63 172
63 62 170
63 62 171
63 62 172
63 63 170
63 63 171
63 63 172
60 64 168
60 64 169
60 65 168
60 65 169
61 64 168
61 64 169
61 65 169
60 64 170
60 64 171
60 64 172
60 65 170
60 65 171
60 65 172
61 64 170
61 64 171
61 64 172
61 65 170
61 65 171
61 65 172
60 66 169
60 66 170
60 66 171
60 66 172
60 67 170
60 67 171
60 67 172
61 66 170
61 66 171
61 66 172
61 67 170
62 64 169
62 65 169
63 64 169
62 64 170
62 64 171
62 64 172
62 65 170
62 65 171
62 65 172
63 64 170
63 64 171
63 64 172
63 65 170
63 65 171
63 65 172
62 66 170
62 66 172
64 60 169
64 61 169
64 60 170
64 60 171
64 60 172
64 61 170
64 61 171
64 61 172
65 60 170
65 60 171
65 60 172
65 61 170
65 61 171
65 61 172
64 62 169
64 63 169
64 62 170
64 62 171
64 62 172
64 63 170
64 63 171
64 63 172
65 62 170
65 62 171
65 62 172
65 63 170
65 63 171
65 63 172
66 60 170
66 60 171
66 60 172
66 61 170
66 61 171
66 61 172
67 60 171
67 60 172
67 61 171
67 61 172
66 62 170
66 62 171
66 62 172
66 63 172
67 62 172
64 64 170
64 64 171
64 64 172
65 64 172
67 68 172
68 67 171
68 73 21
68 73 22
68 74 21
68 74 22
68 73 23
68 73 24
68 73 25
68 74 23
68 74 24
68 74 25
68 73 26
68 73 27
68 73 28
68 74 26
68 74 27
68 74 28
68 73 29
67 73 30
67 73 31
68 73 30
68 73 31
68 74 29
67 74 30
67 74 31
68 74 30
68 74 31
67 72 35
67 72 36
68 72 36
66 72 37
66 72 38
66 72 39
67 72 37
68 72 37
67 72 38
67 72 39
68 72 38
68 72 39
66 72 40
66 72 41
66 72 42
67 72 40
68 72 40
67 72 41
67 72 42
68 72 41
68 72 42
67 73 32
68 73 32
67 73 33
68 73 33
67 74 32
68 74 32
67 74 33
68 74 33
66 73 36
67 73 34
68 73 34
67 73 35
67 73 36
68 73 35
68 73 36
67 74 34
68 74 34
67 74 35
67 74 36
68 74 35
68 74 36
66 73 37
66 73 38
66 73 39
66 74 37
66 74 38
66 74 39
67 73 37
68 73 37
67 73 38
67 73 39
68 73 38
68 73 39
67 74 37
68 74 37
67 74 38
67 74 39
68 74 38
66 73 40
66 73 41
66 73 42
66 74 40
66 74 41
66 74 42
67 73 40
68 73 40
67 73 41
67 73 42
68 73 41
68 73 42
65 72 43
65 72 44
65 71 45
65 71 46
65 71 47
65 72 45
65 72 46
65 72 47
66 71 44
66 72 43
66 72 44
67 71 44
67 72 43
68 72 43
67 72 44
68 72 44
66 71 45
66 71 46
66 71 47
66 72 45
66 72 46
66 72 47
67 71 46
67 71 47
67 72 45
68 72 45
67 72 46
67 72 47
68 72 46
68 72 47
65 70 52
65 71 48
65 71 49
65 72 48
65 72 49
65 71 50
65 71 51
65 71 52
65 72 50
65 72 51
65 72 52
66 70 52
66 71 48
66 71 49
66 72 48
66 72 49
67 71 48
67 71 49
67 72 48
67 72 49
66 71 50
66 71 51
66 71 52
66 72 50
66 72 51
66 72 52
67 71 50
67 71 51
67 71 52
67 72 50
67 72 51
67 72 52
65 73 43
65 73 44
65 73 45
65 73 46
65 73 47
66 73 43
66 73 44
67 73 43
68 73 43
67 73 44
68 73 44
66 73 45
66 73 46
66 73 47
67 73 45
68 73 45
67 73 46
65 73 48
66 73 48
65 70 53
65 70 54
65 70 55
65 70 56
65 70 57
65 71 53
65 71 54
65 72 53
65 72 54
65 71 55
65 71 56
65 71 57
65 72 55
65 72 56
65 72 57
66 70 53
66 70 54
67 70 53
67 70 54
66 70 55
66 70 56
66 70 57
67 70 55
67 70 56
67 70 57
66 71 53
66 71 54
66 72 53
66 72 54
67 71 53
68 71 53
67 71 54
67 72 53
67 72 54
66 71 55
66 71 56
66 71 57
66 72 55
66 72 56
66 72 57
67 71 55
67 71 56
67 71 57
67 72 55
67 72 56
67 72 57
64 69 60
64 70 59
64 70 60
65 70 58
65 70 59
65 70 60
64 69 61
64 69 62
64 69 63
64 70 61
64 70 62
64 70 63
65 69 61
65 69 62
65 69 63
65 70 61
65 70 62
65 70 63
64 71 59
64 71 60
65 71 58
65 71 59
65 71 60
65 72 58
65 72 59
65 72 60
64 71 61
64 71 62
64 71 63
65 71 61
65 71 62
65 71 63
65 72 63
66 70 58
66 70 59
66 70 60
67 70 58
67 70 59
67 70 60
66 69 61
66 69 62
66 69 63
66 70 61
66 70 62
66 70 63
67 70 61
67 70 62
67 70 63
66 71 58
66 71 59
66 71 60
66 72 58
66 72 59
66 72 60
67 71 58
67 71 59
67 71 60
66 71 61
66 71 62
66 71 63
67 71 61
67 71 62
67 71 63
63 69 68
63 70 68
63 69 69
63 69 70
63 69 71
63 70 69
63 70 70
63 70 71
63 69 72
63 69 73
63 69 74
63 70 72
63 70 73
63 70 74
63 71 69
63 71 70
63 71 71
63 71 72
63 71 73
63 71 74
64 69 64
64 69 65
64 70 64
64 70 65
65 69 64
65 69 65
65 70 64
65 70 65
64 69 66
64 69 67
64 69 68
64 70 66
64 70 67
64 70 68
65 69 66
65 69 67
65 69 68
65 70 66
65 70 67
65 70 68
64 71 64
64 71 65
65 71 64
65 71 65
64 71 66
64 71 67
64 71 68
65 71 66
65 71 67
65 71 68
66 69 64
66 69 65
66 70 64
66 70 65
67 70 64
67 70 65
66 69 66
66 69 67
66 69 68
66 70 66
66 70 67
66 70 68
66 71 64
66 71 65
67 71 64
67 71 65
66 71 66
66 71 67
66 71 68
64 69 69
64 69 70
64 69 71
64 70 69
64 70 70
64 70 71
65 69 69
65 69 70
65 69 71
65 70 69
65 70 70
65 70 71
64 69 72
64 69 73
64 69 74
64 70 72
64 70 73
64 70 74
65 69 72
65 69 73
65 69 74
65 70 72
65 70 73
65 70 74
64 71 69
64 71 70
64 71 71
65 71 69
65 71 70
65 71 71
64 71 72
64 71 73
64 71 74
65 71 72
65 71 73
65 71 74
66 69 69
66 69 70
66 69 71
66 70 69
66 70 70
66 70 71
66 69 72
66 70 72
66 70 73
66 70 74
66 71 69
66 71 70
63 69 75
63 69 76
63 70 75
63 70 76
62 69 78
62 69 79
62 70 78
62 70 79
63 69 77
63 69 78
63 69 79
63 70 77
63 70 78
63 70 79
63 71 75
63 71 76
62 71 78
62 71 79
63 71 77
63 71 78
63 71 79
62 69 80
62 69 81
62 69 82
62 70 80
62 70 81
62 70 82
63 69 80
63 69 81
63 69 82
63 70 80
63 70 81
63 70 82
62 69 83
62 69 84
62 69 85
62 70 83
62 70 84
62 70 85
63 69 83
63 69 84
63 69 85
63 70 83
63 70 84
63 70 85
62 71 80
62 71 81
62 71 82
63 71 80
63 71 81
63 71 82
62 71 83
62 71 84
63 71 83
63 71 84
64 69 75
64 69 76
64 70 75
64 70 76
65 69 75
65 69 76
65 70 75
65 70 76
64 69 77
64 69 78
64 69 79
64 70 77
64 70 78
64 70 79
65 69 77
65 69 78
65 69 79
65 70 77
65 70 78
65 70 79
64 71 75
64 71 76
65 71 75
65 71 76
64 71 77
64 71 78
64 71 79
65 71 77
65 71 78
65 71 79
66 70 75
64 69 80
64 69 81
64 69 82
64 70 80
64 70 81
64 70 82
65 69 80
65 69 81
65 69 82
65 70 80
65 70 81
65 70 82
64 69 83
64 69 84
64 69 85
64 70 83
64 70 84
64 70 85
64 71 80
64 71 81
24 82 146
24 83 145
24 83 146
24 83 147
32 71 142
33 71 142
32 71 143
33 71 143
33 71 144
33 72 143
33 71 145
30 85 139
31 85 139
28 80 150
25 82 146
25 82 147
26 81 147
26 82 145
26 82 146
26 82 147
26 82 148
25 83 145
25 83 146
25 83 147
25 84 145
25 84 146
25 84 147
26 83 145
26 83 146
26 83 147
26 84 145
26 84 146
26 84 147
26 83 148
27 81 147
27 82 146
27 82 147
28 82 147
27 81 148
27 82 148
27 82 149
28 81 148
28 81 149
28 82 148
28 82 149
28 82 150
27 83 146
27 83 147
27 84 146
27 84 147
28 83 147
27 83 148
27 83 149
28 83 148
28 83 149
28 83 150
33 79 147
33 80 145
33 80 146
33 80 147
29 85 140
30 84 140
30 85 140
30 84 141
30 85 141
30 84 142
31 82 143
31 82 144
32 81 144
33 81 144
32 82 143
32 82 144
33 82 144
31 83 141
31 84 140
31 85 140
31 84 141
31 85 141
31 83 142
31 83 143
31 84 142
31 85 142
31 84 143
32 83 142
32 83 143
32 83 144
32 84 142
32 84 143
29 81 149
29 81 150
29 82 148
29 82 149
29 82 150
30 81 149
30 81 150
30 82 149
30 82 150
29 83 148
29 83 149
29 83 150
30 83 150
32 81 145
33 81 145
33 81 146
32 82 145
33 82 145
31 81 150
31 82 150
21 84 151
21 85 151
21 84 152
21 85 152
22 84 151
22 85 151
22 84 152
22 85 152
22 84 153
24 82 154
24 82 155
23 83 152
23 84 152
23 85 152
23 83 153
23 83 154
23 84 153
23 85 153
23 84 154
24 83 153
24 83 154
24 83 155
24 84 153
24 84 154
31 76 161
32 76 161
33 76 161
33 73 162
33 74 162
33 75 162
33 76 162
26 80 156
28 78 158
27 80 156
27 80 157
27 80 158
28 79 157
28 79 158
28 80 156
28 80 157
28 80 158
28 79 159
25 81 155
25 82 154
25 82 155
26 81 155
26 82 155
25 83 154
25 83 155
25 84 154
26 83 155
27 81 155
25 81 156
25 82 156
26 81 156
26 81 157
26 82 156
27 81 156
27 81 157
27 82 156
28 81 157
28 81 158
27 83 156
30 80 151
33 77 154
31 80 151
31 80 152
32 80 151
32 80 152
33 80 152
31 80 153
32 79 153
33 79 153
32 79 154
33 79 154
33 79 155
32 80 153
33 80 153
32 80 154
33 80 154
33 80 155
29 78 158
30 78 158
29 78 159
30 77 159
30 77 160
30 78 159
30 78 160
29 79 157
29 79 158
29 80 157
29 80 158
30 79 158
30 80 158
29 79 159
29 80 159
30 79 159
30 79 160
30 80 159
31 77 160
31 77 161
31 78 159
31 78 160
32 77 160
32 77 161
33 77 160
33 77 161
32 78 159
32 78 160
32 78 161
33 78 160
33 78 161
33 79 156
31 79 159
31 79 160
31 80 159
32 79 160
29 81 151
29 82 151
30 81 151
30 81 152
30 82 151
30 82 152
30 83 151
31 81 151
31 81 152
31 82 151
31 82 152
32 81 151
32 81 152
33 81 152
32 82 151
32 82 152
31 81 153
32 81 153
33 81 153
32 81 154
33 81 154
32 82 153
31 83 151
29 81 158
33 77 162
29 86 139
30 86 139
30 87 139
29 86 140
30 86 140
31 86 140
59 69 105
59 69 106
61 69 87
61 70 87
61 69 88
61 69 89
61 69 90
61 70 88
61 70 89
61 70 90
62 69 86
62 69 87
62 70 86
62 70 87
63 69 86
63 69 87
63 70 86
63 70 87
62 69 88
62 69 89
62 69 90
62 70 88
62 70 89
62 70 90
63 69 88
63 69 89
63 69 90
63 70 88
63 70 89
63 70 90
61 69 91
61 69 92
61 70 91
61 70 92
61 69 93
61 69 94
61 69 95
61 70 93
61 70 94
62 69 91
62 69 92
62 70 91
62 70 92
63 69 91
63 69 92
63 70 91
63 70 92
62 69 93
62 69 94
62 69 95
62 70 93
62 70 94
63 69 93
63 69 94
63 69 95
64 69 86
64 69 87
64 70 86
64 70 87
64 69 88
64 69 89
64 69 90
64 70 88
64 69 91
61 69 96
61 69 97
60 69 98
60 69 99
60 69 100
61 69 98
61 69 99
61 69 100
62 69 96
62 69 97
63 69 96
63 69 97
62 69 98
62 69 99
62 69 100
63 69 98
63 69 99
60 69 101
60 69 102
60 69 103
61 69 101
61 69 102
61 69 103
60 69 104
60 69 105
60 69 106
61 69 104
61 69 105
61 69 106
62 69 101
62 69 102
62 69 103
59 69 107
59 69 108
59 69 109
59 69 110
59 69 111
58 69 112
58 69 113
58 69 114
57 69 116
57 69 117
58 69 115
54 69 126
54 69 127
54 69 128
56 69 121
57 69 118
57 69 120
57 69 121
55 69 123
55 69 124
56 69 123
56 69 124
56 69 125
55 69 126
55 69 127
55 69 128
55 70 126
55 70 127
56 69 126
56 69 127
56 69 128
56 70 126
56 70 127
57 69 124
57 69 125
57 69 126
57 69 127
57 70 127
60 69 107
60 69 108
60 69 109
60 69 110
34 71 143
34 71 144
34 70 146
34 70 147
35 70 146
35 70 147
35 70 148
34 71 145
34 71 146
35 71 145
35 71 146
35 71 147
35 71 148
36 70 147
36 70 148
36 70 149
36 70 150
37 70 149
37 70 150
36 71 148
36 71 149
36 71 150
34 78 148
35 77 150
35 78 148
35 78 149
35 78 150
34 79 147
34 80 145
34 80 146
34 80 147
35 79 147
35 80 147
34 79 148
34 80 148
35 79 148
35 79 149
35 80 148
36 77 150
36 78 148
36 78 149
36 78 150
37 77 150
37 78 150
36 79 149
34 81 145
34 81 146
34 81 147
50 69 145
50 69 146
50 69 147
50 69 148
49 69 150
50 69 149
50 69 150
50 70 148
50 70 149
50 70 150
50 71 149
50 71 150
37 70 151
37 70 152
36 71 151
37 71 151
37 71 152
35 69 156
34 69 159
35 69 160
36 69 157
37 69 161
37 70 161
37 71 158
37 71 161
37 72 159
36 76 151
37 76 151
37 76 152
35 74 157
35 75 157
35 76 157
35 76 158
34 76 161
36 74 158
37 74 158
37 73 159
37 74 159
37 74 160
36 75 157
36 75 158
36 76 156
36 76 157
36 76 158
37 75 158
37 76 157
37 76 158
36 75 159
36 76 159
37 75 159
37 75 160
37 76 159
38 70 151
38 70 152
39 70 152
38 69 153
38 70 153
39 69 154
39 70 153
39 70 154
39 70 155
39 71 153
39 71 155
40 69 155
40 70 154
40 70 155
41 69 155
41 70 155
40 71 154
38 69 157
38 70 158
39 69 158
39 70 157
38 69 159
38 69 161
38 70 159
38 70 160
38 70 161
39 69 159
39 69 160
39 70 159
39 70 160
39 70 161
38 71 156
38 72 156
38 72 158
39 71 156
39 71 157
39 72 157
38 71 159
38 71 160
38 71 161
38 72 159
38 72 160
39 71 159
39 71 160
39 71 161
39 72 159
39 72 160
39 72 161
40 69 156
40 69 157
40 69 158
40 70 156
40 70 157
40 70 158
41 69 156
41 69 157
41 69 158
41 70 156
41 70 157
41 70 158
40 69 159
40 69 160
40 69 161
40 70 159
40 70 160
40 70 161
41 69 159
41 69 160
41 69 161
41 70 159
41 70 160
41 70 161
40 71 156
40 71 157
40 71 158
40 72 157
40 72 158
41 71 157
41 71 158
41 72 156
41 72 157
41 72 158
40 71 160
40 71 161
40 72 159
40 72 160
40 72 161
41 71 159
41 71 160
41 71 161
41 72 159
41 72 160
41 72 161
39 74 154
39 74 155
38 76 151
38 76 152
39 76 152
38 75 153
38 75 154
38 76 153
39 75 153
39 75 154
39 76 153
39 76 154
40 74 154
40 74 155
41 73 155
41 74 155
40 75 153
40 75 154
40 75 155
40 76 154
41 75 155
38 74 158
39 73 156
39 74 158
38 73 159
38 73 160
38 73 161
38 74 159
38 74 160
39 73 159
39 73 160
39 73 161
39 74 159
39 74 160
39 74 161
38 75 158
38 76 157
38 76 158
39 75 158
39 76 158
38 75 159
38 75 160
38 76 159
38 76 160
39 75 159
39 75 160
39 76 159
39 76 160
40 73 156
40 73 157
40 74 156
41 73 156
41 73 157
41 73 158
41 74 156
40 73 159
40 73 160
40 73 161
40 74 159
40 74 160
40 74 161
41 73 160
41 73 161
41 74 159
41 74 160
41 74 161
40 75 159
40 75 160
40 75 161
40 76 159
40 76 160
41 75 159
41 75 160
41 75 161
41 76 159
41 76 160
35 72 163
37 69 163
37 70 163
36 71 163
36 72 163
37 71 163
37 72 163
37 72 164
34 73 162
34 74 162
34 74 163
35 73 163
35 74 162
35 74 163
34 75 162
34 75 163
34 76 162
34 76 163
35 75 162
35 75 163
35 76 162
35 76 163
36 73 163
36 74 162
36 74 163
37 73 163
37 74 163
36 73 164
36 74 164
37 73 164
37 73 165
37 74 164
36 75 162
36 75 163
36 76 162
36 76 163
37 75 163
37 76 163
36 75 164
37 75 164
37 76 164
38 69 162
38 70 162
39 69 162
39 70 162
39 70 165
39 71 162
39 72 162
38 71 165
38 72 164
38 72 165
39 71 165
39 71 166
39 72 164
39 72 165
39 72 166
40 69 162
40 69 163
40 70 162
40 70 163
41 69 162
41 69 163
41 70 162
41 70 163
40 69 165
40 69 166
40 70 165
40 70 166
41 69 166
41 70 165
41 70 166
40 71 162
40 71 163
40 72 162
40 72 163
41 71 162
41 71 163
41 72 162
41 72 163
40 71 165
40 71 166
40 72 165
40 72 166
41 71 165
41 71 166
41 72 165
41 72 166
41 70 167
38 73 164
38 73 165
38 74 164
38 74 165
39 73 164
39 73 165
39 74 164
39 74 165
38 75 163
38 76 163
38 75 164
38 76 164
39 75 164
39 76 164
41 73 162
41 73 163
41 74 163
40 73 165
40 73 166
41 75 163
40 75 164
40 76 164
34 78 154
34 78 155
35 77 155
35 78 154
35 78 155
34 79 153
34 79 154
34 79 155
34 80 153
34 80 154
34 80 155
35 79 154
35 79 155
35 80 155
36 77 151
37 77 151
37 77 152
37 78 151
36 77 155
36 78 155
34 78 156
34 78 157
35 77 156
35 77 157
35 77 158
35 78 156
35 78 157
34 77 161
34 78 161
35 77 161
34 79 156
34 80 156
35 79 156
35 79 157
35 80 156
36 77 156
36 77 157
36 77 158
36 78 156
36 78 157
36 78 158
37 77 156
37 77 157
37 77 158
37 78 156
37 78 157
37 78 158
37 77 159
36 79 156
36 79 157
36 80 156
37 79 157
34 81 153
38 77 151
38 77 152
38 77 157
38 77 158
38 78 157
38 78 158
39 77 158
39 78 158
38 77 159
39 77 159
38 79 158
38 80 157
39 79 158
39 80 157
40 77 158
40 77 159
41 77 159
41 78 159
40 79 158
40 80 158
39 81 157
34 77 162
35 77 162
36 77 162
37 77 164
38 77 164
38 78 164
39 77 164
39 78 164
42 69 156
42 69 157
42 69 158
42 70 156
42 70 157
42 70 158
43 69 158
43 70 157
43 70 158
42 69 159
42 69 160
42 69 161
42 70 159
42 70 160
42 70 161
43 69 159
43 69 160
43 69 161
43 70 159
43 70 160
43 70 161
42 71 156
42 71 157
42 71 158
42 72 156
42 72 157
42 72 158
43 71 157
43 71 158
43 72 157
43 72 158
42 71 159
42 71 160
42 71 161
42 72 159
42 72 160
42 72 161
43 71 159
43 71 160
43 71 161
43 72 159
43 72 160
43 72 161
44 70 158
44 69 159
44 69 160
44 69 161
44 70 159
44 70 160
44 70 161
45 69 159
45 69 160
45 69 161
45 70 159
45 70 160
45 70 161
44 71 158
44 72 158
44 71 159
44 71 160
44 71 161
44 72 159
44 72 160
44 72 161
45 71 159
45 71 160
45 71 161
45 72 159
45 72 160
45 72 161
42 73 156
42 73 157
42 73 158
42 74 156
43 73 157
43 73 158
42 73 159
42 73 160
42 73 161
42 74 160
42 74 161
43 73 159
43 73 160
43 73 161
43 74 159
43 74 160
43 74 161
42 75 158
43 75 158
43 76 158
42 75 160
42 75 161
42 76 160
43 75 160
43 75 161
43 76 160
44 73 158
44 73 159
44 73 160
44 73 161
44 74 159
44 74 160
44 74 161
45 73 160
45 73 161
45 74 159
45 74 160
45 74 161
44 75 158
44 75 159
44 75 160
44 75 161
44 76 159
44 76 160
45 75 160
45 75 161
45 76 160
49 69 151
50 69 151
49 69 152
50 69 152
50 70 151
50 70 152
48 69 153
48 69 154
48 69 155
48 70 154
48 70 155
49 69 153
50 69 153
49 69 154
49 69 155
50 69 154
50 69 155
49 70 153
50 70 153
49 70 154
49 70 155
50 70 154
50 72 155
46 69 158
46 70 158
47 69 156
47 69 157
47 69 158
47 70 156
47 70 157
47 70 158
46 69 159
46 69 160
46 69 161
46 70 159
46 70 160
46 70 161
47 69 159
47 69 160
47 69 161
47 70 159
47 70 160
47 70 161
46 71 160
46 71 161
46 72 159
46 72 160
46 72 161
47 71 159
47 71 160
47 71 161
47 72 159
47 72 160
47 72 161
48 69 156
48 69 157
48 69 158
48 70 156
48 70 157
48 70 158
49 69 156
50 69 156
49 69 157
49 69 158
50 69 157
50 69 158
49 70 156
50 70 156
49 70 157
49 70 158
50 70 157
50 70 158
48 69 159
48 69 160
48 69 161
48 70 159
48 70 160
48 70 161
49 69 159
50 69 159
49 69 160
49 69 161
50 69 160
49 70 159
50 70 159
49 70 160
50 70 160
48 71 156
48 71 157
48 71 158
49 71 156
50 71 156
49 71 157
49 71 158
50 71 157
50 71 158
49 72 156
50 72 156
49 72 157
49 72 158
50 72 157
50 72 158
48 71 159
48 71 160
48 71 161
48 72 159
48 72 160
49 71 159
50 71 159
49 71 160
50 71 160
49 72 159
50 72 159
49 72 160
50 73 155
50 74 155
46 73 158
46 73 159
46 73 160
46 73 161
46 74 160
46 74 161
47 73 160
47 73 161
47 74 160
47 74 161
46 75 157
46 76 158
46 75 159
46 75 160
46 75 161
46 76 159
46 76 160
47 75 159
47 75 160
47 76 159
47 76 160
50 73 156
49 73 158
50 73 158
50 74 158
48 73 160
48 74 160
49 73 159
50 73 159
49 73 160
49 74 160
48 75 159
48 75 160
48 76 159
48 76 160
49 75 159
42 69 162
42 69 163
42 70 162
42 70 163
43 69 162
43 69 163
43 70 162
43 70 163
42 69 166
42 70 166
43 69 164
43 69 165
43 69 166
43 70 166
42 71 162
42 71 163
42 72 162
42 72 163
43 71 162
43 71 163
43 72 162
43 72 163
42 71 166
42 72 166
43 71 166
44 69 162
44 69 163
44 70 162
44 70 163
45 69 162
45 69 163
45 70 162
45 70 163
44 69 164
44 69 165
44 69 166
44 70 164
44 70 165
44 70 166
45 69 164
45 69 165
45 69 166
45 70 164
45 70 165
45 70 166
44 71 162
44 71 163
44 72 162
44 72 163
45 71 162
45 71 163
45 72 162
45 72 163
42 69 167
42 70 167
43 69 167
43 70 167
42 71 167
44 69 167
44 69 168
44 69 169
44 70 167
45 69 167
45 69 168
45 69 169
45 70 167
45 70 168
44 69 172
45 69 170
45 69 171
45 69 172
42 73 162
42 73 163
42 74 163
43 73 162
43 73 163
43 74 163
42 73 164
42 74 164
43 73 164
43 74 164
42 75 163
43 75 163
43 76 163
43 75 164
43 76 164
44 73 163
44 74 163
45 73 163
45 74 163
44 74 164
45 74 164
44 75 163
44 76 163
45 75 163
45 76 163
44 75 164
44 76 164
45 75 164
45 76 164
46 69 162
46 69 163
46 70 162
46 70 163
47 69 162
47 69 163
47 70 162
47 70 163
46 69 164
46 69 165
46 71 162
46 71 163
46 72 163
47 71 163
46 69 167
46 69 168
46 69 169
47 69 169
46 69 170
46 69 171
46 69 172
46 70 171
46 70 172
47 69 170
47 69 171
47 69 172
47 70 171
47 70 172
48 69 169
49 69 169
50 69 169
48 69 170
48 69 171
48 69 172
48 70 171
48 70 172
49 69 170
50 69 170
49 69 171
49 69 172
50 69 171
50 69 172
49 70 171
49 70 172
50 70 171
50 70 172
48 71 171
50 71 170
49 71 171
50 71 171
46 73 163
46 74 163
46 73 164
46 74 164
46 75 163
46 76 163
46 75 164
46 76 164
42 77 159
42 78 159
43 77 159
43 77 160
43 79 158
44 78 158
44 77 160
44 78 159
44 79 159
45 84 161
46 77 158
47 77 158
47 78 158
46 77 159
46 77 160
46 78 159
47 77 159
47 77 160
47 78 159
47 79 157
47 79 158
47 80 157
47 80 158
47 79 159
48 77 159
48 78 159
48 79 158
48 80 157
48 80 158
48 79 159
47 84 155
47 85 155
48 84 155
48 85 155
47 81 157
47 81 158
47 82 156
47 82 157
47 83 156
47 83 157
47 84 156
47 85 156
46 84 160
46 84 161
46 85 160
46 85 161
47 84 160
47 84 161
47 85 160
47 85 161
48 81 157
48 81 158
48 82 156
48 82 157
49 81 158
48 83 156
48 83 157
48 84 156
48 85 156
48 84 157
48 84 160
48 85 160
48 85 161
49 85 160
43 77 164
43 78 164
43 79 164
43 80 164
44 77 164
44 78 164
45 77 164
45 78 164
44 79 164
44 80 164
45 79 164
45 80 164
45 82 163
44 81 164
44 82 164
45 81 164
45 82 164
44 83 163
44 84 162
44 84 163
45 83 162
45 83 163
45 84 162
45 85 162
45 84 163
44 83 164
45 83 164
46 77 163
46 77 164
46 78 164
46 79 164
46 80 164
46 81 164
46 84 162
46 85 162
47 93 150
48 93 150
47 94 150
48 94 150
48 95 150
47 86 154
47 86 155
47 87 154
47 87 155
47 88 153
47 89 153
48 86 154
48 86 155
48 87 154
48 87 155
49 86 155
49 87 155
48 89 152
48 88 153
48 88 154
48 89 153
48 89 154
49 88 154
49 89 153
48 86 156
48 86 160
48 86 161
47 90 152
47 91 151
47 91 152
47 90 153
47 91 153
47 92 151
47 92 152
47 93 151
48 90 152
48 91 151
48 91 152
49 91 152
48 90 153
48 91 153
49 90 153
48 92 151
48 92 152
48 93 151
48 93 152
49 92 152
47 94 151
48 94 151
48 95 151
51 69 132
51 70 132
52 69 132
52 69 133
52 70 132
52 70 133
53 69 129
54 69 129
54 69 130
54 70 129
53 69 131
53 69 132
53 69 133
53 70 132
53 70 133
54 69 131
54 69 132
54 69 133
52 69 134
52 69 135
52 69 136
52 69 138
52 69 139
53 69 134
53 69 135
53 69 136
53 70 134
53 70 135
53 70 136
54 69 134
54 69 135
54 69 136
54 70 134
54 70 135
54 70 136
53 69 137
53 69 138
53 69 139
54 69 137
54 69 138
54 69 139
54 71 135
54 71 136
55 69 129
55 69 130
55 70 129
55 70 130
56 69 129
56 69 130
56 70 129
56 70 130
55 69 131
55 69 132
55 69 133
57 69 129
57 69 130
57 70 129
57 70 130
55 69 134
55 69 135
55 69 136
55 70 134
55 70 135
55 70 136
56 69 134
56 69 135
56 69 136
56 70 134
56 70 135
56 70 136
55 69 137
55 71 134
55 71 135
55 71 136
55 72 135
55 72 136
56 71 134
56 71 135
56 71 136
56 72 134
56 72 135
56 72 136
57 69 136
57 70 134
57 70 135
57 70 136
58 69 136
58 70 136
57 71 134
57 71 135
57 71 136
57 72 134
57 72 135
57 72 136
56 73 135
56 73 136
57 73 135
51 69 141
52 69 140
52 69 141
52 70 140
52 70 141
51 69 142
51 69 143
51 69 144
52 69 142
52 69 143
52 69 144
52 70 142
52 70 143
52 70 144
53 69 140
53 69 141
53 70 140
53 70 141
54 69 140
54 69 141
54 70 140
54 70 141
53 69 142
53 69 143
53 69 144
53 70 142
53 70 143
53 70 144
54 69 142
54 69 143
54 69 144
54 70 142
54 70 143
54 70 144
53 71 140
53 71 141
54 71 140
54 71 141
54 72 140
54 72 141
53 71 142
53 71 143
53 71 144
54 71 142
54 71 143
54 71 144
54 72 143
54 72 144
51 69 145
51 69 146
51 69 147
51 70 145
51 70 146
51 70 147
52 69 145
52 69 146
52 69 147
52 70 145
52 70 146
51 69 148
51 69 149
51 69 150
51 70 148
51 70 149
51 70 150
52 69 148
52 69 149
52 69 150
52 70 149
52 70 150
51 71 149
51 71 150
51 72 149
51 72 150
52 71 149
52 71 150
52 72 149
52 72 150
53 69 145
53 69 146
53 70 146
54 69 145
54 69 146
54 70 145
54 70 146
53 70 149
54 71 145
54 71 146
53 71 149
53 72 149
51 73 149
52 73 148
52 73 149
52 74 148
52 74 149
52 75 148
53 73 148
53 73 149
53 74 148
53 74 149
54 74 148
54 74 149
53 75 148
53 75 149
53 76 148
53 76 149
54 75 148
54 75 149
54 76 148
54 76 149
55 69 140
55 69 141
55 70 140
55 70 141
56 69 140
56 70 140
56 70 141
55 69 143
55 70 142
55 70 143
56 69 143
56 70 143
55 71 140
55 71 141
55 72 140
55 72 141
56 71 140
56 71 141
56 72 140
56 72 141
55 71 143
55 71 144
55 72 143
56 71 143
56 72 142
56 72 143
57 69 140
57 70 140
58 69 140
58 70 140
59 70 140
57 72 140
57 72 141
58 72 140
57 72 143
55 69 145
55 69 146
55 70 145
55 70 146
56 69 145
56 69 146
56 70 145
56 70 146
55 71 145
55 71 146
56 71 145
56 71 146
57 69 145
57 70 145
58 69 145
59 69 145
58 70 145
59 70 145
57 71 145
58 71 145
59 71 145
55 73 140
55 73 141
56 73 140
56 73 141
56 74 140
55 73 142
55 73 143
56 73 142
56 73 143
56 74 142
56 74 143
57 73 140
57 73 141
57 74 140
57 74 141
58 73 140
58 74 140
57 73 142
57 73 143
57 74 142
57 74 143
57 75 140
58 75 140
57 75 142
54 77 148
55 77 148
51 69 151
51 69 152
51 70 151
51 70 152
52 69 151
52 69 152
51 69 153
51 72 155
52 71 155
52 72 155
53 69 151
53 69 152
54 69 151
54 69 152
51 69 156
51 69 157
51 69 158
51 70 156
51 70 157
51 70 158
52 69 156
52 69 157
52 70 156
52 70 157
52 70 158
51 69 160
51 70 159
51 71 156
51 71 157
51 71 158
51 72 156
51 72 157
51 72 158
52 71 156
52 71 157
52 71 158
52 72 156
52 72 157
52 72 158
51 71 159
51 72 159
52 71 159
52 72 159
53 69 156
53 69 157
53 70 156
53 70 157
54 69 156
54 70 156
54 70 157
53 71 156
53 71 157
53 71 158
53 72 156
53 72 157
53 72 158
54 71 156
54 71 157
54 72 156
54 72 157
54 72 158
53 72 159
51 73 155
51 74 155
52 73 155
52 74 154
52 74 155
51 75 154
51 75 155
52 75 154
52 75 155
52 76 154
52 76 155
53 74 155
53 75 154
53 75 155
53 76 153
53 76 154
54 75 154
54 76 153
54 76 154
51 73 156
51 73 158
51 74 156
51 74 157
51 74 158
52 73 156
52 73 158
52 74 156
52 74 157
52 74 158
51 73 159
52 73 159
51 75 156
51 75 158
52 75 156
52 75 157
52 75 158
51 75 159
51 76 159
53 73 156
53 73 157
53 73 158
53 74 156
53 74 157
53 74 158
54 73 156
54 73 157
54 73 158
54 74 156
54 74 157
54 74 158
53 73 159
54 73 159
53 75 157
53 75 158
53 76 157
54 75 157
54 75 158
54 76 157
55 69 151
55 69 152
56 69 151
56 69 152
58 69 155
58 70 155
59 70 155
59 71 155
55 69 156
55 70 156
55 70 157
56 70 156
56 70 157
55 71 156
55 71 157
55 72 156
55 72 157
56 71 156
56 71 157
56 72 156
56 72 157
57 70 156
58 70 156
59 70 156
57 71 156
57 72 156
57 72 157
58 71 156
59 71 156
58 72 156
59 72 156
55 73 156
55 73 157
55 73 158
55 74 156
55 74 157
55 74 158
56 73 156
56 73 157
56 74 156
56 74 157
56 74 158
55 75 157
55 75 158
55 76 156
55 76 157
56 75 157
56 75 158
56 76 156
56 76 157
57 73 156
57 73 157
57 74 156
57 74 157
58 73 156
59 73 156
58 73 157
59 74 156
58 74 157
59 74 157
57 75 157
57 76 156
57 76 157
58 75 156
59 75 156
58 75 157
59 75 157
58 76 156
59 76 156
58 76 157
59 76 157
51 69 168
51 69 169
51 69 170
51 69 171
51 69 172
51 70 171
51 70 172
52 69 170
52 69 171
52 69 172
52 70 171
52 70 172
51 71 171
51 72 170
52 71 171
52 72 170
52 72 171
53 69 170
53 69 171
53 69 172
53 70 171
53 70 172
54 69 171
54 69 172
54 70 170
54 70 171
54 70 172
54 72 169
53 71 170
53 71 171
53 72 170
53 72 171
54 71 170
54 71 171
54 72 170
54 72 171
53 73 169
54 73 169
53 73 170
54 73 170
55 69 171
55 69 172
55 70 170
55 70 171
55 70 172
56 69 171
56 69 172
56 70 170
56 70 171
56 70 172
55 72 169
56 72 169
55 71 170
55 71 171
55 72 170
55 72 171
56 71 170
56 71 171
56 72 170
57 69 171
57 70 170
57 70 171
58 69 171
58 70 170
59 70 170
57 72 169
58 72 169
57 71 170
57 72 170
58 71 170
59 74 166
58 75 166
59 75 165
59 75 166
59 76 165
59 76 166
55 73 169
55 74 169
56 73 168
56 73 169
56 74 168
56 74 169
55 73 170
56 73 170
57 73 167
57 73 168
57 73 169
57 74 167
57 74 168
57 74 169
58 73 167
58 74 167
59 74 167
58 74 168
58 75 167
59 75 167
58 75 168
54 77 152
54 78 152
53 77 153
53 77 154
54 77 153
54 77 154
54 78 153
54 79 152
54 79 153
51 77 159
54 77 156
55 78 152
56 78 152
55 77 153
55 78 153
55 79 151
55 79 152
55 80 152
56 79 152
56 80 151
56 80 152
55 79 153
59 77 155
59 78 155
57 79 152
57 80 151
57 80 152
59 79 155
59 80 155
55 77 156
55 77 157
56 77 156
56 77 157
56 78 156
57 77 156
57 77 157
57 78 156
58 77 156
59 77 156
58 77 157
59 77 157
58 78 156
59 78 156
58 79 156
59 79 156
56 81 151
56 81 152
60 70 155
60 71 155
60 72 155
61 71 155
61 72 155
60 71 156
60 72 156
61 71 156
61 72 156
62 71 156
62 72 156
60 76 155
61 76 155
60 74 156
61 73 156
61 74 156
60 75 156
60 76 156
61 75 156
61 76 156
62 74 156
60 69 169
61 70 169
60 69 170
62 71 170
63 72 171
60 75 165
60 75 166
60 76 164
60 76 165
60 76 166
61 75 164
61 76 164
61 76 165
61 76 166
62 75 164
62 76 164
62 76 165
63 76 164
63 73 171
64 72 171
64 72 172
65 71 172
66 70 172
67 69 172
60 77 155
60 78 155
61 77 155
61 78 155
60 79 155
60 80 155
61 79 154
61 79 155
61 80 154
61 80 155
62 78 154
62 78 155
62 79 154
62 79 155
62 80 154
62 80 155
63 80 154
63 80 155
60 77 156
60 78 156
61 77 156
61 78 156
60 79 156
61 79 156
61 81 155
62 81 154
62 81 155
63 81 154
63 81 155
61 77 164
61 77 165
61 78 164
62 77 163
62 78 163
63 77 163
63 78 163
62 77 164
62 77 165
62 78 164
63 77 164
63 78 164
64 77 163
64 78 163
102 40 116
102 40 117
102 41 116
102 41 117
96 41 128
97 40 127
97 41 126
97 41 127
97 41 128
99 40 122
99 41 122
101 40 118
102 40 118
101 40 119
102 40 119
101 41 118
102 41 118
101 41 119
102 41 119
100 40 120
100 40 121
100 40 122
100 41 120
100 41 121
100 41 122
101 40 120
102 40 120
101 40 121
101 40 122
102 40 121
101 41 120
102 41 120
101 41 121
101 41 122
102 41 121
102 41 122
98 40 124
98 40 125
98 41 124
98 41 125
99 40 123
99 40 124
99 40 125
99 41 123
99 41 124
99 41 125
98 40 126
98 40 127
98 41 126
98 41 127
98 41 128
99 40 126
99 41 126
99 41 127
99 41 128
100 40 123
100 40 124
100 40 125
100 41 123
100 41 124
100 41 125
101 41 123
101 41 124
100 41 126
102 42 117
96 42 128
97 42 126
97 42 127
97 42 128
99 42 122
101 42 118
101 42 119
102 42 119
100 42 120
100 42 121
100 42 122
101 42 120
102 42 120
101 42 121
101 42 122
98 42 124
98 42 125
99 42 123
99 42 124
99 42 125
98 42 126
98 42 127
98 42 128
99 42 126
99 42 127
99 42 128
100 42 123
100 42 124
100 42 125
101 42 123
85 44 150
85 45 150
85 46 150
72 50 171
72 50 172
76 47 165
76 47 166
76 48 165
76 48 166
76 49 165
76 49 166
74 48 169
74 49 168
74 49 169
74 50 168
74 50 169
73 49 170
73 50 170
73 49 171
73 50 171
73 50 172
74 49 170
74 50 170
74 49 171
74 50 171
74 50 172
75 48 167
75 48 168
75 48 169
75 49 167
75 50 167
75 49 168
75 49 169
75 50 168
75 50 169
76 48 167
76 48 168
76 48 169
76 49 167
76 50 167
76 49 168
76 49 169
76 50 168
76 50 169
75 49 170
75 50 170
75 49 171
75 50 171
76 49 170
80 45 159
80 45 160
79 46 160
79 46 161
79 47 160
79 47 161
80 46 159
80 46 160
80 46 161
80 47 159
80 47 160
80 47 161
79 48 161
80 48 160
80 48 161
82 45 155
85 44 151
84 44 152
85 44 152
85 45 151
84 45 152
85 45 152
83 45 154
83 45 155
84 44 153
85 44 153
84 44 154
84 45 153
85 45 153
84 45 154
84 45 155
85 45 154
85 45 155
81 45 157
81 45 158
82 45 156
82 45 157
82 45 158
81 45 159
81 45 160
82 45 159
82 45 160
83 45 156
83 45 157
83 45 158
84 45 156
84 45 157
82 46 155
85 46 151
84 46 152
85 46 152
83 46 154
83 46 155
83 47 155
84 46 153
85 46 153
84 46 154
84 46 155
85 46 154
85 46 155
81 46 157
81 46 158
81 47 157
81 47 158
82 46 156
82 46 157
82 46 158
82 47 156
82 47 157
82 47 158
81 46 159
81 46 160
81 46 161
81 47 159
81 47 160
81 47 161
82 46 159
82 46 160
82 47 159
82 47 160
81 48 160
81 48 161
83 46 156
83 46 157
83 46 158
83 47 156
83 47 157
83 47 158
84 46 156
84 46 157
84 47 156
83 46 159
77 47 163
78 46 162
78 46 163
78 47 162
78 47 163
77 47 164
77 47 165
77 47 166
78 46 164
78 47 164
78 47 165
78 47 166
77 48 163
78 48 162
78 48 163
78 49 163
77 48 164
77 48 165
77 48 166
77 49 164
77 49 165
77 49 166
78 48 164
78 48 165
78 48 166
78 49 164
78 49 165
78 49 166
79 46 162
79 46 163
79 47 162
79 47 163
80 46 162
80 46 163
80 47 162
80 47 163
79 46 164
79 47 164
79 47 165
80 47 164
79 48 162
79 48 163
80 48 162
80 48 163
79 48 164
79 48 165
77 48 167
77 48 168
77 49 167
77 49 168
78 48 167
78 50 168
81 46 162
81 47 162
72 51 171
72 51 172
72 52 171
72 52 172
73 51 170
73 51 171
73 51 172
73 52 171
73 52 172
74 51 170
74 51 171
74 51 172
74 52 171
73 53 172
75 51 169
75 51 170
69 67 172
70 66 172
71 66 172
71 67 171
72 68 171
75 61 172
76 60 171
76 60 172
76 61 171
76 61 172
75 62 172
75 63 172
76 62 171
76 62 172
76 63 172
74 68 171
75 64 172
75 65 171
75 66 171
75 67 171
79 51 169
80 52 169
79 53 170
79 54 171
78 55 171
78 56 172
77 59 171
78 58 171
79 57 172
79 59 170
77 60 171
77 60 172
77 61 171
77 61 172
78 60 170
78 60 171
78 60 172
78 61 170
78 61 171
78 61 172
77 62 171
77 62 172
77 63 171
77 63 172
78 62 170
78 62 171
78 62 172
78 63 171
80 60 169
80 61 169
79 60 170
79 60 171
79 61 170
79 61 171
79 61 172
80 60 170
80 60 171
80 61 170
80 61 171
80 62 169
79 62 170
79 62 171
79 62 172
79 63 171
80 62 170
80 62 171
80 63 170
83 60 166
83 61 166
84 60 166
85 60 165
85 60 166
84 61 166
85 61 165
85 61 166
84 62 166
85 62 165
85 62 166
81 60 168
81 60 169
81 61 168
81 61 169
82 60 167
82 60 168
82 60 169
82 61 167
82 61 168
82 61 169
81 60 170
81 61 170
81 61 171
82 61 170
81 62 168
81 62 169
82 62 167
82 62 168
82 62 169
81 62 170
81 62 171
81 63 170
82 62 170
83 60 167
83 60 168
83 60 169
83 61 167
83 61 168
83 61 169
84 60 167
85 60 167
84 60 168
85 60 168
84 61 167
85 61 167
84 61 168
84 61 169
85 61 168
83 62 167
83 62 168
83 62 169
84 62 167
85 62 167
84 62 168
91 42 139
91 43 139
91 44 139
93 42 135
93 42 136
93 43 135
93 43 136
92 42 137
92 42 138
92 42 139
92 43 137
92 43 138
92 43 139
93 42 137
93 42 138
93 42 139
93 43 137
93 43 138
93 43 139
93 44 136
92 44 137
92 44 138
92 44 139
93 44 137
93 44 138
93 44 139
88 43 144
89 43 142
89 43 143
89 43 144
88 44 144
88 45 144
89 44 142
89 44 143
89 44 144
89 45 142
89 45 143
89 45 144
86 45 147
87 44 146
87 44 147
87 45 146
87 45 147
86 44 148
86 44 149
86 44 150
86 45 148
86 45 149
86 45 150
87 44 148
87 44 149
87 44 150
87 45 148
87 45 149
87 45 150
88 43 145
88 43 146
89 43 145
88 44 145
88 44 146
88 44 147
88 45 145
88 45 146
88 45 147
89 44 145
89 44 146
89 44 147
89 45 145
89 45 146
89 45 147
88 44 148
88 44 149
88 45 148
88 45 149
88 45 150
86 46 148
86 46 149
86 46 150
87 46 148
87 46 149
87 46 150
90 42 141
90 43 140
90 43 141
91 42 140
91 43 140
91 43 141
90 43 142
90 43 143
90 43 144
91 43 142
91 43 143
90 44 140
90 44 141
91 44 140
91 44 141
90 44 142
90 44 143
90 44 144
90 45 142
90 45 143
90 45 144
91 44 142
91 44 143
91 44 144
91 45 142
92 42 140
92 43 140
92 43 141
93 43 140
92 43 142
92 44 140
92 44 141
93 44 140
92 44 142
90 43 145
90 44 145
90 44 146
90 45 145
94 41 133
95 41 131
95 41 132
95 41 133
96 41 129
96 41 130
97 41 129
97 41 130
96 41 131
96 41 132
96 41 133
97 41 131
97 41 132
94 41 134
94 41 135
95 41 134
98 41 129
98 41 130
94 42 132
94 42 133
94 43 133
95 42 131
95 42 132
95 42 133
95 43 131
95 43 132
95 43 133
96 42 129
96 42 130
96 43 130
97 42 129
97 42 130
97 43 129
97 43 130
96 42 131
96 42 132
96 42 133
96 43 131
96 43 132
96 43 133
97 42 131
97 42 132
97 42 133
94 42 134
94 42 135
94 42 136
94 43 134
94 43 135
94 43 136
95 42 134
95 42 135
95 42 136
95 43 134
95 43 135
95 43 136
94 42 137
94 42 138
94 43 137
94 43 138
94 43 139
95 42 137
95 43 137
96 42 134
96 42 135
96 43 134
98 42 129
98 42 130
86 44 151
86 44 152
86 45 151
86 45 152
87 44 151
87 45 151
87 45 152
86 45 153
86 45 154
86 46 151
86 46 152
86 46 153
102 56 149
100 57 150
100 58 150
102 57 148
101 57 149
101 57 150
102 57 149
102 57 150
102 58 148
101 58 149
101 58 150
102 58 149
102 58 150
102 59 150
89 59 161
90 59 160
90 59 161
91 59 159
91 59 160
91 59 161
92 59 158
93 58 158
93 59 157
93 59 158
92 58 159
92 59 159
92 59 160
92 59 161
93 58 159
93 59 159
93 59 160
87 59 163
87 59 164
88 59 162
88 59 163
89 59 162
89 59 163
88 59 164
90 59 162
90 59 163
91 59 162
89 60 161
89 61 161
90 60 160
90 60 161
90 61 160
90 61 161
91 60 159
91 60 160
91 60 161
91 61 160
91 61 161
91 62 161
92 60 158
93 60 158
92 60 159
92 60 160
92 60 161
92 61 160
92 61 161
93 60 159
93 60 160
93 60 161
87 60 163
87 61 163
86 60 164
86 60 165
86 60 166
86 61 164
86 61 165
86 61 166
87 60 164
87 60 165
87 60 166
87 61 164
87 61 165
87 61 166
86 62 165
86 62 166
87 62 164
87 62 165
88 60 162
88 60 163
88 61 162
88 61 163
89 60 162
89 60 163
89 61 162
89 61 163
88 60 164
88 60 165
88 61 164
88 61 165
89 60 164
89 61 164
89 61 165
88 62 163
86 60 167
86 61 167
86 62 167
90 60 162
90 60 163
90 61 162
90 61 163
91 60 162
91 60 163
91 61 162
90 61 164
92 60 162
95 58 155
95 59 155
96 58 154
96 58 155
96 59 154
96 59 155
97 57 154
97 58 153
97 59 153
97 58 154
97 58 155
97 59 154
97 59 155
94 58 156
94 59 156
94 58 157
94 58 158
94 59 157
94 59 158
95 58 156
95 59 156
95 58 157
95 58 158
95 59 157
95 59 158
94 59 159
94 59 160
95 59 159
96 58 156
96 59 156
96 58 157
96 59 157
96 59 158
97 58 156
97 59 156
97 59 157
99 57 151
99 57 152
99 58 151
99 58 152
99 59 152
98 57 153
98 57 154
98 58 153
98 59 153
98 58 154
98 58 155
98 59 154
98 59 155
99 57 153
99 57 154
99 58 153
99 59 153
99 58 154
99 58 155
99 59 154
99 59 155
100 57 151
100 57 152
100 58 151
100 59 151
100 58 152
100 59 152
101 57 151
102 57 151
101 57 152
101 58 151
101 59 151
102 58 151
102 59 151
101 58 152
101 59 152
102 58 152
100 57 153
100 58 153
100 59 153
100 58 154
100 59 154
101 58 153
98 58 156
98 59 156
94 60 157
94 60 158
95 60 156
95 60 157
95 60 158
94 60 159
94 60 160
96 60 156
96 60 157
97 60 156
107 41 106
108 40 105
108 40 106
108 41 104
108 41 105
108 41 106
109 41 103
110 41 103
109 41 104
109 41 105
109 41 106
110 41 104
110 41 105
110 41 106
107 42 106
108 42 104
108 42 105
108 42 106
109 42 103
110 42 102
110 42 103
109 42 104
109 42 105
109 42 106
110 42 104
110 42 105
110 42 106
111 42 103
111 42 104
106 40 108
106 41 108
105 40 110
105 40 111
105 41 110
105 41 111
106 40 109
106 40 110
106 40 111
106 41 109
106 41 110
106 41 111
103 39 115
103 40 114
103 41 114
104 40 112
104 40 113
104 40 114
104 41 112
104 41 113
104 41 114
103 40 115
103 40 116
103 40 117
103 41 115
103 41 116
103 41 117
104 40 115
104 40 116
104 40 117
104 41 115
104 41 116
104 41 117
105 40 112
105 40 113
105 40 114
105 41 112
105 41 113
105 41 114
106 40 112
106 40 113
106 40 114
106 41 112
106 41 113
106 41 114
105 40 115
105 41 115
105 41 116
107 40 107
107 40 108
107 41 107
107 41 108
108 40 107
108 40 108
108 41 107
108 41 108
107 40 109
107 40 110
107 40 111
107 41 109
107 41 110
107 41 111
108 40 109
108 41 109
108 41 110
109 41 107
109 41 108
107 40 112
107 41 112
103 40 118
103 40 119
103 41 118
103 41 119
104 41 118
103 41 120
106 42 108
105 42 111
106 42 109
106 42 110
106 42 111
104 42 113
104 42 114
103 42 115
103 42 117
104 42 115
107 42 107
107 42 108
108 42 107
108 42 108
107 42 109
107 42 110
108 42 109
109 42 107
126 50 125
128 50 123
127 50 124
127 50 125
128 50 124
128 50 125
126 50 126
129 50 122
130 50 121
130 50 122
131 50 121
131 50 122
132 50 121
132 50 122
129 50 123
129 50 124
130 50 123
130 50 124
131 50 123
122 52 128
123 51 128
123 52 127
123 52 128
122 53 128
123 53 127
123 53 128
124 51 127
124 51 128
124 52 126
124 52 127
124 52 128
125 51 126
125 51 127
125 51 128
125 52 126
125 52 127
125 52 128
124 53 127
124 53 128
125 53 127
125 53 128
126 51 125
126 52 125
128 51 123
127 51 124
127 51 125
128 51 124
128 51 125
127 52 125
128 52 124
128 52 125
126 51 126
126 51 127
126 52 126
126 52 127
126 52 128
127 51 126
128 51 126
127 51 127
127 52 126
128 52 126
127 52 127
129 51 122
130 51 122
131 51 121
131 51 122
132 51 121
132 51 122
129 51 123
129 51 124
129 51 125
130 51 123
130 51 124
131 51 123
133 51 121
110 55 139
106 56 144
106 57 144
103 56 147
104 56 146
104 56 147
103 56 148
103 56 149
104 56 148
103 57 147
103 58 147
104 57 146
104 57 147
104 58 147
103 57 148
103 57 149
103 57 150
103 58 148
103 58 149
103 58 150
103 59 150
104 57 148
104 57 149
104 58 148
104 58 149
105 56 145
105 56 146
105 56 147
106 56 145
106 56 146
106 56 147
105 56 148
105 57 145
105 57 146
105 57 147
105 58 146
105 58 147
106 57 145
106 57 146
106 57 147
106 58 145
106 58 146
105 57 148
105 58 148
110 54 140
110 54 141
107 55 143
107 55 144
107 56 143
107 56 144
108 55 142
108 55 143
108 55 144
108 56 142
108 56 143
108 56 144
107 57 143
107 57 144
108 57 142
108 57 143
108 57 144
109 55 141
109 56 141
110 55 140
110 55 141
110 56 140
110 56 141
109 55 142
109 55 143
109 56 142
109 56 143
109 56 144
110 55 142
110 55 143
110 56 142
110 56 143
109 57 142
109 57 143
109 57 144
107 56 145
107 56 146
108 56 145
107 57 145
107 57 146
108 57 145
111 54 139
112 54 137
112 54 138
112 54 139
113 54 136
114 53 135
114 53 136
114 54 135
114 54 136
113 54 137
113 54 138
113 54 139
114 54 137
114 54 138
111 55 138
111 55 139
111 56 139
112 55 137
112 55 138
112 55 139
112 56 138
112 56 139
113 55 136
114 55 136
113 55 137
113 55 138
113 55 139
113 56 138
113 56 139
114 55 137
114 55 138
114 55 139
119 52 131
118 52 132
119 52 132
117 53 133
117 54 133
119 53 131
118 53 132
118 53 133
119 53 132
119 53 133
119 54 131
118 54 132
118 54 133
119 54 132
119 54 133
115 53 135
115 53 136
115 54 134
115 54 135
115 54 136
116 53 134
116 53 135
116 53 136
116 54 134
116 54 135
116 54 136
115 53 137
115 54 137
115 54 138
116 54 137
117 53 134
117 53 135
117 54 134
117 54 135
117 54 136
118 53 134
119 53 134
118 53 135
118 54 134
119 54 134
118 54 135
115 55 135
115 55 136
116 55 134
116 55 135
116 55 136
115 55 137
111 54 140
111 54 141
112 54 140
111 55 140
111 55 141
111 56 140
111 56 141
112 55 140
112 55 141
112 56 140
111 55 142
111 56 142
113 55 140
120 52 130
121 52 129
121 52 130
120 52 131
120 52 132
121 52 131
120 53 130
121 53 129
121 53 130
121 54 130
120 53 131
120 53 132
120 53 133
120 54 131
120 54 132
120 54 133
121 53 131
121 53 132
121 54 131
122 51 129
122 52 129
122 52 130
123 51 129
123 52 129
123 52 130
122 52 131
122 53 129
122 53 130
122 54 130
123 53 129
123 53 130
122 53 131
123 53 131
124 52 129
124 52 130
125 52 129
124 53 129
124 53 130
70 74 1
69 74 4
70 73 3
70 74 2
70 74 3
70 74 4
70 75 3
70 75 4
71 74 1
71 73 3
71 74 2
71 74 3
71 74 4
72 74 3
72 74 4
71 75 3
71 75 4
69 74 5
69 74 6
70 74 5
70 74 6
69 73 7
69 74 7
69 74 8
69 74 9
70 73 7
70 74 7
70 74 8
70 74 9
69 75 5
69 75 6
70 75 5
70 75 6
69 75 7
69 75 8
69 75 9
70 75 7
70 75 8
70 75 9
71 74 5
71 74 6
72 74 5
71 74 7
71 74 8
71 74 9
72 74 7
72 74 8
71 75 5
71 75 6
71 75 7
71 75 8
71 75 9
69 73 10
69 73 11
69 74 10
69 74 11
70 73 10
70 73 11
70 74 10
70 74 11
69 73 12
69 73 13
69 73 14
69 74 12
69 74 13
69 74 14
70 73 12
70 73 13
70 73 14
70 74 12
70 74 13
70 74 14
69 75 10
69 75 11
70 75 10
70 75 11
69 75 12
69 75 13
69 75 14
70 75 12
71 73 11
71 74 10
71 74 11
71 73 12
71 73 13
71 73 14
71 74 12
71 74 13
71 74 14
71 75 10
71 75 12
69 73 15
69 73 16
69 73 17
69 74 15
69 74 16
69 74 17
70 73 15
70 73 16
70 73 17
70 74 15
70 74 16
70 74 17
69 73 18
69 73 19
69 73 20
69 74 18
69 74 19
69 74 20
70 73 18
70 73 19
70 73 20
70 74 18
70 74 19
70 74 20
69 75 15
69 75 18
71 73 15
71 73 16
71 73 17
71 74 15
71 74 16
71 74 17
71 73 18
71 73 19
71 73 20
71 74 18
71 74 19
71 74 20
69 73 21
69 73 22
69 74 21
69 74 22
70 73 21
70 73 22
70 74 21
70 74 22
69 73 23
69 73 24
69 73 25
69 74 23
69 74 24
69 74 25
70 73 23
70 73 24
70 73 25
70 74 23
70 74 24
70 74 25
71 73 21
71 73 22
71 74 21
71 74 22
71 73 23
71 73 24
71 73 25
71 74 23
71 74 24
69 73 26
69 73 27
69 73 28
69 74 26
69 74 27
69 74 28
70 73 26
70 73 27
70 73 28
70 74 26
70 74 27
70 74 28
69 73 29
69 73 30
69 73 31
69 74 29
69 74 30
69 74 31
70 73 29
70 73 30
70 73 31
70 74 29
70 74 30
69 72 37
69 73 32
69 73 33
69 74 32
69 74 33
70 73 32
69 73 34
69 73 35
69 73 36
69 74 34
69 74 35
69 74 36
69 73 37
69 73 38
69 73 39
69 74 37
73 69 171
