0.15
2471
23 28 17
23 28 18
23 28 19
24 28 17
24 28 18
24 28 19
22 28 21
22 28 22
22 28 23
22 28 24
22 28 25
22 28 26
23 28 20
23 28 21
23 28 22
24 28 20
24 28 21
24 28 22
23 28 23
23 28 24
23 28 25
23 28 26
24 28 23
24 28 24
24 28 25
24 28 26
25 28 20
20 27 39
20 28 38
20 28 39
20 26 42
19 26 46
20 26 43
20 26 44
20 26 45
20 26 46
20 27 40
20 27 41
20 27 42
20 28 40
20 28 41
20 28 42
19 27 44
19 27 45
19 27 46
19 28 43
19 28 44
19 28 45
19 28 46
20 27 43
20 27 44
20 27 45
20 27 46
20 28 43
20 28 44
20 28 45
20 28 46
17 26 53
18 26 50
18 26 51
18 26 52
18 26 53
18 27 48
18 27 49
18 28 48
18 28 49
17 27 52
17 27 53
17 28 52
17 28 53
18 27 50
18 27 51
18 27 52
18 27 53
18 28 50
18 28 51
18 28 52
18 28 53
19 26 47
19 26 48
19 26 49
20 26 47
20 26 48
20 26 49
19 26 50
19 26 51
19 26 52
19 26 53
20 26 50
20 26 51
19 27 47
19 27 48
19 27 49
19 28 47
19 28 48
19 28 49
20 27 47
20 27 48
20 27 49
20 28 47
20 28 48
20 28 49
19 27 50
19 27 51
19 27 52
19 27 53
19 28 50
19 28 51
19 28 52
19 28 53
20 27 50
20 27 51
20 27 52
20 27 53
20 28 50
20 28 51
20 28 52
20 28 53
22 27 27
22 27 29
22 28 27
22 28 28
22 28 29
21 28 31
21 28 32
22 27 30
22 27 31
22 27 32
22 28 30
22 28 31
22 28 32
23 27 27
23 27 29
23 28 27
23 28 28
23 28 29
24 28 27
24 28 28
24 28 29
23 27 30
23 27 31
23 27 32
23 28 30
23 28 31
23 28 32
24 28 30
24 28 31
24 28 32
21 27 34
21 27 35
21 28 33
21 28 34
21 28 35
22 27 33
22 27 34
22 27 35
22 28 33
22 28 34
22 28 35
21 27 36
21 27 37
21 27 38
21 27 39
21 28 36
21 28 37
21 28 38
21 28 39
22 27 36
22 27 37
22 27 38
22 27 39
22 28 36
22 28 37
22 28 38
22 28 39
23 27 33
23 27 34
23 27 35
23 28 33
23 28 34
23 28 35
24 28 33
23 27 36
23 27 37
23 27 38
23 27 39
23 28 36
23 28 37
23 28 38
23 28 39
21 26 41
21 26 42
21 26 43
21 26 44
21 26 45
21 26 46
21 27 40
21 27 41
21 27 42
21 28 40
21 28 41
21 28 42
22 27 40
22 27 41
22 27 42
22 28 40
22 28 41
22 28 42
21 27 43
21 27 44
21 27 45
21 27 46
21 28 43
21 28 44
21 28 45
21 28 46
22 27 43
22 27 44
22 28 43
22 28 44
23 28 40
21 27 47
21 27 48
21 27 49
21 28 47
21 28 48
21 28 49
13 26 73
13 27 70
13 27 71
13 27 72
13 27 73
13 28 70
13 28 71
13 28 72
13 28 73
11 27 79
11 27 80
11 28 78
11 28 79
11 28 80
13 26 74
12 27 74
12 27 75
12 27 76
12 28 74
12 28 75
12 28 76
13 27 74
13 27 75
13 27 76
13 28 74
13 28 75
13 28 76
12 27 77
12 27 78
12 27 79
12 27 80
12 28 77
12 28 78
12 28 79
12 28 80
13 27 77
13 27 78
13 27 79
13 27 80
13 28 77
13 28 78
13 28 79
13 28 80
6 24 103
6 24 104
4 27 100
4 28 98
4 28 99
4 28 100
5 28 95
5 28 96
6 27 96
6 28 94
6 28 95
6 28 96
5 27 98
5 27 99
5 27 100
5 28 97
5 28 98
5 28 99
5 28 100
6 27 97
6 27 98
6 27 99
6 27 100
6 28 97
6 28 98
6 28 99
6 28 100
4 27 101
4 27 102
4 27 103
4 28 101
4 28 102
4 28 103
5 25 102
5 26 101
5 26 102
5 26 103
6 25 103
6 26 101
6 26 102
6 26 103
5 26 104
5 26 105
6 25 104
6 25 105
6 25 106
6 25 107
6 26 104
6 26 105
6 26 106
6 26 107
5 27 101
5 27 102
5 27 103
5 28 101
5 28 102
5 28 103
6 27 101
6 27 102
6 27 103
6 28 101
6 28 102
6 28 103
5 27 104
5 27 105
5 27 106
5 27 107
5 28 104
5 28 105
5 28 106
6 27 104
6 27 105
6 27 106
6 27 107
6 28 104
6 28 105
6 28 106
6 28 107
9 20 105
9 20 106
13 16 104
13 16 105
13 16 106
13 16 107
11 18 103
11 18 104
11 18 105
11 18 106
11 18 107
10 19 103
10 20 103
11 19 102
11 19 103
11 20 102
11 20 103
10 19 104
10 19 105
10 19 106
10 20 104
10 20 105
10 20 106
10 20 107
11 19 104
11 19 105
11 19 106
11 19 107
11 20 104
11 20 105
11 20 106
11 20 107
12 17 103
12 18 103
13 17 103
13 18 102
13 18 103
12 17 104
12 17 105
12 17 106
12 17 107
12 18 104
12 18 105
12 18 106
12 18 107
13 17 104
13 17 105
13 17 106
13 17 107
13 18 104
13 18 105
13 18 106
13 18 107
12 19 102
12 19 103
12 20 102
12 20 103
13 19 102
13 19 103
13 20 102
13 20 103
12 19 104
12 19 105
12 19 106
12 19 107
12 20 104
12 20 105
12 20 106
12 20 107
13 19 104
13 19 105
13 19 106
13 19 107
13 20 104
13 20 105
13 20 106
13 20 107
7 28 92
7 28 93
9 27 88
9 27 89
9 28 87
9 28 88
9 28 89
8 28 90
8 28 91
8 28 92
8 28 93
9 27 91
9 27 92
9 27 93
9 28 90
9 28 91
9 28 92
9 28 93
10 28 83
11 27 81
11 27 82
11 27 83
11 28 81
11 28 82
11 28 83
10 27 85
10 27 86
10 28 84
10 28 85
10 28 86
11 27 84
11 27 85
11 27 86
11 28 84
11 28 85
11 28 86
12 27 81
12 27 82
12 27 83
12 28 81
12 28 82
12 28 83
13 27 81
13 27 82
13 27 83
13 28 81
13 28 82
13 28 83
12 27 84
12 27 85
12 27 86
12 28 84
12 28 85
12 28 86
13 28 84
10 27 87
10 27 88
10 27 89
10 28 87
10 28 88
10 28 89
11 27 87
11 27 88
11 27 89
11 28 87
11 28 88
11 28 89
10 27 90
10 27 91
10 27 92
10 28 90
10 28 91
10 28 92
10 28 93
11 27 90
11 28 90
11 28 91
12 27 87
12 27 88
12 28 87
12 28 88
7 23 103
7 24 103
7 23 104
7 23 105
7 24 104
7 24 105
7 24 106
7 24 107
8 22 103
9 21 103
9 22 103
8 22 104
8 22 105
8 22 106
8 22 107
9 21 104
9 21 105
9 21 106
9 22 104
9 22 105
9 22 106
9 22 107
8 23 103
8 23 104
8 23 105
8 23 106
8 23 107
8 24 104
8 24 105
8 24 106
8 24 107
9 23 104
9 23 105
9 23 106
9 23 107
9 24 104
9 24 105
9 24 106
9 24 107
7 27 95
7 27 96
7 28 94
7 28 95
7 28 96
7 27 97
7 27 98
7 27 99
7 28 97
7 28 98
7 28 99
8 27 95
8 27 96
8 28 94
8 28 95
8 28 96
9 27 94
9 27 95
9 28 94
9 28 95
9 28 96
8 28 97
7 26 103
7 25 104
7 25 105
7 25 106
7 25 107
7 26 104
7 26 105
7 26 106
7 26 107
7 27 101
7 27 102
7 27 103
7 28 101
7 28 102
7 28 103
7 27 104
7 27 105
7 27 106
7 27 107
7 28 104
7 28 105
7 28 106
7 28 107
8 25 104
8 25 105
8 25 106
8 25 107
8 26 104
8 26 105
8 26 106
8 26 107
9 25 104
9 25 105
9 25 106
9 25 107
9 26 104
9 26 105
9 26 106
9 26 107
8 27 104
8 27 105
8 27 106
8 27 107
8 28 104
8 28 105
8 28 106
8 28 107
9 27 104
9 27 105
9 27 106
9 27 107
9 28 104
9 28 105
9 28 106
9 28 107
10 21 103
10 22 102
10 22 103
11 21 102
11 21 103
11 22 102
11 22 103
10 21 104
10 21 105
10 21 106
10 21 107
10 22 104
10 22 105
10 22 106
10 22 107
11 21 104
11 21 105
11 21 106
11 21 107
11 22 104
11 22 105
11 22 106
11 22 107
10 23 102
10 23 103
10 24 102
10 24 103
11 23 102
11 23 103
11 24 102
11 24 103
10 23 104
10 23 105
10 23 106
10 23 107
10 24 104
10 24 105
10 24 106
10 24 107
11 23 104
11 23 105
11 23 106
11 23 107
11 24 104
11 24 105
11 24 106
11 24 107
12 21 102
12 21 103
12 22 102
12 22 103
13 21 101
13 21 102
13 21 103
13 22 101
13 22 102
13 22 103
12 21 104
12 21 105
12 21 106
12 21 107
12 22 104
12 22 105
12 22 106
12 22 107
13 21 104
13 21 105
13 21 106
13 21 107
13 22 104
13 22 105
13 22 106
13 22 107
12 23 102
12 23 103
12 24 102
12 24 103
13 23 102
13 23 103
13 24 102
13 24 103
12 23 104
12 23 105
12 23 106
12 23 107
12 24 104
12 24 105
12 24 106
12 24 107
13 23 104
13 23 105
13 23 106
13 23 107
13 24 104
13 24 105
13 24 106
13 24 107
10 25 103
10 26 103
11 25 102
11 25 103
11 26 102
11 26 103
10 25 104
10 25 105
10 25 106
10 25 107
10 26 104
10 26 105
10 26 106
10 26 107
11 25 104
11 25 105
11 25 106
11 25 107
11 26 104
11 26 105
11 26 106
11 26 107
10 27 103
11 27 103
11 28 103
10 27 104
10 27 105
10 27 106
10 27 107
10 28 104
10 28 105
10 28 106
10 28 107
11 27 104
11 27 105
11 27 106
11 27 107
11 28 104
11 28 105
11 28 106
11 28 107
12 25 102
12 25 103
12 26 102
12 26 103
13 25 102
13 25 103
13 26 102
13 26 103
12 25 104
12 25 105
12 25 106
12 25 107
12 26 104
12 26 105
12 26 106
12 26 107
13 25 104
13 25 105
13 25 106
13 25 107
13 26 104
13 26 105
13 26 106
13 26 107
12 27 102
12 27 103
12 28 103
13 27 102
13 27 103
13 28 103
12 27 104
12 27 105
12 27 106
12 27 107
12 28 104
12 28 105
12 28 106
12 28 107
13 27 104
13 27 105
13 27 106
13 27 107
13 28 104
13 28 105
13 28 106
13 28 107
16 13 105
16 13 106
16 13 107
17 12 106
17 12 107
17 13 104
17 13 105
17 13 106
17 13 107
18 12 105
18 12 106
18 12 107
18 13 104
18 13 105
18 13 106
18 13 107
19 12 105
19 12 106
19 12 107
19 13 104
19 13 105
19 13 106
19 13 107
20 12 104
20 12 105
20 12 106
20 12 107
20 13 104
20 13 105
20 13 106
20 13 107
21 11 106
21 11 107
22 11 105
22 11 106
22 11 107
21 12 104
21 12 105
21 12 106
21 12 107
21 13 104
21 13 105
21 13 106
21 13 107
22 12 105
22 12 106
22 12 107
22 13 104
22 13 105
22 13 106
22 13 107
23 11 106
23 11 107
24 11 106
24 11 107
23 12 105
23 12 106
23 12 107
23 13 104
23 13 105
23 13 106
23 13 107
24 12 105
24 12 106
24 12 107
24 13 105
24 13 106
24 13 107
25 12 106
25 12 107
25 13 105
25 13 106
25 13 107
26 12 106
26 13 106
26 13 107
27 13 106
27 13 107
16 26 57
16 26 58
16 26 59
16 27 56
16 27 57
16 27 58
16 27 59
16 28 57
16 28 58
16 28 59
14 27 64
14 27 65
14 27 66
14 28 64
14 28 65
14 28 66
16 26 60
16 26 61
16 26 62
15 26 63
15 26 64
15 26 65
15 26 66
16 26 63
16 26 64
16 26 65
16 26 66
15 27 61
15 27 62
15 28 61
15 28 62
16 27 60
16 27 61
16 27 62
16 28 60
16 28 61
16 28 62
15 27 63
15 27 64
15 27 65
15 27 66
15 28 63
15 28 64
15 28 65
15 28 66
16 27 63
16 27 64
16 27 65
16 27 66
16 28 63
16 28 64
16 28 65
16 28 66
17 26 54
17 26 55
17 26 56
18 26 54
18 26 55
18 26 56
17 26 57
17 26 58
17 26 59
18 26 57
18 26 58
18 26 59
17 27 54
17 27 55
17 27 56
17 28 54
17 28 55
17 28 56
18 27 54
18 27 55
18 27 56
18 28 54
18 28 55
18 28 56
17 27 57
17 27 58
17 27 59
17 28 57
17 28 58
17 28 59
18 27 57
18 27 58
18 27 59
18 28 57
18 28 58
18 28 59
19 26 54
19 26 55
19 26 56
19 27 54
19 27 55
19 27 56
19 28 54
19 28 55
19 28 56
19 27 57
19 27 58
19 28 57
17 26 60
17 26 61
17 26 62
18 26 60
18 26 61
17 26 63
17 26 64
17 26 65
17 26 66
17 27 60
17 27 61
17 27 62
17 28 60
17 28 61
17 28 62
18 27 60
18 27 61
18 27 62
18 28 60
18 28 61
18 28 62
17 27 63
17 27 64
17 27 65
17 27 66
17 28 63
17 28 64
17 28 65
17 28 66
18 27 63
18 27 64
18 28 63
18 28 64
14 26 67
14 26 68
14 26 69
14 26 70
14 26 71
14 26 72
14 26 73
14 27 67
14 27 68
14 27 69
14 28 67
14 28 68
14 28 69
14 27 70
14 27 71
14 27 72
14 27 73
14 28 70
14 28 71
14 28 72
14 28 73
15 26 67
15 26 68
15 26 69
16 26 67
16 26 68
16 26 69
15 26 70
15 26 71
15 26 72
15 26 73
16 26 70
15 27 67
15 27 68
15 27 69
15 28 67
15 28 68
15 28 69
16 27 67
16 27 68
16 27 69
16 28 67
16 28 68
16 28 69
15 27 70
15 27 71
15 27 72
15 27 73
15 28 70
15 28 71
15 28 72
15 28 73
16 27 70
16 27 71
16 27 72
16 28 70
16 28 71
16 28 72
14 26 74
14 27 74
14 27 75
14 27 76
14 28 74
14 28 75
14 28 76
14 27 77
14 27 78
14 27 79
14 27 80
14 28 77
14 28 78
14 28 79
14 28 80
15 26 74
15 27 74
15 27 75
15 27 76
15 28 74
15 28 75
15 28 76
17 27 67
17 27 68
17 28 67
14 16 103
14 15 104
14 15 105
14 15 106
14 15 107
14 16 104
14 16 105
14 16 106
14 16 107
15 14 104
15 14 105
15 14 106
15 14 107
16 14 104
16 14 105
16 14 106
16 14 107
15 15 103
15 16 103
16 15 103
16 16 103
15 15 104
15 15 105
15 15 106
15 15 107
15 16 104
15 16 105
15 16 106
15 16 107
16 15 104
16 15 105
16 15 106
16 15 107
16 16 104
16 16 105
16 16 106
16 16 107
14 17 103
14 18 102
14 18 103
14 17 104
14 17 105
14 17 106
14 17 107
14 18 104
14 18 105
14 18 106
14 18 107
14 19 102
14 19 103
14 20 101
14 20 102
14 20 103
14 19 104
14 19 105
14 19 106
14 19 107
14 20 104
14 20 105
14 20 106
14 20 107
15 17 102
15 17 103
15 18 102
15 18 103
16 17 102
16 17 103
16 18 102
16 18 103
15 17 104
15 17 105
15 17 106
15 17 107
15 18 104
15 18 105
15 18 106
15 18 107
16 17 104
16 17 105
16 17 106
16 17 107
16 18 104
16 18 105
16 18 106
16 18 107
15 19 102
15 19 103
15 20 102
15 20 103
16 19 102
16 19 103
16 20 102
16 20 103
15 19 104
15 19 105
15 19 106
15 19 107
15 20 104
15 20 105
15 20 106
15 20 107
16 19 104
16 19 105
16 19 106
16 19 107
16 20 104
16 20 105
16 20 106
16 20 107
18 14 103
17 14 104
17 14 105
17 14 106
17 14 107
18 14 104
18 14 105
18 14 106
18 14 107
17 15 103
17 16 103
18 15 103
18 16 103
17 15 104
17 15 105
17 15 106
17 15 107
17 16 104
17 16 105
17 16 106
17 16 107
18 15 104
18 15 105
18 15 106
18 15 107
18 16 104
18 16 105
18 16 106
18 16 107
19 14 103
20 14 103
19 14 104
19 14 105
19 14 106
19 14 107
20 14 104
20 14 105
20 14 106
20 14 107
19 15 103
19 16 103
20 15 103
20 16 103
19 15 104
19 15 105
19 15 106
19 15 107
19 16 104
19 16 105
19 16 106
19 16 107
20 15 104
20 15 105
20 15 106
20 15 107
20 16 104
20 16 105
20 16 106
20 16 107
17 17 102
17 17 103
17 18 102
17 18 103
18 17 102
18 17 103
18 18 102
18 18 103
17 17 104
17 17 105
17 17 106
17 17 107
17 18 104
17 18 105
17 18 106
17 18 107
18 17 104
18 17 105
18 17 106
18 17 107
18 18 104
18 18 105
18 18 106
18 18 107
17 19 102
17 19 103
17 20 102
17 20 103
18 19 102
18 19 103
18 20 102
18 20 103
17 19 104
17 19 105
17 19 106
17 19 107
17 20 104
17 20 105
17 20 106
17 20 107
18 19 104
18 19 105
18 19 106
18 19 107
18 20 104
18 20 105
18 20 106
18 20 107
19 17 103
19 18 102
19 18 103
20 17 103
20 18 103
19 17 104
19 17 105
19 17 106
19 17 107
19 18 104
19 18 105
19 18 106
19 18 107
20 17 104
20 17 105
20 17 106
20 17 107
20 18 104
20 18 105
20 18 106
20 18 107
19 19 102
19 19 103
19 20 102
19 20 103
20 19 103
20 20 103
19 19 104
19 19 105
19 19 106
19 19 107
19 20 104
19 20 105
19 20 106
19 20 107
20 19 104
20 19 105
20 19 106
20 19 107
20 20 104
20 20 105
20 20 106
20 20 107
14 28 81
14 21 101
14 21 102
14 21 103
14 22 101
14 22 102
14 22 103
14 21 104
14 21 105
14 21 106
14 21 107
14 22 104
14 22 105
14 22 106
14 22 107
14 23 102
14 23 103
14 24 102
14 24 103
14 23 104
14 23 105
14 23 106
14 23 107
14 24 104
14 24 105
14 24 106
14 24 107
15 21 102
15 21 103
15 22 102
15 22 103
16 21 102
16 21 103
16 22 102
16 22 103
15 21 104
15 21 105
15 21 106
15 21 107
15 22 104
15 22 105
15 22 106
15 22 107
16 21 104
16 21 105
16 21 106
16 21 107
16 22 104
16 22 105
16 22 106
16 22 107
15 23 102
15 23 103
15 24 102
15 24 103
16 23 102
16 23 103
16 24 102
16 24 103
15 23 104
15 23 105
15 23 106
15 23 107
15 24 104
15 24 105
15 24 106
15 24 107
16 23 104
16 23 105
16 23 106
16 23 107
16 24 104
16 24 105
16 24 106
16 24 107
14 25 102
14 25 103
14 26 102
14 26 103
14 25 104
14 25 105
14 25 106
14 25 107
14 26 104
14 26 105
14 26 106
14 26 107
14 27 102
14 27 103
14 28 102
14 28 103
14 27 104
14 27 105
14 27 106
14 27 107
14 28 104
14 28 105
14 28 106
14 28 107
15 25 102
15 25 103
15 26 102
15 26 103
16 25 102
16 25 103
16 26 102
16 26 103
15 25 104
15 25 105
15 25 106
15 25 107
15 26 104
15 26 105
15 26 106
15 26 107
16 25 104
16 25 105
16 25 106
16 25 107
16 26 104
16 26 105
16 26 106
16 26 107
15 27 102
15 27 103
15 28 103
16 27 102
16 27 103
16 28 103
15 27 104
15 27 105
15 27 106
15 27 107
15 28 104
15 28 105
15 28 106
15 28 107
16 27 104
16 27 105
16 27 106
16 27 107
16 28 104
16 28 105
16 28 106
16 28 107
17 21 102
17 21 103
17 22 102
17 22 103
18 21 102
18 21 103
18 22 102
18 22 103
17 21 104
17 21 105
17 21 106
17 21 107
17 22 104
17 22 105
17 22 106
17 22 107
18 21 104
18 21 105
18 21 106
18 21 107
18 22 104
18 22 105
18 22 106
18 22 107
17 23 102
17 23 103
17 24 102
17 24 103
18 23 102
18 23 103
18 24 102
18 24 103
17 23 104
17 23 105
17 23 106
17 23 107
17 24 104
17 24 105
17 24 106
17 24 107
18 23 104
18 23 105
18 23 106
18 23 107
18 24 104
18 24 105
18 24 106
18 24 107
19 21 102
19 21 103
19 22 102
19 22 103
20 21 102
20 21 103
20 22 103
19 21 104
19 21 105
19 21 106
19 21 107
19 22 104
19 22 105
19 22 106
19 22 107
20 21 104
20 21 105
20 21 106
20 21 107
20 22 104
20 22 105
20 22 106
20 22 107
19 23 102
19 23 103
19 24 102
19 24 103
20 23 102
20 23 103
20 24 103
19 23 104
19 23 105
19 23 106
19 23 107
19 24 104
19 24 105
19 24 106
19 24 107
20 23 104
20 23 105
20 23 106
20 23 107
20 24 104
20 24 105
20 24 106
20 24 107
17 25 102
17 25 103
17 26 102
17 26 103
18 25 102
18 25 103
18 26 102
18 26 103
17 25 104
17 25 105
17 25 106
17 25 107
17 26 104
17 26 105
17 26 106
17 26 107
18 25 104
18 25 105
18 25 106
18 25 107
18 26 104
18 26 105
18 26 106
18 26 107
17 27 102
17 27 103
18 27 103
17 27 104
17 27 105
17 27 106
17 27 107
17 28 104
17 28 105
17 28 106
17 28 107
18 27 104
18 27 105
18 27 106
18 27 107
18 28 104
18 28 105
18 28 106
18 28 107
19 25 102
19 25 103
19 26 102
19 26 103
20 25 103
20 26 103
19 25 104
19 25 105
19 25 106
19 25 107
19 26 104
19 26 105
19 26 106
19 26 107
20 25 104
20 25 105
20 25 106
20 25 107
20 26 104
20 26 105
20 26 106
20 26 107
19 27 103
19 27 104
19 27 105
19 27 106
19 27 107
19 28 105
19 28 106
19 28 107
20 27 105
20 27 106
20 27 107
20 28 107
21 14 104
21 14 105
21 14 106
21 14 107
22 14 104
22 14 105
22 14 106
22 14 107
21 15 103
21 16 103
21 15 104
21 15 105
21 15 106
21 15 107
21 16 104
21 16 105
21 16 106
21 16 107
22 15 104
22 15 105
22 15 106
22 15 107
22 16 104
22 16 105
22 16 106
22 16 107
23 14 104
23 14 105
23 14 106
23 14 107
24 14 105
24 14 106
24 14 107
23 15 104
23 15 105
23 15 106
23 15 107
23 16 104
23 16 105
23 16 106
23 16 107
24 15 104
24 15 105
24 15 106
24 15 107
24 16 104
24 16 105
24 16 106
24 16 107
21 17 103
21 18 103
22 17 103
22 18 103
21 17 104
21 17 105
21 17 106
21 17 107
21 18 104
21 18 105
21 18 106
21 18 107
22 17 104
22 17 105
22 17 106
22 17 107
22 18 104
22 18 105
22 18 106
22 18 107
21 19 103
21 20 103
22 19 103
22 20 103
21 19 104
21 19 105
21 19 106
21 19 107
21 20 104
21 20 105
21 20 106
21 20 107
22 19 104
22 19 105
22 19 106
22 19 107
22 20 104
22 20 105
22 20 106
22 20 107
23 18 103
23 17 104
23 17 105
23 17 106
23 17 107
23 18 104
23 18 105
23 18 106
23 18 107
24 17 104
24 17 105
24 17 106
24 17 107
24 18 104
24 18 105
24 18 106
24 18 107
23 19 103
23 20 103
23 19 104
23 19 105
23 19 106
23 19 107
23 20 104
23 20 105
23 20 106
23 20 107
24 19 104
24 19 105
24 19 106
24 19 107
24 20 104
24 20 105
24 20 106
24 20 107
25 14 105
25 14 106
25 14 107
26 14 105
26 14 106
26 14 107
25 15 105
25 15 106
25 15 107
25 16 105
25 16 106
25 16 107
26 15 105
26 15 106
26 15 107
26 16 105
26 16 106
26 16 107
27 14 106
27 14 107
27 15 106
27 15 107
27 16 105
27 16 106
27 16 107
28 15 106
28 15 107
28 16 106
28 16 107
25 17 104
25 17 105
25 17 106
25 17 107
25 18 104
25 18 105
25 18 106
25 18 107
26 17 105
26 17 106
26 17 107
26 18 105
26 18 106
26 18 107
25 19 104
25 19 105
25 19 106
25 19 107
25 20 104
25 20 105
25 20 106
25 20 107
26 19 104
26 19 105
26 19 106
26 19 107
26 20 104
26 20 105
26 20 106
26 20 107
27 17 105
27 17 106
27 17 107
27 18 105
27 18 106
27 18 107
28 17 106
28 17 107
28 18 105
28 18 106
28 18 107
27 19 105
27 19 106
27 19 107
27 20 105
27 20 106
27 20 107
28 19 105
28 19 106
28 19 107
28 20 105
28 20 106
28 20 107
21 21 103
21 22 103
22 21 103
22 22 103
21 21 104
21 21 105
21 21 106
21 21 107
21 22 104
21 22 105
21 22 106
21 22 107
22 21 104
22 21 105
22 21 106
22 21 107
22 22 104
22 22 105
22 22 106
22 22 107
21 23 103
21 24 103
22 23 103
22 24 103
21 23 104
21 23 105
21 23 106
21 23 107
21 24 104
21 24 105
21 24 106
21 24 107
22 23 104
22 23 105
22 23 106
22 23 107
22 24 104
22 24 105
22 24 106
22 24 107
23 21 103
23 22 103
23 21 104
23 21 105
23 21 106
23 21 107
23 22 104
23 22 105
23 22 106
23 22 107
24 21 104
24 21 105
24 21 106
24 21 107
24 22 104
24 22 105
24 22 106
24 22 107
23 23 103
23 23 104
23 23 105
23 23 106
23 23 107
23 24 104
23 24 105
23 24 106
23 24 107
24 23 104
24 23 105
24 23 106
24 23 107
24 24 104
24 24 105
24 24 106
24 24 107
21 25 103
22 25 103
21 25 104
21 25 105
21 25 106
21 25 107
21 26 104
21 26 105
21 26 106
21 26 107
22 25 104
22 25 105
22 25 106
22 25 107
22 26 105
22 26 106
22 26 107
21 27 106
21 27 107
22 27 107
23 25 104
23 25 105
23 25 106
23 25 107
23 26 106
23 26 107
24 25 105
24 25 106
24 25 107
24 26 107
25 21 104
25 21 105
25 21 106
25 21 107
25 22 104
25 22 105
25 22 106
25 22 107
26 21 104
26 21 105
26 21 106
26 21 107
26 22 104
26 22 105
26 22 106
26 22 107
25 23 104
25 23 105
25 23 106
25 23 107
25 24 105
25 24 106
25 24 107
26 23 105
26 23 106
26 23 107
26 24 106
26 24 107
27 21 105
27 21 106
27 21 107
27 22 105
27 22 106
27 22 107
28 21 106
28 21 107
28 22 106
28 22 107
27 23 106
27 23 107
25 25 106
25 25 107
24 29 5
24 30 2
24 30 3
24 30 4
24 30 5
24 31 3
24 31 4
24 31 5
24 29 6
24 29 7
24 29 8
24 29 9
24 29 10
24 29 11
24 29 12
23 30 8
23 31 8
24 30 6
24 30 7
24 30 8
24 31 6
24 31 7
24 31 8
23 30 9
23 30 10
23 30 11
23 30 12
23 31 9
23 31 10
23 31 11
23 31 12
24 30 9
24 30 10
24 30 11
24 30 12
24 31 9
24 31 10
24 31 11
24 31 12
24 32 3
25 29 3
25 29 4
25 29 5
25 30 1
25 30 2
25 31 1
25 31 2
26 30 1
26 30 2
26 31 1
26 31 2
25 30 3
25 30 4
25 30 5
25 31 3
25 31 4
25 31 5
26 30 3
26 30 4
26 30 5
26 31 3
26 31 4
26 31 5
25 29 6
25 29 7
25 29 8
26 29 8
25 29 9
25 29 10
25 29 11
25 29 12
25 30 6
25 30 7
25 30 8
25 31 6
25 31 7
25 31 8
26 30 6
26 30 7
26 30 8
26 31 6
26 31 7
26 31 8
25 30 9
25 30 10
25 30 11
25 30 12
25 31 9
25 31 10
25 31 11
25 31 12
26 30 9
26 30 10
26 30 11
26 30 12
26 31 9
26 31 10
26 31 11
26 31 12
25 32 3
22 29 19
23 29 13
23 29 14
23 29 15
24 29 13
24 29 14
24 29 15
23 29 16
23 29 17
23 29 18
23 29 19
24 29 16
24 29 17
24 29 18
24 29 19
23 30 13
23 30 14
23 30 15
23 31 13
23 31 14
23 31 15
24 30 13
24 30 14
24 30 15
24 31 13
24 31 14
24 31 15
23 30 16
23 30 17
23 30 18
23 30 19
23 31 16
23 31 17
23 31 18
23 31 19
24 30 16
24 30 17
24 30 18
24 30 19
24 31 16
24 31 17
24 31 18
22 29 20
22 29 21
22 29 22
22 29 23
22 29 24
22 29 25
22 29 26
22 30 20
22 30 21
22 30 22
22 30 23
22 30 24
22 30 25
22 30 26
23 29 20
23 29 21
23 29 22
24 29 20
24 29 21
24 29 22
23 29 23
23 29 24
23 29 25
23 29 26
24 29 23
24 29 24
24 29 25
24 29 26
23 30 20
23 30 21
23 30 22
23 31 20
24 30 20
24 30 21
24 30 22
23 30 23
23 30 24
23 30 25
23 30 26
24 30 23
24 30 24
24 30 25
24 30 26
25 29 13
25 29 14
25 29 15
25 29 16
25 29 17
25 29 18
25 29 19
25 30 13
25 30 14
25 30 15
25 31 13
25 31 14
25 31 15
26 30 13
26 30 14
26 31 13
26 31 14
25 30 16
25 30 17
25 30 18
25 30 19
25 31 16
25 31 17
25 31 18
25 29 20
25 29 21
25 29 22
25 29 23
25 29 24
25 29 25
25 29 26
25 30 20
25 30 21
25 30 22
25 30 23
20 29 39
20 29 40
20 29 41
20 29 42
20 29 43
20 29 44
20 29 45
20 29 46
19 29 47
20 29 47
20 29 48
19 29 50
22 29 27
22 29 28
22 29 29
21 29 30
21 29 31
21 29 32
22 29 30
22 29 31
22 29 32
22 30 27
22 30 28
22 30 29
22 30 30
22 30 31
23 29 27
23 29 28
23 29 29
24 29 27
24 29 28
24 29 29
23 29 30
23 29 31
23 29 32
24 29 30
24 29 31
24 29 32
23 30 27
23 30 28
23 30 29
24 30 27
24 30 28
24 30 29
23 30 30
23 30 31
21 29 33
21 29 34
21 29 35
22 29 33
22 29 34
22 29 35
21 29 36
21 29 37
21 29 38
21 29 39
22 29 36
22 29 37
22 29 38
22 29 39
23 29 33
23 29 34
23 29 35
24 29 33
24 29 34
23 29 36
23 29 37
23 29 38
23 29 39
21 29 40
21 29 41
21 29 42
22 29 40
22 29 41
22 29 42
21 29 43
21 29 44
13 29 73
11 29 80
12 29 76
13 29 74
13 29 75
13 29 76
12 29 77
12 29 78
12 29 79
12 29 80
13 29 77
13 29 78
13 29 79
13 29 80
4 29 97
4 29 98
4 29 99
4 29 100
5 29 95
5 29 96
6 29 94
6 29 95
6 29 96
5 29 97
5 29 98
5 29 99
5 29 100
6 29 97
6 29 98
6 29 99
6 29 100
6 30 95
6 30 96
4 29 101
4 29 102
5 29 101
5 29 102
5 29 103
6 29 101
6 29 102
6 29 103
7 29 92
7 29 93
9 29 87
9 29 88
9 29 89
8 29 90
8 29 91
8 29 92
8 29 93
9 29 90
9 29 91
9 29 92
9 29 93
8 30 91
8 30 92
9 30 90
9 30 91
9 30 92
10 29 83
11 29 81
11 29 82
11 29 83
10 29 84
10 29 85
10 29 86
11 29 84
11 29 85
11 29 86
12 29 81
12 29 82
12 29 83
13 29 81
13 29 82
13 29 83
12 29 84
12 29 85
12 29 86
13 29 84
10 29 87
10 29 88
10 29 89
11 29 87
11 29 88
11 29 89
10 29 90
10 29 91
10 29 92
10 29 93
11 29 90
11 29 91
11 29 92
10 30 90
10 30 91
10 30 92
12 29 87
12 29 88
7 29 94
7 29 95
7 29 96
7 29 97
7 29 98
7 29 99
7 30 95
7 30 96
8 29 94
8 29 95
8 29 96
9 29 94
9 29 95
9 29 96
8 29 97
8 30 95
8 30 96
7 29 103
10 29 94
10 29 104
11 29 104
12 29 103
13 29 103
12 29 104
13 29 104
15 29 66
14 29 71
14 29 72
14 29 73
15 29 70
15 29 71
15 29 72
15 29 73
14 29 74
14 29 75
14 29 76
14 29 77
14 29 78
14 29 79
14 29 80
15 29 74
14 29 81
14 29 104
15 29 104
29 18 106
29 18 107
29 19 107
29 20 107
